[0.028s] Invoking command in '/home/atharva/Atharva/NCSU/SFRT/SoftwareForRoboticsProject/jackal_ws/build/zed_interfaces': CMAKE_PREFIX_PATH=${CMAKE_PREFIX_PATH}:/opt/ros/foxy /usr/bin/cmake /home/atharva/Atharva/NCSU/SFRT/SoftwareForRoboticsProject/jackal_ws/src/zed-ros2-wrapper/zed-ros2-interfaces -DCMAKE_INSTALL_PREFIX=/home/atharva/Atharva/NCSU/SFRT/SoftwareForRoboticsProject/jackal_ws/install/zed_interfaces
[0.038s] -- Found ament_cmake: 0.9.11 (/opt/ros/foxy/share/ament_cmake/cmake)
[0.059s] -- Found PythonInterp: /usr/bin/python3 (found suitable version "3.8.10", minimum required is "3") 
[0.059s] -- Using PYTHON_EXECUTABLE: /usr/bin/python3
[0.205s] -- Override CMake install command with custom implementation using symlinks instead of copying resources
[0.210s] -- Found builtin_interfaces: 1.0.0 (/opt/ros/foxy/share/builtin_interfaces/cmake)
[0.229s] -- Using all available rosidl_typesupport_c: rosidl_typesupport_fastrtps_c;rosidl_typesupport_introspection_c
[0.231s] -- Found rosidl_adapter: 1.3.0 (/opt/ros/foxy/share/rosidl_adapter/cmake)
[0.363s] -- Using all available rosidl_typesupport_cpp: rosidl_typesupport_fastrtps_cpp;rosidl_typesupport_introspection_cpp
[0.384s] -- Found rosidl_default_generators: 1.0.1 (/opt/ros/foxy/share/rosidl_default_generators/cmake)
[0.395s] -- Found std_msgs: 2.0.5 (/opt/ros/foxy/share/std_msgs/cmake)
[0.408s] -- Found geometry_msgs: 2.0.5 (/opt/ros/foxy/share/geometry_msgs/cmake)
[0.431s] -- Found shape_msgs: 2.0.5 (/opt/ros/foxy/share/shape_msgs/cmake)
[0.476s] -- Found ament_lint_auto: 0.9.8 (/opt/ros/foxy/share/ament_lint_auto/cmake)
[0.565s] -- Found PythonInterp: /usr/bin/python3 (found version "3.8.10") 
[0.734s] -- Found ament_cmake_ros: 0.9.2 (/opt/ros/foxy/share/ament_cmake_ros/cmake)
[0.934s] -- Using all available rosidl_typesupport_c: rosidl_typesupport_fastrtps_c;rosidl_typesupport_introspection_c
[1.021s] -- Using all available rosidl_typesupport_cpp: rosidl_typesupport_fastrtps_cpp;rosidl_typesupport_introspection_cpp
[1.046s] -- Found PythonInterp: /usr/bin/python3 (found suitable version "3.8.10", minimum required is "3.5") 
[1.046s] -- Found python_cmake_module: 0.8.1 (/opt/ros/foxy/share/python_cmake_module/cmake)
[1.066s] -- Using PYTHON_EXECUTABLE: /usr/bin/python3
[1.066s] -- Using PYTHON_INCLUDE_DIRS: /usr/include/python3.8
[1.066s] -- Using PYTHON_LIBRARIES: /usr/lib/x86_64-linux-gnu/libpython3.8.so
[1.130s] -- Added test 'copyright' to check source files copyright and LICENSE
[1.131s] -- Added test 'lint_cmake' to check CMake code style
[1.132s] -- Added test 'xmllint' to check XML markup files
[1.137s] -- Configuring done
[1.244s] -- Generating done
[1.247s] -- Build files have been written to: /home/atharva/Atharva/NCSU/SFRT/SoftwareForRoboticsProject/jackal_ws/build/zed_interfaces
[1.253s] Invoked command in '/home/atharva/Atharva/NCSU/SFRT/SoftwareForRoboticsProject/jackal_ws/build/zed_interfaces' returned '0': CMAKE_PREFIX_PATH=${CMAKE_PREFIX_PATH}:/opt/ros/foxy /usr/bin/cmake /home/atharva/Atharva/NCSU/SFRT/SoftwareForRoboticsProject/jackal_ws/src/zed-ros2-wrapper/zed-ros2-interfaces -DCMAKE_INSTALL_PREFIX=/home/atharva/Atharva/NCSU/SFRT/SoftwareForRoboticsProject/jackal_ws/install/zed_interfaces
[1.256s] Invoking command in '/home/atharva/Atharva/NCSU/SFRT/SoftwareForRoboticsProject/jackal_ws/build/zed_interfaces': CMAKE_PREFIX_PATH=${CMAKE_PREFIX_PATH}:/opt/ros/foxy /usr/bin/cmake --build /home/atharva/Atharva/NCSU/SFRT/SoftwareForRoboticsProject/jackal_ws/build/zed_interfaces -- -j16 -l16
[1.296s] [  0%] Built target zed_interfaces__cpp
[1.301s] [ 12%] Built target zed_interfaces__rosidl_generator_c
[1.316s] [ 35%] Built target zed_interfaces__rosidl_typesupport_cpp
[1.316s] [ 36%] Built target zed_interfaces__rosidl_typesupport_introspection_cpp
[1.320s] [ 48%] Built target zed_interfaces__rosidl_typesupport_c
[1.321s] [ 60%] Built target zed_interfaces__rosidl_typesupport_fastrtps_cpp
[1.323s] [ 72%] Built target zed_interfaces__rosidl_typesupport_introspection_c
[1.346s] [ 84%] Built target zed_interfaces__rosidl_typesupport_fastrtps_c
[1.363s] [ 84%] Built target zed_interfaces
[1.379s] [ 85%] Built target zed_interfaces__py
[1.410s] [ 96%] Built target zed_interfaces__python
[1.431s] [ 99%] Built target zed_interfaces__rosidl_typesupport_c__pyext
[1.431s] [ 99%] Built target zed_interfaces__rosidl_typesupport_fastrtps_c__pyext
[1.431s] [100%] Built target zed_interfaces__rosidl_typesupport_introspection_c__pyext
[1.441s] Invoked command in '/home/atharva/Atharva/NCSU/SFRT/SoftwareForRoboticsProject/jackal_ws/build/zed_interfaces' returned '0': CMAKE_PREFIX_PATH=${CMAKE_PREFIX_PATH}:/opt/ros/foxy /usr/bin/cmake --build /home/atharva/Atharva/NCSU/SFRT/SoftwareForRoboticsProject/jackal_ws/build/zed_interfaces -- -j16 -l16
[1.625s] Invoking command in '/home/atharva/Atharva/NCSU/SFRT/SoftwareForRoboticsProject/jackal_ws/build/zed_interfaces': CMAKE_PREFIX_PATH=${CMAKE_PREFIX_PATH}:/opt/ros/foxy /usr/bin/cmake --install /home/atharva/Atharva/NCSU/SFRT/SoftwareForRoboticsProject/jackal_ws/build/zed_interfaces
[1.633s] -- Install configuration: "Release"
[1.634s] -- Execute custom install script
[1.634s] -- Up-to-date symlink: /home/atharva/Atharva/NCSU/SFRT/SoftwareForRoboticsProject/jackal_ws/install/zed_interfaces/share/ament_index/resource_index/rosidl_interfaces/zed_interfaces
[1.636s] -- Up-to-date symlink: /home/atharva/Atharva/NCSU/SFRT/SoftwareForRoboticsProject/jackal_ws/install/zed_interfaces/include/zed_interfaces/msg/bounding_box2_df.h
[1.636s] -- Up-to-date symlink: /home/atharva/Atharva/NCSU/SFRT/SoftwareForRoboticsProject/jackal_ws/install/zed_interfaces/include/zed_interfaces/msg/bounding_box2_di.h
[1.636s] -- Up-to-date symlink: /home/atharva/Atharva/NCSU/SFRT/SoftwareForRoboticsProject/jackal_ws/install/zed_interfaces/include/zed_interfaces/msg/bounding_box3_d.h
[1.636s] -- Up-to-date symlink: /home/atharva/Atharva/NCSU/SFRT/SoftwareForRoboticsProject/jackal_ws/install/zed_interfaces/include/zed_interfaces/msg/depth_info_stamped.h
[1.636s] -- Up-to-date symlink: /home/atharva/Atharva/NCSU/SFRT/SoftwareForRoboticsProject/jackal_ws/install/zed_interfaces/include/zed_interfaces/msg/detail/bounding_box2_df__functions.h
[1.637s] -- Up-to-date symlink: /home/atharva/Atharva/NCSU/SFRT/SoftwareForRoboticsProject/jackal_ws/install/zed_interfaces/include/zed_interfaces/msg/detail/bounding_box2_df__struct.h
[1.637s] -- Up-to-date symlink: /home/atharva/Atharva/NCSU/SFRT/SoftwareForRoboticsProject/jackal_ws/install/zed_interfaces/include/zed_interfaces/msg/detail/bounding_box2_df__type_support.h
[1.637s] -- Up-to-date symlink: /home/atharva/Atharva/NCSU/SFRT/SoftwareForRoboticsProject/jackal_ws/install/zed_interfaces/include/zed_interfaces/msg/detail/bounding_box2_di__functions.h
[1.637s] -- Up-to-date symlink: /home/atharva/Atharva/NCSU/SFRT/SoftwareForRoboticsProject/jackal_ws/install/zed_interfaces/include/zed_interfaces/msg/detail/bounding_box2_di__struct.h
[1.637s] -- Up-to-date symlink: /home/atharva/Atharva/NCSU/SFRT/SoftwareForRoboticsProject/jackal_ws/install/zed_interfaces/include/zed_interfaces/msg/detail/bounding_box2_di__type_support.h
[1.638s] -- Up-to-date symlink: /home/atharva/Atharva/NCSU/SFRT/SoftwareForRoboticsProject/jackal_ws/install/zed_interfaces/include/zed_interfaces/msg/detail/bounding_box3_d__functions.h
[1.638s] -- Up-to-date symlink: /home/atharva/Atharva/NCSU/SFRT/SoftwareForRoboticsProject/jackal_ws/install/zed_interfaces/include/zed_interfaces/msg/detail/bounding_box3_d__struct.h
[1.638s] -- Up-to-date symlink: /home/atharva/Atharva/NCSU/SFRT/SoftwareForRoboticsProject/jackal_ws/install/zed_interfaces/include/zed_interfaces/msg/detail/bounding_box3_d__type_support.h
[1.638s] -- Up-to-date symlink: /home/atharva/Atharva/NCSU/SFRT/SoftwareForRoboticsProject/jackal_ws/install/zed_interfaces/include/zed_interfaces/msg/detail/depth_info_stamped__functions.h
[1.638s] -- Up-to-date symlink: /home/atharva/Atharva/NCSU/SFRT/SoftwareForRoboticsProject/jackal_ws/install/zed_interfaces/include/zed_interfaces/msg/detail/depth_info_stamped__struct.h
[1.639s] -- Up-to-date symlink: /home/atharva/Atharva/NCSU/SFRT/SoftwareForRoboticsProject/jackal_ws/install/zed_interfaces/include/zed_interfaces/msg/detail/depth_info_stamped__type_support.h
[1.639s] -- Up-to-date symlink: /home/atharva/Atharva/NCSU/SFRT/SoftwareForRoboticsProject/jackal_ws/install/zed_interfaces/include/zed_interfaces/msg/detail/keypoint2_df__functions.h
[1.639s] -- Up-to-date symlink: /home/atharva/Atharva/NCSU/SFRT/SoftwareForRoboticsProject/jackal_ws/install/zed_interfaces/include/zed_interfaces/msg/detail/keypoint2_df__struct.h
[1.639s] -- Up-to-date symlink: /home/atharva/Atharva/NCSU/SFRT/SoftwareForRoboticsProject/jackal_ws/install/zed_interfaces/include/zed_interfaces/msg/detail/keypoint2_df__type_support.h
[1.639s] -- Up-to-date symlink: /home/atharva/Atharva/NCSU/SFRT/SoftwareForRoboticsProject/jackal_ws/install/zed_interfaces/include/zed_interfaces/msg/detail/keypoint2_di__functions.h
[1.640s] -- Up-to-date symlink: /home/atharva/Atharva/NCSU/SFRT/SoftwareForRoboticsProject/jackal_ws/install/zed_interfaces/include/zed_interfaces/msg/detail/keypoint2_di__struct.h
[1.640s] -- Up-to-date symlink: /home/atharva/Atharva/NCSU/SFRT/SoftwareForRoboticsProject/jackal_ws/install/zed_interfaces/include/zed_interfaces/msg/detail/keypoint2_di__type_support.h
[1.640s] -- Up-to-date symlink: /home/atharva/Atharva/NCSU/SFRT/SoftwareForRoboticsProject/jackal_ws/install/zed_interfaces/include/zed_interfaces/msg/detail/keypoint3_d__functions.h
[1.640s] -- Up-to-date symlink: /home/atharva/Atharva/NCSU/SFRT/SoftwareForRoboticsProject/jackal_ws/install/zed_interfaces/include/zed_interfaces/msg/detail/keypoint3_d__struct.h
[1.640s] -- Up-to-date symlink: /home/atharva/Atharva/NCSU/SFRT/SoftwareForRoboticsProject/jackal_ws/install/zed_interfaces/include/zed_interfaces/msg/detail/keypoint3_d__type_support.h
[1.641s] -- Up-to-date symlink: /home/atharva/Atharva/NCSU/SFRT/SoftwareForRoboticsProject/jackal_ws/install/zed_interfaces/include/zed_interfaces/msg/detail/object__functions.h
[1.641s] -- Up-to-date symlink: /home/atharva/Atharva/NCSU/SFRT/SoftwareForRoboticsProject/jackal_ws/install/zed_interfaces/include/zed_interfaces/msg/detail/object__struct.h
[1.641s] -- Up-to-date symlink: /home/atharva/Atharva/NCSU/SFRT/SoftwareForRoboticsProject/jackal_ws/install/zed_interfaces/include/zed_interfaces/msg/detail/object__type_support.h
[1.641s] -- Up-to-date symlink: /home/atharva/Atharva/NCSU/SFRT/SoftwareForRoboticsProject/jackal_ws/install/zed_interfaces/include/zed_interfaces/msg/detail/objects_stamped__functions.h
[1.641s] -- Up-to-date symlink: /home/atharva/Atharva/NCSU/SFRT/SoftwareForRoboticsProject/jackal_ws/install/zed_interfaces/include/zed_interfaces/msg/detail/objects_stamped__struct.h
[1.642s] -- Up-to-date symlink: /home/atharva/Atharva/NCSU/SFRT/SoftwareForRoboticsProject/jackal_ws/install/zed_interfaces/include/zed_interfaces/msg/detail/objects_stamped__type_support.h
[1.642s] -- Up-to-date symlink: /home/atharva/Atharva/NCSU/SFRT/SoftwareForRoboticsProject/jackal_ws/install/zed_interfaces/include/zed_interfaces/msg/detail/plane_stamped__functions.h
[1.642s] -- Up-to-date symlink: /home/atharva/Atharva/NCSU/SFRT/SoftwareForRoboticsProject/jackal_ws/install/zed_interfaces/include/zed_interfaces/msg/detail/plane_stamped__struct.h
[1.642s] -- Up-to-date symlink: /home/atharva/Atharva/NCSU/SFRT/SoftwareForRoboticsProject/jackal_ws/install/zed_interfaces/include/zed_interfaces/msg/detail/plane_stamped__type_support.h
[1.643s] -- Up-to-date symlink: /home/atharva/Atharva/NCSU/SFRT/SoftwareForRoboticsProject/jackal_ws/install/zed_interfaces/include/zed_interfaces/msg/detail/skeleton2_d__functions.h
[1.643s] -- Up-to-date symlink: /home/atharva/Atharva/NCSU/SFRT/SoftwareForRoboticsProject/jackal_ws/install/zed_interfaces/include/zed_interfaces/msg/detail/skeleton2_d__struct.h
[1.643s] -- Up-to-date symlink: /home/atharva/Atharva/NCSU/SFRT/SoftwareForRoboticsProject/jackal_ws/install/zed_interfaces/include/zed_interfaces/msg/detail/skeleton2_d__type_support.h
[1.643s] -- Up-to-date symlink: /home/atharva/Atharva/NCSU/SFRT/SoftwareForRoboticsProject/jackal_ws/install/zed_interfaces/include/zed_interfaces/msg/detail/skeleton3_d__functions.h
[1.643s] -- Up-to-date symlink: /home/atharva/Atharva/NCSU/SFRT/SoftwareForRoboticsProject/jackal_ws/install/zed_interfaces/include/zed_interfaces/msg/detail/skeleton3_d__struct.h
[1.644s] -- Up-to-date symlink: /home/atharva/Atharva/NCSU/SFRT/SoftwareForRoboticsProject/jackal_ws/install/zed_interfaces/include/zed_interfaces/msg/detail/skeleton3_d__type_support.h
[1.644s] -- Up-to-date symlink: /home/atharva/Atharva/NCSU/SFRT/SoftwareForRoboticsProject/jackal_ws/install/zed_interfaces/include/zed_interfaces/msg/keypoint2_df.h
[1.644s] -- Up-to-date symlink: /home/atharva/Atharva/NCSU/SFRT/SoftwareForRoboticsProject/jackal_ws/install/zed_interfaces/include/zed_interfaces/msg/keypoint2_di.h
[1.644s] -- Up-to-date symlink: /home/atharva/Atharva/NCSU/SFRT/SoftwareForRoboticsProject/jackal_ws/install/zed_interfaces/include/zed_interfaces/msg/keypoint3_d.h
[1.644s] -- Up-to-date symlink: /home/atharva/Atharva/NCSU/SFRT/SoftwareForRoboticsProject/jackal_ws/install/zed_interfaces/include/zed_interfaces/msg/object.h
[1.644s] -- Up-to-date symlink: /home/atharva/Atharva/NCSU/SFRT/SoftwareForRoboticsProject/jackal_ws/install/zed_interfaces/include/zed_interfaces/msg/objects_stamped.h
[1.645s] -- Up-to-date symlink: /home/atharva/Atharva/NCSU/SFRT/SoftwareForRoboticsProject/jackal_ws/install/zed_interfaces/include/zed_interfaces/msg/plane_stamped.h
[1.645s] -- Up-to-date symlink: /home/atharva/Atharva/NCSU/SFRT/SoftwareForRoboticsProject/jackal_ws/install/zed_interfaces/include/zed_interfaces/msg/rosidl_generator_c__visibility_control.h
[1.645s] -- Up-to-date symlink: /home/atharva/Atharva/NCSU/SFRT/SoftwareForRoboticsProject/jackal_ws/install/zed_interfaces/include/zed_interfaces/msg/skeleton2_d.h
[1.645s] -- Up-to-date symlink: /home/atharva/Atharva/NCSU/SFRT/SoftwareForRoboticsProject/jackal_ws/install/zed_interfaces/include/zed_interfaces/msg/skeleton3_d.h
[1.645s] -- Up-to-date symlink: /home/atharva/Atharva/NCSU/SFRT/SoftwareForRoboticsProject/jackal_ws/install/zed_interfaces/include/zed_interfaces/srv/detail/set_pose__functions.h
[1.646s] -- Up-to-date symlink: /home/atharva/Atharva/NCSU/SFRT/SoftwareForRoboticsProject/jackal_ws/install/zed_interfaces/include/zed_interfaces/srv/detail/set_pose__struct.h
[1.646s] -- Up-to-date symlink: /home/atharva/Atharva/NCSU/SFRT/SoftwareForRoboticsProject/jackal_ws/install/zed_interfaces/include/zed_interfaces/srv/detail/set_pose__type_support.h
[1.646s] -- Up-to-date symlink: /home/atharva/Atharva/NCSU/SFRT/SoftwareForRoboticsProject/jackal_ws/install/zed_interfaces/include/zed_interfaces/srv/detail/set_roi__functions.h
[1.646s] -- Up-to-date symlink: /home/atharva/Atharva/NCSU/SFRT/SoftwareForRoboticsProject/jackal_ws/install/zed_interfaces/include/zed_interfaces/srv/detail/set_roi__struct.h
[1.646s] -- Up-to-date symlink: /home/atharva/Atharva/NCSU/SFRT/SoftwareForRoboticsProject/jackal_ws/install/zed_interfaces/include/zed_interfaces/srv/detail/set_roi__type_support.h
[1.647s] -- Up-to-date symlink: /home/atharva/Atharva/NCSU/SFRT/SoftwareForRoboticsProject/jackal_ws/install/zed_interfaces/include/zed_interfaces/srv/detail/start_svo_rec__functions.h
[1.647s] -- Up-to-date symlink: /home/atharva/Atharva/NCSU/SFRT/SoftwareForRoboticsProject/jackal_ws/install/zed_interfaces/include/zed_interfaces/srv/detail/start_svo_rec__struct.h
[1.647s] -- Up-to-date symlink: /home/atharva/Atharva/NCSU/SFRT/SoftwareForRoboticsProject/jackal_ws/install/zed_interfaces/include/zed_interfaces/srv/detail/start_svo_rec__type_support.h
[1.647s] -- Up-to-date symlink: /home/atharva/Atharva/NCSU/SFRT/SoftwareForRoboticsProject/jackal_ws/install/zed_interfaces/include/zed_interfaces/srv/set_pose.h
[1.648s] -- Up-to-date symlink: /home/atharva/Atharva/NCSU/SFRT/SoftwareForRoboticsProject/jackal_ws/install/zed_interfaces/include/zed_interfaces/srv/set_roi.h
[1.648s] -- Up-to-date symlink: /home/atharva/Atharva/NCSU/SFRT/SoftwareForRoboticsProject/jackal_ws/install/zed_interfaces/include/zed_interfaces/srv/start_svo_rec.h
[1.649s] -- Up-to-date symlink: /home/atharva/Atharva/NCSU/SFRT/SoftwareForRoboticsProject/jackal_ws/install/zed_interfaces/share/zed_interfaces/environment/library_path.sh
[1.652s] -- Up-to-date symlink: /home/atharva/Atharva/NCSU/SFRT/SoftwareForRoboticsProject/jackal_ws/install/zed_interfaces/share/zed_interfaces/environment/library_path.dsv
[1.652s] -- Up-to-date symlink: /home/atharva/Atharva/NCSU/SFRT/SoftwareForRoboticsProject/jackal_ws/install/zed_interfaces/include/zed_interfaces/msg/detail/bounding_box2_df__rosidl_typesupport_fastrtps_c.h
[1.652s] -- Up-to-date symlink: /home/atharva/Atharva/NCSU/SFRT/SoftwareForRoboticsProject/jackal_ws/install/zed_interfaces/include/zed_interfaces/msg/detail/bounding_box2_di__rosidl_typesupport_fastrtps_c.h
[1.652s] -- Up-to-date symlink: /home/atharva/Atharva/NCSU/SFRT/SoftwareForRoboticsProject/jackal_ws/install/zed_interfaces/include/zed_interfaces/msg/detail/bounding_box3_d__rosidl_typesupport_fastrtps_c.h
[1.653s] -- Up-to-date symlink: /home/atharva/Atharva/NCSU/SFRT/SoftwareForRoboticsProject/jackal_ws/install/zed_interfaces/include/zed_interfaces/msg/detail/depth_info_stamped__rosidl_typesupport_fastrtps_c.h
[1.653s] -- Up-to-date symlink: /home/atharva/Atharva/NCSU/SFRT/SoftwareForRoboticsProject/jackal_ws/install/zed_interfaces/include/zed_interfaces/msg/detail/keypoint2_df__rosidl_typesupport_fastrtps_c.h
[1.653s] -- Up-to-date symlink: /home/atharva/Atharva/NCSU/SFRT/SoftwareForRoboticsProject/jackal_ws/install/zed_interfaces/include/zed_interfaces/msg/detail/keypoint2_di__rosidl_typesupport_fastrtps_c.h
[1.653s] -- Up-to-date symlink: /home/atharva/Atharva/NCSU/SFRT/SoftwareForRoboticsProject/jackal_ws/install/zed_interfaces/include/zed_interfaces/msg/detail/keypoint3_d__rosidl_typesupport_fastrtps_c.h
[1.653s] -- Up-to-date symlink: /home/atharva/Atharva/NCSU/SFRT/SoftwareForRoboticsProject/jackal_ws/install/zed_interfaces/include/zed_interfaces/msg/detail/object__rosidl_typesupport_fastrtps_c.h
[1.653s] -- Up-to-date symlink: /home/atharva/Atharva/NCSU/SFRT/SoftwareForRoboticsProject/jackal_ws/install/zed_interfaces/include/zed_interfaces/msg/detail/objects_stamped__rosidl_typesupport_fastrtps_c.h
[1.653s] -- Up-to-date symlink: /home/atharva/Atharva/NCSU/SFRT/SoftwareForRoboticsProject/jackal_ws/install/zed_interfaces/include/zed_interfaces/msg/detail/plane_stamped__rosidl_typesupport_fastrtps_c.h
[1.653s] -- Up-to-date symlink: /home/atharva/Atharva/NCSU/SFRT/SoftwareForRoboticsProject/jackal_ws/install/zed_interfaces/include/zed_interfaces/msg/detail/skeleton2_d__rosidl_typesupport_fastrtps_c.h
[1.653s] -- Up-to-date symlink: /home/atharva/Atharva/NCSU/SFRT/SoftwareForRoboticsProject/jackal_ws/install/zed_interfaces/include/zed_interfaces/msg/detail/skeleton3_d__rosidl_typesupport_fastrtps_c.h
[1.653s] -- Up-to-date symlink: /home/atharva/Atharva/NCSU/SFRT/SoftwareForRoboticsProject/jackal_ws/install/zed_interfaces/include/zed_interfaces/msg/rosidl_typesupport_fastrtps_c__visibility_control.h
[1.653s] -- Up-to-date symlink: /home/atharva/Atharva/NCSU/SFRT/SoftwareForRoboticsProject/jackal_ws/install/zed_interfaces/include/zed_interfaces/srv/detail/set_pose__rosidl_typesupport_fastrtps_c.h
[1.653s] -- Up-to-date symlink: /home/atharva/Atharva/NCSU/SFRT/SoftwareForRoboticsProject/jackal_ws/install/zed_interfaces/include/zed_interfaces/srv/detail/set_roi__rosidl_typesupport_fastrtps_c.h
[1.653s] -- Up-to-date symlink: /home/atharva/Atharva/NCSU/SFRT/SoftwareForRoboticsProject/jackal_ws/install/zed_interfaces/include/zed_interfaces/srv/detail/start_svo_rec__rosidl_typesupport_fastrtps_c.h
[1.653s] -- Up-to-date symlink: /home/atharva/Atharva/NCSU/SFRT/SoftwareForRoboticsProject/jackal_ws/install/zed_interfaces/lib/libzed_interfaces__rosidl_typesupport_fastrtps_c.so
[1.654s] -- Up-to-date symlink: /home/atharva/Atharva/NCSU/SFRT/SoftwareForRoboticsProject/jackal_ws/install/zed_interfaces/include/zed_interfaces/msg/detail/bounding_box2_df__rosidl_typesupport_fastrtps_cpp.hpp
[1.654s] -- Up-to-date symlink: /home/atharva/Atharva/NCSU/SFRT/SoftwareForRoboticsProject/jackal_ws/install/zed_interfaces/include/zed_interfaces/msg/detail/bounding_box2_di__rosidl_typesupport_fastrtps_cpp.hpp
[1.654s] -- Up-to-date symlink: /home/atharva/Atharva/NCSU/SFRT/SoftwareForRoboticsProject/jackal_ws/install/zed_interfaces/include/zed_interfaces/msg/detail/bounding_box3_d__rosidl_typesupport_fastrtps_cpp.hpp
[1.654s] -- Up-to-date symlink: /home/atharva/Atharva/NCSU/SFRT/SoftwareForRoboticsProject/jackal_ws/install/zed_interfaces/include/zed_interfaces/msg/detail/depth_info_stamped__rosidl_typesupport_fastrtps_cpp.hpp
[1.654s] -- Up-to-date symlink: /home/atharva/Atharva/NCSU/SFRT/SoftwareForRoboticsProject/jackal_ws/install/zed_interfaces/include/zed_interfaces/msg/detail/keypoint2_df__rosidl_typesupport_fastrtps_cpp.hpp
[1.654s] -- Up-to-date symlink: /home/atharva/Atharva/NCSU/SFRT/SoftwareForRoboticsProject/jackal_ws/install/zed_interfaces/include/zed_interfaces/msg/detail/keypoint2_di__rosidl_typesupport_fastrtps_cpp.hpp
[1.654s] -- Up-to-date symlink: /home/atharva/Atharva/NCSU/SFRT/SoftwareForRoboticsProject/jackal_ws/install/zed_interfaces/include/zed_interfaces/msg/detail/keypoint3_d__rosidl_typesupport_fastrtps_cpp.hpp
[1.654s] -- Up-to-date symlink: /home/atharva/Atharva/NCSU/SFRT/SoftwareForRoboticsProject/jackal_ws/install/zed_interfaces/include/zed_interfaces/msg/detail/object__rosidl_typesupport_fastrtps_cpp.hpp
[1.654s] -- Up-to-date symlink: /home/atharva/Atharva/NCSU/SFRT/SoftwareForRoboticsProject/jackal_ws/install/zed_interfaces/include/zed_interfaces/msg/detail/objects_stamped__rosidl_typesupport_fastrtps_cpp.hpp
[1.654s] -- Up-to-date symlink: /home/atharva/Atharva/NCSU/SFRT/SoftwareForRoboticsProject/jackal_ws/install/zed_interfaces/include/zed_interfaces/msg/detail/plane_stamped__rosidl_typesupport_fastrtps_cpp.hpp
[1.654s] -- Up-to-date symlink: /home/atharva/Atharva/NCSU/SFRT/SoftwareForRoboticsProject/jackal_ws/install/zed_interfaces/include/zed_interfaces/msg/detail/skeleton2_d__rosidl_typesupport_fastrtps_cpp.hpp
[1.654s] -- Up-to-date symlink: /home/atharva/Atharva/NCSU/SFRT/SoftwareForRoboticsProject/jackal_ws/install/zed_interfaces/include/zed_interfaces/msg/detail/skeleton3_d__rosidl_typesupport_fastrtps_cpp.hpp
[1.654s] -- Up-to-date symlink: /home/atharva/Atharva/NCSU/SFRT/SoftwareForRoboticsProject/jackal_ws/install/zed_interfaces/include/zed_interfaces/msg/rosidl_typesupport_fastrtps_cpp__visibility_control.h
[1.655s] -- Up-to-date symlink: /home/atharva/Atharva/NCSU/SFRT/SoftwareForRoboticsProject/jackal_ws/install/zed_interfaces/include/zed_interfaces/srv/detail/set_pose__rosidl_typesupport_fastrtps_cpp.hpp
[1.655s] -- Up-to-date symlink: /home/atharva/Atharva/NCSU/SFRT/SoftwareForRoboticsProject/jackal_ws/install/zed_interfaces/include/zed_interfaces/srv/detail/set_roi__rosidl_typesupport_fastrtps_cpp.hpp
[1.655s] -- Up-to-date symlink: /home/atharva/Atharva/NCSU/SFRT/SoftwareForRoboticsProject/jackal_ws/install/zed_interfaces/include/zed_interfaces/srv/detail/start_svo_rec__rosidl_typesupport_fastrtps_cpp.hpp
[1.655s] -- Up-to-date symlink: /home/atharva/Atharva/NCSU/SFRT/SoftwareForRoboticsProject/jackal_ws/install/zed_interfaces/lib/libzed_interfaces__rosidl_typesupport_fastrtps_cpp.so
[1.655s] -- Up-to-date symlink: /home/atharva/Atharva/NCSU/SFRT/SoftwareForRoboticsProject/jackal_ws/install/zed_interfaces/include/zed_interfaces/msg/detail/bounding_box2_df__rosidl_typesupport_introspection_c.h
[1.655s] -- Up-to-date symlink: /home/atharva/Atharva/NCSU/SFRT/SoftwareForRoboticsProject/jackal_ws/install/zed_interfaces/include/zed_interfaces/msg/detail/bounding_box2_di__rosidl_typesupport_introspection_c.h
[1.655s] -- Up-to-date symlink: /home/atharva/Atharva/NCSU/SFRT/SoftwareForRoboticsProject/jackal_ws/install/zed_interfaces/include/zed_interfaces/msg/detail/bounding_box3_d__rosidl_typesupport_introspection_c.h
[1.655s] -- Up-to-date symlink: /home/atharva/Atharva/NCSU/SFRT/SoftwareForRoboticsProject/jackal_ws/install/zed_interfaces/include/zed_interfaces/msg/detail/depth_info_stamped__rosidl_typesupport_introspection_c.h
[1.656s] -- Up-to-date symlink: /home/atharva/Atharva/NCSU/SFRT/SoftwareForRoboticsProject/jackal_ws/install/zed_interfaces/include/zed_interfaces/msg/detail/keypoint2_df__rosidl_typesupport_introspection_c.h
[1.656s] -- Up-to-date symlink: /home/atharva/Atharva/NCSU/SFRT/SoftwareForRoboticsProject/jackal_ws/install/zed_interfaces/include/zed_interfaces/msg/detail/keypoint2_di__rosidl_typesupport_introspection_c.h
[1.656s] -- Up-to-date symlink: /home/atharva/Atharva/NCSU/SFRT/SoftwareForRoboticsProject/jackal_ws/install/zed_interfaces/include/zed_interfaces/msg/detail/keypoint3_d__rosidl_typesupport_introspection_c.h
[1.656s] -- Up-to-date symlink: /home/atharva/Atharva/NCSU/SFRT/SoftwareForRoboticsProject/jackal_ws/install/zed_interfaces/include/zed_interfaces/msg/detail/object__rosidl_typesupport_introspection_c.h
[1.656s] -- Up-to-date symlink: /home/atharva/Atharva/NCSU/SFRT/SoftwareForRoboticsProject/jackal_ws/install/zed_interfaces/include/zed_interfaces/msg/detail/objects_stamped__rosidl_typesupport_introspection_c.h
[1.656s] -- Up-to-date symlink: /home/atharva/Atharva/NCSU/SFRT/SoftwareForRoboticsProject/jackal_ws/install/zed_interfaces/include/zed_interfaces/msg/detail/plane_stamped__rosidl_typesupport_introspection_c.h
[1.656s] -- Up-to-date symlink: /home/atharva/Atharva/NCSU/SFRT/SoftwareForRoboticsProject/jackal_ws/install/zed_interfaces/include/zed_interfaces/msg/detail/skeleton2_d__rosidl_typesupport_introspection_c.h
[1.656s] -- Up-to-date symlink: /home/atharva/Atharva/NCSU/SFRT/SoftwareForRoboticsProject/jackal_ws/install/zed_interfaces/include/zed_interfaces/msg/detail/skeleton3_d__rosidl_typesupport_introspection_c.h
[1.656s] -- Up-to-date symlink: /home/atharva/Atharva/NCSU/SFRT/SoftwareForRoboticsProject/jackal_ws/install/zed_interfaces/include/zed_interfaces/msg/rosidl_typesupport_introspection_c__visibility_control.h
[1.656s] -- Up-to-date symlink: /home/atharva/Atharva/NCSU/SFRT/SoftwareForRoboticsProject/jackal_ws/install/zed_interfaces/include/zed_interfaces/srv/detail/set_pose__rosidl_typesupport_introspection_c.h
[1.657s] -- Up-to-date symlink: /home/atharva/Atharva/NCSU/SFRT/SoftwareForRoboticsProject/jackal_ws/install/zed_interfaces/include/zed_interfaces/srv/detail/set_roi__rosidl_typesupport_introspection_c.h
[1.657s] -- Up-to-date symlink: /home/atharva/Atharva/NCSU/SFRT/SoftwareForRoboticsProject/jackal_ws/install/zed_interfaces/include/zed_interfaces/srv/detail/start_svo_rec__rosidl_typesupport_introspection_c.h
[1.657s] -- Up-to-date symlink: /home/atharva/Atharva/NCSU/SFRT/SoftwareForRoboticsProject/jackal_ws/install/zed_interfaces/include/zed_interfaces/msg/bounding_box2_df.hpp
[1.658s] -- Up-to-date symlink: /home/atharva/Atharva/NCSU/SFRT/SoftwareForRoboticsProject/jackal_ws/install/zed_interfaces/include/zed_interfaces/msg/bounding_box2_di.hpp
[1.658s] -- Up-to-date symlink: /home/atharva/Atharva/NCSU/SFRT/SoftwareForRoboticsProject/jackal_ws/install/zed_interfaces/include/zed_interfaces/msg/bounding_box3_d.hpp
[1.658s] -- Up-to-date symlink: /home/atharva/Atharva/NCSU/SFRT/SoftwareForRoboticsProject/jackal_ws/install/zed_interfaces/include/zed_interfaces/msg/depth_info_stamped.hpp
[1.658s] -- Up-to-date symlink: /home/atharva/Atharva/NCSU/SFRT/SoftwareForRoboticsProject/jackal_ws/install/zed_interfaces/include/zed_interfaces/msg/detail/bounding_box2_df__builder.hpp
[1.658s] -- Up-to-date symlink: /home/atharva/Atharva/NCSU/SFRT/SoftwareForRoboticsProject/jackal_ws/install/zed_interfaces/include/zed_interfaces/msg/detail/bounding_box2_df__struct.hpp
[1.658s] -- Up-to-date symlink: /home/atharva/Atharva/NCSU/SFRT/SoftwareForRoboticsProject/jackal_ws/install/zed_interfaces/include/zed_interfaces/msg/detail/bounding_box2_df__traits.hpp
[1.658s] -- Up-to-date symlink: /home/atharva/Atharva/NCSU/SFRT/SoftwareForRoboticsProject/jackal_ws/install/zed_interfaces/include/zed_interfaces/msg/detail/bounding_box2_di__builder.hpp
[1.658s] -- Up-to-date symlink: /home/atharva/Atharva/NCSU/SFRT/SoftwareForRoboticsProject/jackal_ws/install/zed_interfaces/include/zed_interfaces/msg/detail/bounding_box2_di__struct.hpp
[1.658s] -- Up-to-date symlink: /home/atharva/Atharva/NCSU/SFRT/SoftwareForRoboticsProject/jackal_ws/install/zed_interfaces/include/zed_interfaces/msg/detail/bounding_box2_di__traits.hpp
[1.658s] -- Up-to-date symlink: /home/atharva/Atharva/NCSU/SFRT/SoftwareForRoboticsProject/jackal_ws/install/zed_interfaces/include/zed_interfaces/msg/detail/bounding_box3_d__builder.hpp
[1.658s] -- Up-to-date symlink: /home/atharva/Atharva/NCSU/SFRT/SoftwareForRoboticsProject/jackal_ws/install/zed_interfaces/include/zed_interfaces/msg/detail/bounding_box3_d__struct.hpp
[1.659s] -- Up-to-date symlink: /home/atharva/Atharva/NCSU/SFRT/SoftwareForRoboticsProject/jackal_ws/install/zed_interfaces/include/zed_interfaces/msg/detail/bounding_box3_d__traits.hpp
[1.659s] -- Up-to-date symlink: /home/atharva/Atharva/NCSU/SFRT/SoftwareForRoboticsProject/jackal_ws/install/zed_interfaces/include/zed_interfaces/msg/detail/depth_info_stamped__builder.hpp
[1.659s] -- Up-to-date symlink: /home/atharva/Atharva/NCSU/SFRT/SoftwareForRoboticsProject/jackal_ws/install/zed_interfaces/include/zed_interfaces/msg/detail/depth_info_stamped__struct.hpp
[1.659s] -- Up-to-date symlink: /home/atharva/Atharva/NCSU/SFRT/SoftwareForRoboticsProject/jackal_ws/install/zed_interfaces/include/zed_interfaces/msg/detail/depth_info_stamped__traits.hpp
[1.659s] -- Up-to-date symlink: /home/atharva/Atharva/NCSU/SFRT/SoftwareForRoboticsProject/jackal_ws/install/zed_interfaces/include/zed_interfaces/msg/detail/keypoint2_df__builder.hpp
[1.659s] -- Up-to-date symlink: /home/atharva/Atharva/NCSU/SFRT/SoftwareForRoboticsProject/jackal_ws/install/zed_interfaces/include/zed_interfaces/msg/detail/keypoint2_df__struct.hpp
[1.659s] -- Up-to-date symlink: /home/atharva/Atharva/NCSU/SFRT/SoftwareForRoboticsProject/jackal_ws/install/zed_interfaces/include/zed_interfaces/msg/detail/keypoint2_df__traits.hpp
[1.659s] -- Up-to-date symlink: /home/atharva/Atharva/NCSU/SFRT/SoftwareForRoboticsProject/jackal_ws/install/zed_interfaces/include/zed_interfaces/msg/detail/keypoint2_di__builder.hpp
[1.660s] -- Up-to-date symlink: /home/atharva/Atharva/NCSU/SFRT/SoftwareForRoboticsProject/jackal_ws/install/zed_interfaces/include/zed_interfaces/msg/detail/keypoint2_di__struct.hpp
[1.660s] -- Up-to-date symlink: /home/atharva/Atharva/NCSU/SFRT/SoftwareForRoboticsProject/jackal_ws/install/zed_interfaces/include/zed_interfaces/msg/detail/keypoint2_di__traits.hpp
[1.660s] -- Up-to-date symlink: /home/atharva/Atharva/NCSU/SFRT/SoftwareForRoboticsProject/jackal_ws/install/zed_interfaces/include/zed_interfaces/msg/detail/keypoint3_d__builder.hpp
[1.660s] -- Up-to-date symlink: /home/atharva/Atharva/NCSU/SFRT/SoftwareForRoboticsProject/jackal_ws/install/zed_interfaces/include/zed_interfaces/msg/detail/keypoint3_d__struct.hpp
[1.660s] -- Up-to-date symlink: /home/atharva/Atharva/NCSU/SFRT/SoftwareForRoboticsProject/jackal_ws/install/zed_interfaces/include/zed_interfaces/msg/detail/keypoint3_d__traits.hpp
[1.660s] -- Up-to-date symlink: /home/atharva/Atharva/NCSU/SFRT/SoftwareForRoboticsProject/jackal_ws/install/zed_interfaces/include/zed_interfaces/msg/detail/object__builder.hpp
[1.660s] -- Up-to-date symlink: /home/atharva/Atharva/NCSU/SFRT/SoftwareForRoboticsProject/jackal_ws/install/zed_interfaces/include/zed_interfaces/msg/detail/object__struct.hpp
[1.660s] -- Up-to-date symlink: /home/atharva/Atharva/NCSU/SFRT/SoftwareForRoboticsProject/jackal_ws/install/zed_interfaces/include/zed_interfaces/msg/detail/object__traits.hpp
[1.660s] -- Up-to-date symlink: /home/atharva/Atharva/NCSU/SFRT/SoftwareForRoboticsProject/jackal_ws/install/zed_interfaces/include/zed_interfaces/msg/detail/objects_stamped__builder.hpp
[1.660s] -- Up-to-date symlink: /home/atharva/Atharva/NCSU/SFRT/SoftwareForRoboticsProject/jackal_ws/install/zed_interfaces/include/zed_interfaces/msg/detail/objects_stamped__struct.hpp
[1.661s] -- Up-to-date symlink: /home/atharva/Atharva/NCSU/SFRT/SoftwareForRoboticsProject/jackal_ws/install/zed_interfaces/include/zed_interfaces/msg/detail/objects_stamped__traits.hpp
[1.661s] -- Up-to-date symlink: /home/atharva/Atharva/NCSU/SFRT/SoftwareForRoboticsProject/jackal_ws/install/zed_interfaces/include/zed_interfaces/msg/detail/plane_stamped__builder.hpp
[1.661s] -- Up-to-date symlink: /home/atharva/Atharva/NCSU/SFRT/SoftwareForRoboticsProject/jackal_ws/install/zed_interfaces/include/zed_interfaces/msg/detail/plane_stamped__struct.hpp
[1.661s] -- Up-to-date symlink: /home/atharva/Atharva/NCSU/SFRT/SoftwareForRoboticsProject/jackal_ws/install/zed_interfaces/include/zed_interfaces/msg/detail/plane_stamped__traits.hpp
[1.661s] -- Up-to-date symlink: /home/atharva/Atharva/NCSU/SFRT/SoftwareForRoboticsProject/jackal_ws/install/zed_interfaces/include/zed_interfaces/msg/detail/skeleton2_d__builder.hpp
[1.661s] -- Up-to-date symlink: /home/atharva/Atharva/NCSU/SFRT/SoftwareForRoboticsProject/jackal_ws/install/zed_interfaces/include/zed_interfaces/msg/detail/skeleton2_d__struct.hpp
[1.661s] -- Up-to-date symlink: /home/atharva/Atharva/NCSU/SFRT/SoftwareForRoboticsProject/jackal_ws/install/zed_interfaces/include/zed_interfaces/msg/detail/skeleton2_d__traits.hpp
[1.661s] -- Up-to-date symlink: /home/atharva/Atharva/NCSU/SFRT/SoftwareForRoboticsProject/jackal_ws/install/zed_interfaces/include/zed_interfaces/msg/detail/skeleton3_d__builder.hpp
[1.661s] -- Up-to-date symlink: /home/atharva/Atharva/NCSU/SFRT/SoftwareForRoboticsProject/jackal_ws/install/zed_interfaces/include/zed_interfaces/msg/detail/skeleton3_d__struct.hpp
[1.662s] -- Up-to-date symlink: /home/atharva/Atharva/NCSU/SFRT/SoftwareForRoboticsProject/jackal_ws/install/zed_interfaces/include/zed_interfaces/msg/detail/skeleton3_d__traits.hpp
[1.662s] -- Up-to-date symlink: /home/atharva/Atharva/NCSU/SFRT/SoftwareForRoboticsProject/jackal_ws/install/zed_interfaces/include/zed_interfaces/msg/keypoint2_df.hpp
[1.662s] -- Up-to-date symlink: /home/atharva/Atharva/NCSU/SFRT/SoftwareForRoboticsProject/jackal_ws/install/zed_interfaces/include/zed_interfaces/msg/keypoint2_di.hpp
[1.662s] -- Up-to-date symlink: /home/atharva/Atharva/NCSU/SFRT/SoftwareForRoboticsProject/jackal_ws/install/zed_interfaces/include/zed_interfaces/msg/keypoint3_d.hpp
[1.662s] -- Up-to-date symlink: /home/atharva/Atharva/NCSU/SFRT/SoftwareForRoboticsProject/jackal_ws/install/zed_interfaces/include/zed_interfaces/msg/object.hpp
[1.662s] -- Up-to-date symlink: /home/atharva/Atharva/NCSU/SFRT/SoftwareForRoboticsProject/jackal_ws/install/zed_interfaces/include/zed_interfaces/msg/objects_stamped.hpp
[1.662s] -- Up-to-date symlink: /home/atharva/Atharva/NCSU/SFRT/SoftwareForRoboticsProject/jackal_ws/install/zed_interfaces/include/zed_interfaces/msg/plane_stamped.hpp
[1.662s] -- Up-to-date symlink: /home/atharva/Atharva/NCSU/SFRT/SoftwareForRoboticsProject/jackal_ws/install/zed_interfaces/include/zed_interfaces/msg/skeleton2_d.hpp
[1.662s] -- Up-to-date symlink: /home/atharva/Atharva/NCSU/SFRT/SoftwareForRoboticsProject/jackal_ws/install/zed_interfaces/include/zed_interfaces/msg/skeleton3_d.hpp
[1.663s] -- Up-to-date symlink: /home/atharva/Atharva/NCSU/SFRT/SoftwareForRoboticsProject/jackal_ws/install/zed_interfaces/include/zed_interfaces/srv/detail/set_pose__builder.hpp
[1.663s] -- Up-to-date symlink: /home/atharva/Atharva/NCSU/SFRT/SoftwareForRoboticsProject/jackal_ws/install/zed_interfaces/include/zed_interfaces/srv/detail/set_pose__struct.hpp
[1.663s] -- Up-to-date symlink: /home/atharva/Atharva/NCSU/SFRT/SoftwareForRoboticsProject/jackal_ws/install/zed_interfaces/include/zed_interfaces/srv/detail/set_pose__traits.hpp
[1.663s] -- Up-to-date symlink: /home/atharva/Atharva/NCSU/SFRT/SoftwareForRoboticsProject/jackal_ws/install/zed_interfaces/include/zed_interfaces/srv/detail/set_roi__builder.hpp
[1.663s] -- Up-to-date symlink: /home/atharva/Atharva/NCSU/SFRT/SoftwareForRoboticsProject/jackal_ws/install/zed_interfaces/include/zed_interfaces/srv/detail/set_roi__struct.hpp
[1.663s] -- Up-to-date symlink: /home/atharva/Atharva/NCSU/SFRT/SoftwareForRoboticsProject/jackal_ws/install/zed_interfaces/include/zed_interfaces/srv/detail/set_roi__traits.hpp
[1.663s] -- Up-to-date symlink: /home/atharva/Atharva/NCSU/SFRT/SoftwareForRoboticsProject/jackal_ws/install/zed_interfaces/include/zed_interfaces/srv/detail/start_svo_rec__builder.hpp
[1.663s] -- Up-to-date symlink: /home/atharva/Atharva/NCSU/SFRT/SoftwareForRoboticsProject/jackal_ws/install/zed_interfaces/include/zed_interfaces/srv/detail/start_svo_rec__struct.hpp
[1.663s] -- Up-to-date symlink: /home/atharva/Atharva/NCSU/SFRT/SoftwareForRoboticsProject/jackal_ws/install/zed_interfaces/include/zed_interfaces/srv/detail/start_svo_rec__traits.hpp
[1.663s] -- Up-to-date symlink: /home/atharva/Atharva/NCSU/SFRT/SoftwareForRoboticsProject/jackal_ws/install/zed_interfaces/include/zed_interfaces/srv/set_pose.hpp
[1.664s] -- Up-to-date symlink: /home/atharva/Atharva/NCSU/SFRT/SoftwareForRoboticsProject/jackal_ws/install/zed_interfaces/include/zed_interfaces/srv/set_roi.hpp
[1.664s] -- Up-to-date symlink: /home/atharva/Atharva/NCSU/SFRT/SoftwareForRoboticsProject/jackal_ws/install/zed_interfaces/include/zed_interfaces/srv/start_svo_rec.hpp
[1.664s] -- Up-to-date symlink: /home/atharva/Atharva/NCSU/SFRT/SoftwareForRoboticsProject/jackal_ws/install/zed_interfaces/include/zed_interfaces/msg/detail/bounding_box2_df__rosidl_typesupport_introspection_cpp.hpp
[1.664s] -- Up-to-date symlink: /home/atharva/Atharva/NCSU/SFRT/SoftwareForRoboticsProject/jackal_ws/install/zed_interfaces/include/zed_interfaces/msg/detail/bounding_box2_di__rosidl_typesupport_introspection_cpp.hpp
[1.664s] -- Up-to-date symlink: /home/atharva/Atharva/NCSU/SFRT/SoftwareForRoboticsProject/jackal_ws/install/zed_interfaces/include/zed_interfaces/msg/detail/bounding_box3_d__rosidl_typesupport_introspection_cpp.hpp
[1.665s] -- Up-to-date symlink: /home/atharva/Atharva/NCSU/SFRT/SoftwareForRoboticsProject/jackal_ws/install/zed_interfaces/include/zed_interfaces/msg/detail/depth_info_stamped__rosidl_typesupport_introspection_cpp.hpp
[1.665s] -- Up-to-date symlink: /home/atharva/Atharva/NCSU/SFRT/SoftwareForRoboticsProject/jackal_ws/install/zed_interfaces/include/zed_interfaces/msg/detail/keypoint2_df__rosidl_typesupport_introspection_cpp.hpp
[1.665s] -- Up-to-date symlink: /home/atharva/Atharva/NCSU/SFRT/SoftwareForRoboticsProject/jackal_ws/install/zed_interfaces/include/zed_interfaces/msg/detail/keypoint2_di__rosidl_typesupport_introspection_cpp.hpp
[1.665s] -- Up-to-date symlink: /home/atharva/Atharva/NCSU/SFRT/SoftwareForRoboticsProject/jackal_ws/install/zed_interfaces/include/zed_interfaces/msg/detail/keypoint3_d__rosidl_typesupport_introspection_cpp.hpp
[1.665s] -- Up-to-date symlink: /home/atharva/Atharva/NCSU/SFRT/SoftwareForRoboticsProject/jackal_ws/install/zed_interfaces/include/zed_interfaces/msg/detail/object__rosidl_typesupport_introspection_cpp.hpp
[1.665s] -- Up-to-date symlink: /home/atharva/Atharva/NCSU/SFRT/SoftwareForRoboticsProject/jackal_ws/install/zed_interfaces/include/zed_interfaces/msg/detail/objects_stamped__rosidl_typesupport_introspection_cpp.hpp
[1.665s] -- Up-to-date symlink: /home/atharva/Atharva/NCSU/SFRT/SoftwareForRoboticsProject/jackal_ws/install/zed_interfaces/include/zed_interfaces/msg/detail/plane_stamped__rosidl_typesupport_introspection_cpp.hpp
[1.665s] -- Up-to-date symlink: /home/atharva/Atharva/NCSU/SFRT/SoftwareForRoboticsProject/jackal_ws/install/zed_interfaces/include/zed_interfaces/msg/detail/skeleton2_d__rosidl_typesupport_introspection_cpp.hpp
[1.665s] -- Up-to-date symlink: /home/atharva/Atharva/NCSU/SFRT/SoftwareForRoboticsProject/jackal_ws/install/zed_interfaces/include/zed_interfaces/msg/detail/skeleton3_d__rosidl_typesupport_introspection_cpp.hpp
[1.666s] -- Up-to-date symlink: /home/atharva/Atharva/NCSU/SFRT/SoftwareForRoboticsProject/jackal_ws/install/zed_interfaces/include/zed_interfaces/srv/detail/set_pose__rosidl_typesupport_introspection_cpp.hpp
[1.666s] -- Up-to-date symlink: /home/atharva/Atharva/NCSU/SFRT/SoftwareForRoboticsProject/jackal_ws/install/zed_interfaces/include/zed_interfaces/srv/detail/set_roi__rosidl_typesupport_introspection_cpp.hpp
[1.666s] -- Up-to-date symlink: /home/atharva/Atharva/NCSU/SFRT/SoftwareForRoboticsProject/jackal_ws/install/zed_interfaces/include/zed_interfaces/srv/detail/start_svo_rec__rosidl_typesupport_introspection_cpp.hpp
[1.666s] -- Up-to-date symlink: /home/atharva/Atharva/NCSU/SFRT/SoftwareForRoboticsProject/jackal_ws/install/zed_interfaces/share/zed_interfaces/environment/pythonpath.sh
[1.666s] -- Up-to-date symlink: /home/atharva/Atharva/NCSU/SFRT/SoftwareForRoboticsProject/jackal_ws/install/zed_interfaces/share/zed_interfaces/environment/pythonpath.dsv
[1.666s] -- Up-to-date symlink: /home/atharva/Atharva/NCSU/SFRT/SoftwareForRoboticsProject/jackal_ws/install/zed_interfaces/lib/python3.8/site-packages/zed_interfaces/__init__.py
[1.667s] -- Up-to-date symlink: /home/atharva/Atharva/NCSU/SFRT/SoftwareForRoboticsProject/jackal_ws/install/zed_interfaces/lib/python3.8/site-packages/zed_interfaces/msg/__init__.py
[1.667s] -- Up-to-date symlink: /home/atharva/Atharva/NCSU/SFRT/SoftwareForRoboticsProject/jackal_ws/install/zed_interfaces/lib/python3.8/site-packages/zed_interfaces/msg/_bounding_box2_df.py
[1.667s] -- Up-to-date symlink: /home/atharva/Atharva/NCSU/SFRT/SoftwareForRoboticsProject/jackal_ws/install/zed_interfaces/lib/python3.8/site-packages/zed_interfaces/msg/_bounding_box2_di.py
[1.667s] -- Up-to-date symlink: /home/atharva/Atharva/NCSU/SFRT/SoftwareForRoboticsProject/jackal_ws/install/zed_interfaces/lib/python3.8/site-packages/zed_interfaces/msg/_bounding_box3_d.py
[1.667s] -- Up-to-date symlink: /home/atharva/Atharva/NCSU/SFRT/SoftwareForRoboticsProject/jackal_ws/install/zed_interfaces/lib/python3.8/site-packages/zed_interfaces/msg/_depth_info_stamped.py
[1.667s] -- Up-to-date symlink: /home/atharva/Atharva/NCSU/SFRT/SoftwareForRoboticsProject/jackal_ws/install/zed_interfaces/lib/python3.8/site-packages/zed_interfaces/msg/_keypoint2_df.py
[1.667s] -- Up-to-date symlink: /home/atharva/Atharva/NCSU/SFRT/SoftwareForRoboticsProject/jackal_ws/install/zed_interfaces/lib/python3.8/site-packages/zed_interfaces/msg/_keypoint2_di.py
[1.667s] -- Up-to-date symlink: /home/atharva/Atharva/NCSU/SFRT/SoftwareForRoboticsProject/jackal_ws/install/zed_interfaces/lib/python3.8/site-packages/zed_interfaces/msg/_keypoint3_d.py
[1.668s] -- Up-to-date symlink: /home/atharva/Atharva/NCSU/SFRT/SoftwareForRoboticsProject/jackal_ws/install/zed_interfaces/lib/python3.8/site-packages/zed_interfaces/msg/_object.py
[1.668s] -- Up-to-date symlink: /home/atharva/Atharva/NCSU/SFRT/SoftwareForRoboticsProject/jackal_ws/install/zed_interfaces/lib/python3.8/site-packages/zed_interfaces/msg/_objects_stamped.py
[1.668s] -- Up-to-date symlink: /home/atharva/Atharva/NCSU/SFRT/SoftwareForRoboticsProject/jackal_ws/install/zed_interfaces/lib/python3.8/site-packages/zed_interfaces/msg/_plane_stamped.py
[1.668s] -- Up-to-date symlink: /home/atharva/Atharva/NCSU/SFRT/SoftwareForRoboticsProject/jackal_ws/install/zed_interfaces/lib/python3.8/site-packages/zed_interfaces/msg/_skeleton2_d.py
[1.668s] -- Up-to-date symlink: /home/atharva/Atharva/NCSU/SFRT/SoftwareForRoboticsProject/jackal_ws/install/zed_interfaces/lib/python3.8/site-packages/zed_interfaces/msg/_skeleton3_d.py
[1.668s] -- Up-to-date symlink: /home/atharva/Atharva/NCSU/SFRT/SoftwareForRoboticsProject/jackal_ws/install/zed_interfaces/lib/python3.8/site-packages/zed_interfaces/srv/__init__.py
[1.668s] -- Up-to-date symlink: /home/atharva/Atharva/NCSU/SFRT/SoftwareForRoboticsProject/jackal_ws/install/zed_interfaces/lib/python3.8/site-packages/zed_interfaces/srv/_set_pose.py
[1.669s] -- Up-to-date symlink: /home/atharva/Atharva/NCSU/SFRT/SoftwareForRoboticsProject/jackal_ws/install/zed_interfaces/lib/python3.8/site-packages/zed_interfaces/srv/_set_roi.py
[1.669s] -- Up-to-date symlink: /home/atharva/Atharva/NCSU/SFRT/SoftwareForRoboticsProject/jackal_ws/install/zed_interfaces/lib/python3.8/site-packages/zed_interfaces/srv/_start_svo_rec.py
[1.669s] -- Up-to-date symlink: /home/atharva/Atharva/NCSU/SFRT/SoftwareForRoboticsProject/jackal_ws/install/zed_interfaces/lib/python3.8/site-packages/zed_interfaces/zed_interfaces_s__rosidl_typesupport_fastrtps_c.cpython-38-x86_64-linux-gnu.so
[1.669s] -- Up-to-date symlink: /home/atharva/Atharva/NCSU/SFRT/SoftwareForRoboticsProject/jackal_ws/install/zed_interfaces/lib/python3.8/site-packages/zed_interfaces/zed_interfaces_s__rosidl_typesupport_introspection_c.cpython-38-x86_64-linux-gnu.so
[1.670s] -- Up-to-date symlink: /home/atharva/Atharva/NCSU/SFRT/SoftwareForRoboticsProject/jackal_ws/install/zed_interfaces/lib/python3.8/site-packages/zed_interfaces/zed_interfaces_s__rosidl_typesupport_c.cpython-38-x86_64-linux-gnu.so
[1.670s] -- Up-to-date symlink: /home/atharva/Atharva/NCSU/SFRT/SoftwareForRoboticsProject/jackal_ws/install/zed_interfaces/lib/libzed_interfaces__python.so
[1.670s] -- Up-to-date symlink: /home/atharva/Atharva/NCSU/SFRT/SoftwareForRoboticsProject/jackal_ws/install/zed_interfaces/share/zed_interfaces/msg/Object.idl
[1.670s] -- Up-to-date symlink: /home/atharva/Atharva/NCSU/SFRT/SoftwareForRoboticsProject/jackal_ws/install/zed_interfaces/share/zed_interfaces/msg/ObjectsStamped.idl
[1.671s] -- Up-to-date symlink: /home/atharva/Atharva/NCSU/SFRT/SoftwareForRoboticsProject/jackal_ws/install/zed_interfaces/share/zed_interfaces/msg/Keypoint2Di.idl
[1.671s] -- Up-to-date symlink: /home/atharva/Atharva/NCSU/SFRT/SoftwareForRoboticsProject/jackal_ws/install/zed_interfaces/share/zed_interfaces/msg/Keypoint2Df.idl
[1.671s] -- Up-to-date symlink: /home/atharva/Atharva/NCSU/SFRT/SoftwareForRoboticsProject/jackal_ws/install/zed_interfaces/share/zed_interfaces/msg/Keypoint3D.idl
[1.671s] -- Up-to-date symlink: /home/atharva/Atharva/NCSU/SFRT/SoftwareForRoboticsProject/jackal_ws/install/zed_interfaces/share/zed_interfaces/msg/BoundingBox2Di.idl
[1.671s] -- Up-to-date symlink: /home/atharva/Atharva/NCSU/SFRT/SoftwareForRoboticsProject/jackal_ws/install/zed_interfaces/share/zed_interfaces/msg/BoundingBox2Df.idl
[1.671s] -- Up-to-date symlink: /home/atharva/Atharva/NCSU/SFRT/SoftwareForRoboticsProject/jackal_ws/install/zed_interfaces/share/zed_interfaces/msg/BoundingBox3D.idl
[1.672s] -- Up-to-date symlink: /home/atharva/Atharva/NCSU/SFRT/SoftwareForRoboticsProject/jackal_ws/install/zed_interfaces/share/zed_interfaces/msg/Skeleton2D.idl
[1.672s] -- Up-to-date symlink: /home/atharva/Atharva/NCSU/SFRT/SoftwareForRoboticsProject/jackal_ws/install/zed_interfaces/share/zed_interfaces/msg/Skeleton3D.idl
[1.672s] -- Up-to-date symlink: /home/atharva/Atharva/NCSU/SFRT/SoftwareForRoboticsProject/jackal_ws/install/zed_interfaces/share/zed_interfaces/msg/DepthInfoStamped.idl
[1.672s] -- Up-to-date symlink: /home/atharva/Atharva/NCSU/SFRT/SoftwareForRoboticsProject/jackal_ws/install/zed_interfaces/share/zed_interfaces/msg/PlaneStamped.idl
[1.672s] -- Up-to-date symlink: /home/atharva/Atharva/NCSU/SFRT/SoftwareForRoboticsProject/jackal_ws/install/zed_interfaces/share/zed_interfaces/srv/SetPose.idl
[1.673s] -- Up-to-date symlink: /home/atharva/Atharva/NCSU/SFRT/SoftwareForRoboticsProject/jackal_ws/install/zed_interfaces/share/zed_interfaces/srv/StartSvoRec.idl
[1.673s] -- Up-to-date symlink: /home/atharva/Atharva/NCSU/SFRT/SoftwareForRoboticsProject/jackal_ws/install/zed_interfaces/share/zed_interfaces/srv/SetROI.idl
[1.673s] -- Up-to-date symlink: /home/atharva/Atharva/NCSU/SFRT/SoftwareForRoboticsProject/jackal_ws/install/zed_interfaces/share/zed_interfaces/msg/Object.msg
[1.673s] -- Up-to-date symlink: /home/atharva/Atharva/NCSU/SFRT/SoftwareForRoboticsProject/jackal_ws/install/zed_interfaces/share/zed_interfaces/msg/ObjectsStamped.msg
[1.673s] -- Up-to-date symlink: /home/atharva/Atharva/NCSU/SFRT/SoftwareForRoboticsProject/jackal_ws/install/zed_interfaces/share/zed_interfaces/msg/Keypoint2Di.msg
[1.673s] -- Up-to-date symlink: /home/atharva/Atharva/NCSU/SFRT/SoftwareForRoboticsProject/jackal_ws/install/zed_interfaces/share/zed_interfaces/msg/Keypoint2Df.msg
[1.674s] -- Up-to-date symlink: /home/atharva/Atharva/NCSU/SFRT/SoftwareForRoboticsProject/jackal_ws/install/zed_interfaces/share/zed_interfaces/msg/Keypoint3D.msg
[1.674s] -- Up-to-date symlink: /home/atharva/Atharva/NCSU/SFRT/SoftwareForRoboticsProject/jackal_ws/install/zed_interfaces/share/zed_interfaces/msg/BoundingBox2Di.msg
[1.674s] -- Up-to-date symlink: /home/atharva/Atharva/NCSU/SFRT/SoftwareForRoboticsProject/jackal_ws/install/zed_interfaces/share/zed_interfaces/msg/BoundingBox2Df.msg
[1.674s] -- Up-to-date symlink: /home/atharva/Atharva/NCSU/SFRT/SoftwareForRoboticsProject/jackal_ws/install/zed_interfaces/share/zed_interfaces/msg/BoundingBox3D.msg
[1.674s] -- Up-to-date symlink: /home/atharva/Atharva/NCSU/SFRT/SoftwareForRoboticsProject/jackal_ws/install/zed_interfaces/share/zed_interfaces/msg/Skeleton2D.msg
[1.675s] -- Up-to-date symlink: /home/atharva/Atharva/NCSU/SFRT/SoftwareForRoboticsProject/jackal_ws/install/zed_interfaces/share/zed_interfaces/msg/Skeleton3D.msg
[1.675s] -- Up-to-date symlink: /home/atharva/Atharva/NCSU/SFRT/SoftwareForRoboticsProject/jackal_ws/install/zed_interfaces/share/zed_interfaces/msg/DepthInfoStamped.msg
[1.675s] -- Up-to-date symlink: /home/atharva/Atharva/NCSU/SFRT/SoftwareForRoboticsProject/jackal_ws/install/zed_interfaces/share/zed_interfaces/msg/PlaneStamped.msg
[1.675s] -- Up-to-date symlink: /home/atharva/Atharva/NCSU/SFRT/SoftwareForRoboticsProject/jackal_ws/install/zed_interfaces/share/zed_interfaces/srv/SetPose.srv
[1.675s] -- Up-to-date symlink: /home/atharva/Atharva/NCSU/SFRT/SoftwareForRoboticsProject/jackal_ws/install/zed_interfaces/share/zed_interfaces/srv/SetPose_Request.msg
[1.675s] -- Up-to-date symlink: /home/atharva/Atharva/NCSU/SFRT/SoftwareForRoboticsProject/jackal_ws/install/zed_interfaces/share/zed_interfaces/srv/SetPose_Response.msg
[1.676s] -- Up-to-date symlink: /home/atharva/Atharva/NCSU/SFRT/SoftwareForRoboticsProject/jackal_ws/install/zed_interfaces/share/zed_interfaces/srv/StartSvoRec.srv
[1.676s] -- Up-to-date symlink: /home/atharva/Atharva/NCSU/SFRT/SoftwareForRoboticsProject/jackal_ws/install/zed_interfaces/share/zed_interfaces/srv/StartSvoRec_Request.msg
[1.676s] -- Up-to-date symlink: /home/atharva/Atharva/NCSU/SFRT/SoftwareForRoboticsProject/jackal_ws/install/zed_interfaces/share/zed_interfaces/srv/StartSvoRec_Response.msg
[1.676s] -- Up-to-date symlink: /home/atharva/Atharva/NCSU/SFRT/SoftwareForRoboticsProject/jackal_ws/install/zed_interfaces/share/zed_interfaces/srv/SetROI.srv
[1.676s] -- Up-to-date symlink: /home/atharva/Atharva/NCSU/SFRT/SoftwareForRoboticsProject/jackal_ws/install/zed_interfaces/share/zed_interfaces/srv/SetROI_Request.msg
[1.676s] -- Up-to-date symlink: /home/atharva/Atharva/NCSU/SFRT/SoftwareForRoboticsProject/jackal_ws/install/zed_interfaces/share/zed_interfaces/srv/SetROI_Response.msg
[1.677s] -- Up-to-date symlink: /home/atharva/Atharva/NCSU/SFRT/SoftwareForRoboticsProject/jackal_ws/install/zed_interfaces/share/zed_interfaces/meshes/zed.stl
[1.677s] -- Up-to-date symlink: /home/atharva/Atharva/NCSU/SFRT/SoftwareForRoboticsProject/jackal_ws/install/zed_interfaces/share/zed_interfaces/meshes/zed2.stl
[1.677s] -- Up-to-date symlink: /home/atharva/Atharva/NCSU/SFRT/SoftwareForRoboticsProject/jackal_ws/install/zed_interfaces/share/zed_interfaces/meshes/zed2i.stl
[1.677s] -- Up-to-date symlink: /home/atharva/Atharva/NCSU/SFRT/SoftwareForRoboticsProject/jackal_ws/install/zed_interfaces/share/zed_interfaces/meshes/zedm.stl
[1.677s] -- Up-to-date symlink: /home/atharva/Atharva/NCSU/SFRT/SoftwareForRoboticsProject/jackal_ws/install/zed_interfaces/share/ament_index/resource_index/package_run_dependencies/zed_interfaces
[1.677s] -- Up-to-date symlink: /home/atharva/Atharva/NCSU/SFRT/SoftwareForRoboticsProject/jackal_ws/install/zed_interfaces/share/ament_index/resource_index/parent_prefix_path/zed_interfaces
[1.678s] -- Up-to-date symlink: /home/atharva/Atharva/NCSU/SFRT/SoftwareForRoboticsProject/jackal_ws/install/zed_interfaces/share/zed_interfaces/environment/ament_prefix_path.sh
[1.678s] -- Up-to-date symlink: /home/atharva/Atharva/NCSU/SFRT/SoftwareForRoboticsProject/jackal_ws/install/zed_interfaces/share/zed_interfaces/environment/ament_prefix_path.dsv
[1.678s] -- Up-to-date symlink: /home/atharva/Atharva/NCSU/SFRT/SoftwareForRoboticsProject/jackal_ws/install/zed_interfaces/share/zed_interfaces/environment/path.sh
[1.678s] -- Up-to-date symlink: /home/atharva/Atharva/NCSU/SFRT/SoftwareForRoboticsProject/jackal_ws/install/zed_interfaces/share/zed_interfaces/environment/path.dsv
[1.678s] -- Up-to-date symlink: /home/atharva/Atharva/NCSU/SFRT/SoftwareForRoboticsProject/jackal_ws/install/zed_interfaces/share/zed_interfaces/local_setup.bash
[1.678s] -- Up-to-date symlink: /home/atharva/Atharva/NCSU/SFRT/SoftwareForRoboticsProject/jackal_ws/install/zed_interfaces/share/zed_interfaces/local_setup.sh
[1.679s] -- Up-to-date symlink: /home/atharva/Atharva/NCSU/SFRT/SoftwareForRoboticsProject/jackal_ws/install/zed_interfaces/share/zed_interfaces/local_setup.zsh
[1.679s] -- Up-to-date symlink: /home/atharva/Atharva/NCSU/SFRT/SoftwareForRoboticsProject/jackal_ws/install/zed_interfaces/share/zed_interfaces/local_setup.dsv
[1.679s] -- Symlinking: /home/atharva/Atharva/NCSU/SFRT/SoftwareForRoboticsProject/jackal_ws/install/zed_interfaces/share/zed_interfaces/package.dsv
[1.686s] -- Up-to-date symlink: /home/atharva/Atharva/NCSU/SFRT/SoftwareForRoboticsProject/jackal_ws/install/zed_interfaces/share/ament_index/resource_index/packages/zed_interfaces
[1.687s] -- Up-to-date symlink: /home/atharva/Atharva/NCSU/SFRT/SoftwareForRoboticsProject/jackal_ws/install/zed_interfaces/share/zed_interfaces/cmake/rosidl_cmake-extras.cmake
[1.687s] -- Up-to-date symlink: /home/atharva/Atharva/NCSU/SFRT/SoftwareForRoboticsProject/jackal_ws/install/zed_interfaces/share/zed_interfaces/cmake/ament_cmake_export_dependencies-extras.cmake
[1.687s] -- Up-to-date symlink: /home/atharva/Atharva/NCSU/SFRT/SoftwareForRoboticsProject/jackal_ws/install/zed_interfaces/share/zed_interfaces/cmake/ament_cmake_export_libraries-extras.cmake
[1.687s] -- Up-to-date symlink: /home/atharva/Atharva/NCSU/SFRT/SoftwareForRoboticsProject/jackal_ws/install/zed_interfaces/share/zed_interfaces/cmake/ament_cmake_export_targets-extras.cmake
[1.687s] -- Up-to-date symlink: /home/atharva/Atharva/NCSU/SFRT/SoftwareForRoboticsProject/jackal_ws/install/zed_interfaces/share/zed_interfaces/cmake/ament_cmake_export_include_directories-extras.cmake
[1.688s] -- Up-to-date symlink: /home/atharva/Atharva/NCSU/SFRT/SoftwareForRoboticsProject/jackal_ws/install/zed_interfaces/share/zed_interfaces/cmake/rosidl_cmake_export_typesupport_libraries-extras.cmake
[1.688s] -- Up-to-date symlink: /home/atharva/Atharva/NCSU/SFRT/SoftwareForRoboticsProject/jackal_ws/install/zed_interfaces/share/zed_interfaces/cmake/rosidl_cmake_export_typesupport_targets-extras.cmake
[1.688s] -- Up-to-date symlink: /home/atharva/Atharva/NCSU/SFRT/SoftwareForRoboticsProject/jackal_ws/install/zed_interfaces/share/zed_interfaces/cmake/zed_interfacesConfig.cmake
[1.688s] -- Up-to-date symlink: /home/atharva/Atharva/NCSU/SFRT/SoftwareForRoboticsProject/jackal_ws/install/zed_interfaces/share/zed_interfaces/cmake/zed_interfacesConfig-version.cmake
[1.688s] -- Up-to-date symlink: /home/atharva/Atharva/NCSU/SFRT/SoftwareForRoboticsProject/jackal_ws/install/zed_interfaces/share/zed_interfaces/package.xml
[1.688s] -- Up-to-date: /home/atharva/Atharva/NCSU/SFRT/SoftwareForRoboticsProject/jackal_ws/install/zed_interfaces/lib/libzed_interfaces__rosidl_generator_c.so
[1.689s] -- Up-to-date: /home/atharva/Atharva/NCSU/SFRT/SoftwareForRoboticsProject/jackal_ws/install/zed_interfaces/lib/libzed_interfaces__rosidl_typesupport_introspection_c.so
[1.689s] -- Up-to-date: /home/atharva/Atharva/NCSU/SFRT/SoftwareForRoboticsProject/jackal_ws/install/zed_interfaces/lib/libzed_interfaces__rosidl_typesupport_c.so
[1.689s] -- Up-to-date: /home/atharva/Atharva/NCSU/SFRT/SoftwareForRoboticsProject/jackal_ws/install/zed_interfaces/lib/libzed_interfaces__rosidl_typesupport_introspection_cpp.so
[1.689s] -- Up-to-date: /home/atharva/Atharva/NCSU/SFRT/SoftwareForRoboticsProject/jackal_ws/install/zed_interfaces/lib/libzed_interfaces__rosidl_typesupport_cpp.so
[1.713s] Compiling '/home/atharva/Atharva/NCSU/SFRT/SoftwareForRoboticsProject/jackal_ws/install/zed_interfaces/lib/python3.8/site-packages/zed_interfaces/__init__.py'...
[1.716s] -- Up-to-date: /home/atharva/Atharva/NCSU/SFRT/SoftwareForRoboticsProject/jackal_ws/install/zed_interfaces/share/zed_interfaces/cmake/zed_interfaces__rosidl_generator_cExport.cmake
[1.716s] -- Installing: /home/atharva/Atharva/NCSU/SFRT/SoftwareForRoboticsProject/jackal_ws/install/zed_interfaces/share/zed_interfaces/cmake/zed_interfaces__rosidl_generator_cExport-release.cmake
[1.716s] -- Up-to-date: /home/atharva/Atharva/NCSU/SFRT/SoftwareForRoboticsProject/jackal_ws/install/zed_interfaces/share/zed_interfaces/cmake/zed_interfaces__rosidl_typesupport_introspection_cExport.cmake
[1.716s] -- Installing: /home/atharva/Atharva/NCSU/SFRT/SoftwareForRoboticsProject/jackal_ws/install/zed_interfaces/share/zed_interfaces/cmake/zed_interfaces__rosidl_typesupport_introspection_cExport-release.cmake
[1.717s] -- Up-to-date: /home/atharva/Atharva/NCSU/SFRT/SoftwareForRoboticsProject/jackal_ws/install/zed_interfaces/share/zed_interfaces/cmake/zed_interfaces__rosidl_typesupport_cExport.cmake
[1.717s] -- Installing: /home/atharva/Atharva/NCSU/SFRT/SoftwareForRoboticsProject/jackal_ws/install/zed_interfaces/share/zed_interfaces/cmake/zed_interfaces__rosidl_typesupport_cExport-release.cmake
[1.717s] -- Up-to-date: /home/atharva/Atharva/NCSU/SFRT/SoftwareForRoboticsProject/jackal_ws/install/zed_interfaces/share/zed_interfaces/cmake/zed_interfaces__rosidl_generator_cppExport.cmake
[1.717s] -- Up-to-date: /home/atharva/Atharva/NCSU/SFRT/SoftwareForRoboticsProject/jackal_ws/install/zed_interfaces/share/zed_interfaces/cmake/zed_interfaces__rosidl_typesupport_introspection_cppExport.cmake
[1.717s] -- Installing: /home/atharva/Atharva/NCSU/SFRT/SoftwareForRoboticsProject/jackal_ws/install/zed_interfaces/share/zed_interfaces/cmake/zed_interfaces__rosidl_typesupport_introspection_cppExport-release.cmake
[1.717s] -- Up-to-date: /home/atharva/Atharva/NCSU/SFRT/SoftwareForRoboticsProject/jackal_ws/install/zed_interfaces/share/zed_interfaces/cmake/zed_interfaces__rosidl_typesupport_cppExport.cmake
[1.717s] -- Installing: /home/atharva/Atharva/NCSU/SFRT/SoftwareForRoboticsProject/jackal_ws/install/zed_interfaces/share/zed_interfaces/cmake/zed_interfaces__rosidl_typesupport_cppExport-release.cmake
[1.732s] Invoked command in '/home/atharva/Atharva/NCSU/SFRT/SoftwareForRoboticsProject/jackal_ws/build/zed_interfaces' returned '0': CMAKE_PREFIX_PATH=${CMAKE_PREFIX_PATH}:/opt/ros/foxy /usr/bin/cmake --install /home/atharva/Atharva/NCSU/SFRT/SoftwareForRoboticsProject/jackal_ws/build/zed_interfaces
