[0.013s] Invoking command in '/home/atharva/Atharva/NCSU/SFRT/SoftwareForRoboticsProject/jackalRepos/ros2_ws/build/jackal_control': AMENT_PREFIX_PATH=/home/atharva/Atharva/NCSU/SFRT/SoftwareForRoboticsProject/jackalRepos/ros2_ws/install/jackal_description:${AMENT_PREFIX_PATH} CMAKE_PREFIX_PATH=/home/atharva/Atharva/NCSU/SFRT/SoftwareForRoboticsProject/jackalRepos/ros2_ws/install/jackal_description:/opt/ros/foxy CONDA_PROMPT_MODIFIER=(rosEnv) /usr/bin/cmake /home/atharva/Atharva/NCSU/SFRT/SoftwareForRoboticsProject/jackalRepos/ros2_ws/src/jackal/jackal_control -DCMAKE_INSTALL_PREFIX=/home/atharva/Atharva/NCSU/SFRT/SoftwareForRoboticsProject/jackalRepos/ros2_ws/install/jackal_control
[0.046s] -- The C compiler identification is GNU 9.4.0
[0.082s] -- The CXX compiler identification is GNU 9.4.0
[0.086s] -- Check for working C compiler: /usr/bin/cc
[0.130s] -- Check for working C compiler: /usr/bin/cc -- works
[0.131s] -- Detecting C compiler ABI info
[0.175s] -- Detecting C compiler ABI info - done
[0.183s] -- Detecting C compile features
[0.183s] -- Detecting C compile features - done
[0.184s] -- Check for working CXX compiler: /usr/bin/c++
[0.233s] -- Check for working CXX compiler: /usr/bin/c++ -- works
[0.234s] -- Detecting CXX compiler ABI info
[0.288s] -- Detecting CXX compiler ABI info - done
[0.298s] -- Detecting CXX compile features
[0.298s] -- Detecting CXX compile features - done
[0.300s] -- Found ament_cmake: 0.9.11 (/opt/ros/foxy/share/ament_cmake/cmake)
[0.316s] -- Found PythonInterp: /home/atharva/anaconda3/envs/rosEnv/bin/python3 (found suitable version "3.10", minimum required is "3") 
[0.317s] -- Using PYTHON_EXECUTABLE: /home/atharva/anaconda3/envs/rosEnv/bin/python3
[0.502s] -- Configuring done
[0.503s] -- Generating done
[0.504s] -- Build files have been written to: /home/atharva/Atharva/NCSU/SFRT/SoftwareForRoboticsProject/jackalRepos/ros2_ws/build/jackal_control
[0.509s] Invoked command in '/home/atharva/Atharva/NCSU/SFRT/SoftwareForRoboticsProject/jackalRepos/ros2_ws/build/jackal_control' returned '0': AMENT_PREFIX_PATH=/home/atharva/Atharva/NCSU/SFRT/SoftwareForRoboticsProject/jackalRepos/ros2_ws/install/jackal_description:${AMENT_PREFIX_PATH} CMAKE_PREFIX_PATH=/home/atharva/Atharva/NCSU/SFRT/SoftwareForRoboticsProject/jackalRepos/ros2_ws/install/jackal_description:/opt/ros/foxy CONDA_PROMPT_MODIFIER=(rosEnv) /usr/bin/cmake /home/atharva/Atharva/NCSU/SFRT/SoftwareForRoboticsProject/jackalRepos/ros2_ws/src/jackal/jackal_control -DCMAKE_INSTALL_PREFIX=/home/atharva/Atharva/NCSU/SFRT/SoftwareForRoboticsProject/jackalRepos/ros2_ws/install/jackal_control
[0.510s] Invoking command in '/home/atharva/Atharva/NCSU/SFRT/SoftwareForRoboticsProject/jackalRepos/ros2_ws/build/jackal_control': AMENT_PREFIX_PATH=/home/atharva/Atharva/NCSU/SFRT/SoftwareForRoboticsProject/jackalRepos/ros2_ws/install/jackal_description:${AMENT_PREFIX_PATH} CMAKE_PREFIX_PATH=/home/atharva/Atharva/NCSU/SFRT/SoftwareForRoboticsProject/jackalRepos/ros2_ws/install/jackal_description:/opt/ros/foxy CONDA_PROMPT_MODIFIER=(rosEnv) /usr/bin/cmake --build /home/atharva/Atharva/NCSU/SFRT/SoftwareForRoboticsProject/jackalRepos/ros2_ws/build/jackal_control -- -j16 -l16
[0.536s] Invoked command in '/home/atharva/Atharva/NCSU/SFRT/SoftwareForRoboticsProject/jackalRepos/ros2_ws/build/jackal_control' returned '0': AMENT_PREFIX_PATH=/home/atharva/Atharva/NCSU/SFRT/SoftwareForRoboticsProject/jackalRepos/ros2_ws/install/jackal_description:${AMENT_PREFIX_PATH} CMAKE_PREFIX_PATH=/home/atharva/Atharva/NCSU/SFRT/SoftwareForRoboticsProject/jackalRepos/ros2_ws/install/jackal_description:/opt/ros/foxy CONDA_PROMPT_MODIFIER=(rosEnv) /usr/bin/cmake --build /home/atharva/Atharva/NCSU/SFRT/SoftwareForRoboticsProject/jackalRepos/ros2_ws/build/jackal_control -- -j16 -l16
[0.551s] Invoking command in '/home/atharva/Atharva/NCSU/SFRT/SoftwareForRoboticsProject/jackalRepos/ros2_ws/build/jackal_control': AMENT_PREFIX_PATH=/home/atharva/Atharva/NCSU/SFRT/SoftwareForRoboticsProject/jackalRepos/ros2_ws/install/jackal_description:${AMENT_PREFIX_PATH} CMAKE_PREFIX_PATH=/home/atharva/Atharva/NCSU/SFRT/SoftwareForRoboticsProject/jackalRepos/ros2_ws/install/jackal_description:/opt/ros/foxy CONDA_PROMPT_MODIFIER=(rosEnv) /usr/bin/cmake --install /home/atharva/Atharva/NCSU/SFRT/SoftwareForRoboticsProject/jackalRepos/ros2_ws/build/jackal_control
[0.559s] -- Install configuration: ""
[0.559s] -- Installing: /home/atharva/Atharva/NCSU/SFRT/SoftwareForRoboticsProject/jackalRepos/ros2_ws/install/jackal_control/share/jackal_control/config
[0.559s] -- Installing: /home/atharva/Atharva/NCSU/SFRT/SoftwareForRoboticsProject/jackalRepos/ros2_ws/install/jackal_control/share/jackal_control/config/teleop_logitech.yaml
[0.559s] -- Installing: /home/atharva/Atharva/NCSU/SFRT/SoftwareForRoboticsProject/jackalRepos/ros2_ws/install/jackal_control/share/jackal_control/config/teleop_ps4.yaml
[0.559s] -- Installing: /home/atharva/Atharva/NCSU/SFRT/SoftwareForRoboticsProject/jackalRepos/ros2_ws/install/jackal_control/share/jackal_control/config/imu_filter.yaml
[0.559s] -- Installing: /home/atharva/Atharva/NCSU/SFRT/SoftwareForRoboticsProject/jackalRepos/ros2_ws/install/jackal_control/share/jackal_control/config/teleop_interactive_markers.yaml
[0.559s] -- Installing: /home/atharva/Atharva/NCSU/SFRT/SoftwareForRoboticsProject/jackalRepos/ros2_ws/install/jackal_control/share/jackal_control/config/localization.yaml
[0.559s] -- Installing: /home/atharva/Atharva/NCSU/SFRT/SoftwareForRoboticsProject/jackalRepos/ros2_ws/install/jackal_control/share/jackal_control/config/control.yaml
[0.559s] -- Installing: /home/atharva/Atharva/NCSU/SFRT/SoftwareForRoboticsProject/jackalRepos/ros2_ws/install/jackal_control/share/jackal_control/config/twist_mux.yaml
[0.559s] -- Installing: /home/atharva/Atharva/NCSU/SFRT/SoftwareForRoboticsProject/jackalRepos/ros2_ws/install/jackal_control/share/jackal_control/launch
[0.559s] -- Installing: /home/atharva/Atharva/NCSU/SFRT/SoftwareForRoboticsProject/jackalRepos/ros2_ws/install/jackal_control/share/jackal_control/launch/teleop_base.launch.py
[0.559s] -- Installing: /home/atharva/Atharva/NCSU/SFRT/SoftwareForRoboticsProject/jackalRepos/ros2_ws/install/jackal_control/share/jackal_control/launch/teleop_joy.launch.py
[0.559s] -- Installing: /home/atharva/Atharva/NCSU/SFRT/SoftwareForRoboticsProject/jackalRepos/ros2_ws/install/jackal_control/share/jackal_control/launch/control.launch.py
[0.559s] -- Installing: /home/atharva/Atharva/NCSU/SFRT/SoftwareForRoboticsProject/jackalRepos/ros2_ws/install/jackal_control/share/ament_index/resource_index/package_run_dependencies/jackal_control
[0.560s] -- Installing: /home/atharva/Atharva/NCSU/SFRT/SoftwareForRoboticsProject/jackalRepos/ros2_ws/install/jackal_control/share/ament_index/resource_index/parent_prefix_path/jackal_control
[0.560s] -- Installing: /home/atharva/Atharva/NCSU/SFRT/SoftwareForRoboticsProject/jackalRepos/ros2_ws/install/jackal_control/share/jackal_control/environment/ament_prefix_path.sh
[0.560s] -- Installing: /home/atharva/Atharva/NCSU/SFRT/SoftwareForRoboticsProject/jackalRepos/ros2_ws/install/jackal_control/share/jackal_control/environment/ament_prefix_path.dsv
[0.560s] -- Installing: /home/atharva/Atharva/NCSU/SFRT/SoftwareForRoboticsProject/jackalRepos/ros2_ws/install/jackal_control/share/jackal_control/environment/path.sh
[0.560s] -- Installing: /home/atharva/Atharva/NCSU/SFRT/SoftwareForRoboticsProject/jackalRepos/ros2_ws/install/jackal_control/share/jackal_control/environment/path.dsv
[0.560s] -- Installing: /home/atharva/Atharva/NCSU/SFRT/SoftwareForRoboticsProject/jackalRepos/ros2_ws/install/jackal_control/share/jackal_control/local_setup.bash
[0.560s] -- Installing: /home/atharva/Atharva/NCSU/SFRT/SoftwareForRoboticsProject/jackalRepos/ros2_ws/install/jackal_control/share/jackal_control/local_setup.sh
[0.560s] -- Installing: /home/atharva/Atharva/NCSU/SFRT/SoftwareForRoboticsProject/jackalRepos/ros2_ws/install/jackal_control/share/jackal_control/local_setup.zsh
[0.560s] -- Installing: /home/atharva/Atharva/NCSU/SFRT/SoftwareForRoboticsProject/jackalRepos/ros2_ws/install/jackal_control/share/jackal_control/local_setup.dsv
[0.560s] -- Installing: /home/atharva/Atharva/NCSU/SFRT/SoftwareForRoboticsProject/jackalRepos/ros2_ws/install/jackal_control/share/jackal_control/package.dsv
[0.560s] -- Installing: /home/atharva/Atharva/NCSU/SFRT/SoftwareForRoboticsProject/jackalRepos/ros2_ws/install/jackal_control/share/ament_index/resource_index/packages/jackal_control
[0.560s] -- Installing: /home/atharva/Atharva/NCSU/SFRT/SoftwareForRoboticsProject/jackalRepos/ros2_ws/install/jackal_control/share/jackal_control/cmake/jackal_controlConfig.cmake
[0.561s] -- Installing: /home/atharva/Atharva/NCSU/SFRT/SoftwareForRoboticsProject/jackalRepos/ros2_ws/install/jackal_control/share/jackal_control/cmake/jackal_controlConfig-version.cmake
[0.561s] -- Installing: /home/atharva/Atharva/NCSU/SFRT/SoftwareForRoboticsProject/jackalRepos/ros2_ws/install/jackal_control/share/jackal_control/package.xml
[0.569s] Invoked command in '/home/atharva/Atharva/NCSU/SFRT/SoftwareForRoboticsProject/jackalRepos/ros2_ws/build/jackal_control' returned '0': AMENT_PREFIX_PATH=/home/atharva/Atharva/NCSU/SFRT/SoftwareForRoboticsProject/jackalRepos/ros2_ws/install/jackal_description:${AMENT_PREFIX_PATH} CMAKE_PREFIX_PATH=/home/atharva/Atharva/NCSU/SFRT/SoftwareForRoboticsProject/jackalRepos/ros2_ws/install/jackal_description:/opt/ros/foxy CONDA_PROMPT_MODIFIER=(rosEnv) /usr/bin/cmake --install /home/atharva/Atharva/NCSU/SFRT/SoftwareForRoboticsProject/jackalRepos/ros2_ws/build/jackal_control
