[0.047s] Invoking command in '/home/atharva/Atharva/NCSU/SFRT/SoftwareForRoboticsProject/jackal_ws/build/nav2_recoveries': AMENT_PREFIX_PATH=/home/atharva/Atharva/NCSU/SFRT/SoftwareForRoboticsProject/jackal_ws/install/nav2_core:/home/atharva/Atharva/NCSU/SFRT/SoftwareForRoboticsProject/jackal_ws/install/nav2_costmap_2d:/home/atharva/Atharva/NCSU/SFRT/SoftwareForRoboticsProject/jackal_ws/install/nav2_behavior_tree:/home/atharva/Atharva/NCSU/SFRT/SoftwareForRoboticsProject/jackal_ws/install/nav2_util:/home/atharva/Atharva/NCSU/SFRT/SoftwareForRoboticsProject/jackal_ws/install/nav2_voxel_grid:/home/atharva/Atharva/NCSU/SFRT/SoftwareForRoboticsProject/jackal_ws/install/nav2_msgs:/home/atharva/Atharva/NCSU/SFRT/SoftwareForRoboticsProject/jackal_ws/install/nav2_common:${AMENT_PREFIX_PATH} CMAKE_PREFIX_PATH=/home/atharva/Atharva/NCSU/SFRT/SoftwareForRoboticsProject/jackal_ws/install/nav2_core:/home/atharva/Atharva/NCSU/SFRT/SoftwareForRoboticsProject/jackal_ws/install/nav2_costmap_2d:/home/atharva/Atharva/NCSU/SFRT/SoftwareForRoboticsProject/jackal_ws/install/nav2_behavior_tree:/home/atharva/Atharva/NCSU/SFRT/SoftwareForRoboticsProject/jackal_ws/install/nav2_util:/home/atharva/Atharva/NCSU/SFRT/SoftwareForRoboticsProject/jackal_ws/install/nav2_voxel_grid:/home/atharva/Atharva/NCSU/SFRT/SoftwareForRoboticsProject/jackal_ws/install/nav2_msgs:/home/atharva/Atharva/NCSU/SFRT/SoftwareForRoboticsProject/jackal_ws/install/nav2_common:/home/atharva/Atharva/NCSU/SFRT/SoftwareForRoboticsProject/jackal_ws/install/zed_ros2:/home/atharva/Atharva/NCSU/SFRT/SoftwareForRoboticsProject/jackal_ws/install/zed_wrapper:/home/atharva/Atharva/NCSU/SFRT/SoftwareForRoboticsProject/jackal_ws/install/zed_components:/home/atharva/Atharva/NCSU/SFRT/SoftwareForRoboticsProject/jackal_ws/install/zed_interfaces:/home/atharva/Atharva/NCSU/SFRT/SoftwareForRoboticsProject/jackal_ws/install/jackal_desktop:/home/atharva/Atharva/NCSU/SFRT/SoftwareForRoboticsProject/jackal_ws/install/jackal_viz:/home/atharva/Atharva/NCSU/SFRT/SoftwareForRoboticsProject/jackal_ws/install/jackal_simulator:/home/atharva/Atharva/NCSU/SFRT/SoftwareForRoboticsProject/jackal_ws/install/jackal_navigation:/home/atharva/Atharva/NCSU/SFRT/SoftwareForRoboticsProject/jackal_ws/install/jackal_msgs:/home/atharva/Atharva/NCSU/SFRT/SoftwareForRoboticsProject/jackal_ws/install/jackal_gazebo:/home/atharva/Atharva/NCSU/SFRT/SoftwareForRoboticsProject/jackal_ws/install/jackal_control:/home/atharva/Atharva/NCSU/SFRT/SoftwareForRoboticsProject/jackal_ws/install/jackal_description:/opt/ros/foxy CONDA_PROMPT_MODIFIER=(base) LD_LIBRARY_PATH=/home/atharva/Atharva/NCSU/SFRT/SoftwareForRoboticsProject/jackal_ws/install/nav2_costmap_2d/lib:/home/atharva/Atharva/NCSU/SFRT/SoftwareForRoboticsProject/jackal_ws/install/nav2_behavior_tree/lib:/home/atharva/Atharva/NCSU/SFRT/SoftwareForRoboticsProject/jackal_ws/install/nav2_util/lib:/home/atharva/Atharva/NCSU/SFRT/SoftwareForRoboticsProject/jackal_ws/install/nav2_voxel_grid/lib:/home/atharva/Atharva/NCSU/SFRT/SoftwareForRoboticsProject/jackal_ws/install/nav2_msgs/lib:${LD_LIBRARY_PATH} PYTHONPATH=/home/atharva/Atharva/NCSU/SFRT/SoftwareForRoboticsProject/jackal_ws/install/nav2_msgs/lib/python3.9/site-packages:/home/atharva/Atharva/NCSU/SFRT/SoftwareForRoboticsProject/jackal_ws/install/nav2_common/lib/python3.9/site-packages:${PYTHONPATH} /usr/bin/cmake /home/atharva/Atharva/NCSU/SFRT/SoftwareForRoboticsProject/jackal_ws/src/navigation2/nav2_recoveries -DAMENT_CMAKE_SYMLINK_INSTALL=1 -DCMAKE_INSTALL_PREFIX=/home/atharva/Atharva/NCSU/SFRT/SoftwareForRoboticsProject/jackal_ws/install/nav2_recoveries
[0.112s] -- The C compiler identification is GNU 9.4.0
[0.166s] -- The CXX compiler identification is GNU 9.4.0
[0.171s] -- Check for working C compiler: /usr/bin/cc
[0.256s] -- Check for working C compiler: /usr/bin/cc -- works
[0.257s] -- Detecting C compiler ABI info
[0.326s] -- Detecting C compiler ABI info - done
[0.337s] -- Detecting C compile features
[0.338s] -- Detecting C compile features - done
[0.340s] -- Check for working CXX compiler: /usr/bin/c++
[0.420s] -- Check for working CXX compiler: /usr/bin/c++ -- works
[0.421s] -- Detecting CXX compiler ABI info
[0.509s] -- Detecting CXX compiler ABI info - done
[0.525s] -- Detecting CXX compile features
[0.525s] -- Detecting CXX compile features - done
[0.530s] -- Found ament_cmake: 0.9.11 (/opt/ros/foxy/share/ament_cmake/cmake)
[0.566s] -- Found PythonInterp: /home/atharva/anaconda3/bin/python3 (found suitable version "3.9.13", minimum required is "3") 
[0.566s] -- Using PYTHON_EXECUTABLE: /home/atharva/anaconda3/bin/python3
[0.894s] -- Override CMake install command with custom implementation using symlinks instead of copying resources
[0.932s] -- Found nav2_common: 0.4.7 (/home/atharva/Atharva/NCSU/SFRT/SoftwareForRoboticsProject/jackal_ws/install/nav2_common/share/nav2_common/cmake)
[0.935s] -- Found rclcpp: 2.4.2 (/opt/ros/foxy/share/rclcpp/cmake)
[1.008s] -- Using all available rosidl_typesupport_c: rosidl_typesupport_fastrtps_c;rosidl_typesupport_introspection_c
[1.021s] -- Found rosidl_adapter: 1.3.0 (/opt/ros/foxy/share/rosidl_adapter/cmake)
[1.113s] -- Found OpenSSL: /usr/lib/x86_64-linux-gnu/libcrypto.so (found version "1.1.1f")  
[1.155s] -- Found FastRTPS: /opt/ros/foxy/include  
[1.271s] -- Using all available rosidl_typesupport_cpp: rosidl_typesupport_fastrtps_cpp;rosidl_typesupport_introspection_cpp
[1.350s] -- Found rmw_implementation_cmake: 1.0.4 (/opt/ros/foxy/share/rmw_implementation_cmake/cmake)
[1.352s] -- Using RMW implementation 'rmw_fastrtps_cpp' as default
[1.353s] -- Looking for pthread.h
[1.422s] -- Looking for pthread.h - found
[1.422s] -- Performing Test CMAKE_HAVE_LIBC_PTHREAD
[1.492s] -- Performing Test CMAKE_HAVE_LIBC_PTHREAD - Failed
[1.492s] -- Looking for pthread_create in pthreads
[1.550s] -- Looking for pthread_create in pthreads - not found
[1.550s] -- Looking for pthread_create in pthread
[1.615s] -- Looking for pthread_create in pthread - found
[1.616s] -- Found Threads: TRUE  
[1.759s] -- Found rclcpp_action: 2.4.2 (/opt/ros/foxy/share/rclcpp_action/cmake)
[1.828s] -- Found rclcpp_lifecycle: 2.4.2 (/opt/ros/foxy/share/rclcpp_lifecycle/cmake)
[1.855s] -- Found nav2_behavior_tree: 0.4.7 (/home/atharva/Atharva/NCSU/SFRT/SoftwareForRoboticsProject/jackal_ws/install/nav2_behavior_tree/share/nav2_behavior_tree/cmake)
[2.544s] -- Found eigen3_cmake_module: 0.1.1 (/opt/ros/foxy/share/eigen3_cmake_module/cmake)
[2.548s] -- Found Eigen3: TRUE (found version "3.3.7") 
[2.870s] -- Found nav2_costmap_2d: 0.4.7 (/home/atharva/Atharva/NCSU/SFRT/SoftwareForRoboticsProject/jackal_ws/install/nav2_costmap_2d/share/nav2_costmap_2d/cmake)
[3.416s] -- Found nav2_core: 0.4.7 (/home/atharva/Atharva/NCSU/SFRT/SoftwareForRoboticsProject/jackal_ws/install/nav2_core/share/nav2_core/cmake)
[3.813s] -- Setting build type to Release as none was specified.
[16.530s] -- Found ament_lint_auto: 0.9.8 (/opt/ros/foxy/share/ament_lint_auto/cmake)
[16.620s] -- Found gtest sources under '/opt/ros/foxy/src/gtest_vendor': C++ tests using 'Google Test' will be built
[16.621s] -- Check if compiler accepts -pthread
[16.682s] -- Check if compiler accepts -pthread - yes
[19.058s] -- Added test 'copyright' to check source files copyright and LICENSE
[19.059s] -- Added test 'cppcheck' to perform static code analysis on C / C++ code
[19.060s] -- Configured cppcheck include dirs: /home/atharva/Atharva/NCSU/SFRT/SoftwareForRoboticsProject/jackal_ws/src/navigation2/nav2_recoveries/include
[19.060s] -- Configured cppcheck exclude dirs and/or files: 
[19.060s] -- Added test 'cpplint' to check C / C++ code against the Google style
[19.061s] -- Configured cpplint exclude dirs and/or files: 
[19.061s] -- Added test 'lint_cmake' to check CMake code style
[19.062s] -- Added test 'uncrustify' to check C / C++ code style
[19.062s] -- Configured uncrustify additional arguments: 
[19.063s] -- Added test 'xmllint' to check XML markup files
[19.068s] -- Configuring done
[19.223s] -- Generating done
[19.225s] -- Build files have been written to: /home/atharva/Atharva/NCSU/SFRT/SoftwareForRoboticsProject/jackal_ws/build/nav2_recoveries
