[0.016s] Invoking command in '/home/atharva/Atharva/NCSU/SFRT/SoftwareForRoboticsProject/jackalRepos/ros2_ws/build/jackal_msgs': CMAKE_PREFIX_PATH=/opt/ros/foxy CONDA_PROMPT_MODIFIER=(rosEnv) /usr/bin/cmake /home/atharva/Atharva/NCSU/SFRT/SoftwareForRoboticsProject/jackalRepos/ros2_ws/src/jackal/jackal_msgs -DCMAKE_INSTALL_PREFIX=/home/atharva/Atharva/NCSU/SFRT/SoftwareForRoboticsProject/jackalRepos/ros2_ws/install/jackal_msgs
[0.048s] -- The C compiler identification is GNU 9.4.0
[0.085s] -- The CXX compiler identification is GNU 9.4.0
[0.088s] -- Check for working C compiler: /usr/bin/cc
[0.132s] -- Check for working C compiler: /usr/bin/cc -- works
[0.133s] -- Detecting C compiler ABI info
[0.175s] -- Detecting C compiler ABI info - done
[0.182s] -- Detecting C compile features
[0.182s] -- Detecting C compile features - done
[0.184s] -- Check for working CXX compiler: /usr/bin/c++
[0.231s] -- Check for working CXX compiler: /usr/bin/c++ -- works
[0.232s] -- Detecting CXX compiler ABI info
[0.282s] -- Detecting CXX compiler ABI info - done
[0.292s] -- Detecting CXX compile features
[0.293s] -- Detecting CXX compile features - done
[0.294s] -- Found ament_cmake: 0.9.11 (/opt/ros/foxy/share/ament_cmake/cmake)
[0.313s] -- Found PythonInterp: /home/atharva/anaconda3/envs/rosEnv/bin/python3 (found suitable version "3.10", minimum required is "3") 
[0.313s] -- Using PYTHON_EXECUTABLE: /home/atharva/anaconda3/envs/rosEnv/bin/python3
[0.438s] -- Found std_msgs: 2.0.5 (/opt/ros/foxy/share/std_msgs/cmake)
[0.456s] -- Using all available rosidl_typesupport_c: rosidl_typesupport_fastrtps_c;rosidl_typesupport_introspection_c
[0.461s] -- Found rosidl_adapter: 1.3.0 (/opt/ros/foxy/share/rosidl_adapter/cmake)
[0.516s] -- Found OpenSSL: /usr/lib/x86_64-linux-gnu/libcrypto.so (found version "1.1.1f")  
[0.537s] -- Found FastRTPS: /opt/ros/foxy/include  
[0.588s] -- Using all available rosidl_typesupport_cpp: rosidl_typesupport_fastrtps_cpp;rosidl_typesupport_introspection_cpp
[0.620s] -- Found rosidl_default_generators: 1.0.1 (/opt/ros/foxy/share/rosidl_default_generators/cmake)
[0.642s] -- Found PythonInterp: /home/atharva/anaconda3/envs/rosEnv/bin/python3 (found version "3.10") 
[0.790s] -- Found ament_cmake_ros: 0.9.2 (/opt/ros/foxy/share/ament_cmake_ros/cmake)
[0.919s] -- Using all available rosidl_typesupport_c: rosidl_typesupport_fastrtps_c;rosidl_typesupport_introspection_c
[0.963s] -- Using all available rosidl_typesupport_cpp: rosidl_typesupport_fastrtps_cpp;rosidl_typesupport_introspection_cpp
[0.982s] -- Found PythonInterp: /home/atharva/anaconda3/envs/rosEnv/bin/python3 (found suitable version "3.10", minimum required is "3.5") 
[0.983s] -- Found python_cmake_module: 0.8.1 (/opt/ros/foxy/share/python_cmake_module/cmake)
[1.003s] -- Found PythonLibs: /home/atharva/anaconda3/envs/rosEnv/lib/libpython3.10.so (found suitable version "3.10.0", minimum required is "3.5") 
[1.003s] -- Using PYTHON_EXECUTABLE: /home/atharva/anaconda3/envs/rosEnv/bin/python3
[1.003s] -- Using PYTHON_INCLUDE_DIRS: /home/atharva/anaconda3/envs/rosEnv/include/python3.10
[1.003s] -- Using PYTHON_LIBRARIES: /home/atharva/anaconda3/envs/rosEnv/lib/libpython3.10.so
[1.018s] -- Found PythonExtra: .so  
[1.335s] -- Using numpy include directory: /home/atharva/anaconda3/envs/rosEnv/lib/python3.10/site-packages/numpy/core/include
[1.350s] -- Configuring done
[1.361s] CMake Warning at /opt/ros/foxy/share/rosidl_generator_py/cmake/rosidl_generator_py_generate_interfaces.cmake:235 (add_library):
[1.361s]   Cannot generate a safe runtime search path for target
[1.361s]   jackal_msgs__rosidl_typesupport_fastrtps_c__pyext because files in some
[1.361s]   directories may conflict with libraries in implicit directories:
[1.361s] 
[1.361s]     runtime library [libssl.so.1.1] in /usr/lib/x86_64-linux-gnu may be hidden by files in:
[1.361s]       /home/atharva/anaconda3/envs/rosEnv/lib
[1.361s]     runtime library [libcrypto.so.1.1] in /usr/lib/x86_64-linux-gnu may be hidden by files in:
[1.361s]       /home/atharva/anaconda3/envs/rosEnv/lib
[1.361s] 
[1.361s]   Some of these libraries may not be found correctly.
[1.362s] Call Stack (most recent call first):
[1.362s]   /opt/ros/foxy/share/ament_cmake_core/cmake/core/ament_execute_extensions.cmake:48 (include)
[1.362s]   /opt/ros/foxy/share/rosidl_cmake/cmake/rosidl_generate_interfaces.cmake:286 (ament_execute_extensions)
[1.362s]   CMakeLists.txt:18 (rosidl_generate_interfaces)
[1.362s] 
[1.362s] 
[1.396s] -- Generating done
[1.398s] -- Build files have been written to: /home/atharva/Atharva/NCSU/SFRT/SoftwareForRoboticsProject/jackalRepos/ros2_ws/build/jackal_msgs
[1.404s] Invoked command in '/home/atharva/Atharva/NCSU/SFRT/SoftwareForRoboticsProject/jackalRepos/ros2_ws/build/jackal_msgs' returned '0': CMAKE_PREFIX_PATH=/opt/ros/foxy CONDA_PROMPT_MODIFIER=(rosEnv) /usr/bin/cmake /home/atharva/Atharva/NCSU/SFRT/SoftwareForRoboticsProject/jackalRepos/ros2_ws/src/jackal/jackal_msgs -DCMAKE_INSTALL_PREFIX=/home/atharva/Atharva/NCSU/SFRT/SoftwareForRoboticsProject/jackalRepos/ros2_ws/install/jackal_msgs
[1.406s] Invoking command in '/home/atharva/Atharva/NCSU/SFRT/SoftwareForRoboticsProject/jackalRepos/ros2_ws/build/jackal_msgs': CMAKE_PREFIX_PATH=/opt/ros/foxy CONDA_PROMPT_MODIFIER=(rosEnv) /usr/bin/cmake --build /home/atharva/Atharva/NCSU/SFRT/SoftwareForRoboticsProject/jackalRepos/ros2_ws/build/jackal_msgs -- -j16 -l16
[1.436s] [35m[1mScanning dependencies of target jackal_msgs__cpp[0m
[1.437s] [  1%] [34m[1mGenerating C code for ROS interfaces[0m
[1.444s] [  2%] [34m[1mGenerating C++ code for ROS interfaces[0m
[2.051s] [  2%] Built target jackal_msgs__cpp
[2.058s] [  5%] [34m[1mGenerating C++ type support for eProsima Fast-RTPS[0m
[2.058s] [  5%] [34m[1mGenerating C++ type support dispatch for ROS interfaces[0m
[2.059s] [  6%] [34m[1mGenerating C++ introspection for ROS interfaces[0m
[2.140s] [35m[1mScanning dependencies of target jackal_msgs__rosidl_generator_c[0m
[2.152s] [  8%] [32mBuilding C object CMakeFiles/jackal_msgs__rosidl_generator_c.dir/rosidl_generator_c/jackal_msgs/msg/detail/drive_feedback__functions.c.o[0m
[2.152s] [  8%] [32mBuilding C object CMakeFiles/jackal_msgs__rosidl_generator_c.dir/rosidl_generator_c/jackal_msgs/msg/detail/drive__functions.c.o[0m
[2.155s] [ 10%] [32mBuilding C object CMakeFiles/jackal_msgs__rosidl_generator_c.dir/rosidl_generator_c/jackal_msgs/msg/detail/stop_status__functions.c.o[0m
[2.156s] [ 11%] [32mBuilding C object CMakeFiles/jackal_msgs__rosidl_generator_c.dir/rosidl_generator_c/jackal_msgs/msg/detail/power__functions.c.o[0m
[2.156s] [ 12%] [32mBuilding C object CMakeFiles/jackal_msgs__rosidl_generator_c.dir/rosidl_generator_c/jackal_msgs/msg/detail/feedback__functions.c.o[0m
[2.156s] [ 15%] [32mBuilding C object CMakeFiles/jackal_msgs__rosidl_generator_c.dir/rosidl_generator_c/jackal_msgs/srv/detail/set_domain_id__functions.c.o[0m
[2.156s] [ 15%] [32mBuilding C object CMakeFiles/jackal_msgs__rosidl_generator_c.dir/rosidl_generator_c/jackal_msgs/msg/detail/status__functions.c.o[0m
[2.204s] [ 16%] [32m[1mLinking C shared library libjackal_msgs__rosidl_generator_c.so[0m
[2.231s] [ 16%] Built target jackal_msgs__rosidl_generator_c
[2.239s] [ 17%] [34m[1mGenerating C introspection for ROS interfaces[0m
[2.239s] [ 18%] [34m[1mGenerating C type support dispatch for ROS interfaces[0m
[2.611s] [35m[1mScanning dependencies of target jackal_msgs__rosidl_typesupport_cpp[0m
[2.623s] [ 21%] [32mBuilding CXX object CMakeFiles/jackal_msgs__rosidl_typesupport_cpp.dir/rosidl_typesupport_cpp/jackal_msgs/msg/drive_feedback__type_support.cpp.o[0m
[2.623s] [ 21%] [32mBuilding CXX object CMakeFiles/jackal_msgs__rosidl_typesupport_cpp.dir/rosidl_typesupport_cpp/jackal_msgs/msg/feedback__type_support.cpp.o[0m
[2.623s] [ 22%] [32mBuilding CXX object CMakeFiles/jackal_msgs__rosidl_typesupport_cpp.dir/rosidl_typesupport_cpp/jackal_msgs/msg/drive__type_support.cpp.o[0m
[2.623s] [ 25%] [32mBuilding CXX object CMakeFiles/jackal_msgs__rosidl_typesupport_cpp.dir/rosidl_typesupport_cpp/jackal_msgs/msg/power__type_support.cpp.o[0m
[2.624s] [ 25%] [32mBuilding CXX object CMakeFiles/jackal_msgs__rosidl_typesupport_cpp.dir/rosidl_typesupport_cpp/jackal_msgs/msg/status__type_support.cpp.o[0m
[2.624s] [ 26%] [32mBuilding CXX object CMakeFiles/jackal_msgs__rosidl_typesupport_cpp.dir/rosidl_typesupport_cpp/jackal_msgs/srv/set_domain_id__type_support.cpp.o[0m
[2.624s] [ 27%] [32mBuilding CXX object CMakeFiles/jackal_msgs__rosidl_typesupport_cpp.dir/rosidl_typesupport_cpp/jackal_msgs/msg/stop_status__type_support.cpp.o[0m
[2.698s] [35m[1mScanning dependencies of target jackal_msgs__rosidl_typesupport_introspection_cpp[0m
[2.710s] [ 30%] [32mBuilding CXX object CMakeFiles/jackal_msgs__rosidl_typesupport_introspection_cpp.dir/rosidl_typesupport_introspection_cpp/jackal_msgs/msg/detail/feedback__type_support.cpp.o[0m
[2.711s] [ 30%] [32mBuilding CXX object CMakeFiles/jackal_msgs__rosidl_typesupport_introspection_cpp.dir/rosidl_typesupport_introspection_cpp/jackal_msgs/msg/detail/drive_feedback__type_support.cpp.o[0m
[2.711s] [ 32%] [32mBuilding CXX object CMakeFiles/jackal_msgs__rosidl_typesupport_introspection_cpp.dir/rosidl_typesupport_introspection_cpp/jackal_msgs/msg/detail/power__type_support.cpp.o[0m
[2.711s] [ 32%] [32mBuilding CXX object CMakeFiles/jackal_msgs__rosidl_typesupport_introspection_cpp.dir/rosidl_typesupport_introspection_cpp/jackal_msgs/msg/detail/drive__type_support.cpp.o[0m
[2.720s] [ 34%] [32mBuilding CXX object CMakeFiles/jackal_msgs__rosidl_typesupport_introspection_cpp.dir/rosidl_typesupport_introspection_cpp/jackal_msgs/msg/detail/stop_status__type_support.cpp.o[0m
[2.740s] [ 35%] [32mBuilding CXX object CMakeFiles/jackal_msgs__rosidl_typesupport_introspection_cpp.dir/rosidl_typesupport_introspection_cpp/jackal_msgs/msg/detail/status__type_support.cpp.o[0m
[2.987s] [ 36%] [32mBuilding CXX object CMakeFiles/jackal_msgs__rosidl_typesupport_introspection_cpp.dir/rosidl_typesupport_introspection_cpp/jackal_msgs/srv/detail/set_domain_id__type_support.cpp.o[0m
[2.992s] [35m[1mScanning dependencies of target jackal_msgs__rosidl_typesupport_c[0m
[3.002s] [35m[1mScanning dependencies of target jackal_msgs__rosidl_typesupport_fastrtps_cpp[0m
[3.005s] [ 39%] [32mBuilding CXX object CMakeFiles/jackal_msgs__rosidl_typesupport_c.dir/rosidl_typesupport_c/jackal_msgs/msg/feedback__type_support.cpp.o[0m
[3.006s] [ 40%] [32mBuilding CXX object CMakeFiles/jackal_msgs__rosidl_typesupport_c.dir/rosidl_typesupport_c/jackal_msgs/msg/status__type_support.cpp.o[0m
[3.006s] [ 41%] [32mBuilding CXX object CMakeFiles/jackal_msgs__rosidl_typesupport_c.dir/rosidl_typesupport_c/jackal_msgs/msg/drive_feedback__type_support.cpp.o[0m
[3.006s] [ 39%] [32mBuilding CXX object CMakeFiles/jackal_msgs__rosidl_typesupport_c.dir/rosidl_typesupport_c/jackal_msgs/msg/drive__type_support.cpp.o[0m
[3.017s] [ 43%] [32mBuilding CXX object CMakeFiles/jackal_msgs__rosidl_typesupport_c.dir/rosidl_typesupport_c/jackal_msgs/msg/power__type_support.cpp.o[0m
[3.017s] [ 44%] [32mBuilding CXX object CMakeFiles/jackal_msgs__rosidl_typesupport_c.dir/rosidl_typesupport_c/jackal_msgs/msg/stop_status__type_support.cpp.o[0m
[3.023s] [ 45%] [32m[1mLinking CXX shared library libjackal_msgs__rosidl_typesupport_cpp.so[0m
[3.033s] [ 46%] [32mBuilding CXX object CMakeFiles/jackal_msgs__rosidl_typesupport_fastrtps_cpp.dir/rosidl_typesupport_fastrtps_cpp/jackal_msgs/msg/detail/dds_fastrtps/drive__type_support.cpp.o[0m
[3.041s] [ 48%] [32mBuilding CXX object CMakeFiles/jackal_msgs__rosidl_typesupport_c.dir/rosidl_typesupport_c/jackal_msgs/srv/set_domain_id__type_support.cpp.o[0m
[3.046s] [ 49%] [32mBuilding CXX object CMakeFiles/jackal_msgs__rosidl_typesupport_fastrtps_cpp.dir/rosidl_typesupport_fastrtps_cpp/jackal_msgs/msg/detail/dds_fastrtps/feedback__type_support.cpp.o[0m
[3.050s] [ 50%] [32mBuilding CXX object CMakeFiles/jackal_msgs__rosidl_typesupport_fastrtps_cpp.dir/rosidl_typesupport_fastrtps_cpp/jackal_msgs/msg/detail/dds_fastrtps/drive_feedback__type_support.cpp.o[0m
[3.055s] [ 51%] [32mBuilding CXX object CMakeFiles/jackal_msgs__rosidl_typesupport_fastrtps_cpp.dir/rosidl_typesupport_fastrtps_cpp/jackal_msgs/msg/detail/dds_fastrtps/power__type_support.cpp.o[0m
[3.058s] [ 53%] [32mBuilding CXX object CMakeFiles/jackal_msgs__rosidl_typesupport_fastrtps_cpp.dir/rosidl_typesupport_fastrtps_cpp/jackal_msgs/msg/detail/dds_fastrtps/status__type_support.cpp.o[0m
[3.066s] [ 54%] [32mBuilding CXX object CMakeFiles/jackal_msgs__rosidl_typesupport_fastrtps_cpp.dir/rosidl_typesupport_fastrtps_cpp/jackal_msgs/msg/detail/dds_fastrtps/stop_status__type_support.cpp.o[0m
[3.078s] [ 54%] Built target jackal_msgs__rosidl_typesupport_cpp
[3.081s] [ 55%] [32m[1mLinking CXX shared library libjackal_msgs__rosidl_typesupport_c.so[0m
[3.100s] [ 56%] [32mBuilding CXX object CMakeFiles/jackal_msgs__rosidl_typesupport_fastrtps_cpp.dir/rosidl_typesupport_fastrtps_cpp/jackal_msgs/srv/detail/dds_fastrtps/set_domain_id__type_support.cpp.o[0m
[3.112s] [35m[1mScanning dependencies of target jackal_msgs__rosidl_typesupport_introspection_c[0m
[3.125s] [ 56%] Built target jackal_msgs__rosidl_typesupport_c
[3.132s] [ 58%] [32mBuilding C object CMakeFiles/jackal_msgs__rosidl_typesupport_introspection_c.dir/rosidl_typesupport_introspection_c/jackal_msgs/msg/detail/drive__type_support.c.o[0m
[3.133s] [ 59%] [32mBuilding C object CMakeFiles/jackal_msgs__rosidl_typesupport_introspection_c.dir/rosidl_typesupport_introspection_c/jackal_msgs/msg/detail/feedback__type_support.c.o[0m
[3.133s] [ 60%] [32mBuilding C object CMakeFiles/jackal_msgs__rosidl_typesupport_introspection_c.dir/rosidl_typesupport_introspection_c/jackal_msgs/msg/detail/drive_feedback__type_support.c.o[0m
[3.133s] [ 62%] [32mBuilding C object CMakeFiles/jackal_msgs__rosidl_typesupport_introspection_c.dir/rosidl_typesupport_introspection_c/jackal_msgs/srv/detail/set_domain_id__type_support.c.o[0m
[3.134s] [ 63%] [32mBuilding C object CMakeFiles/jackal_msgs__rosidl_typesupport_introspection_c.dir/rosidl_typesupport_introspection_c/jackal_msgs/msg/detail/stop_status__type_support.c.o[0m
[3.134s] [ 64%] [32mBuilding C object CMakeFiles/jackal_msgs__rosidl_typesupport_introspection_c.dir/rosidl_typesupport_introspection_c/jackal_msgs/msg/detail/status__type_support.c.o[0m
[3.142s] [ 65%] [32mBuilding C object CMakeFiles/jackal_msgs__rosidl_typesupport_introspection_c.dir/rosidl_typesupport_introspection_c/jackal_msgs/msg/detail/power__type_support.c.o[0m
[3.182s] [ 67%] [32m[1mLinking C shared library libjackal_msgs__rosidl_typesupport_introspection_c.so[0m
[3.206s] [ 67%] Built target jackal_msgs__rosidl_typesupport_introspection_c
[3.263s] [ 68%] [32m[1mLinking CXX shared library libjackal_msgs__rosidl_typesupport_introspection_cpp.so[0m
[3.323s] [ 68%] Built target jackal_msgs__rosidl_typesupport_introspection_cpp
[3.525s] [ 69%] [32m[1mLinking CXX shared library libjackal_msgs__rosidl_typesupport_fastrtps_cpp.so[0m
[3.598s] [ 69%] Built target jackal_msgs__rosidl_typesupport_fastrtps_cpp
[3.609s] [ 70%] [34m[1mGenerating C type support for eProsima Fast-RTPS[0m
[4.175s] [35m[1mScanning dependencies of target jackal_msgs__rosidl_typesupport_fastrtps_c[0m
[4.193s] [ 74%] [32mBuilding CXX object CMakeFiles/jackal_msgs__rosidl_typesupport_fastrtps_c.dir/rosidl_typesupport_fastrtps_c/jackal_msgs/msg/detail/power__type_support_c.cpp.o[0m
[4.193s] [ 74%] [32mBuilding CXX object CMakeFiles/jackal_msgs__rosidl_typesupport_fastrtps_c.dir/rosidl_typesupport_fastrtps_c/jackal_msgs/msg/detail/drive_feedback__type_support_c.cpp.o[0m
[4.193s] [ 75%] [32mBuilding CXX object CMakeFiles/jackal_msgs__rosidl_typesupport_fastrtps_c.dir/rosidl_typesupport_fastrtps_c/jackal_msgs/msg/detail/drive__type_support_c.cpp.o[0m
[4.193s] [ 75%] [32mBuilding CXX object CMakeFiles/jackal_msgs__rosidl_typesupport_fastrtps_c.dir/rosidl_typesupport_fastrtps_c/jackal_msgs/msg/detail/feedback__type_support_c.cpp.o[0m
[4.193s] [ 77%] [32mBuilding CXX object CMakeFiles/jackal_msgs__rosidl_typesupport_fastrtps_c.dir/rosidl_typesupport_fastrtps_c/jackal_msgs/msg/detail/status__type_support_c.cpp.o[0m
[4.193s] [ 78%] [32mBuilding CXX object CMakeFiles/jackal_msgs__rosidl_typesupport_fastrtps_c.dir/rosidl_typesupport_fastrtps_c/jackal_msgs/msg/detail/stop_status__type_support_c.cpp.o[0m
[4.193s] [ 79%] [32mBuilding CXX object CMakeFiles/jackal_msgs__rosidl_typesupport_fastrtps_c.dir/rosidl_typesupport_fastrtps_c/jackal_msgs/srv/detail/set_domain_id__type_support_c.cpp.o[0m
[4.452s] [ 81%] [32m[1mLinking CXX shared library libjackal_msgs__rosidl_typesupport_fastrtps_c.so[0m
[4.514s] [ 81%] Built target jackal_msgs__rosidl_typesupport_fastrtps_c
[4.522s] [35m[1mScanning dependencies of target jackal_msgs[0m
[4.531s] [ 81%] Built target jackal_msgs
[4.545s] [35m[1mScanning dependencies of target jackal_msgs__py[0m
[4.554s] [ 82%] [34m[1mGenerating Python code for ROS interfaces[0m
[5.692s] [ 82%] Built target jackal_msgs__py
[5.705s] [35m[1mScanning dependencies of target jackal_msgs__python[0m
[5.736s] [ 89%] [32mBuilding C object CMakeFiles/jackal_msgs__python.dir/rosidl_generator_py/jackal_msgs/msg/_drive_feedback_s.c.o[0m
[5.737s] [ 89%] [32mBuilding C object CMakeFiles/jackal_msgs__python.dir/rosidl_generator_py/jackal_msgs/msg/_status_s.c.o[0m
[5.737s] [ 89%] [32mBuilding C object CMakeFiles/jackal_msgs__python.dir/rosidl_generator_py/jackal_msgs/msg/_stop_status_s.c.o[0m
[5.737s] [ 89%] [32mBuilding C object CMakeFiles/jackal_msgs__python.dir/rosidl_generator_py/jackal_msgs/msg/_drive_s.c.o[0m
[5.737s] [ 89%] [32mBuilding C object CMakeFiles/jackal_msgs__python.dir/rosidl_generator_py/jackal_msgs/msg/_feedback_s.c.o[0m
[5.737s] [ 89%] [32mBuilding C object CMakeFiles/jackal_msgs__python.dir/rosidl_generator_py/jackal_msgs/msg/_power_s.c.o[0m
[5.737s] [ 91%] [32mBuilding C object CMakeFiles/jackal_msgs__python.dir/rosidl_generator_py/jackal_msgs/srv/_set_domain_id_s.c.o[0m
[5.822s] [ 92%] [32m[1mLinking C shared library rosidl_generator_py/jackal_msgs/libjackal_msgs__python.so[0m
[5.859s] [ 92%] Built target jackal_msgs__python
[5.865s] [35m[1mScanning dependencies of target jackal_msgs__rosidl_typesupport_c__pyext[0m
[5.865s] [35m[1mScanning dependencies of target jackal_msgs__rosidl_typesupport_introspection_c__pyext[0m
[5.866s] [35m[1mScanning dependencies of target jackal_msgs__rosidl_typesupport_fastrtps_c__pyext[0m
[5.878s] [ 93%] [32mBuilding C object CMakeFiles/jackal_msgs__rosidl_typesupport_c__pyext.dir/rosidl_generator_py/jackal_msgs/_jackal_msgs_s.ep.rosidl_typesupport_c.c.o[0m
[5.878s] [ 94%] [32mBuilding C object CMakeFiles/jackal_msgs__rosidl_typesupport_introspection_c__pyext.dir/rosidl_generator_py/jackal_msgs/_jackal_msgs_s.ep.rosidl_typesupport_introspection_c.c.o[0m
[5.879s] [ 96%] [32mBuilding C object CMakeFiles/jackal_msgs__rosidl_typesupport_fastrtps_c__pyext.dir/rosidl_generator_py/jackal_msgs/_jackal_msgs_s.ep.rosidl_typesupport_fastrtps_c.c.o[0m
[5.946s] [ 97%] [32m[1mLinking C shared library rosidl_generator_py/jackal_msgs/jackal_msgs_s__rosidl_typesupport_introspection_c.cpython-310-x86_64-linux-gnu.so[0m
[5.948s] [ 98%] [32m[1mLinking CXX shared library rosidl_generator_py/jackal_msgs/jackal_msgs_s__rosidl_typesupport_fastrtps_c.cpython-310-x86_64-linux-gnu.so[0m
[5.949s] [100%] [32m[1mLinking C shared library rosidl_generator_py/jackal_msgs/jackal_msgs_s__rosidl_typesupport_c.cpython-310-x86_64-linux-gnu.so[0m
[5.970s] [100%] Built target jackal_msgs__rosidl_typesupport_c__pyext
[5.970s] [100%] Built target jackal_msgs__rosidl_typesupport_introspection_c__pyext
[5.991s] [100%] Built target jackal_msgs__rosidl_typesupport_fastrtps_c__pyext
[5.998s] Invoked command in '/home/atharva/Atharva/NCSU/SFRT/SoftwareForRoboticsProject/jackalRepos/ros2_ws/build/jackal_msgs' returned '0': CMAKE_PREFIX_PATH=/opt/ros/foxy CONDA_PROMPT_MODIFIER=(rosEnv) /usr/bin/cmake --build /home/atharva/Atharva/NCSU/SFRT/SoftwareForRoboticsProject/jackalRepos/ros2_ws/build/jackal_msgs -- -j16 -l16
[6.074s] Invoking command in '/home/atharva/Atharva/NCSU/SFRT/SoftwareForRoboticsProject/jackalRepos/ros2_ws/build/jackal_msgs': CMAKE_PREFIX_PATH=/opt/ros/foxy CONDA_PROMPT_MODIFIER=(rosEnv) /usr/bin/cmake --install /home/atharva/Atharva/NCSU/SFRT/SoftwareForRoboticsProject/jackalRepos/ros2_ws/build/jackal_msgs
[6.079s] -- Install configuration: ""
[6.079s] -- Installing: /home/atharva/Atharva/NCSU/SFRT/SoftwareForRoboticsProject/jackalRepos/ros2_ws/install/jackal_msgs/share/ament_index/resource_index/rosidl_interfaces/jackal_msgs
[6.079s] -- Installing: /home/atharva/Atharva/NCSU/SFRT/SoftwareForRoboticsProject/jackalRepos/ros2_ws/install/jackal_msgs/include/jackal_msgs
[6.079s] -- Installing: /home/atharva/Atharva/NCSU/SFRT/SoftwareForRoboticsProject/jackalRepos/ros2_ws/install/jackal_msgs/include/jackal_msgs/msg
[6.079s] -- Installing: /home/atharva/Atharva/NCSU/SFRT/SoftwareForRoboticsProject/jackalRepos/ros2_ws/install/jackal_msgs/include/jackal_msgs/msg/detail
[6.079s] -- Installing: /home/atharva/Atharva/NCSU/SFRT/SoftwareForRoboticsProject/jackalRepos/ros2_ws/install/jackal_msgs/include/jackal_msgs/msg/detail/power__functions.c
[6.079s] -- Installing: /home/atharva/Atharva/NCSU/SFRT/SoftwareForRoboticsProject/jackalRepos/ros2_ws/install/jackal_msgs/include/jackal_msgs/msg/detail/stop_status__functions.c
[6.079s] -- Installing: /home/atharva/Atharva/NCSU/SFRT/SoftwareForRoboticsProject/jackalRepos/ros2_ws/install/jackal_msgs/include/jackal_msgs/msg/detail/feedback__type_support.h
[6.079s] -- Installing: /home/atharva/Atharva/NCSU/SFRT/SoftwareForRoboticsProject/jackalRepos/ros2_ws/install/jackal_msgs/include/jackal_msgs/msg/detail/drive_feedback__struct.h
[6.080s] -- Installing: /home/atharva/Atharva/NCSU/SFRT/SoftwareForRoboticsProject/jackalRepos/ros2_ws/install/jackal_msgs/include/jackal_msgs/msg/detail/status__functions.h
[6.080s] -- Installing: /home/atharva/Atharva/NCSU/SFRT/SoftwareForRoboticsProject/jackalRepos/ros2_ws/install/jackal_msgs/include/jackal_msgs/msg/detail/drive_feedback__functions.c
[6.080s] -- Installing: /home/atharva/Atharva/NCSU/SFRT/SoftwareForRoboticsProject/jackalRepos/ros2_ws/install/jackal_msgs/include/jackal_msgs/msg/detail/drive__type_support.h
[6.080s] -- Installing: /home/atharva/Atharva/NCSU/SFRT/SoftwareForRoboticsProject/jackalRepos/ros2_ws/install/jackal_msgs/include/jackal_msgs/msg/detail/drive_feedback__functions.h
[6.080s] -- Installing: /home/atharva/Atharva/NCSU/SFRT/SoftwareForRoboticsProject/jackalRepos/ros2_ws/install/jackal_msgs/include/jackal_msgs/msg/detail/status__struct.h
[6.080s] -- Installing: /home/atharva/Atharva/NCSU/SFRT/SoftwareForRoboticsProject/jackalRepos/ros2_ws/install/jackal_msgs/include/jackal_msgs/msg/detail/drive_feedback__type_support.h
[6.080s] -- Installing: /home/atharva/Atharva/NCSU/SFRT/SoftwareForRoboticsProject/jackalRepos/ros2_ws/install/jackal_msgs/include/jackal_msgs/msg/detail/feedback__functions.h
[6.080s] -- Installing: /home/atharva/Atharva/NCSU/SFRT/SoftwareForRoboticsProject/jackalRepos/ros2_ws/install/jackal_msgs/include/jackal_msgs/msg/detail/stop_status__struct.h
[6.080s] -- Installing: /home/atharva/Atharva/NCSU/SFRT/SoftwareForRoboticsProject/jackalRepos/ros2_ws/install/jackal_msgs/include/jackal_msgs/msg/detail/stop_status__type_support.h
[6.080s] -- Installing: /home/atharva/Atharva/NCSU/SFRT/SoftwareForRoboticsProject/jackalRepos/ros2_ws/install/jackal_msgs/include/jackal_msgs/msg/detail/drive__struct.h
[6.080s] -- Installing: /home/atharva/Atharva/NCSU/SFRT/SoftwareForRoboticsProject/jackalRepos/ros2_ws/install/jackal_msgs/include/jackal_msgs/msg/detail/drive__functions.c
[6.080s] -- Installing: /home/atharva/Atharva/NCSU/SFRT/SoftwareForRoboticsProject/jackalRepos/ros2_ws/install/jackal_msgs/include/jackal_msgs/msg/detail/status__functions.c
[6.080s] -- Installing: /home/atharva/Atharva/NCSU/SFRT/SoftwareForRoboticsProject/jackalRepos/ros2_ws/install/jackal_msgs/include/jackal_msgs/msg/detail/feedback__functions.c
[6.080s] -- Installing: /home/atharva/Atharva/NCSU/SFRT/SoftwareForRoboticsProject/jackalRepos/ros2_ws/install/jackal_msgs/include/jackal_msgs/msg/detail/power__type_support.h
[6.080s] -- Installing: /home/atharva/Atharva/NCSU/SFRT/SoftwareForRoboticsProject/jackalRepos/ros2_ws/install/jackal_msgs/include/jackal_msgs/msg/detail/power__functions.h
[6.080s] -- Installing: /home/atharva/Atharva/NCSU/SFRT/SoftwareForRoboticsProject/jackalRepos/ros2_ws/install/jackal_msgs/include/jackal_msgs/msg/detail/feedback__struct.h
[6.081s] -- Installing: /home/atharva/Atharva/NCSU/SFRT/SoftwareForRoboticsProject/jackalRepos/ros2_ws/install/jackal_msgs/include/jackal_msgs/msg/detail/drive__functions.h
[6.081s] -- Installing: /home/atharva/Atharva/NCSU/SFRT/SoftwareForRoboticsProject/jackalRepos/ros2_ws/install/jackal_msgs/include/jackal_msgs/msg/detail/stop_status__functions.h
[6.081s] -- Installing: /home/atharva/Atharva/NCSU/SFRT/SoftwareForRoboticsProject/jackalRepos/ros2_ws/install/jackal_msgs/include/jackal_msgs/msg/detail/status__type_support.h
[6.081s] -- Installing: /home/atharva/Atharva/NCSU/SFRT/SoftwareForRoboticsProject/jackalRepos/ros2_ws/install/jackal_msgs/include/jackal_msgs/msg/detail/power__struct.h
[6.081s] -- Installing: /home/atharva/Atharva/NCSU/SFRT/SoftwareForRoboticsProject/jackalRepos/ros2_ws/install/jackal_msgs/include/jackal_msgs/msg/drive.h
[6.081s] -- Installing: /home/atharva/Atharva/NCSU/SFRT/SoftwareForRoboticsProject/jackalRepos/ros2_ws/install/jackal_msgs/include/jackal_msgs/msg/power.h
[6.081s] -- Installing: /home/atharva/Atharva/NCSU/SFRT/SoftwareForRoboticsProject/jackalRepos/ros2_ws/install/jackal_msgs/include/jackal_msgs/msg/status.h
[6.081s] -- Installing: /home/atharva/Atharva/NCSU/SFRT/SoftwareForRoboticsProject/jackalRepos/ros2_ws/install/jackal_msgs/include/jackal_msgs/msg/stop_status.h
[6.081s] -- Installing: /home/atharva/Atharva/NCSU/SFRT/SoftwareForRoboticsProject/jackalRepos/ros2_ws/install/jackal_msgs/include/jackal_msgs/msg/drive_feedback.h
[6.081s] -- Installing: /home/atharva/Atharva/NCSU/SFRT/SoftwareForRoboticsProject/jackalRepos/ros2_ws/install/jackal_msgs/include/jackal_msgs/msg/rosidl_generator_c__visibility_control.h
[6.081s] -- Installing: /home/atharva/Atharva/NCSU/SFRT/SoftwareForRoboticsProject/jackalRepos/ros2_ws/install/jackal_msgs/include/jackal_msgs/msg/feedback.h
[6.081s] -- Installing: /home/atharva/Atharva/NCSU/SFRT/SoftwareForRoboticsProject/jackalRepos/ros2_ws/install/jackal_msgs/include/jackal_msgs/srv
[6.081s] -- Installing: /home/atharva/Atharva/NCSU/SFRT/SoftwareForRoboticsProject/jackalRepos/ros2_ws/install/jackal_msgs/include/jackal_msgs/srv/detail
[6.081s] -- Installing: /home/atharva/Atharva/NCSU/SFRT/SoftwareForRoboticsProject/jackalRepos/ros2_ws/install/jackal_msgs/include/jackal_msgs/srv/detail/set_domain_id__type_support.h
[6.081s] -- Installing: /home/atharva/Atharva/NCSU/SFRT/SoftwareForRoboticsProject/jackalRepos/ros2_ws/install/jackal_msgs/include/jackal_msgs/srv/detail/set_domain_id__struct.h
[6.081s] -- Installing: /home/atharva/Atharva/NCSU/SFRT/SoftwareForRoboticsProject/jackalRepos/ros2_ws/install/jackal_msgs/include/jackal_msgs/srv/detail/set_domain_id__functions.h
[6.082s] -- Installing: /home/atharva/Atharva/NCSU/SFRT/SoftwareForRoboticsProject/jackalRepos/ros2_ws/install/jackal_msgs/include/jackal_msgs/srv/detail/set_domain_id__functions.c
[6.082s] -- Installing: /home/atharva/Atharva/NCSU/SFRT/SoftwareForRoboticsProject/jackalRepos/ros2_ws/install/jackal_msgs/include/jackal_msgs/srv/set_domain_id.h
[6.082s] -- Installing: /home/atharva/Atharva/NCSU/SFRT/SoftwareForRoboticsProject/jackalRepos/ros2_ws/install/jackal_msgs/share/jackal_msgs/environment/library_path.sh
[6.082s] -- Installing: /home/atharva/Atharva/NCSU/SFRT/SoftwareForRoboticsProject/jackalRepos/ros2_ws/install/jackal_msgs/share/jackal_msgs/environment/library_path.dsv
[6.082s] -- Installing: /home/atharva/Atharva/NCSU/SFRT/SoftwareForRoboticsProject/jackalRepos/ros2_ws/install/jackal_msgs/lib/libjackal_msgs__rosidl_generator_c.so
[6.082s] -- Set runtime path of "/home/atharva/Atharva/NCSU/SFRT/SoftwareForRoboticsProject/jackalRepos/ros2_ws/install/jackal_msgs/lib/libjackal_msgs__rosidl_generator_c.so" to ""
[6.082s] -- Up-to-date: /home/atharva/Atharva/NCSU/SFRT/SoftwareForRoboticsProject/jackalRepos/ros2_ws/install/jackal_msgs/include/jackal_msgs
[6.082s] -- Up-to-date: /home/atharva/Atharva/NCSU/SFRT/SoftwareForRoboticsProject/jackalRepos/ros2_ws/install/jackal_msgs/include/jackal_msgs/msg
[6.082s] -- Up-to-date: /home/atharva/Atharva/NCSU/SFRT/SoftwareForRoboticsProject/jackalRepos/ros2_ws/install/jackal_msgs/include/jackal_msgs/msg/detail
[6.082s] -- Installing: /home/atharva/Atharva/NCSU/SFRT/SoftwareForRoboticsProject/jackalRepos/ros2_ws/install/jackal_msgs/include/jackal_msgs/msg/detail/drive_feedback__rosidl_typesupport_fastrtps_c.h
[6.082s] -- Installing: /home/atharva/Atharva/NCSU/SFRT/SoftwareForRoboticsProject/jackalRepos/ros2_ws/install/jackal_msgs/include/jackal_msgs/msg/detail/status__rosidl_typesupport_fastrtps_c.h
[6.082s] -- Installing: /home/atharva/Atharva/NCSU/SFRT/SoftwareForRoboticsProject/jackalRepos/ros2_ws/install/jackal_msgs/include/jackal_msgs/msg/detail/feedback__rosidl_typesupport_fastrtps_c.h
[6.082s] -- Installing: /home/atharva/Atharva/NCSU/SFRT/SoftwareForRoboticsProject/jackalRepos/ros2_ws/install/jackal_msgs/include/jackal_msgs/msg/detail/drive__rosidl_typesupport_fastrtps_c.h
[6.082s] -- Installing: /home/atharva/Atharva/NCSU/SFRT/SoftwareForRoboticsProject/jackalRepos/ros2_ws/install/jackal_msgs/include/jackal_msgs/msg/detail/stop_status__rosidl_typesupport_fastrtps_c.h
[6.082s] -- Installing: /home/atharva/Atharva/NCSU/SFRT/SoftwareForRoboticsProject/jackalRepos/ros2_ws/install/jackal_msgs/include/jackal_msgs/msg/detail/power__rosidl_typesupport_fastrtps_c.h
[6.082s] -- Installing: /home/atharva/Atharva/NCSU/SFRT/SoftwareForRoboticsProject/jackalRepos/ros2_ws/install/jackal_msgs/include/jackal_msgs/msg/rosidl_typesupport_fastrtps_c__visibility_control.h
[6.083s] -- Up-to-date: /home/atharva/Atharva/NCSU/SFRT/SoftwareForRoboticsProject/jackalRepos/ros2_ws/install/jackal_msgs/include/jackal_msgs/srv
[6.083s] -- Up-to-date: /home/atharva/Atharva/NCSU/SFRT/SoftwareForRoboticsProject/jackalRepos/ros2_ws/install/jackal_msgs/include/jackal_msgs/srv/detail
[6.083s] -- Installing: /home/atharva/Atharva/NCSU/SFRT/SoftwareForRoboticsProject/jackalRepos/ros2_ws/install/jackal_msgs/include/jackal_msgs/srv/detail/set_domain_id__rosidl_typesupport_fastrtps_c.h
[6.083s] -- Installing: /home/atharva/Atharva/NCSU/SFRT/SoftwareForRoboticsProject/jackalRepos/ros2_ws/install/jackal_msgs/lib/libjackal_msgs__rosidl_typesupport_fastrtps_c.so
[6.083s] -- Set runtime path of "/home/atharva/Atharva/NCSU/SFRT/SoftwareForRoboticsProject/jackalRepos/ros2_ws/install/jackal_msgs/lib/libjackal_msgs__rosidl_typesupport_fastrtps_c.so" to ""
[6.083s] -- Up-to-date: /home/atharva/Atharva/NCSU/SFRT/SoftwareForRoboticsProject/jackalRepos/ros2_ws/install/jackal_msgs/include/jackal_msgs
[6.083s] -- Up-to-date: /home/atharva/Atharva/NCSU/SFRT/SoftwareForRoboticsProject/jackalRepos/ros2_ws/install/jackal_msgs/include/jackal_msgs/msg
[6.083s] -- Up-to-date: /home/atharva/Atharva/NCSU/SFRT/SoftwareForRoboticsProject/jackalRepos/ros2_ws/install/jackal_msgs/include/jackal_msgs/msg/detail
[6.083s] -- Installing: /home/atharva/Atharva/NCSU/SFRT/SoftwareForRoboticsProject/jackalRepos/ros2_ws/install/jackal_msgs/include/jackal_msgs/msg/detail/power__rosidl_typesupport_fastrtps_cpp.hpp
[6.083s] -- Installing: /home/atharva/Atharva/NCSU/SFRT/SoftwareForRoboticsProject/jackalRepos/ros2_ws/install/jackal_msgs/include/jackal_msgs/msg/detail/drive__rosidl_typesupport_fastrtps_cpp.hpp
[6.083s] -- Installing: /home/atharva/Atharva/NCSU/SFRT/SoftwareForRoboticsProject/jackalRepos/ros2_ws/install/jackal_msgs/include/jackal_msgs/msg/detail/status__rosidl_typesupport_fastrtps_cpp.hpp
[6.083s] -- Installing: /home/atharva/Atharva/NCSU/SFRT/SoftwareForRoboticsProject/jackalRepos/ros2_ws/install/jackal_msgs/include/jackal_msgs/msg/detail/feedback__rosidl_typesupport_fastrtps_cpp.hpp
[6.083s] -- Installing: /home/atharva/Atharva/NCSU/SFRT/SoftwareForRoboticsProject/jackalRepos/ros2_ws/install/jackal_msgs/include/jackal_msgs/msg/detail/dds_fastrtps
[6.083s] -- Installing: /home/atharva/Atharva/NCSU/SFRT/SoftwareForRoboticsProject/jackalRepos/ros2_ws/install/jackal_msgs/include/jackal_msgs/msg/detail/stop_status__rosidl_typesupport_fastrtps_cpp.hpp
[6.083s] -- Installing: /home/atharva/Atharva/NCSU/SFRT/SoftwareForRoboticsProject/jackalRepos/ros2_ws/install/jackal_msgs/include/jackal_msgs/msg/detail/drive_feedback__rosidl_typesupport_fastrtps_cpp.hpp
[6.083s] -- Installing: /home/atharva/Atharva/NCSU/SFRT/SoftwareForRoboticsProject/jackalRepos/ros2_ws/install/jackal_msgs/include/jackal_msgs/msg/rosidl_typesupport_fastrtps_cpp__visibility_control.h
[6.084s] -- Up-to-date: /home/atharva/Atharva/NCSU/SFRT/SoftwareForRoboticsProject/jackalRepos/ros2_ws/install/jackal_msgs/include/jackal_msgs/srv
[6.084s] -- Up-to-date: /home/atharva/Atharva/NCSU/SFRT/SoftwareForRoboticsProject/jackalRepos/ros2_ws/install/jackal_msgs/include/jackal_msgs/srv/detail
[6.084s] -- Installing: /home/atharva/Atharva/NCSU/SFRT/SoftwareForRoboticsProject/jackalRepos/ros2_ws/install/jackal_msgs/include/jackal_msgs/srv/detail/dds_fastrtps
[6.084s] -- Installing: /home/atharva/Atharva/NCSU/SFRT/SoftwareForRoboticsProject/jackalRepos/ros2_ws/install/jackal_msgs/include/jackal_msgs/srv/detail/set_domain_id__rosidl_typesupport_fastrtps_cpp.hpp
[6.084s] -- Installing: /home/atharva/Atharva/NCSU/SFRT/SoftwareForRoboticsProject/jackalRepos/ros2_ws/install/jackal_msgs/lib/libjackal_msgs__rosidl_typesupport_fastrtps_cpp.so
[6.084s] -- Set runtime path of "/home/atharva/Atharva/NCSU/SFRT/SoftwareForRoboticsProject/jackalRepos/ros2_ws/install/jackal_msgs/lib/libjackal_msgs__rosidl_typesupport_fastrtps_cpp.so" to ""
[6.084s] -- Up-to-date: /home/atharva/Atharva/NCSU/SFRT/SoftwareForRoboticsProject/jackalRepos/ros2_ws/install/jackal_msgs/include/jackal_msgs
[6.084s] -- Up-to-date: /home/atharva/Atharva/NCSU/SFRT/SoftwareForRoboticsProject/jackalRepos/ros2_ws/install/jackal_msgs/include/jackal_msgs/msg
[6.084s] -- Installing: /home/atharva/Atharva/NCSU/SFRT/SoftwareForRoboticsProject/jackalRepos/ros2_ws/install/jackal_msgs/include/jackal_msgs/msg/rosidl_typesupport_introspection_c__visibility_control.h
[6.084s] -- Up-to-date: /home/atharva/Atharva/NCSU/SFRT/SoftwareForRoboticsProject/jackalRepos/ros2_ws/install/jackal_msgs/include/jackal_msgs/msg/detail
[6.084s] -- Installing: /home/atharva/Atharva/NCSU/SFRT/SoftwareForRoboticsProject/jackalRepos/ros2_ws/install/jackal_msgs/include/jackal_msgs/msg/detail/status__type_support.c
[6.084s] -- Installing: /home/atharva/Atharva/NCSU/SFRT/SoftwareForRoboticsProject/jackalRepos/ros2_ws/install/jackal_msgs/include/jackal_msgs/msg/detail/stop_status__type_support.c
[6.084s] -- Installing: /home/atharva/Atharva/NCSU/SFRT/SoftwareForRoboticsProject/jackalRepos/ros2_ws/install/jackal_msgs/include/jackal_msgs/msg/detail/power__rosidl_typesupport_introspection_c.h
[6.084s] -- Installing: /home/atharva/Atharva/NCSU/SFRT/SoftwareForRoboticsProject/jackalRepos/ros2_ws/install/jackal_msgs/include/jackal_msgs/msg/detail/power__type_support.c
[6.084s] -- Installing: /home/atharva/Atharva/NCSU/SFRT/SoftwareForRoboticsProject/jackalRepos/ros2_ws/install/jackal_msgs/include/jackal_msgs/msg/detail/feedback__type_support.c
[6.084s] -- Installing: /home/atharva/Atharva/NCSU/SFRT/SoftwareForRoboticsProject/jackalRepos/ros2_ws/install/jackal_msgs/include/jackal_msgs/msg/detail/stop_status__rosidl_typesupport_introspection_c.h
[6.084s] -- Installing: /home/atharva/Atharva/NCSU/SFRT/SoftwareForRoboticsProject/jackalRepos/ros2_ws/install/jackal_msgs/include/jackal_msgs/msg/detail/drive__type_support.c
[6.084s] -- Installing: /home/atharva/Atharva/NCSU/SFRT/SoftwareForRoboticsProject/jackalRepos/ros2_ws/install/jackal_msgs/include/jackal_msgs/msg/detail/drive_feedback__rosidl_typesupport_introspection_c.h
[6.085s] -- Installing: /home/atharva/Atharva/NCSU/SFRT/SoftwareForRoboticsProject/jackalRepos/ros2_ws/install/jackal_msgs/include/jackal_msgs/msg/detail/drive__rosidl_typesupport_introspection_c.h
[6.085s] -- Installing: /home/atharva/Atharva/NCSU/SFRT/SoftwareForRoboticsProject/jackalRepos/ros2_ws/install/jackal_msgs/include/jackal_msgs/msg/detail/drive_feedback__type_support.c
[6.085s] -- Installing: /home/atharva/Atharva/NCSU/SFRT/SoftwareForRoboticsProject/jackalRepos/ros2_ws/install/jackal_msgs/include/jackal_msgs/msg/detail/status__rosidl_typesupport_introspection_c.h
[6.085s] -- Installing: /home/atharva/Atharva/NCSU/SFRT/SoftwareForRoboticsProject/jackalRepos/ros2_ws/install/jackal_msgs/include/jackal_msgs/msg/detail/feedback__rosidl_typesupport_introspection_c.h
[6.085s] -- Up-to-date: /home/atharva/Atharva/NCSU/SFRT/SoftwareForRoboticsProject/jackalRepos/ros2_ws/install/jackal_msgs/include/jackal_msgs/srv
[6.085s] -- Up-to-date: /home/atharva/Atharva/NCSU/SFRT/SoftwareForRoboticsProject/jackalRepos/ros2_ws/install/jackal_msgs/include/jackal_msgs/srv/detail
[6.085s] -- Installing: /home/atharva/Atharva/NCSU/SFRT/SoftwareForRoboticsProject/jackalRepos/ros2_ws/install/jackal_msgs/include/jackal_msgs/srv/detail/set_domain_id__rosidl_typesupport_introspection_c.h
[6.085s] -- Installing: /home/atharva/Atharva/NCSU/SFRT/SoftwareForRoboticsProject/jackalRepos/ros2_ws/install/jackal_msgs/include/jackal_msgs/srv/detail/set_domain_id__type_support.c
[6.085s] -- Installing: /home/atharva/Atharva/NCSU/SFRT/SoftwareForRoboticsProject/jackalRepos/ros2_ws/install/jackal_msgs/lib/libjackal_msgs__rosidl_typesupport_introspection_c.so
[6.085s] -- Set runtime path of "/home/atharva/Atharva/NCSU/SFRT/SoftwareForRoboticsProject/jackalRepos/ros2_ws/install/jackal_msgs/lib/libjackal_msgs__rosidl_typesupport_introspection_c.so" to ""
[6.085s] -- Installing: /home/atharva/Atharva/NCSU/SFRT/SoftwareForRoboticsProject/jackalRepos/ros2_ws/install/jackal_msgs/lib/libjackal_msgs__rosidl_typesupport_c.so
[6.085s] -- Set runtime path of "/home/atharva/Atharva/NCSU/SFRT/SoftwareForRoboticsProject/jackalRepos/ros2_ws/install/jackal_msgs/lib/libjackal_msgs__rosidl_typesupport_c.so" to ""
[6.085s] -- Up-to-date: /home/atharva/Atharva/NCSU/SFRT/SoftwareForRoboticsProject/jackalRepos/ros2_ws/install/jackal_msgs/include/jackal_msgs
[6.085s] -- Up-to-date: /home/atharva/Atharva/NCSU/SFRT/SoftwareForRoboticsProject/jackalRepos/ros2_ws/install/jackal_msgs/include/jackal_msgs/msg
[6.085s] -- Installing: /home/atharva/Atharva/NCSU/SFRT/SoftwareForRoboticsProject/jackalRepos/ros2_ws/install/jackal_msgs/include/jackal_msgs/msg/feedback.hpp
[6.085s] -- Up-to-date: /home/atharva/Atharva/NCSU/SFRT/SoftwareForRoboticsProject/jackalRepos/ros2_ws/install/jackal_msgs/include/jackal_msgs/msg/detail
[6.085s] -- Installing: /home/atharva/Atharva/NCSU/SFRT/SoftwareForRoboticsProject/jackalRepos/ros2_ws/install/jackal_msgs/include/jackal_msgs/msg/detail/status__traits.hpp
[6.085s] -- Installing: /home/atharva/Atharva/NCSU/SFRT/SoftwareForRoboticsProject/jackalRepos/ros2_ws/install/jackal_msgs/include/jackal_msgs/msg/detail/drive__builder.hpp
[6.086s] -- Installing: /home/atharva/Atharva/NCSU/SFRT/SoftwareForRoboticsProject/jackalRepos/ros2_ws/install/jackal_msgs/include/jackal_msgs/msg/detail/power__struct.hpp
[6.086s] -- Installing: /home/atharva/Atharva/NCSU/SFRT/SoftwareForRoboticsProject/jackalRepos/ros2_ws/install/jackal_msgs/include/jackal_msgs/msg/detail/feedback__traits.hpp
[6.086s] -- Installing: /home/atharva/Atharva/NCSU/SFRT/SoftwareForRoboticsProject/jackalRepos/ros2_ws/install/jackal_msgs/include/jackal_msgs/msg/detail/drive__traits.hpp
[6.086s] -- Installing: /home/atharva/Atharva/NCSU/SFRT/SoftwareForRoboticsProject/jackalRepos/ros2_ws/install/jackal_msgs/include/jackal_msgs/msg/detail/power__traits.hpp
[6.086s] -- Installing: /home/atharva/Atharva/NCSU/SFRT/SoftwareForRoboticsProject/jackalRepos/ros2_ws/install/jackal_msgs/include/jackal_msgs/msg/detail/feedback__struct.hpp
[6.086s] -- Installing: /home/atharva/Atharva/NCSU/SFRT/SoftwareForRoboticsProject/jackalRepos/ros2_ws/install/jackal_msgs/include/jackal_msgs/msg/detail/power__builder.hpp
[6.086s] -- Installing: /home/atharva/Atharva/NCSU/SFRT/SoftwareForRoboticsProject/jackalRepos/ros2_ws/install/jackal_msgs/include/jackal_msgs/msg/detail/drive_feedback__struct.hpp
[6.086s] -- Installing: /home/atharva/Atharva/NCSU/SFRT/SoftwareForRoboticsProject/jackalRepos/ros2_ws/install/jackal_msgs/include/jackal_msgs/msg/detail/drive__struct.hpp
[6.086s] -- Installing: /home/atharva/Atharva/NCSU/SFRT/SoftwareForRoboticsProject/jackalRepos/ros2_ws/install/jackal_msgs/include/jackal_msgs/msg/detail/status__struct.hpp
[6.086s] -- Installing: /home/atharva/Atharva/NCSU/SFRT/SoftwareForRoboticsProject/jackalRepos/ros2_ws/install/jackal_msgs/include/jackal_msgs/msg/detail/drive_feedback__traits.hpp
[6.086s] -- Installing: /home/atharva/Atharva/NCSU/SFRT/SoftwareForRoboticsProject/jackalRepos/ros2_ws/install/jackal_msgs/include/jackal_msgs/msg/detail/drive_feedback__builder.hpp
[6.086s] -- Installing: /home/atharva/Atharva/NCSU/SFRT/SoftwareForRoboticsProject/jackalRepos/ros2_ws/install/jackal_msgs/include/jackal_msgs/msg/detail/stop_status__builder.hpp
[6.086s] -- Installing: /home/atharva/Atharva/NCSU/SFRT/SoftwareForRoboticsProject/jackalRepos/ros2_ws/install/jackal_msgs/include/jackal_msgs/msg/detail/status__builder.hpp
[6.086s] -- Installing: /home/atharva/Atharva/NCSU/SFRT/SoftwareForRoboticsProject/jackalRepos/ros2_ws/install/jackal_msgs/include/jackal_msgs/msg/detail/feedback__builder.hpp
[6.086s] -- Installing: /home/atharva/Atharva/NCSU/SFRT/SoftwareForRoboticsProject/jackalRepos/ros2_ws/install/jackal_msgs/include/jackal_msgs/msg/detail/stop_status__struct.hpp
[6.086s] -- Installing: /home/atharva/Atharva/NCSU/SFRT/SoftwareForRoboticsProject/jackalRepos/ros2_ws/install/jackal_msgs/include/jackal_msgs/msg/detail/stop_status__traits.hpp
[6.086s] -- Installing: /home/atharva/Atharva/NCSU/SFRT/SoftwareForRoboticsProject/jackalRepos/ros2_ws/install/jackal_msgs/include/jackal_msgs/msg/power.hpp
[6.086s] -- Installing: /home/atharva/Atharva/NCSU/SFRT/SoftwareForRoboticsProject/jackalRepos/ros2_ws/install/jackal_msgs/include/jackal_msgs/msg/drive.hpp
[6.087s] -- Installing: /home/atharva/Atharva/NCSU/SFRT/SoftwareForRoboticsProject/jackalRepos/ros2_ws/install/jackal_msgs/include/jackal_msgs/msg/drive_feedback.hpp
[6.087s] -- Installing: /home/atharva/Atharva/NCSU/SFRT/SoftwareForRoboticsProject/jackalRepos/ros2_ws/install/jackal_msgs/include/jackal_msgs/msg/stop_status.hpp
[6.087s] -- Installing: /home/atharva/Atharva/NCSU/SFRT/SoftwareForRoboticsProject/jackalRepos/ros2_ws/install/jackal_msgs/include/jackal_msgs/msg/status.hpp
[6.087s] -- Up-to-date: /home/atharva/Atharva/NCSU/SFRT/SoftwareForRoboticsProject/jackalRepos/ros2_ws/install/jackal_msgs/include/jackal_msgs/srv
[6.087s] -- Up-to-date: /home/atharva/Atharva/NCSU/SFRT/SoftwareForRoboticsProject/jackalRepos/ros2_ws/install/jackal_msgs/include/jackal_msgs/srv/detail
[6.087s] -- Installing: /home/atharva/Atharva/NCSU/SFRT/SoftwareForRoboticsProject/jackalRepos/ros2_ws/install/jackal_msgs/include/jackal_msgs/srv/detail/set_domain_id__struct.hpp
[6.087s] -- Installing: /home/atharva/Atharva/NCSU/SFRT/SoftwareForRoboticsProject/jackalRepos/ros2_ws/install/jackal_msgs/include/jackal_msgs/srv/detail/set_domain_id__builder.hpp
[6.087s] -- Installing: /home/atharva/Atharva/NCSU/SFRT/SoftwareForRoboticsProject/jackalRepos/ros2_ws/install/jackal_msgs/include/jackal_msgs/srv/detail/set_domain_id__traits.hpp
[6.087s] -- Installing: /home/atharva/Atharva/NCSU/SFRT/SoftwareForRoboticsProject/jackalRepos/ros2_ws/install/jackal_msgs/include/jackal_msgs/srv/set_domain_id.hpp
[6.087s] -- Up-to-date: /home/atharva/Atharva/NCSU/SFRT/SoftwareForRoboticsProject/jackalRepos/ros2_ws/install/jackal_msgs/include/jackal_msgs
[6.087s] -- Up-to-date: /home/atharva/Atharva/NCSU/SFRT/SoftwareForRoboticsProject/jackalRepos/ros2_ws/install/jackal_msgs/include/jackal_msgs/msg
[6.087s] -- Up-to-date: /home/atharva/Atharva/NCSU/SFRT/SoftwareForRoboticsProject/jackalRepos/ros2_ws/install/jackal_msgs/include/jackal_msgs/msg/detail
[6.087s] -- Installing: /home/atharva/Atharva/NCSU/SFRT/SoftwareForRoboticsProject/jackalRepos/ros2_ws/install/jackal_msgs/include/jackal_msgs/msg/detail/stop_status__type_support.cpp
[6.087s] -- Installing: /home/atharva/Atharva/NCSU/SFRT/SoftwareForRoboticsProject/jackalRepos/ros2_ws/install/jackal_msgs/include/jackal_msgs/msg/detail/feedback__type_support.cpp
[6.087s] -- Installing: /home/atharva/Atharva/NCSU/SFRT/SoftwareForRoboticsProject/jackalRepos/ros2_ws/install/jackal_msgs/include/jackal_msgs/msg/detail/drive__type_support.cpp
[6.087s] -- Installing: /home/atharva/Atharva/NCSU/SFRT/SoftwareForRoboticsProject/jackalRepos/ros2_ws/install/jackal_msgs/include/jackal_msgs/msg/detail/power__type_support.cpp
[6.087s] -- Installing: /home/atharva/Atharva/NCSU/SFRT/SoftwareForRoboticsProject/jackalRepos/ros2_ws/install/jackal_msgs/include/jackal_msgs/msg/detail/power__rosidl_typesupport_introspection_cpp.hpp
[6.087s] -- Installing: /home/atharva/Atharva/NCSU/SFRT/SoftwareForRoboticsProject/jackalRepos/ros2_ws/install/jackal_msgs/include/jackal_msgs/msg/detail/status__rosidl_typesupport_introspection_cpp.hpp
[6.087s] -- Installing: /home/atharva/Atharva/NCSU/SFRT/SoftwareForRoboticsProject/jackalRepos/ros2_ws/install/jackal_msgs/include/jackal_msgs/msg/detail/drive__rosidl_typesupport_introspection_cpp.hpp
[6.087s] -- Installing: /home/atharva/Atharva/NCSU/SFRT/SoftwareForRoboticsProject/jackalRepos/ros2_ws/install/jackal_msgs/include/jackal_msgs/msg/detail/drive_feedback__type_support.cpp
[6.087s] -- Installing: /home/atharva/Atharva/NCSU/SFRT/SoftwareForRoboticsProject/jackalRepos/ros2_ws/install/jackal_msgs/include/jackal_msgs/msg/detail/drive_feedback__rosidl_typesupport_introspection_cpp.hpp
[6.088s] -- Installing: /home/atharva/Atharva/NCSU/SFRT/SoftwareForRoboticsProject/jackalRepos/ros2_ws/install/jackal_msgs/include/jackal_msgs/msg/detail/status__type_support.cpp
[6.088s] -- Installing: /home/atharva/Atharva/NCSU/SFRT/SoftwareForRoboticsProject/jackalRepos/ros2_ws/install/jackal_msgs/include/jackal_msgs/msg/detail/feedback__rosidl_typesupport_introspection_cpp.hpp
[6.088s] -- Installing: /home/atharva/Atharva/NCSU/SFRT/SoftwareForRoboticsProject/jackalRepos/ros2_ws/install/jackal_msgs/include/jackal_msgs/msg/detail/stop_status__rosidl_typesupport_introspection_cpp.hpp
[6.088s] -- Up-to-date: /home/atharva/Atharva/NCSU/SFRT/SoftwareForRoboticsProject/jackalRepos/ros2_ws/install/jackal_msgs/include/jackal_msgs/srv
[6.088s] -- Up-to-date: /home/atharva/Atharva/NCSU/SFRT/SoftwareForRoboticsProject/jackalRepos/ros2_ws/install/jackal_msgs/include/jackal_msgs/srv/detail
[6.088s] -- Installing: /home/atharva/Atharva/NCSU/SFRT/SoftwareForRoboticsProject/jackalRepos/ros2_ws/install/jackal_msgs/include/jackal_msgs/srv/detail/set_domain_id__type_support.cpp
[6.088s] -- Installing: /home/atharva/Atharva/NCSU/SFRT/SoftwareForRoboticsProject/jackalRepos/ros2_ws/install/jackal_msgs/include/jackal_msgs/srv/detail/set_domain_id__rosidl_typesupport_introspection_cpp.hpp
[6.088s] -- Installing: /home/atharva/Atharva/NCSU/SFRT/SoftwareForRoboticsProject/jackalRepos/ros2_ws/install/jackal_msgs/lib/libjackal_msgs__rosidl_typesupport_introspection_cpp.so
[6.088s] -- Set runtime path of "/home/atharva/Atharva/NCSU/SFRT/SoftwareForRoboticsProject/jackalRepos/ros2_ws/install/jackal_msgs/lib/libjackal_msgs__rosidl_typesupport_introspection_cpp.so" to ""
[6.088s] -- Installing: /home/atharva/Atharva/NCSU/SFRT/SoftwareForRoboticsProject/jackalRepos/ros2_ws/install/jackal_msgs/lib/libjackal_msgs__rosidl_typesupport_cpp.so
[6.088s] -- Set runtime path of "/home/atharva/Atharva/NCSU/SFRT/SoftwareForRoboticsProject/jackalRepos/ros2_ws/install/jackal_msgs/lib/libjackal_msgs__rosidl_typesupport_cpp.so" to ""
[6.088s] -- Installing: /home/atharva/Atharva/NCSU/SFRT/SoftwareForRoboticsProject/jackalRepos/ros2_ws/install/jackal_msgs/share/jackal_msgs/environment/pythonpath.sh
[6.088s] -- Installing: /home/atharva/Atharva/NCSU/SFRT/SoftwareForRoboticsProject/jackalRepos/ros2_ws/install/jackal_msgs/share/jackal_msgs/environment/pythonpath.dsv
[6.088s] -- Installing: /home/atharva/Atharva/NCSU/SFRT/SoftwareForRoboticsProject/jackalRepos/ros2_ws/install/jackal_msgs/lib/python3.10/site-packages/jackal_msgs/__init__.py
[6.111s] Compiling '/home/atharva/Atharva/NCSU/SFRT/SoftwareForRoboticsProject/jackalRepos/ros2_ws/install/jackal_msgs/lib/python3.10/site-packages/jackal_msgs/__init__.py'...
[6.114s] -- Installing: /home/atharva/Atharva/NCSU/SFRT/SoftwareForRoboticsProject/jackalRepos/ros2_ws/install/jackal_msgs/lib/python3.10/site-packages/jackal_msgs/msg
[6.114s] -- Installing: /home/atharva/Atharva/NCSU/SFRT/SoftwareForRoboticsProject/jackalRepos/ros2_ws/install/jackal_msgs/lib/python3.10/site-packages/jackal_msgs/msg/_drive.py
[6.115s] -- Installing: /home/atharva/Atharva/NCSU/SFRT/SoftwareForRoboticsProject/jackalRepos/ros2_ws/install/jackal_msgs/lib/python3.10/site-packages/jackal_msgs/msg/_feedback_s.c
[6.115s] -- Installing: /home/atharva/Atharva/NCSU/SFRT/SoftwareForRoboticsProject/jackalRepos/ros2_ws/install/jackal_msgs/lib/python3.10/site-packages/jackal_msgs/msg/_drive_s.c
[6.115s] -- Installing: /home/atharva/Atharva/NCSU/SFRT/SoftwareForRoboticsProject/jackalRepos/ros2_ws/install/jackal_msgs/lib/python3.10/site-packages/jackal_msgs/msg/__init__.py
[6.115s] -- Installing: /home/atharva/Atharva/NCSU/SFRT/SoftwareForRoboticsProject/jackalRepos/ros2_ws/install/jackal_msgs/lib/python3.10/site-packages/jackal_msgs/msg/_power.py
[6.115s] -- Installing: /home/atharva/Atharva/NCSU/SFRT/SoftwareForRoboticsProject/jackalRepos/ros2_ws/install/jackal_msgs/lib/python3.10/site-packages/jackal_msgs/msg/_status.py
[6.115s] -- Installing: /home/atharva/Atharva/NCSU/SFRT/SoftwareForRoboticsProject/jackalRepos/ros2_ws/install/jackal_msgs/lib/python3.10/site-packages/jackal_msgs/msg/_feedback.py
[6.115s] -- Installing: /home/atharva/Atharva/NCSU/SFRT/SoftwareForRoboticsProject/jackalRepos/ros2_ws/install/jackal_msgs/lib/python3.10/site-packages/jackal_msgs/msg/_stop_status_s.c
[6.115s] -- Installing: /home/atharva/Atharva/NCSU/SFRT/SoftwareForRoboticsProject/jackalRepos/ros2_ws/install/jackal_msgs/lib/python3.10/site-packages/jackal_msgs/msg/_power_s.c
[6.115s] -- Installing: /home/atharva/Atharva/NCSU/SFRT/SoftwareForRoboticsProject/jackalRepos/ros2_ws/install/jackal_msgs/lib/python3.10/site-packages/jackal_msgs/msg/_drive_feedback.py
[6.115s] -- Installing: /home/atharva/Atharva/NCSU/SFRT/SoftwareForRoboticsProject/jackalRepos/ros2_ws/install/jackal_msgs/lib/python3.10/site-packages/jackal_msgs/msg/_stop_status.py
[6.115s] -- Installing: /home/atharva/Atharva/NCSU/SFRT/SoftwareForRoboticsProject/jackalRepos/ros2_ws/install/jackal_msgs/lib/python3.10/site-packages/jackal_msgs/msg/_drive_feedback_s.c
[6.116s] -- Installing: /home/atharva/Atharva/NCSU/SFRT/SoftwareForRoboticsProject/jackalRepos/ros2_ws/install/jackal_msgs/lib/python3.10/site-packages/jackal_msgs/msg/_status_s.c
[6.116s] -- Installing: /home/atharva/Atharva/NCSU/SFRT/SoftwareForRoboticsProject/jackalRepos/ros2_ws/install/jackal_msgs/lib/python3.10/site-packages/jackal_msgs/srv
[6.116s] -- Installing: /home/atharva/Atharva/NCSU/SFRT/SoftwareForRoboticsProject/jackalRepos/ros2_ws/install/jackal_msgs/lib/python3.10/site-packages/jackal_msgs/srv/__init__.py
[6.116s] -- Installing: /home/atharva/Atharva/NCSU/SFRT/SoftwareForRoboticsProject/jackalRepos/ros2_ws/install/jackal_msgs/lib/python3.10/site-packages/jackal_msgs/srv/_set_domain_id_s.c
[6.116s] -- Installing: /home/atharva/Atharva/NCSU/SFRT/SoftwareForRoboticsProject/jackalRepos/ros2_ws/install/jackal_msgs/lib/python3.10/site-packages/jackal_msgs/srv/_set_domain_id.py
[6.116s] -- Installing: /home/atharva/Atharva/NCSU/SFRT/SoftwareForRoboticsProject/jackalRepos/ros2_ws/install/jackal_msgs/lib/python3.10/site-packages/jackal_msgs/jackal_msgs_s__rosidl_typesupport_fastrtps_c.cpython-310-x86_64-linux-gnu.so
[6.117s] -- Set runtime path of "/home/atharva/Atharva/NCSU/SFRT/SoftwareForRoboticsProject/jackalRepos/ros2_ws/install/jackal_msgs/lib/python3.10/site-packages/jackal_msgs/jackal_msgs_s__rosidl_typesupport_fastrtps_c.cpython-310-x86_64-linux-gnu.so" to ""
[6.117s] -- Installing: /home/atharva/Atharva/NCSU/SFRT/SoftwareForRoboticsProject/jackalRepos/ros2_ws/install/jackal_msgs/lib/python3.10/site-packages/jackal_msgs/jackal_msgs_s__rosidl_typesupport_introspection_c.cpython-310-x86_64-linux-gnu.so
[6.118s] -- Set runtime path of "/home/atharva/Atharva/NCSU/SFRT/SoftwareForRoboticsProject/jackalRepos/ros2_ws/install/jackal_msgs/lib/python3.10/site-packages/jackal_msgs/jackal_msgs_s__rosidl_typesupport_introspection_c.cpython-310-x86_64-linux-gnu.so" to ""
[6.119s] -- Installing: /home/atharva/Atharva/NCSU/SFRT/SoftwareForRoboticsProject/jackalRepos/ros2_ws/install/jackal_msgs/lib/python3.10/site-packages/jackal_msgs/jackal_msgs_s__rosidl_typesupport_c.cpython-310-x86_64-linux-gnu.so
[6.120s] -- Set runtime path of "/home/atharva/Atharva/NCSU/SFRT/SoftwareForRoboticsProject/jackalRepos/ros2_ws/install/jackal_msgs/lib/python3.10/site-packages/jackal_msgs/jackal_msgs_s__rosidl_typesupport_c.cpython-310-x86_64-linux-gnu.so" to ""
[6.120s] -- Installing: /home/atharva/Atharva/NCSU/SFRT/SoftwareForRoboticsProject/jackalRepos/ros2_ws/install/jackal_msgs/lib/libjackal_msgs__python.so
[6.120s] -- Set runtime path of "/home/atharva/Atharva/NCSU/SFRT/SoftwareForRoboticsProject/jackalRepos/ros2_ws/install/jackal_msgs/lib/libjackal_msgs__python.so" to ""
[6.121s] -- Installing: /home/atharva/Atharva/NCSU/SFRT/SoftwareForRoboticsProject/jackalRepos/ros2_ws/install/jackal_msgs/share/jackal_msgs/msg/Drive.idl
[6.121s] -- Installing: /home/atharva/Atharva/NCSU/SFRT/SoftwareForRoboticsProject/jackalRepos/ros2_ws/install/jackal_msgs/share/jackal_msgs/msg/DriveFeedback.idl
[6.121s] -- Installing: /home/atharva/Atharva/NCSU/SFRT/SoftwareForRoboticsProject/jackalRepos/ros2_ws/install/jackal_msgs/share/jackal_msgs/msg/Feedback.idl
[6.121s] -- Installing: /home/atharva/Atharva/NCSU/SFRT/SoftwareForRoboticsProject/jackalRepos/ros2_ws/install/jackal_msgs/share/jackal_msgs/msg/Power.idl
[6.121s] -- Installing: /home/atharva/Atharva/NCSU/SFRT/SoftwareForRoboticsProject/jackalRepos/ros2_ws/install/jackal_msgs/share/jackal_msgs/msg/Status.idl
[6.121s] -- Installing: /home/atharva/Atharva/NCSU/SFRT/SoftwareForRoboticsProject/jackalRepos/ros2_ws/install/jackal_msgs/share/jackal_msgs/msg/StopStatus.idl
[6.121s] -- Installing: /home/atharva/Atharva/NCSU/SFRT/SoftwareForRoboticsProject/jackalRepos/ros2_ws/install/jackal_msgs/share/jackal_msgs/srv/SetDomainId.idl
[6.121s] -- Installing: /home/atharva/Atharva/NCSU/SFRT/SoftwareForRoboticsProject/jackalRepos/ros2_ws/install/jackal_msgs/share/jackal_msgs/msg/Drive.msg
[6.121s] -- Installing: /home/atharva/Atharva/NCSU/SFRT/SoftwareForRoboticsProject/jackalRepos/ros2_ws/install/jackal_msgs/share/jackal_msgs/msg/DriveFeedback.msg
[6.121s] -- Installing: /home/atharva/Atharva/NCSU/SFRT/SoftwareForRoboticsProject/jackalRepos/ros2_ws/install/jackal_msgs/share/jackal_msgs/msg/Feedback.msg
[6.121s] -- Installing: /home/atharva/Atharva/NCSU/SFRT/SoftwareForRoboticsProject/jackalRepos/ros2_ws/install/jackal_msgs/share/jackal_msgs/msg/Power.msg
[6.121s] -- Installing: /home/atharva/Atharva/NCSU/SFRT/SoftwareForRoboticsProject/jackalRepos/ros2_ws/install/jackal_msgs/share/jackal_msgs/msg/Status.msg
[6.122s] -- Installing: /home/atharva/Atharva/NCSU/SFRT/SoftwareForRoboticsProject/jackalRepos/ros2_ws/install/jackal_msgs/share/jackal_msgs/msg/StopStatus.msg
[6.122s] -- Installing: /home/atharva/Atharva/NCSU/SFRT/SoftwareForRoboticsProject/jackalRepos/ros2_ws/install/jackal_msgs/share/jackal_msgs/srv/SetDomainId.srv
[6.122s] -- Installing: /home/atharva/Atharva/NCSU/SFRT/SoftwareForRoboticsProject/jackalRepos/ros2_ws/install/jackal_msgs/share/jackal_msgs/srv/SetDomainId_Request.msg
[6.122s] -- Installing: /home/atharva/Atharva/NCSU/SFRT/SoftwareForRoboticsProject/jackalRepos/ros2_ws/install/jackal_msgs/share/jackal_msgs/srv/SetDomainId_Response.msg
[6.122s] -- Installing: /home/atharva/Atharva/NCSU/SFRT/SoftwareForRoboticsProject/jackalRepos/ros2_ws/install/jackal_msgs/share/ament_index/resource_index/package_run_dependencies/jackal_msgs
[6.122s] -- Installing: /home/atharva/Atharva/NCSU/SFRT/SoftwareForRoboticsProject/jackalRepos/ros2_ws/install/jackal_msgs/share/ament_index/resource_index/parent_prefix_path/jackal_msgs
[6.122s] -- Installing: /home/atharva/Atharva/NCSU/SFRT/SoftwareForRoboticsProject/jackalRepos/ros2_ws/install/jackal_msgs/share/jackal_msgs/environment/ament_prefix_path.sh
[6.122s] -- Installing: /home/atharva/Atharva/NCSU/SFRT/SoftwareForRoboticsProject/jackalRepos/ros2_ws/install/jackal_msgs/share/jackal_msgs/environment/ament_prefix_path.dsv
[6.122s] -- Installing: /home/atharva/Atharva/NCSU/SFRT/SoftwareForRoboticsProject/jackalRepos/ros2_ws/install/jackal_msgs/share/jackal_msgs/environment/path.sh
[6.122s] -- Installing: /home/atharva/Atharva/NCSU/SFRT/SoftwareForRoboticsProject/jackalRepos/ros2_ws/install/jackal_msgs/share/jackal_msgs/environment/path.dsv
[6.122s] -- Installing: /home/atharva/Atharva/NCSU/SFRT/SoftwareForRoboticsProject/jackalRepos/ros2_ws/install/jackal_msgs/share/jackal_msgs/local_setup.bash
[6.122s] -- Installing: /home/atharva/Atharva/NCSU/SFRT/SoftwareForRoboticsProject/jackalRepos/ros2_ws/install/jackal_msgs/share/jackal_msgs/local_setup.sh
[6.123s] -- Installing: /home/atharva/Atharva/NCSU/SFRT/SoftwareForRoboticsProject/jackalRepos/ros2_ws/install/jackal_msgs/share/jackal_msgs/local_setup.zsh
[6.123s] -- Installing: /home/atharva/Atharva/NCSU/SFRT/SoftwareForRoboticsProject/jackalRepos/ros2_ws/install/jackal_msgs/share/jackal_msgs/local_setup.dsv
[6.123s] -- Installing: /home/atharva/Atharva/NCSU/SFRT/SoftwareForRoboticsProject/jackalRepos/ros2_ws/install/jackal_msgs/share/jackal_msgs/package.dsv
[6.123s] -- Installing: /home/atharva/Atharva/NCSU/SFRT/SoftwareForRoboticsProject/jackalRepos/ros2_ws/install/jackal_msgs/share/ament_index/resource_index/packages/jackal_msgs
[6.123s] -- Installing: /home/atharva/Atharva/NCSU/SFRT/SoftwareForRoboticsProject/jackalRepos/ros2_ws/install/jackal_msgs/share/jackal_msgs/cmake/jackal_msgs__rosidl_generator_cExport.cmake
[6.123s] -- Installing: /home/atharva/Atharva/NCSU/SFRT/SoftwareForRoboticsProject/jackalRepos/ros2_ws/install/jackal_msgs/share/jackal_msgs/cmake/jackal_msgs__rosidl_generator_cExport-noconfig.cmake
[6.123s] -- Installing: /home/atharva/Atharva/NCSU/SFRT/SoftwareForRoboticsProject/jackalRepos/ros2_ws/install/jackal_msgs/share/jackal_msgs/cmake/jackal_msgs__rosidl_typesupport_introspection_cExport.cmake
[6.123s] -- Installing: /home/atharva/Atharva/NCSU/SFRT/SoftwareForRoboticsProject/jackalRepos/ros2_ws/install/jackal_msgs/share/jackal_msgs/cmake/jackal_msgs__rosidl_typesupport_introspection_cExport-noconfig.cmake
[6.123s] -- Installing: /home/atharva/Atharva/NCSU/SFRT/SoftwareForRoboticsProject/jackalRepos/ros2_ws/install/jackal_msgs/share/jackal_msgs/cmake/jackal_msgs__rosidl_typesupport_cExport.cmake
[6.123s] -- Installing: /home/atharva/Atharva/NCSU/SFRT/SoftwareForRoboticsProject/jackalRepos/ros2_ws/install/jackal_msgs/share/jackal_msgs/cmake/jackal_msgs__rosidl_typesupport_cExport-noconfig.cmake
[6.123s] -- Installing: /home/atharva/Atharva/NCSU/SFRT/SoftwareForRoboticsProject/jackalRepos/ros2_ws/install/jackal_msgs/share/jackal_msgs/cmake/jackal_msgs__rosidl_generator_cppExport.cmake
[6.124s] -- Installing: /home/atharva/Atharva/NCSU/SFRT/SoftwareForRoboticsProject/jackalRepos/ros2_ws/install/jackal_msgs/share/jackal_msgs/cmake/jackal_msgs__rosidl_typesupport_introspection_cppExport.cmake
[6.124s] -- Installing: /home/atharva/Atharva/NCSU/SFRT/SoftwareForRoboticsProject/jackalRepos/ros2_ws/install/jackal_msgs/share/jackal_msgs/cmake/jackal_msgs__rosidl_typesupport_introspection_cppExport-noconfig.cmake
[6.124s] -- Installing: /home/atharva/Atharva/NCSU/SFRT/SoftwareForRoboticsProject/jackalRepos/ros2_ws/install/jackal_msgs/share/jackal_msgs/cmake/jackal_msgs__rosidl_typesupport_cppExport.cmake
[6.124s] -- Installing: /home/atharva/Atharva/NCSU/SFRT/SoftwareForRoboticsProject/jackalRepos/ros2_ws/install/jackal_msgs/share/jackal_msgs/cmake/jackal_msgs__rosidl_typesupport_cppExport-noconfig.cmake
[6.124s] -- Installing: /home/atharva/Atharva/NCSU/SFRT/SoftwareForRoboticsProject/jackalRepos/ros2_ws/install/jackal_msgs/share/jackal_msgs/cmake/rosidl_cmake-extras.cmake
[6.124s] -- Installing: /home/atharva/Atharva/NCSU/SFRT/SoftwareForRoboticsProject/jackalRepos/ros2_ws/install/jackal_msgs/share/jackal_msgs/cmake/ament_cmake_export_dependencies-extras.cmake
[6.124s] -- Installing: /home/atharva/Atharva/NCSU/SFRT/SoftwareForRoboticsProject/jackalRepos/ros2_ws/install/jackal_msgs/share/jackal_msgs/cmake/ament_cmake_export_libraries-extras.cmake
[6.124s] -- Installing: /home/atharva/Atharva/NCSU/SFRT/SoftwareForRoboticsProject/jackalRepos/ros2_ws/install/jackal_msgs/share/jackal_msgs/cmake/ament_cmake_export_targets-extras.cmake
[6.124s] -- Installing: /home/atharva/Atharva/NCSU/SFRT/SoftwareForRoboticsProject/jackalRepos/ros2_ws/install/jackal_msgs/share/jackal_msgs/cmake/ament_cmake_export_include_directories-extras.cmake
[6.124s] -- Installing: /home/atharva/Atharva/NCSU/SFRT/SoftwareForRoboticsProject/jackalRepos/ros2_ws/install/jackal_msgs/share/jackal_msgs/cmake/rosidl_cmake_export_typesupport_libraries-extras.cmake
[6.124s] -- Installing: /home/atharva/Atharva/NCSU/SFRT/SoftwareForRoboticsProject/jackalRepos/ros2_ws/install/jackal_msgs/share/jackal_msgs/cmake/rosidl_cmake_export_typesupport_targets-extras.cmake
[6.125s] -- Installing: /home/atharva/Atharva/NCSU/SFRT/SoftwareForRoboticsProject/jackalRepos/ros2_ws/install/jackal_msgs/share/jackal_msgs/cmake/jackal_msgsConfig.cmake
[6.125s] -- Installing: /home/atharva/Atharva/NCSU/SFRT/SoftwareForRoboticsProject/jackalRepos/ros2_ws/install/jackal_msgs/share/jackal_msgs/cmake/jackal_msgsConfig-version.cmake
[6.125s] -- Installing: /home/atharva/Atharva/NCSU/SFRT/SoftwareForRoboticsProject/jackalRepos/ros2_ws/install/jackal_msgs/share/jackal_msgs/package.xml
[6.126s] Invoked command in '/home/atharva/Atharva/NCSU/SFRT/SoftwareForRoboticsProject/jackalRepos/ros2_ws/build/jackal_msgs' returned '0': CMAKE_PREFIX_PATH=/opt/ros/foxy CONDA_PROMPT_MODIFIER=(rosEnv) /usr/bin/cmake --install /home/atharva/Atharva/NCSU/SFRT/SoftwareForRoboticsProject/jackalRepos/ros2_ws/build/jackal_msgs
