[  1%] Built target slam_toolbox__cpp
[ 10%] Built target slam_toolbox__rosidl_generator_c
[ 12%] Built target kartoSlamToolbox
[ 21%] Built target slam_toolbox__rosidl_typesupport_introspection_cpp
[ 30%] Built target slam_toolbox__rosidl_typesupport_cpp
[ 39%] Built target slam_toolbox__rosidl_typesupport_introspection_c
[ 48%] Built target slam_toolbox__rosidl_typesupport_fastrtps_cpp
[ 57%] Built target slam_toolbox__rosidl_typesupport_c
[ 66%] Built target slam_toolbox__rosidl_typesupport_fastrtps_c
[ 66%] Built target slam_toolbox
[35m[1mScanning dependencies of target toolbox_common[0m
[35m[1mScanning dependencies of target ceres_solver_plugin[0m
[ 67%] Built target slam_toolbox__py
[ 68%] [32mBuilding CXX object CMakeFiles/SlamToolboxPlugin.dir/rviz_plugin/moc_slam_toolbox_rviz_plugin.cpp.o[0m
[ 76%] Built target slam_toolbox__python
[ 77%] Built target slam_toolbox__rosidl_typesupport_introspection_c__pyext
[ 78%] [32mBuilding CXX object CMakeFiles/ceres_solver_plugin.dir/solvers/ceres_solver.cpp.o[0m
[ 79%] Built target slam_toolbox__rosidl_typesupport_c__pyext
[ 80%] Built target slam_toolbox__rosidl_typesupport_fastrtps_c__pyext
[ 82%] [32mBuilding CXX object CMakeFiles/toolbox_common.dir/src/map_saver.cpp.o[0m
[ 82%] [32mBuilding CXX object CMakeFiles/toolbox_common.dir/src/slam_toolbox_common.cpp.o[0m
[ 82%] [32mBuilding CXX object CMakeFiles/toolbox_common.dir/src/loop_closure_assistant.cpp.o[0m
[ 83%] [32mBuilding CXX object CMakeFiles/toolbox_common.dir/src/laser_utils.cpp.o[0m
[ 84%] [32mBuilding CXX object CMakeFiles/toolbox_common.dir/src/slam_mapper.cpp.o[0m
[ 85%] [32m[1mLinking CXX shared library libceres_solver_plugin.so[0m
[ 85%] Built target ceres_solver_plugin
[ 86%] [32m[1mLinking CXX shared library libtoolbox_common.so[0m
[ 86%] Built target toolbox_common
