-- Install configuration: ""
-- Up-to-date: /home/atharva/Atharva/NCSU/SFRT/SoftwareForRoboticsProject/jackalRepos/ros2_ws/install/jackal_gazebo/share/jackal_gazebo/launch
-- Up-to-date: /home/atharva/Atharva/NCSU/SFRT/SoftwareForRoboticsProject/jackalRepos/ros2_ws/install/jackal_gazebo/share/jackal_gazebo/launch/gazebo.launch.py
-- Up-to-date: /home/atharva/Atharva/NCSU/SFRT/SoftwareForRoboticsProject/jackalRepos/ros2_ws/install/jackal_gazebo/share/jackal_gazebo/launch/jackal_world.launch.py
-- Up-to-date: /home/atharva/Atharva/NCSU/SFRT/SoftwareForRoboticsProject/jackalRepos/ros2_ws/install/jackal_gazebo/share/jackal_gazebo/worlds
-- Up-to-date: /home/atharva/Atharva/NCSU/SFRT/SoftwareForRoboticsProject/jackalRepos/ros2_ws/install/jackal_gazebo/share/jackal_gazebo/worlds/scenario1.world
-- Up-to-date: /home/atharva/Atharva/NCSU/SFRT/SoftwareForRoboticsProject/jackalRepos/ros2_ws/install/jackal_gazebo/share/jackal_gazebo/worlds/jackal_race.world
-- Up-to-date: /home/atharva/Atharva/NCSU/SFRT/SoftwareForRoboticsProject/jackalRepos/ros2_ws/install/jackal_gazebo/share/ament_index/resource_index/package_run_dependencies/jackal_gazebo
-- Up-to-date: /home/atharva/Atharva/NCSU/SFRT/SoftwareForRoboticsProject/jackalRepos/ros2_ws/install/jackal_gazebo/share/ament_index/resource_index/parent_prefix_path/jackal_gazebo
-- Up-to-date: /home/atharva/Atharva/NCSU/SFRT/SoftwareForRoboticsProject/jackalRepos/ros2_ws/install/jackal_gazebo/share/jackal_gazebo/environment/ament_prefix_path.sh
-- Up-to-date: /home/atharva/Atharva/NCSU/SFRT/SoftwareForRoboticsProject/jackalRepos/ros2_ws/install/jackal_gazebo/share/jackal_gazebo/environment/ament_prefix_path.dsv
-- Up-to-date: /home/atharva/Atharva/NCSU/SFRT/SoftwareForRoboticsProject/jackalRepos/ros2_ws/install/jackal_gazebo/share/jackal_gazebo/environment/path.sh
-- Up-to-date: /home/atharva/Atharva/NCSU/SFRT/SoftwareForRoboticsProject/jackalRepos/ros2_ws/install/jackal_gazebo/share/jackal_gazebo/environment/path.dsv
-- Up-to-date: /home/atharva/Atharva/NCSU/SFRT/SoftwareForRoboticsProject/jackalRepos/ros2_ws/install/jackal_gazebo/share/jackal_gazebo/local_setup.bash
-- Up-to-date: /home/atharva/Atharva/NCSU/SFRT/SoftwareForRoboticsProject/jackalRepos/ros2_ws/install/jackal_gazebo/share/jackal_gazebo/local_setup.sh
-- Up-to-date: /home/atharva/Atharva/NCSU/SFRT/SoftwareForRoboticsProject/jackalRepos/ros2_ws/install/jackal_gazebo/share/jackal_gazebo/local_setup.zsh
-- Up-to-date: /home/atharva/Atharva/NCSU/SFRT/SoftwareForRoboticsProject/jackalRepos/ros2_ws/install/jackal_gazebo/share/jackal_gazebo/local_setup.dsv
-- Up-to-date: /home/atharva/Atharva/NCSU/SFRT/SoftwareForRoboticsProject/jackalRepos/ros2_ws/install/jackal_gazebo/share/jackal_gazebo/package.dsv
-- Up-to-date: /home/atharva/Atharva/NCSU/SFRT/SoftwareForRoboticsProject/jackalRepos/ros2_ws/install/jackal_gazebo/share/ament_index/resource_index/packages/jackal_gazebo
-- Up-to-date: /home/atharva/Atharva/NCSU/SFRT/SoftwareForRoboticsProject/jackalRepos/ros2_ws/install/jackal_gazebo/share/jackal_gazebo/cmake/jackal_gazeboConfig.cmake
-- Up-to-date: /home/atharva/Atharva/NCSU/SFRT/SoftwareForRoboticsProject/jackalRepos/ros2_ws/install/jackal_gazebo/share/jackal_gazebo/cmake/jackal_gazeboConfig-version.cmake
-- Up-to-date: /home/atharva/Atharva/NCSU/SFRT/SoftwareForRoboticsProject/jackalRepos/ros2_ws/install/jackal_gazebo/share/jackal_gazebo/package.xml
