[0.026s] Invoking command in '/home/atharva/Atharva/NCSU/SFRT/SoftwareForRoboticsProject/jackal_ws/build/jackal_gazebo': /usr/bin/cmake /home/atharva/Atharva/NCSU/SFRT/SoftwareForRoboticsProject/jackal_ws/src/jackal_simulator/jackal_gazebo -DCMAKE_INSTALL_PREFIX=/home/atharva/Atharva/NCSU/SFRT/SoftwareForRoboticsProject/jackal_ws/install/jackal_gazebo
[0.039s] -- Found ament_cmake: 0.9.11 (/opt/ros/foxy/share/ament_cmake/cmake)
[0.064s] -- Using PYTHON_EXECUTABLE: /home/atharva/anaconda3/bin/python3
[0.248s] -- Override CMake install command with custom implementation using symlinks instead of copying resources
[0.261s] -- Found urdf: 2.4.0 (/opt/ros/foxy/share/urdf/cmake)
[0.282s] -- Found xacro: 2.0.7 (/opt/ros/foxy/share/xacro/cmake)
[0.284s] -- Found rclpy: 1.0.12 (/opt/ros/foxy/share/rclpy/cmake)
[0.336s] Error parsing '/home/atharva/Atharva/NCSU/SFRT/SoftwareForRoboticsProject/jackal_ws/src/jackal_simulator/jackal_gazebo/package.xml':
[0.336s] Traceback (most recent call last):
[0.336s]   File "/opt/ros/foxy/share/ament_cmake_core/cmake/core/package_xml_2_cmake.py", line 143, in <module>
[0.336s]     main()
[0.336s]   File "/opt/ros/foxy/share/ament_cmake_core/cmake/core/package_xml_2_cmake.py", line 52, in main
[0.336s]     raise e
[0.336s]   File "/opt/ros/foxy/share/ament_cmake_core/cmake/core/package_xml_2_cmake.py", line 48, in main
[0.336s]     package = parse_package_string(
[0.337s]   File "/home/atharva/anaconda3/lib/python3.9/site-packages/catkin_pkg/package.py", line 786, in parse_package_string
[0.337s]     raise InvalidPackage('Error(s):%s' % (''.join(['\n- %s' % e for e in errors])), filename)
[0.337s] catkin_pkg.package.InvalidPackage: Error(s) in package '/home/atharva/Atharva/NCSU/SFRT/SoftwareForRoboticsProject/jackal_ws/src/jackal_simulator/jackal_gazebo/package.xml':
[0.337s] Error(s):
[0.337s] - The generic dependency on 'python3' is redundant with: exec_depend
[0.345s] CMake Error at /opt/ros/foxy/share/ament_cmake_core/cmake/core/ament_package_xml.cmake:94 (message):
[0.345s]   execute_process(/home/atharva/anaconda3/bin/python3
[0.345s]   /opt/ros/foxy/share/ament_cmake_core/cmake/core/package_xml_2_cmake.py
[0.345s]   /home/atharva/Atharva/NCSU/SFRT/SoftwareForRoboticsProject/jackal_ws/src/jackal_simulator/jackal_gazebo/package.xml
[0.346s]   /home/atharva/Atharva/NCSU/SFRT/SoftwareForRoboticsProject/jackal_ws/build/jackal_gazebo/ament_cmake_core/package.cmake)
[0.346s]   returned error code 1
[0.346s] Call Stack (most recent call first):
[0.346s]   /opt/ros/foxy/share/ament_cmake_core/cmake/core/ament_package_xml.cmake:49 (_ament_package_xml)
[0.346s]   /opt/ros/foxy/share/ament_cmake_core/cmake/core/ament_package.cmake:63 (ament_package_xml)
[0.346s]   CMakeLists.txt:30 (ament_package)
[0.346s] 
[0.346s] 
[0.346s] -- Configuring incomplete, errors occurred!
[0.346s] See also "/home/atharva/Atharva/NCSU/SFRT/SoftwareForRoboticsProject/jackal_ws/build/jackal_gazebo/CMakeFiles/CMakeOutput.log".
[0.348s] Invoked command in '/home/atharva/Atharva/NCSU/SFRT/SoftwareForRoboticsProject/jackal_ws/build/jackal_gazebo' returned '1': /usr/bin/cmake /home/atharva/Atharva/NCSU/SFRT/SoftwareForRoboticsProject/jackal_ws/src/jackal_simulator/jackal_gazebo -DCMAKE_INSTALL_PREFIX=/home/atharva/Atharva/NCSU/SFRT/SoftwareForRoboticsProject/jackal_ws/install/jackal_gazebo
