[0.050s] Invoking command in '/home/atharva/Atharva/NCSU/SFRT/SoftwareForRoboticsProject/jackal_ws/build/smac_planner': AMENT_PREFIX_PATH=/home/atharva/Atharva/NCSU/SFRT/SoftwareForRoboticsProject/jackal_ws/install/nav2_core:/home/atharva/Atharva/NCSU/SFRT/SoftwareForRoboticsProject/jackal_ws/install/nav2_costmap_2d:/home/atharva/Atharva/NCSU/SFRT/SoftwareForRoboticsProject/jackal_ws/install/nav2_util:/home/atharva/Atharva/NCSU/SFRT/SoftwareForRoboticsProject/jackal_ws/install/nav2_voxel_grid:/home/atharva/Atharva/NCSU/SFRT/SoftwareForRoboticsProject/jackal_ws/install/nav2_msgs:/home/atharva/Atharva/NCSU/SFRT/SoftwareForRoboticsProject/jackal_ws/install/nav2_common:${AMENT_PREFIX_PATH} CMAKE_PREFIX_PATH=/home/atharva/Atharva/NCSU/SFRT/SoftwareForRoboticsProject/jackal_ws/install/nav2_core:/home/atharva/Atharva/NCSU/SFRT/SoftwareForRoboticsProject/jackal_ws/install/nav2_costmap_2d:/home/atharva/Atharva/NCSU/SFRT/SoftwareForRoboticsProject/jackal_ws/install/nav2_util:/home/atharva/Atharva/NCSU/SFRT/SoftwareForRoboticsProject/jackal_ws/install/nav2_voxel_grid:/home/atharva/Atharva/NCSU/SFRT/SoftwareForRoboticsProject/jackal_ws/install/nav2_msgs:/home/atharva/Atharva/NCSU/SFRT/SoftwareForRoboticsProject/jackal_ws/install/nav2_common:/home/atharva/Atharva/NCSU/SFRT/SoftwareForRoboticsProject/jackal_ws/install/zed_ros2:/home/atharva/Atharva/NCSU/SFRT/SoftwareForRoboticsProject/jackal_ws/install/zed_wrapper:/home/atharva/Atharva/NCSU/SFRT/SoftwareForRoboticsProject/jackal_ws/install/zed_components:/home/atharva/Atharva/NCSU/SFRT/SoftwareForRoboticsProject/jackal_ws/install/zed_interfaces:/home/atharva/Atharva/NCSU/SFRT/SoftwareForRoboticsProject/jackal_ws/install/jackal_desktop:/home/atharva/Atharva/NCSU/SFRT/SoftwareForRoboticsProject/jackal_ws/install/jackal_viz:/home/atharva/Atharva/NCSU/SFRT/SoftwareForRoboticsProject/jackal_ws/install/jackal_simulator:/home/atharva/Atharva/NCSU/SFRT/SoftwareForRoboticsProject/jackal_ws/install/jackal_navigation:/home/atharva/Atharva/NCSU/SFRT/SoftwareForRoboticsProject/jackal_ws/install/jackal_msgs:/home/atharva/Atharva/NCSU/SFRT/SoftwareForRoboticsProject/jackal_ws/install/jackal_gazebo:/home/atharva/Atharva/NCSU/SFRT/SoftwareForRoboticsProject/jackal_ws/install/jackal_control:/home/atharva/Atharva/NCSU/SFRT/SoftwareForRoboticsProject/jackal_ws/install/jackal_description:/opt/ros/foxy CONDA_PROMPT_MODIFIER=(base) LD_LIBRARY_PATH=/home/atharva/Atharva/NCSU/SFRT/SoftwareForRoboticsProject/jackal_ws/install/nav2_costmap_2d/lib:/home/atharva/Atharva/NCSU/SFRT/SoftwareForRoboticsProject/jackal_ws/install/nav2_util/lib:/home/atharva/Atharva/NCSU/SFRT/SoftwareForRoboticsProject/jackal_ws/install/nav2_voxel_grid/lib:/home/atharva/Atharva/NCSU/SFRT/SoftwareForRoboticsProject/jackal_ws/install/nav2_msgs/lib:${LD_LIBRARY_PATH} PYTHONPATH=/home/atharva/Atharva/NCSU/SFRT/SoftwareForRoboticsProject/jackal_ws/install/nav2_msgs/lib/python3.9/site-packages:/home/atharva/Atharva/NCSU/SFRT/SoftwareForRoboticsProject/jackal_ws/install/nav2_common/lib/python3.9/site-packages:${PYTHONPATH} /usr/bin/cmake /home/atharva/Atharva/NCSU/SFRT/SoftwareForRoboticsProject/jackal_ws/src/navigation2/smac_planner -DAMENT_CMAKE_SYMLINK_INSTALL=1 -DCMAKE_INSTALL_PREFIX=/home/atharva/Atharva/NCSU/SFRT/SoftwareForRoboticsProject/jackal_ws/install/smac_planner
[0.111s] -- The C compiler identification is GNU 9.4.0
[0.165s] -- The CXX compiler identification is GNU 9.4.0
[0.171s] -- Check for working C compiler: /usr/bin/cc
[0.243s] -- Check for working C compiler: /usr/bin/cc -- works
[0.244s] -- Detecting C compiler ABI info
[0.323s] -- Detecting C compiler ABI info - done
[0.339s] -- Detecting C compile features
[0.340s] -- Detecting C compile features - done
[0.343s] -- Check for working CXX compiler: /usr/bin/c++
[0.440s] -- Check for working CXX compiler: /usr/bin/c++ -- works
[0.441s] -- Detecting CXX compiler ABI info
[0.537s] -- Detecting CXX compiler ABI info - done
[0.548s] -- Detecting CXX compile features
[0.549s] -- Detecting CXX compile features - done
[0.551s] -- Found ament_cmake: 0.9.11 (/opt/ros/foxy/share/ament_cmake/cmake)
[0.584s] -- Found PythonInterp: /home/atharva/anaconda3/bin/python3 (found suitable version "3.9.13", minimum required is "3") 
[0.584s] -- Using PYTHON_EXECUTABLE: /home/atharva/anaconda3/bin/python3
[0.898s] -- Override CMake install command with custom implementation using symlinks instead of copying resources
[0.938s] -- Found nav2_common: 0.4.7 (/home/atharva/Atharva/NCSU/SFRT/SoftwareForRoboticsProject/jackal_ws/install/nav2_common/share/nav2_common/cmake)
[0.942s] -- Found rclcpp: 2.4.2 (/opt/ros/foxy/share/rclcpp/cmake)
[1.013s] -- Using all available rosidl_typesupport_c: rosidl_typesupport_fastrtps_c;rosidl_typesupport_introspection_c
[1.024s] -- Found rosidl_adapter: 1.3.0 (/opt/ros/foxy/share/rosidl_adapter/cmake)
[1.108s] -- Found OpenSSL: /usr/lib/x86_64-linux-gnu/libcrypto.so (found version "1.1.1f")  
[1.139s] -- Found FastRTPS: /opt/ros/foxy/include  
[1.228s] -- Using all available rosidl_typesupport_cpp: rosidl_typesupport_fastrtps_cpp;rosidl_typesupport_introspection_cpp
[1.315s] -- Found rmw_implementation_cmake: 1.0.4 (/opt/ros/foxy/share/rmw_implementation_cmake/cmake)
[1.318s] -- Using RMW implementation 'rmw_fastrtps_cpp' as default
[1.319s] -- Looking for pthread.h
[1.385s] -- Looking for pthread.h - found
[1.385s] -- Performing Test CMAKE_HAVE_LIBC_PTHREAD
[1.456s] -- Performing Test CMAKE_HAVE_LIBC_PTHREAD - Failed
[1.457s] -- Looking for pthread_create in pthreads
[1.510s] -- Looking for pthread_create in pthreads - not found
[1.510s] -- Looking for pthread_create in pthread
[1.571s] -- Looking for pthread_create in pthread - found
[1.571s] -- Found Threads: TRUE  
[1.714s] -- Found rclcpp_action: 2.4.2 (/opt/ros/foxy/share/rclcpp_action/cmake)
[1.786s] -- Found rclcpp_lifecycle: 2.4.2 (/opt/ros/foxy/share/rclcpp_lifecycle/cmake)
[1.816s] -- Found visualization_msgs: 2.0.5 (/opt/ros/foxy/share/visualization_msgs/cmake)
[1.920s] -- Found nav2_util: 0.4.7 (/home/atharva/Atharva/NCSU/SFRT/SoftwareForRoboticsProject/jackal_ws/install/nav2_util/share/nav2_util/cmake)
[2.495s] -- Found eigen3_cmake_module: 0.1.1 (/opt/ros/foxy/share/eigen3_cmake_module/cmake)
[2.499s] -- Found Eigen3: TRUE (found version "3.3.7") 
[2.618s] -- Found nav2_core: 0.4.7 (/home/atharva/Atharva/NCSU/SFRT/SoftwareForRoboticsProject/jackal_ws/install/nav2_core/share/nav2_core/cmake)
[3.728s] -- Found installed version of Eigen: /usr/lib/cmake/eigen3
[3.729s] -- Found required Ceres dependency: Eigen version 3.3.7 in /usr/include/eigen3
[3.734s] -- Found required Ceres dependency: glog
[3.737s] -- Found installed version of gflags: /usr/lib/x86_64-linux-gnu/cmake/gflags
[3.737s] -- Detected gflags version: 2.2.2
[3.738s] -- Found required Ceres dependency: gflags
[3.739s] -- Found Ceres version: 1.14.0 installed in: /usr with components: [EigenSparse, SparseLinearAlgebraLibrary, LAPACK, SuiteSparse, CXSparse, SchurSpecializations, OpenMP, Multithreading]
[3.745s] -- Found ompl: /opt/ros/foxy/include/ompl-1.5;/usr/include/eigen3  
[3.988s] -- Found OpenMP_C: -fopenmp (found version "4.5") 
[4.067s] -- Found OpenMP_CXX: -fopenmp (found version "4.5") 
[4.068s] -- Found OpenMP: TRUE (found version "4.5")  
[7.677s] -- Found ament_lint_auto: 0.9.8 (/opt/ros/foxy/share/ament_lint_auto/cmake)
[7.770s] -- Found ament_cmake_gtest: 0.9.11 (/opt/ros/foxy/share/ament_cmake_gtest/cmake)
[7.776s] -- Found gtest sources under '/opt/ros/foxy/src/gtest_vendor': C++ tests using 'Google Test' will be built
[7.778s] -- Check if compiler accepts -pthread
[7.843s] -- Check if compiler accepts -pthread - yes
[21.958s] -- Added test 'copyright' to check source files copyright and LICENSE
[21.960s] -- Added test 'cppcheck' to perform static code analysis on C / C++ code
[21.960s] -- Configured cppcheck include dirs: /home/atharva/Atharva/NCSU/SFRT/SoftwareForRoboticsProject/jackal_ws/src/navigation2/smac_planner/include
[21.960s] -- Configured cppcheck exclude dirs and/or files: 
[21.962s] -- Added test 'cpplint' to check C / C++ code against the Google style
[21.962s] -- Configured cpplint exclude dirs and/or files: 
[21.963s] -- Added test 'lint_cmake' to check CMake code style
[21.964s] -- Added test 'uncrustify' to check C / C++ code style
[21.964s] -- Configured uncrustify additional arguments: 
[21.965s] -- Added test 'xmllint' to check XML markup files
[21.971s] -- Configuring done
[22.324s] -- Generating done
[22.327s] -- Build files have been written to: /home/atharva/Atharva/NCSU/SFRT/SoftwareForRoboticsProject/jackal_ws/build/smac_planner
