-- Install configuration: "Release"
-- Execute custom install script
-- Up-to-date symlink: /home/atharva/Atharva/NCSU/SFRT/SoftwareForRoboticsProject/jackal_ws/install/jackal_description/share/jackal_description/launch/description.launch.py
-- Up-to-date symlink: /home/atharva/Atharva/NCSU/SFRT/SoftwareForRoboticsProject/jackal_ws/install/jackal_description/share/jackal_description/meshes/accessory_fender.stl
-- Up-to-date symlink: /home/atharva/Atharva/NCSU/SFRT/SoftwareForRoboticsProject/jackal_ws/install/jackal_description/share/jackal_description/meshes/ark_enclosure.stl
-- Up-to-date symlink: /home/atharva/Atharva/NCSU/SFRT/SoftwareForRoboticsProject/jackal_ws/install/jackal_description/share/jackal_description/meshes/bridge-plate.stl
-- Up-to-date symlink: /home/atharva/Atharva/NCSU/SFRT/SoftwareForRoboticsProject/jackal_ws/install/jackal_description/share/jackal_description/meshes/camera-beam.stl
-- Up-to-date symlink: /home/atharva/Atharva/NCSU/SFRT/SoftwareForRoboticsProject/jackal_ws/install/jackal_description/share/jackal_description/meshes/camera-bracket.stl
-- Up-to-date symlink: /home/atharva/Atharva/NCSU/SFRT/SoftwareForRoboticsProject/jackal_ws/install/jackal_description/share/jackal_description/meshes/hokuyo_ust10.stl
-- Up-to-date symlink: /home/atharva/Atharva/NCSU/SFRT/SoftwareForRoboticsProject/jackal_ws/install/jackal_description/share/jackal_description/meshes/jackal-base.stl
-- Up-to-date symlink: /home/atharva/Atharva/NCSU/SFRT/SoftwareForRoboticsProject/jackal_ws/install/jackal_description/share/jackal_description/meshes/jackal-fender.stl
-- Up-to-date symlink: /home/atharva/Atharva/NCSU/SFRT/SoftwareForRoboticsProject/jackal_ws/install/jackal_description/share/jackal_description/meshes/jackal-fenders.stl
-- Up-to-date symlink: /home/atharva/Atharva/NCSU/SFRT/SoftwareForRoboticsProject/jackal_ws/install/jackal_description/share/jackal_description/meshes/jackal-wheel.stl
-- Up-to-date symlink: /home/atharva/Atharva/NCSU/SFRT/SoftwareForRoboticsProject/jackal_ws/install/jackal_description/share/jackal_description/meshes/kinect_mount.stl
-- Up-to-date symlink: /home/atharva/Atharva/NCSU/SFRT/SoftwareForRoboticsProject/jackal_ws/install/jackal_description/share/jackal_description/meshes/novatel-smart6.stl
-- Up-to-date symlink: /home/atharva/Atharva/NCSU/SFRT/SoftwareForRoboticsProject/jackal_ws/install/jackal_description/share/jackal_description/meshes/novatel-smart7.stl
-- Up-to-date symlink: /home/atharva/Atharva/NCSU/SFRT/SoftwareForRoboticsProject/jackal_ws/install/jackal_description/share/jackal_description/meshes/sick-lms1xx-bracket.stl
-- Up-to-date symlink: /home/atharva/Atharva/NCSU/SFRT/SoftwareForRoboticsProject/jackal_ws/install/jackal_description/share/jackal_description/meshes/stereo-camera-beam.stl
-- Up-to-date symlink: /home/atharva/Atharva/NCSU/SFRT/SoftwareForRoboticsProject/jackal_ws/install/jackal_description/share/jackal_description/meshes/stereo-camera-bracket.stl
-- Up-to-date symlink: /home/atharva/Atharva/NCSU/SFRT/SoftwareForRoboticsProject/jackal_ws/install/jackal_description/share/jackal_description/urdf/accessories.urdf.xacro
-- Up-to-date symlink: /home/atharva/Atharva/NCSU/SFRT/SoftwareForRoboticsProject/jackal_ws/install/jackal_description/share/jackal_description/urdf/accessories/bridge_plate.urdf.xacro
-- Up-to-date symlink: /home/atharva/Atharva/NCSU/SFRT/SoftwareForRoboticsProject/jackal_ws/install/jackal_description/share/jackal_description/urdf/accessories/camera_mount.urdf.xacro
-- Up-to-date symlink: /home/atharva/Atharva/NCSU/SFRT/SoftwareForRoboticsProject/jackal_ws/install/jackal_description/share/jackal_description/urdf/accessories/hdl32_mount.urdf.xacro
-- Up-to-date symlink: /home/atharva/Atharva/NCSU/SFRT/SoftwareForRoboticsProject/jackal_ws/install/jackal_description/share/jackal_description/urdf/accessories/hokuyo_ust10.urdf.xacro
-- Up-to-date symlink: /home/atharva/Atharva/NCSU/SFRT/SoftwareForRoboticsProject/jackal_ws/install/jackal_description/share/jackal_description/urdf/accessories/novatel_smart6.urdf.xacro
-- Up-to-date symlink: /home/atharva/Atharva/NCSU/SFRT/SoftwareForRoboticsProject/jackal_ws/install/jackal_description/share/jackal_description/urdf/accessories/novatel_smart7.urdf.xacro
-- Up-to-date symlink: /home/atharva/Atharva/NCSU/SFRT/SoftwareForRoboticsProject/jackal_ws/install/jackal_description/share/jackal_description/urdf/accessories/sick_lms1xx_mount.urdf.xacro
-- Up-to-date symlink: /home/atharva/Atharva/NCSU/SFRT/SoftwareForRoboticsProject/jackal_ws/install/jackal_description/share/jackal_description/urdf/accessories/standoffs.urdf.xacro
-- Up-to-date symlink: /home/atharva/Atharva/NCSU/SFRT/SoftwareForRoboticsProject/jackal_ws/install/jackal_description/share/jackal_description/urdf/accessories/stereo_camera_mount.urdf.xacro
-- Up-to-date symlink: /home/atharva/Atharva/NCSU/SFRT/SoftwareForRoboticsProject/jackal_ws/install/jackal_description/share/jackal_description/urdf/accessories/vlp16_mount.urdf.xacro
-- Up-to-date symlink: /home/atharva/Atharva/NCSU/SFRT/SoftwareForRoboticsProject/jackal_ws/install/jackal_description/share/jackal_description/urdf/bumblebee_camera_mount.urdf.xacro
-- Up-to-date symlink: /home/atharva/Atharva/NCSU/SFRT/SoftwareForRoboticsProject/jackal_ws/install/jackal_description/share/jackal_description/urdf/custom_example.urdf
-- Up-to-date symlink: /home/atharva/Atharva/NCSU/SFRT/SoftwareForRoboticsProject/jackal_ws/install/jackal_description/share/jackal_description/urdf/empty.urdf
-- Up-to-date symlink: /home/atharva/Atharva/NCSU/SFRT/SoftwareForRoboticsProject/jackal_ws/install/jackal_description/share/jackal_description/urdf/jackal.gazebo
-- Up-to-date symlink: /home/atharva/Atharva/NCSU/SFRT/SoftwareForRoboticsProject/jackal_ws/install/jackal_description/share/jackal_description/urdf/jackal.urdf.xacro
-- Up-to-date symlink: /home/atharva/Atharva/NCSU/SFRT/SoftwareForRoboticsProject/jackal_ws/install/jackal_description/share/jackal_description/urdf/temp_camera.gazebo
-- Up-to-date symlink: /home/atharva/Atharva/NCSU/SFRT/SoftwareForRoboticsProject/jackal_ws/install/jackal_description/share/jackal_description/urdf/temp_camera.urdf.xacro
-- Up-to-date symlink: /home/atharva/Atharva/NCSU/SFRT/SoftwareForRoboticsProject/jackal_ws/install/jackal_description/share/jackal_description/urdf/temp_depth.gazebo
-- Up-to-date symlink: /home/atharva/Atharva/NCSU/SFRT/SoftwareForRoboticsProject/jackal_ws/install/jackal_description/share/jackal_description/urdf/temp_depth.urdf.xacro
-- Up-to-date symlink: /home/atharva/Atharva/NCSU/SFRT/SoftwareForRoboticsProject/jackal_ws/install/jackal_description/share/jackal_description/urdf/temp_laser.gazebo
-- Up-to-date symlink: /home/atharva/Atharva/NCSU/SFRT/SoftwareForRoboticsProject/jackal_ws/install/jackal_description/share/jackal_description/urdf/temp_laser.urdf.xacro
-- Up-to-date symlink: /home/atharva/Atharva/NCSU/SFRT/SoftwareForRoboticsProject/jackal_ws/install/jackal_description/share/ament_index/resource_index/package_run_dependencies/jackal_description
-- Up-to-date symlink: /home/atharva/Atharva/NCSU/SFRT/SoftwareForRoboticsProject/jackal_ws/install/jackal_description/share/ament_index/resource_index/parent_prefix_path/jackal_description
-- Up-to-date symlink: /home/atharva/Atharva/NCSU/SFRT/SoftwareForRoboticsProject/jackal_ws/install/jackal_description/share/jackal_description/environment/ament_prefix_path.sh
-- Up-to-date symlink: /home/atharva/Atharva/NCSU/SFRT/SoftwareForRoboticsProject/jackal_ws/install/jackal_description/share/jackal_description/environment/ament_prefix_path.dsv
-- Up-to-date symlink: /home/atharva/Atharva/NCSU/SFRT/SoftwareForRoboticsProject/jackal_ws/install/jackal_description/share/jackal_description/environment/path.sh
-- Up-to-date symlink: /home/atharva/Atharva/NCSU/SFRT/SoftwareForRoboticsProject/jackal_ws/install/jackal_description/share/jackal_description/environment/path.dsv
-- Up-to-date symlink: /home/atharva/Atharva/NCSU/SFRT/SoftwareForRoboticsProject/jackal_ws/install/jackal_description/share/jackal_description/local_setup.bash
-- Up-to-date symlink: /home/atharva/Atharva/NCSU/SFRT/SoftwareForRoboticsProject/jackal_ws/install/jackal_description/share/jackal_description/local_setup.sh
-- Up-to-date symlink: /home/atharva/Atharva/NCSU/SFRT/SoftwareForRoboticsProject/jackal_ws/install/jackal_description/share/jackal_description/local_setup.zsh
-- Up-to-date symlink: /home/atharva/Atharva/NCSU/SFRT/SoftwareForRoboticsProject/jackal_ws/install/jackal_description/share/jackal_description/local_setup.dsv
-- Symlinking: /home/atharva/Atharva/NCSU/SFRT/SoftwareForRoboticsProject/jackal_ws/install/jackal_description/share/jackal_description/package.dsv
-- Up-to-date symlink: /home/atharva/Atharva/NCSU/SFRT/SoftwareForRoboticsProject/jackal_ws/install/jackal_description/share/ament_index/resource_index/packages/jackal_description
-- Up-to-date symlink: /home/atharva/Atharva/NCSU/SFRT/SoftwareForRoboticsProject/jackal_ws/install/jackal_description/share/jackal_description/cmake/ament_cmake_export_dependencies-extras.cmake
-- Up-to-date symlink: /home/atharva/Atharva/NCSU/SFRT/SoftwareForRoboticsProject/jackal_ws/install/jackal_description/share/jackal_description/cmake/jackal_descriptionConfig.cmake
-- Up-to-date symlink: /home/atharva/Atharva/NCSU/SFRT/SoftwareForRoboticsProject/jackal_ws/install/jackal_description/share/jackal_description/cmake/jackal_descriptionConfig-version.cmake
-- Up-to-date symlink: /home/atharva/Atharva/NCSU/SFRT/SoftwareForRoboticsProject/jackal_ws/install/jackal_description/share/jackal_description/package.xml
