[0.010s] Invoking command in '/home/atharva/Atharva/NCSU/SFRT/SoftwareForRoboticsProject/jackalRepos/ros2_ws/build/jackal_robot': AMENT_PREFIX_PATH=/home/atharva/Atharva/NCSU/SFRT/SoftwareForRoboticsProject/jackalRepos/ros2_ws/install/jackal_control:/home/atharva/Atharva/NCSU/SFRT/SoftwareForRoboticsProject/jackalRepos/ros2_ws/install/jackal_msgs:/home/atharva/Atharva/NCSU/SFRT/SoftwareForRoboticsProject/jackalRepos/ros2_ws/install/jackal_description:${AMENT_PREFIX_PATH} CMAKE_PREFIX_PATH=/home/atharva/Atharva/NCSU/SFRT/SoftwareForRoboticsProject/jackalRepos/ros2_ws/install/jackal_control:/home/atharva/Atharva/NCSU/SFRT/SoftwareForRoboticsProject/jackalRepos/ros2_ws/install/jackal_msgs:/home/atharva/Atharva/NCSU/SFRT/SoftwareForRoboticsProject/jackalRepos/ros2_ws/install/jackal_description:/opt/ros/foxy CONDA_PROMPT_MODIFIER=(rosEnv) LD_LIBRARY_PATH=/home/atharva/Atharva/NCSU/SFRT/SoftwareForRoboticsProject/jackalRepos/ros2_ws/install/jackal_msgs/lib:${LD_LIBRARY_PATH} PYTHONPATH=/home/atharva/Atharva/NCSU/SFRT/SoftwareForRoboticsProject/jackalRepos/ros2_ws/install/jackal_msgs/lib/python3.10/site-packages:${PYTHONPATH} /usr/bin/cmake /home/atharva/Atharva/NCSU/SFRT/SoftwareForRoboticsProject/jackalRepos/ros2_ws/src/jackal_robot -DCMAKE_INSTALL_PREFIX=/home/atharva/Atharva/NCSU/SFRT/SoftwareForRoboticsProject/jackalRepos/ros2_ws/install/jackal_robot
[0.047s] -- The C compiler identification is GNU 9.4.0
[0.092s] -- The CXX compiler identification is GNU 9.4.0
[0.097s] -- Check for working C compiler: /usr/bin/cc
[0.141s] -- Check for working C compiler: /usr/bin/cc -- works
[0.142s] -- Detecting C compiler ABI info
[0.188s] -- Detecting C compiler ABI info - done
[0.195s] -- Detecting C compile features
[0.195s] -- Detecting C compile features - done
[0.197s] -- Check for working CXX compiler: /usr/bin/c++
[0.250s] -- Check for working CXX compiler: /usr/bin/c++ -- works
[0.251s] -- Detecting CXX compiler ABI info
[0.311s] -- Detecting CXX compiler ABI info - done
[0.318s] -- Detecting CXX compile features
[0.318s] -- Detecting CXX compile features - done
[0.320s] -- Found ament_cmake: 0.9.11 (/opt/ros/foxy/share/ament_cmake/cmake)
[0.336s] -- Found PythonInterp: /home/atharva/anaconda3/envs/rosEnv/bin/python3 (found suitable version "3.10", minimum required is "3") 
[0.336s] -- Using PYTHON_EXECUTABLE: /home/atharva/anaconda3/envs/rosEnv/bin/python3
[0.462s] -- Found controller_interface: 0.11.0 (/opt/ros/foxy/share/controller_interface/cmake)
[0.486s] -- Using all available rosidl_typesupport_c: rosidl_typesupport_fastrtps_c;rosidl_typesupport_introspection_c
[0.491s] -- Found rosidl_adapter: 1.3.0 (/opt/ros/foxy/share/rosidl_adapter/cmake)
[0.542s] -- Found OpenSSL: /usr/lib/x86_64-linux-gnu/libcrypto.so (found version "1.1.1f")  
[0.563s] -- Found FastRTPS: /opt/ros/foxy/include  
[0.615s] -- Using all available rosidl_typesupport_cpp: rosidl_typesupport_fastrtps_cpp;rosidl_typesupport_introspection_cpp
[1.029s] -- Found rmw_implementation_cmake: 1.0.4 (/opt/ros/foxy/share/rmw_implementation_cmake/cmake)
[1.030s] -- Using RMW implementation 'rmw_fastrtps_cpp' as default
[1.030s] -- Looking for pthread.h
[1.109s] -- Looking for pthread.h - found
[1.110s] -- Performing Test CMAKE_HAVE_LIBC_PTHREAD
[1.187s] -- Performing Test CMAKE_HAVE_LIBC_PTHREAD - Failed
[1.187s] -- Looking for pthread_create in pthreads
[1.259s] -- Looking for pthread_create in pthreads - not found
[1.259s] -- Looking for pthread_create in pthread
[1.328s] -- Looking for pthread_create in pthread - found
[1.330s] -- Found Threads: TRUE  
[1.524s] -- Found controller_manager: 0.11.0 (/opt/ros/foxy/share/controller_manager/cmake)
[1.571s] -- Found rclpy: 1.0.12 (/opt/ros/foxy/share/rclpy/cmake)
[1.572s] -- Found jackal_msgs: 1.0.3 (/home/atharva/Atharva/NCSU/SFRT/SoftwareForRoboticsProject/jackalRepos/ros2_ws/install/jackal_msgs/share/jackal_msgs/cmake)
[1.600s] -- Found nav_msgs: 2.0.5 (/opt/ros/foxy/share/nav_msgs/cmake)
[1.654s] -- Found std_srvs: 2.0.5 (/opt/ros/foxy/share/std_srvs/cmake)
[1.662s] -- Found tf2: 0.13.14 (/opt/ros/foxy/share/tf2/cmake)
[1.669s] -- Found tf2_ros: 0.13.14 (/opt/ros/foxy/share/tf2_ros/cmake)
[2.094s] -- Configuring done
[2.105s] -- Generating done
[2.106s] -- Build files have been written to: /home/atharva/Atharva/NCSU/SFRT/SoftwareForRoboticsProject/jackalRepos/ros2_ws/build/jackal_robot
[2.115s] Invoked command in '/home/atharva/Atharva/NCSU/SFRT/SoftwareForRoboticsProject/jackalRepos/ros2_ws/build/jackal_robot' returned '0': AMENT_PREFIX_PATH=/home/atharva/Atharva/NCSU/SFRT/SoftwareForRoboticsProject/jackalRepos/ros2_ws/install/jackal_control:/home/atharva/Atharva/NCSU/SFRT/SoftwareForRoboticsProject/jackalRepos/ros2_ws/install/jackal_msgs:/home/atharva/Atharva/NCSU/SFRT/SoftwareForRoboticsProject/jackalRepos/ros2_ws/install/jackal_description:${AMENT_PREFIX_PATH} CMAKE_PREFIX_PATH=/home/atharva/Atharva/NCSU/SFRT/SoftwareForRoboticsProject/jackalRepos/ros2_ws/install/jackal_control:/home/atharva/Atharva/NCSU/SFRT/SoftwareForRoboticsProject/jackalRepos/ros2_ws/install/jackal_msgs:/home/atharva/Atharva/NCSU/SFRT/SoftwareForRoboticsProject/jackalRepos/ros2_ws/install/jackal_description:/opt/ros/foxy CONDA_PROMPT_MODIFIER=(rosEnv) LD_LIBRARY_PATH=/home/atharva/Atharva/NCSU/SFRT/SoftwareForRoboticsProject/jackalRepos/ros2_ws/install/jackal_msgs/lib:${LD_LIBRARY_PATH} PYTHONPATH=/home/atharva/Atharva/NCSU/SFRT/SoftwareForRoboticsProject/jackalRepos/ros2_ws/install/jackal_msgs/lib/python3.10/site-packages:${PYTHONPATH} /usr/bin/cmake /home/atharva/Atharva/NCSU/SFRT/SoftwareForRoboticsProject/jackalRepos/ros2_ws/src/jackal_robot -DCMAKE_INSTALL_PREFIX=/home/atharva/Atharva/NCSU/SFRT/SoftwareForRoboticsProject/jackalRepos/ros2_ws/install/jackal_robot
[2.118s] Invoking command in '/home/atharva/Atharva/NCSU/SFRT/SoftwareForRoboticsProject/jackalRepos/ros2_ws/build/jackal_robot': AMENT_PREFIX_PATH=/home/atharva/Atharva/NCSU/SFRT/SoftwareForRoboticsProject/jackalRepos/ros2_ws/install/jackal_control:/home/atharva/Atharva/NCSU/SFRT/SoftwareForRoboticsProject/jackalRepos/ros2_ws/install/jackal_msgs:/home/atharva/Atharva/NCSU/SFRT/SoftwareForRoboticsProject/jackalRepos/ros2_ws/install/jackal_description:${AMENT_PREFIX_PATH} CMAKE_PREFIX_PATH=/home/atharva/Atharva/NCSU/SFRT/SoftwareForRoboticsProject/jackalRepos/ros2_ws/install/jackal_control:/home/atharva/Atharva/NCSU/SFRT/SoftwareForRoboticsProject/jackalRepos/ros2_ws/install/jackal_msgs:/home/atharva/Atharva/NCSU/SFRT/SoftwareForRoboticsProject/jackalRepos/ros2_ws/install/jackal_description:/opt/ros/foxy CONDA_PROMPT_MODIFIER=(rosEnv) LD_LIBRARY_PATH=/home/atharva/Atharva/NCSU/SFRT/SoftwareForRoboticsProject/jackalRepos/ros2_ws/install/jackal_msgs/lib:${LD_LIBRARY_PATH} PYTHONPATH=/home/atharva/Atharva/NCSU/SFRT/SoftwareForRoboticsProject/jackalRepos/ros2_ws/install/jackal_msgs/lib/python3.10/site-packages:${PYTHONPATH} /usr/bin/cmake --build /home/atharva/Atharva/NCSU/SFRT/SoftwareForRoboticsProject/jackalRepos/ros2_ws/build/jackal_robot -- -j16 -l16
[2.158s] [35m[1mScanning dependencies of target jackal_hardware[0m
[2.188s] [ 66%] [32mBuilding CXX object CMakeFiles/jackal_hardware.dir/src/jackal_hardware_interface.cpp.o[0m
[2.188s] [ 66%] [32mBuilding CXX object CMakeFiles/jackal_hardware.dir/src/jackal_hardware.cpp.o[0m
[5.739s] [100%] [32m[1mLinking CXX shared library libjackal_hardware.so[0m
[5.958s] [100%] Built target jackal_hardware
[5.967s] Invoked command in '/home/atharva/Atharva/NCSU/SFRT/SoftwareForRoboticsProject/jackalRepos/ros2_ws/build/jackal_robot' returned '0': AMENT_PREFIX_PATH=/home/atharva/Atharva/NCSU/SFRT/SoftwareForRoboticsProject/jackalRepos/ros2_ws/install/jackal_control:/home/atharva/Atharva/NCSU/SFRT/SoftwareForRoboticsProject/jackalRepos/ros2_ws/install/jackal_msgs:/home/atharva/Atharva/NCSU/SFRT/SoftwareForRoboticsProject/jackalRepos/ros2_ws/install/jackal_description:${AMENT_PREFIX_PATH} CMAKE_PREFIX_PATH=/home/atharva/Atharva/NCSU/SFRT/SoftwareForRoboticsProject/jackalRepos/ros2_ws/install/jackal_control:/home/atharva/Atharva/NCSU/SFRT/SoftwareForRoboticsProject/jackalRepos/ros2_ws/install/jackal_msgs:/home/atharva/Atharva/NCSU/SFRT/SoftwareForRoboticsProject/jackalRepos/ros2_ws/install/jackal_description:/opt/ros/foxy CONDA_PROMPT_MODIFIER=(rosEnv) LD_LIBRARY_PATH=/home/atharva/Atharva/NCSU/SFRT/SoftwareForRoboticsProject/jackalRepos/ros2_ws/install/jackal_msgs/lib:${LD_LIBRARY_PATH} PYTHONPATH=/home/atharva/Atharva/NCSU/SFRT/SoftwareForRoboticsProject/jackalRepos/ros2_ws/install/jackal_msgs/lib/python3.10/site-packages:${PYTHONPATH} /usr/bin/cmake --build /home/atharva/Atharva/NCSU/SFRT/SoftwareForRoboticsProject/jackalRepos/ros2_ws/build/jackal_robot -- -j16 -l16
[5.992s] Invoking command in '/home/atharva/Atharva/NCSU/SFRT/SoftwareForRoboticsProject/jackalRepos/ros2_ws/build/jackal_robot': AMENT_PREFIX_PATH=/home/atharva/Atharva/NCSU/SFRT/SoftwareForRoboticsProject/jackalRepos/ros2_ws/install/jackal_control:/home/atharva/Atharva/NCSU/SFRT/SoftwareForRoboticsProject/jackalRepos/ros2_ws/install/jackal_msgs:/home/atharva/Atharva/NCSU/SFRT/SoftwareForRoboticsProject/jackalRepos/ros2_ws/install/jackal_description:${AMENT_PREFIX_PATH} CMAKE_PREFIX_PATH=/home/atharva/Atharva/NCSU/SFRT/SoftwareForRoboticsProject/jackalRepos/ros2_ws/install/jackal_control:/home/atharva/Atharva/NCSU/SFRT/SoftwareForRoboticsProject/jackalRepos/ros2_ws/install/jackal_msgs:/home/atharva/Atharva/NCSU/SFRT/SoftwareForRoboticsProject/jackalRepos/ros2_ws/install/jackal_description:/opt/ros/foxy CONDA_PROMPT_MODIFIER=(rosEnv) LD_LIBRARY_PATH=/home/atharva/Atharva/NCSU/SFRT/SoftwareForRoboticsProject/jackalRepos/ros2_ws/install/jackal_msgs/lib:${LD_LIBRARY_PATH} PYTHONPATH=/home/atharva/Atharva/NCSU/SFRT/SoftwareForRoboticsProject/jackalRepos/ros2_ws/install/jackal_msgs/lib/python3.10/site-packages:${PYTHONPATH} /usr/bin/cmake --install /home/atharva/Atharva/NCSU/SFRT/SoftwareForRoboticsProject/jackalRepos/ros2_ws/build/jackal_robot
[5.997s] -- Install configuration: ""
[5.997s] -- Installing: /home/atharva/Atharva/NCSU/SFRT/SoftwareForRoboticsProject/jackalRepos/ros2_ws/install/jackal_robot/share/jackal_robot/jackal_hardware.xml
[5.998s] -- Installing: /home/atharva/Atharva/NCSU/SFRT/SoftwareForRoboticsProject/jackalRepos/ros2_ws/install/jackal_robot/share/jackal_robot/environment/pythonpath.sh
[5.998s] -- Installing: /home/atharva/Atharva/NCSU/SFRT/SoftwareForRoboticsProject/jackalRepos/ros2_ws/install/jackal_robot/share/jackal_robot/environment/pythonpath.dsv
[5.998s] -- Installing: /home/atharva/Atharva/NCSU/SFRT/SoftwareForRoboticsProject/jackalRepos/ros2_ws/install/jackal_robot/lib/python3.10/site-packages/jackal_robot
[5.998s] -- Installing: /home/atharva/Atharva/NCSU/SFRT/SoftwareForRoboticsProject/jackalRepos/ros2_ws/install/jackal_robot/lib/python3.10/site-packages/jackal_robot/__init__.py
[5.998s] -- Installing: /home/atharva/Atharva/NCSU/SFRT/SoftwareForRoboticsProject/jackalRepos/ros2_ws/install/jackal_robot/lib/python3.10/site-packages/jackal_robot/diagnostics_updater
[6.019s] Listing '/home/atharva/Atharva/NCSU/SFRT/SoftwareForRoboticsProject/jackalRepos/ros2_ws/install/jackal_robot/lib/python3.10/site-packages/jackal_robot'...
[6.019s] Compiling '/home/atharva/Atharva/NCSU/SFRT/SoftwareForRoboticsProject/jackalRepos/ros2_ws/install/jackal_robot/lib/python3.10/site-packages/jackal_robot/__init__.py'...
[6.022s] -- Installing: /home/atharva/Atharva/NCSU/SFRT/SoftwareForRoboticsProject/jackalRepos/ros2_ws/install/jackal_robot/lib/libjackal_hardware.so
[6.026s] -- Set runtime path of "/home/atharva/Atharva/NCSU/SFRT/SoftwareForRoboticsProject/jackalRepos/ros2_ws/install/jackal_robot/lib/libjackal_hardware.so" to ""
[6.026s] -- Installing: /home/atharva/Atharva/NCSU/SFRT/SoftwareForRoboticsProject/jackalRepos/ros2_ws/install/jackal_robot/include
[6.027s] -- Installing: /home/atharva/Atharva/NCSU/SFRT/SoftwareForRoboticsProject/jackalRepos/ros2_ws/install/jackal_robot/include/jackal_hardware
[6.027s] -- Installing: /home/atharva/Atharva/NCSU/SFRT/SoftwareForRoboticsProject/jackalRepos/ros2_ws/install/jackal_robot/include/jackal_hardware/jackal_hardware.hpp
[6.027s] -- Installing: /home/atharva/Atharva/NCSU/SFRT/SoftwareForRoboticsProject/jackalRepos/ros2_ws/install/jackal_robot/include/jackal_hardware/jackal_hardware_interface.hpp
[6.028s] -- Installing: /home/atharva/Atharva/NCSU/SFRT/SoftwareForRoboticsProject/jackalRepos/ros2_ws/install/jackal_robot/share/jackal_robot/launch
[6.028s] -- Installing: /home/atharva/Atharva/NCSU/SFRT/SoftwareForRoboticsProject/jackalRepos/ros2_ws/install/jackal_robot/share/jackal_robot/launch/diagnostics.launch.py
[6.028s] -- Installing: /home/atharva/Atharva/NCSU/SFRT/SoftwareForRoboticsProject/jackalRepos/ros2_ws/install/jackal_robot/share/jackal_robot/launch/accessories.launch.py
[6.028s] -- Installing: /home/atharva/Atharva/NCSU/SFRT/SoftwareForRoboticsProject/jackalRepos/ros2_ws/install/jackal_robot/share/jackal_robot/launch/bringup.launch.py
[6.028s] -- Installing: /home/atharva/Atharva/NCSU/SFRT/SoftwareForRoboticsProject/jackalRepos/ros2_ws/install/jackal_robot/share/jackal_robot/config
[6.028s] -- Installing: /home/atharva/Atharva/NCSU/SFRT/SoftwareForRoboticsProject/jackalRepos/ros2_ws/install/jackal_robot/share/jackal_robot/config/diagnostics.yaml
[6.028s] -- Installing: /home/atharva/Atharva/NCSU/SFRT/SoftwareForRoboticsProject/jackalRepos/ros2_ws/install/jackal_robot/lib/jackal_robot/install
[6.028s] -- Installing: /home/atharva/Atharva/NCSU/SFRT/SoftwareForRoboticsProject/jackalRepos/ros2_ws/install/jackal_robot/lib/jackal_robot/uninstall
[6.028s] -- Installing: /home/atharva/Atharva/NCSU/SFRT/SoftwareForRoboticsProject/jackalRepos/ros2_ws/install/jackal_robot/lib/jackal_robot/diagnostics_updater
[6.028s] -- Installing: /home/atharva/Atharva/NCSU/SFRT/SoftwareForRoboticsProject/jackalRepos/ros2_ws/install/jackal_robot/share/jackal_robot/environment/library_path.sh
[6.028s] -- Installing: /home/atharva/Atharva/NCSU/SFRT/SoftwareForRoboticsProject/jackalRepos/ros2_ws/install/jackal_robot/share/jackal_robot/environment/library_path.dsv
[6.028s] -- Installing: /home/atharva/Atharva/NCSU/SFRT/SoftwareForRoboticsProject/jackalRepos/ros2_ws/install/jackal_robot/share/ament_index/resource_index/package_run_dependencies/jackal_robot
[6.028s] -- Installing: /home/atharva/Atharva/NCSU/SFRT/SoftwareForRoboticsProject/jackalRepos/ros2_ws/install/jackal_robot/share/ament_index/resource_index/parent_prefix_path/jackal_robot
[6.029s] -- Installing: /home/atharva/Atharva/NCSU/SFRT/SoftwareForRoboticsProject/jackalRepos/ros2_ws/install/jackal_robot/share/jackal_robot/environment/ament_prefix_path.sh
[6.029s] -- Installing: /home/atharva/Atharva/NCSU/SFRT/SoftwareForRoboticsProject/jackalRepos/ros2_ws/install/jackal_robot/share/jackal_robot/environment/ament_prefix_path.dsv
[6.029s] -- Installing: /home/atharva/Atharva/NCSU/SFRT/SoftwareForRoboticsProject/jackalRepos/ros2_ws/install/jackal_robot/share/jackal_robot/environment/path.sh
[6.029s] -- Installing: /home/atharva/Atharva/NCSU/SFRT/SoftwareForRoboticsProject/jackalRepos/ros2_ws/install/jackal_robot/share/jackal_robot/environment/path.dsv
[6.029s] -- Installing: /home/atharva/Atharva/NCSU/SFRT/SoftwareForRoboticsProject/jackalRepos/ros2_ws/install/jackal_robot/share/jackal_robot/local_setup.bash
[6.029s] -- Installing: /home/atharva/Atharva/NCSU/SFRT/SoftwareForRoboticsProject/jackalRepos/ros2_ws/install/jackal_robot/share/jackal_robot/local_setup.sh
[6.029s] -- Installing: /home/atharva/Atharva/NCSU/SFRT/SoftwareForRoboticsProject/jackalRepos/ros2_ws/install/jackal_robot/share/jackal_robot/local_setup.zsh
[6.029s] -- Installing: /home/atharva/Atharva/NCSU/SFRT/SoftwareForRoboticsProject/jackalRepos/ros2_ws/install/jackal_robot/share/jackal_robot/local_setup.dsv
[6.029s] -- Installing: /home/atharva/Atharva/NCSU/SFRT/SoftwareForRoboticsProject/jackalRepos/ros2_ws/install/jackal_robot/share/jackal_robot/package.dsv
[6.029s] -- Installing: /home/atharva/Atharva/NCSU/SFRT/SoftwareForRoboticsProject/jackalRepos/ros2_ws/install/jackal_robot/share/ament_index/resource_index/packages/jackal_robot
[6.029s] -- Installing: /home/atharva/Atharva/NCSU/SFRT/SoftwareForRoboticsProject/jackalRepos/ros2_ws/install/jackal_robot/share/ament_index/resource_index/hardware_interface__pluginlib__plugin/jackal_robot
[6.029s] -- Installing: /home/atharva/Atharva/NCSU/SFRT/SoftwareForRoboticsProject/jackalRepos/ros2_ws/install/jackal_robot/share/jackal_robot/cmake/ament_cmake_export_include_directories-extras.cmake
[6.029s] -- Installing: /home/atharva/Atharva/NCSU/SFRT/SoftwareForRoboticsProject/jackalRepos/ros2_ws/install/jackal_robot/share/jackal_robot/cmake/ament_cmake_export_libraries-extras.cmake
[6.029s] -- Installing: /home/atharva/Atharva/NCSU/SFRT/SoftwareForRoboticsProject/jackalRepos/ros2_ws/install/jackal_robot/share/jackal_robot/cmake/ament_cmake_export_dependencies-extras.cmake
[6.030s] -- Installing: /home/atharva/Atharva/NCSU/SFRT/SoftwareForRoboticsProject/jackalRepos/ros2_ws/install/jackal_robot/share/jackal_robot/cmake/jackal_robotConfig.cmake
[6.030s] -- Installing: /home/atharva/Atharva/NCSU/SFRT/SoftwareForRoboticsProject/jackalRepos/ros2_ws/install/jackal_robot/share/jackal_robot/cmake/jackal_robotConfig-version.cmake
[6.030s] -- Installing: /home/atharva/Atharva/NCSU/SFRT/SoftwareForRoboticsProject/jackalRepos/ros2_ws/install/jackal_robot/share/jackal_robot/package.xml
[6.031s] Invoked command in '/home/atharva/Atharva/NCSU/SFRT/SoftwareForRoboticsProject/jackalRepos/ros2_ws/build/jackal_robot' returned '0': AMENT_PREFIX_PATH=/home/atharva/Atharva/NCSU/SFRT/SoftwareForRoboticsProject/jackalRepos/ros2_ws/install/jackal_control:/home/atharva/Atharva/NCSU/SFRT/SoftwareForRoboticsProject/jackalRepos/ros2_ws/install/jackal_msgs:/home/atharva/Atharva/NCSU/SFRT/SoftwareForRoboticsProject/jackalRepos/ros2_ws/install/jackal_description:${AMENT_PREFIX_PATH} CMAKE_PREFIX_PATH=/home/atharva/Atharva/NCSU/SFRT/SoftwareForRoboticsProject/jackalRepos/ros2_ws/install/jackal_control:/home/atharva/Atharva/NCSU/SFRT/SoftwareForRoboticsProject/jackalRepos/ros2_ws/install/jackal_msgs:/home/atharva/Atharva/NCSU/SFRT/SoftwareForRoboticsProject/jackalRepos/ros2_ws/install/jackal_description:/opt/ros/foxy CONDA_PROMPT_MODIFIER=(rosEnv) LD_LIBRARY_PATH=/home/atharva/Atharva/NCSU/SFRT/SoftwareForRoboticsProject/jackalRepos/ros2_ws/install/jackal_msgs/lib:${LD_LIBRARY_PATH} PYTHONPATH=/home/atharva/Atharva/NCSU/SFRT/SoftwareForRoboticsProject/jackalRepos/ros2_ws/install/jackal_msgs/lib/python3.10/site-packages:${PYTHONPATH} /usr/bin/cmake --install /home/atharva/Atharva/NCSU/SFRT/SoftwareForRoboticsProject/jackalRepos/ros2_ws/build/jackal_robot
