[0.023s] Invoking command in '/home/atharva/Atharva/NCSU/SFRT/SoftwareForRoboticsProject/jackal_ws/build/jackal_gazebo': CMAKE_PREFIX_PATH=/home/atharva/Atharva/NCSU/SFRT/SoftwareForRoboticsProject/jackal_ws/install/jackal_control:/home/atharva/Atharva/NCSU/SFRT/SoftwareForRoboticsProject/jackal_ws/install/jackal_description:/home/atharva/Atharva/NCSU/SFRT/SoftwareForRoboticsProject/jackal_ws/install/zed_ros2:/home/atharva/Atharva/NCSU/SFRT/SoftwareForRoboticsProject/jackal_ws/install/zed_wrapper:/home/atharva/Atharva/NCSU/SFRT/SoftwareForRoboticsProject/jackal_ws/install/zed_components:/home/atharva/Atharva/NCSU/SFRT/SoftwareForRoboticsProject/jackal_ws/install/zed_interfaces:/home/atharva/Atharva/NCSU/SFRT/SoftwareForRoboticsProject/jackal_ws/install/jackal_desktop:/home/atharva/Atharva/NCSU/SFRT/SoftwareForRoboticsProject/jackal_ws/install/jackal_viz:/home/atharva/Atharva/NCSU/SFRT/SoftwareForRoboticsProject/jackal_ws/install/jackal_simulator:/home/atharva/Atharva/NCSU/SFRT/SoftwareForRoboticsProject/jackal_ws/install/jackal_navigation:/home/atharva/Atharva/NCSU/SFRT/SoftwareForRoboticsProject/jackal_ws/install/jackal_msgs:/home/atharva/Atharva/NCSU/SFRT/SoftwareForRoboticsProject/jackal_ws/install/jackal_gazebo:/home/atharva/Atharva/NCSU/SFRT/SoftwareForRoboticsProject/jackal_ws/install/dwb_msgs:/opt/ros/foxy /usr/bin/cmake /home/atharva/Atharva/NCSU/SFRT/SoftwareForRoboticsProject/jackal_ws/src/jackal_simulator/jackal_gazebo -DAMENT_CMAKE_SYMLINK_INSTALL=1 -DCMAKE_INSTALL_PREFIX=/home/atharva/Atharva/NCSU/SFRT/SoftwareForRoboticsProject/jackal_ws/install/jackal_gazebo
[0.035s] -- Found ament_cmake: 0.9.11 (/opt/ros/foxy/share/ament_cmake/cmake)
[0.061s] -- Using PYTHON_EXECUTABLE: /home/atharva/anaconda3/bin/python3
[0.248s] -- Override CMake install command with custom implementation using symlinks instead of copying resources
[0.254s] -- Found urdf: 2.4.0 (/opt/ros/foxy/share/urdf/cmake)
[0.273s] -- Found xacro: 2.0.7 (/opt/ros/foxy/share/xacro/cmake)
[0.273s] -- Found rclpy: 1.0.12 (/opt/ros/foxy/share/rclpy/cmake)
[0.338s] -- Configuring done
[0.338s] CMake Error at CMakeLists.txt:17 (add_executable):
[0.338s]   Cannot find source file:
[0.338s] 
[0.338s]     src/jackal_simulator/jackal_gazebo/src/qr_webcam.py
[0.339s] 
[0.339s]   Tried extensions .c .C .c++ .cc .cpp .cxx .cu .m .M .mm .h .hh .h++ .hm
[0.339s]   .hpp .hxx .in .txx
[0.339s] 
[0.339s] 
[0.339s] CMake Error at CMakeLists.txt:17 (add_executable):
[0.339s]   No SOURCES given to target: qr_webcam
[0.339s] 
[0.339s] 
[0.339s] CMake Generate step failed.  Build files cannot be regenerated correctly.
[0.347s] Invoked command in '/home/atharva/Atharva/NCSU/SFRT/SoftwareForRoboticsProject/jackal_ws/build/jackal_gazebo' returned '1': CMAKE_PREFIX_PATH=/home/atharva/Atharva/NCSU/SFRT/SoftwareForRoboticsProject/jackal_ws/install/jackal_control:/home/atharva/Atharva/NCSU/SFRT/SoftwareForRoboticsProject/jackal_ws/install/jackal_description:/home/atharva/Atharva/NCSU/SFRT/SoftwareForRoboticsProject/jackal_ws/install/zed_ros2:/home/atharva/Atharva/NCSU/SFRT/SoftwareForRoboticsProject/jackal_ws/install/zed_wrapper:/home/atharva/Atharva/NCSU/SFRT/SoftwareForRoboticsProject/jackal_ws/install/zed_components:/home/atharva/Atharva/NCSU/SFRT/SoftwareForRoboticsProject/jackal_ws/install/zed_interfaces:/home/atharva/Atharva/NCSU/SFRT/SoftwareForRoboticsProject/jackal_ws/install/jackal_desktop:/home/atharva/Atharva/NCSU/SFRT/SoftwareForRoboticsProject/jackal_ws/install/jackal_viz:/home/atharva/Atharva/NCSU/SFRT/SoftwareForRoboticsProject/jackal_ws/install/jackal_simulator:/home/atharva/Atharva/NCSU/SFRT/SoftwareForRoboticsProject/jackal_ws/install/jackal_navigation:/home/atharva/Atharva/NCSU/SFRT/SoftwareForRoboticsProject/jackal_ws/install/jackal_msgs:/home/atharva/Atharva/NCSU/SFRT/SoftwareForRoboticsProject/jackal_ws/install/jackal_gazebo:/home/atharva/Atharva/NCSU/SFRT/SoftwareForRoboticsProject/jackal_ws/install/dwb_msgs:/opt/ros/foxy /usr/bin/cmake /home/atharva/Atharva/NCSU/SFRT/SoftwareForRoboticsProject/jackal_ws/src/jackal_simulator/jackal_gazebo -DAMENT_CMAKE_SYMLINK_INSTALL=1 -DCMAKE_INSTALL_PREFIX=/home/atharva/Atharva/NCSU/SFRT/SoftwareForRoboticsProject/jackal_ws/install/jackal_gazebo
