[0.041s] Invoking command in '/home/atharva/Atharva/NCSU/SFRT/SoftwareForRoboticsProject/jackal_ws/build/cartographer_ros_msgs': CONDA_PROMPT_MODIFIER=(base) /usr/bin/cmake /home/atharva/Atharva/NCSU/SFRT/SoftwareForRoboticsProject/jackal_ws/src/cartographer_ros/cartographer_ros_msgs -DCATKIN_INSTALL_INTO_PREFIX_ROOT=0 -DCATKIN_SYMLINK_INSTALL=ON -DCMAKE_INSTALL_PREFIX=/home/atharva/Atharva/NCSU/SFRT/SoftwareForRoboticsProject/jackal_ws/install/cartographer_ros_msgs
[0.151s] -- The C compiler identification is GNU 9.4.0
[0.244s] -- The CXX compiler identification is GNU 9.4.0
[0.254s] -- Check for working C compiler: /usr/bin/cc
[0.325s] -- Check for working C compiler: /usr/bin/cc -- works
[0.325s] -- Detecting C compiler ABI info
[0.388s] -- Detecting C compiler ABI info - done
[0.402s] -- Detecting C compile features
[0.403s] -- Detecting C compile features - done
[0.407s] -- Check for working CXX compiler: /usr/bin/c++
[0.488s] -- Check for working CXX compiler: /usr/bin/c++ -- works
[0.489s] -- Detecting CXX compiler ABI info
[0.575s] -- Detecting CXX compiler ABI info - done
[0.579s] -- Detecting CXX compile features
[0.579s] -- Detecting CXX compile features - done
[0.591s] CMake Error at CMakeLists.txt:24 (find_package):
[0.591s]   By not providing "Findcatkin.cmake" in CMAKE_MODULE_PATH this project has
[0.591s]   asked CMake to find a package configuration file provided by "catkin", but
[0.591s]   CMake did not find one.
[0.592s] 
[0.593s]   Could not find a package configuration file provided by "catkin" with any
[0.593s]   of the following names:
[0.593s] 
[0.593s]     catkinConfig.cmake
[0.594s]     catkin-config.cmake
[0.594s] 
[0.594s]   Add the installation prefix of "catkin" to CMAKE_PREFIX_PATH or set
[0.594s]   "catkin_DIR" to a directory containing one of the above files.  If "catkin"
[0.596s]   provides a separate development package or SDK, be sure it has been
[0.597s]   installed.
[0.597s] 
[0.597s] 
[0.597s] -- Configuring incomplete, errors occurred!
[0.597s] See also "/home/atharva/Atharva/NCSU/SFRT/SoftwareForRoboticsProject/jackal_ws/build/cartographer_ros_msgs/CMakeFiles/CMakeOutput.log".
[0.608s] Invoked command in '/home/atharva/Atharva/NCSU/SFRT/SoftwareForRoboticsProject/jackal_ws/build/cartographer_ros_msgs' returned '1': CONDA_PROMPT_MODIFIER=(base) /usr/bin/cmake /home/atharva/Atharva/NCSU/SFRT/SoftwareForRoboticsProject/jackal_ws/src/cartographer_ros/cartographer_ros_msgs -DCATKIN_INSTALL_INTO_PREFIX_ROOT=0 -DCATKIN_SYMLINK_INSTALL=ON -DCMAKE_INSTALL_PREFIX=/home/atharva/Atharva/NCSU/SFRT/SoftwareForRoboticsProject/jackal_ws/install/cartographer_ros_msgs
