-- Found ament_cmake: 0.9.11 (/opt/ros/foxy/share/ament_cmake/cmake)
-- Found PythonInterp: /home/atharva/anaconda3/envs/rosEnv/bin/python3 (found suitable version "3.10", minimum required is "3") 
-- Using PYTHON_EXECUTABLE: /home/atharva/anaconda3/envs/rosEnv/bin/python3
-- Override CMake install command with custom implementation using symlinks instead of copying resources
-- Found std_msgs: 2.0.5 (/opt/ros/foxy/share/std_msgs/cmake)
-- Using all available rosidl_typesupport_c: rosidl_typesupport_fastrtps_c;rosidl_typesupport_introspection_c
-- Found rosidl_adapter: 1.3.0 (/opt/ros/foxy/share/rosidl_adapter/cmake)
-- Using all available rosidl_typesupport_cpp: rosidl_typesupport_fastrtps_cpp;rosidl_typesupport_introspection_cpp
-- Found rosidl_default_generators: 1.0.1 (/opt/ros/foxy/share/rosidl_default_generators/cmake)
-- Found PythonInterp: /home/atharva/anaconda3/envs/rosEnv/bin/python3 (found version "3.10") 
-- Found ament_cmake_ros: 0.9.2 (/opt/ros/foxy/share/ament_cmake_ros/cmake)
-- Using all available rosidl_typesupport_c: rosidl_typesupport_fastrtps_c;rosidl_typesupport_introspection_c
-- Using all available rosidl_typesupport_cpp: rosidl_typesupport_fastrtps_cpp;rosidl_typesupport_introspection_cpp
-- Found PythonInterp: /home/atharva/anaconda3/envs/rosEnv/bin/python3 (found suitable version "3.10", minimum required is "3.5") 
-- Found python_cmake_module: 0.8.1 (/opt/ros/foxy/share/python_cmake_module/cmake)
-- Using PYTHON_EXECUTABLE: /home/atharva/anaconda3/envs/rosEnv/bin/python3
-- Using PYTHON_INCLUDE_DIRS: /home/atharva/anaconda3/envs/rosEnv/include/python3.10
-- Using PYTHON_LIBRARIES: /home/atharva/anaconda3/envs/rosEnv/lib/libpython3.10.so
-- Using numpy include directory: /home/atharva/anaconda3/envs/rosEnv/lib/python3.10/site-packages/numpy/core/include
-- Configuring done
-- Generating done
-- Build files have been written to: /home/atharva/Atharva/NCSU/SFRT/SoftwareForRoboticsProject/jackalRepos/ros2_ws/build/jackal_msgs
[  1%] Built target jackal_msgs__cpp
[ 12%] Built target jackal_msgs__rosidl_generator_c
[ 24%] Built target jackal_msgs__rosidl_typesupport_cpp
[ 35%] Built target jackal_msgs__rosidl_typesupport_introspection_cpp
[ 58%] Built target jackal_msgs__rosidl_typesupport_introspection_c
[ 58%] Built target jackal_msgs__rosidl_typesupport_c
[ 59%] [32m[1mLinking CXX shared library libjackal_msgs__rosidl_typesupport_fastrtps_cpp.so[0m
[ 69%] Built target jackal_msgs__rosidl_typesupport_fastrtps_cpp
[ 70%] [32m[1mLinking CXX shared library libjackal_msgs__rosidl_typesupport_fastrtps_c.so[0m
[ 81%] Built target jackal_msgs__rosidl_typesupport_fastrtps_c
[ 81%] Built target jackal_msgs
[ 82%] Built target jackal_msgs__py
[ 83%] [32m[1mLinking C shared library rosidl_generator_py/jackal_msgs/libjackal_msgs__python.so[0m
[ 92%] Built target jackal_msgs__python
[ 94%] [32m[1mLinking C shared library rosidl_generator_py/jackal_msgs/jackal_msgs_s__rosidl_typesupport_c.cpython-310-x86_64-linux-gnu.so[0m
[ 94%] [32m[1mLinking C shared library rosidl_generator_py/jackal_msgs/jackal_msgs_s__rosidl_typesupport_introspection_c.cpython-310-x86_64-linux-gnu.so[0m
[ 96%] [32m[1mLinking CXX shared library rosidl_generator_py/jackal_msgs/jackal_msgs_s__rosidl_typesupport_fastrtps_c.cpython-310-x86_64-linux-gnu.so[0m
[ 97%] Built target jackal_msgs__rosidl_typesupport_introspection_c__pyext
[ 98%] Built target jackal_msgs__rosidl_typesupport_c__pyext
[100%] Built target jackal_msgs__rosidl_typesupport_fastrtps_c__pyext
-- Install configuration: ""
-- Execute custom install script
-- Symlinking: /home/atharva/Atharva/NCSU/SFRT/SoftwareForRoboticsProject/jackalRepos/ros2_ws/install/jackal_msgs/share/ament_index/resource_index/rosidl_interfaces/jackal_msgs
-- Symlinking: /home/atharva/Atharva/NCSU/SFRT/SoftwareForRoboticsProject/jackalRepos/ros2_ws/install/jackal_msgs/include/jackal_msgs/msg/detail/drive__functions.h
-- Symlinking: /home/atharva/Atharva/NCSU/SFRT/SoftwareForRoboticsProject/jackalRepos/ros2_ws/install/jackal_msgs/include/jackal_msgs/msg/detail/drive__struct.h
-- Symlinking: /home/atharva/Atharva/NCSU/SFRT/SoftwareForRoboticsProject/jackalRepos/ros2_ws/install/jackal_msgs/include/jackal_msgs/msg/detail/drive__type_support.h
-- Symlinking: /home/atharva/Atharva/NCSU/SFRT/SoftwareForRoboticsProject/jackalRepos/ros2_ws/install/jackal_msgs/include/jackal_msgs/msg/detail/drive_feedback__functions.h
-- Symlinking: /home/atharva/Atharva/NCSU/SFRT/SoftwareForRoboticsProject/jackalRepos/ros2_ws/install/jackal_msgs/include/jackal_msgs/msg/detail/drive_feedback__struct.h
-- Symlinking: /home/atharva/Atharva/NCSU/SFRT/SoftwareForRoboticsProject/jackalRepos/ros2_ws/install/jackal_msgs/include/jackal_msgs/msg/detail/drive_feedback__type_support.h
-- Symlinking: /home/atharva/Atharva/NCSU/SFRT/SoftwareForRoboticsProject/jackalRepos/ros2_ws/install/jackal_msgs/include/jackal_msgs/msg/detail/feedback__functions.h
-- Symlinking: /home/atharva/Atharva/NCSU/SFRT/SoftwareForRoboticsProject/jackalRepos/ros2_ws/install/jackal_msgs/include/jackal_msgs/msg/detail/feedback__struct.h
-- Symlinking: /home/atharva/Atharva/NCSU/SFRT/SoftwareForRoboticsProject/jackalRepos/ros2_ws/install/jackal_msgs/include/jackal_msgs/msg/detail/feedback__type_support.h
-- Symlinking: /home/atharva/Atharva/NCSU/SFRT/SoftwareForRoboticsProject/jackalRepos/ros2_ws/install/jackal_msgs/include/jackal_msgs/msg/detail/power__functions.h
-- Symlinking: /home/atharva/Atharva/NCSU/SFRT/SoftwareForRoboticsProject/jackalRepos/ros2_ws/install/jackal_msgs/include/jackal_msgs/msg/detail/power__struct.h
-- Symlinking: /home/atharva/Atharva/NCSU/SFRT/SoftwareForRoboticsProject/jackalRepos/ros2_ws/install/jackal_msgs/include/jackal_msgs/msg/detail/power__type_support.h
-- Symlinking: /home/atharva/Atharva/NCSU/SFRT/SoftwareForRoboticsProject/jackalRepos/ros2_ws/install/jackal_msgs/include/jackal_msgs/msg/detail/status__functions.h
-- Symlinking: /home/atharva/Atharva/NCSU/SFRT/SoftwareForRoboticsProject/jackalRepos/ros2_ws/install/jackal_msgs/include/jackal_msgs/msg/detail/status__struct.h
-- Symlinking: /home/atharva/Atharva/NCSU/SFRT/SoftwareForRoboticsProject/jackalRepos/ros2_ws/install/jackal_msgs/include/jackal_msgs/msg/detail/status__type_support.h
-- Symlinking: /home/atharva/Atharva/NCSU/SFRT/SoftwareForRoboticsProject/jackalRepos/ros2_ws/install/jackal_msgs/include/jackal_msgs/msg/detail/stop_status__functions.h
-- Symlinking: /home/atharva/Atharva/NCSU/SFRT/SoftwareForRoboticsProject/jackalRepos/ros2_ws/install/jackal_msgs/include/jackal_msgs/msg/detail/stop_status__struct.h
-- Symlinking: /home/atharva/Atharva/NCSU/SFRT/SoftwareForRoboticsProject/jackalRepos/ros2_ws/install/jackal_msgs/include/jackal_msgs/msg/detail/stop_status__type_support.h
-- Symlinking: /home/atharva/Atharva/NCSU/SFRT/SoftwareForRoboticsProject/jackalRepos/ros2_ws/install/jackal_msgs/include/jackal_msgs/msg/drive.h
-- Symlinking: /home/atharva/Atharva/NCSU/SFRT/SoftwareForRoboticsProject/jackalRepos/ros2_ws/install/jackal_msgs/include/jackal_msgs/msg/drive_feedback.h
-- Symlinking: /home/atharva/Atharva/NCSU/SFRT/SoftwareForRoboticsProject/jackalRepos/ros2_ws/install/jackal_msgs/include/jackal_msgs/msg/feedback.h
-- Symlinking: /home/atharva/Atharva/NCSU/SFRT/SoftwareForRoboticsProject/jackalRepos/ros2_ws/install/jackal_msgs/include/jackal_msgs/msg/power.h
-- Symlinking: /home/atharva/Atharva/NCSU/SFRT/SoftwareForRoboticsProject/jackalRepos/ros2_ws/install/jackal_msgs/include/jackal_msgs/msg/rosidl_generator_c__visibility_control.h
-- Symlinking: /home/atharva/Atharva/NCSU/SFRT/SoftwareForRoboticsProject/jackalRepos/ros2_ws/install/jackal_msgs/include/jackal_msgs/msg/status.h
-- Symlinking: /home/atharva/Atharva/NCSU/SFRT/SoftwareForRoboticsProject/jackalRepos/ros2_ws/install/jackal_msgs/include/jackal_msgs/msg/stop_status.h
-- Symlinking: /home/atharva/Atharva/NCSU/SFRT/SoftwareForRoboticsProject/jackalRepos/ros2_ws/install/jackal_msgs/include/jackal_msgs/srv/detail/set_domain_id__functions.h
-- Symlinking: /home/atharva/Atharva/NCSU/SFRT/SoftwareForRoboticsProject/jackalRepos/ros2_ws/install/jackal_msgs/include/jackal_msgs/srv/detail/set_domain_id__struct.h
-- Symlinking: /home/atharva/Atharva/NCSU/SFRT/SoftwareForRoboticsProject/jackalRepos/ros2_ws/install/jackal_msgs/include/jackal_msgs/srv/detail/set_domain_id__type_support.h
-- Symlinking: /home/atharva/Atharva/NCSU/SFRT/SoftwareForRoboticsProject/jackalRepos/ros2_ws/install/jackal_msgs/include/jackal_msgs/srv/set_domain_id.h
-- Symlinking: /home/atharva/Atharva/NCSU/SFRT/SoftwareForRoboticsProject/jackalRepos/ros2_ws/install/jackal_msgs/share/jackal_msgs/environment/library_path.sh
-- Symlinking: /home/atharva/Atharva/NCSU/SFRT/SoftwareForRoboticsProject/jackalRepos/ros2_ws/install/jackal_msgs/share/jackal_msgs/environment/library_path.dsv
-- Symlinking: /home/atharva/Atharva/NCSU/SFRT/SoftwareForRoboticsProject/jackalRepos/ros2_ws/install/jackal_msgs/include/jackal_msgs/msg/detail/drive__rosidl_typesupport_fastrtps_c.h
-- Symlinking: /home/atharva/Atharva/NCSU/SFRT/SoftwareForRoboticsProject/jackalRepos/ros2_ws/install/jackal_msgs/include/jackal_msgs/msg/detail/drive_feedback__rosidl_typesupport_fastrtps_c.h
-- Symlinking: /home/atharva/Atharva/NCSU/SFRT/SoftwareForRoboticsProject/jackalRepos/ros2_ws/install/jackal_msgs/include/jackal_msgs/msg/detail/feedback__rosidl_typesupport_fastrtps_c.h
-- Symlinking: /home/atharva/Atharva/NCSU/SFRT/SoftwareForRoboticsProject/jackalRepos/ros2_ws/install/jackal_msgs/include/jackal_msgs/msg/detail/power__rosidl_typesupport_fastrtps_c.h
-- Symlinking: /home/atharva/Atharva/NCSU/SFRT/SoftwareForRoboticsProject/jackalRepos/ros2_ws/install/jackal_msgs/include/jackal_msgs/msg/detail/status__rosidl_typesupport_fastrtps_c.h
-- Symlinking: /home/atharva/Atharva/NCSU/SFRT/SoftwareForRoboticsProject/jackalRepos/ros2_ws/install/jackal_msgs/include/jackal_msgs/msg/detail/stop_status__rosidl_typesupport_fastrtps_c.h
-- Symlinking: /home/atharva/Atharva/NCSU/SFRT/SoftwareForRoboticsProject/jackalRepos/ros2_ws/install/jackal_msgs/include/jackal_msgs/msg/rosidl_typesupport_fastrtps_c__visibility_control.h
-- Symlinking: /home/atharva/Atharva/NCSU/SFRT/SoftwareForRoboticsProject/jackalRepos/ros2_ws/install/jackal_msgs/include/jackal_msgs/srv/detail/set_domain_id__rosidl_typesupport_fastrtps_c.h
-- Symlinking: /home/atharva/Atharva/NCSU/SFRT/SoftwareForRoboticsProject/jackalRepos/ros2_ws/install/jackal_msgs/lib/libjackal_msgs__rosidl_typesupport_fastrtps_c.so
-- Symlinking: /home/atharva/Atharva/NCSU/SFRT/SoftwareForRoboticsProject/jackalRepos/ros2_ws/install/jackal_msgs/include/jackal_msgs/msg/detail/drive__rosidl_typesupport_fastrtps_cpp.hpp
-- Symlinking: /home/atharva/Atharva/NCSU/SFRT/SoftwareForRoboticsProject/jackalRepos/ros2_ws/install/jackal_msgs/include/jackal_msgs/msg/detail/drive_feedback__rosidl_typesupport_fastrtps_cpp.hpp
-- Symlinking: /home/atharva/Atharva/NCSU/SFRT/SoftwareForRoboticsProject/jackalRepos/ros2_ws/install/jackal_msgs/include/jackal_msgs/msg/detail/feedback__rosidl_typesupport_fastrtps_cpp.hpp
-- Symlinking: /home/atharva/Atharva/NCSU/SFRT/SoftwareForRoboticsProject/jackalRepos/ros2_ws/install/jackal_msgs/include/jackal_msgs/msg/detail/power__rosidl_typesupport_fastrtps_cpp.hpp
-- Symlinking: /home/atharva/Atharva/NCSU/SFRT/SoftwareForRoboticsProject/jackalRepos/ros2_ws/install/jackal_msgs/include/jackal_msgs/msg/detail/status__rosidl_typesupport_fastrtps_cpp.hpp
-- Symlinking: /home/atharva/Atharva/NCSU/SFRT/SoftwareForRoboticsProject/jackalRepos/ros2_ws/install/jackal_msgs/include/jackal_msgs/msg/detail/stop_status__rosidl_typesupport_fastrtps_cpp.hpp
-- Symlinking: /home/atharva/Atharva/NCSU/SFRT/SoftwareForRoboticsProject/jackalRepos/ros2_ws/install/jackal_msgs/include/jackal_msgs/msg/rosidl_typesupport_fastrtps_cpp__visibility_control.h
-- Symlinking: /home/atharva/Atharva/NCSU/SFRT/SoftwareForRoboticsProject/jackalRepos/ros2_ws/install/jackal_msgs/include/jackal_msgs/srv/detail/set_domain_id__rosidl_typesupport_fastrtps_cpp.hpp
-- Symlinking: /home/atharva/Atharva/NCSU/SFRT/SoftwareForRoboticsProject/jackalRepos/ros2_ws/install/jackal_msgs/lib/libjackal_msgs__rosidl_typesupport_fastrtps_cpp.so
-- Symlinking: /home/atharva/Atharva/NCSU/SFRT/SoftwareForRoboticsProject/jackalRepos/ros2_ws/install/jackal_msgs/include/jackal_msgs/msg/detail/drive__rosidl_typesupport_introspection_c.h
-- Symlinking: /home/atharva/Atharva/NCSU/SFRT/SoftwareForRoboticsProject/jackalRepos/ros2_ws/install/jackal_msgs/include/jackal_msgs/msg/detail/drive_feedback__rosidl_typesupport_introspection_c.h
-- Symlinking: /home/atharva/Atharva/NCSU/SFRT/SoftwareForRoboticsProject/jackalRepos/ros2_ws/install/jackal_msgs/include/jackal_msgs/msg/detail/feedback__rosidl_typesupport_introspection_c.h
-- Symlinking: /home/atharva/Atharva/NCSU/SFRT/SoftwareForRoboticsProject/jackalRepos/ros2_ws/install/jackal_msgs/include/jackal_msgs/msg/detail/power__rosidl_typesupport_introspection_c.h
-- Symlinking: /home/atharva/Atharva/NCSU/SFRT/SoftwareForRoboticsProject/jackalRepos/ros2_ws/install/jackal_msgs/include/jackal_msgs/msg/detail/status__rosidl_typesupport_introspection_c.h
-- Symlinking: /home/atharva/Atharva/NCSU/SFRT/SoftwareForRoboticsProject/jackalRepos/ros2_ws/install/jackal_msgs/include/jackal_msgs/msg/detail/stop_status__rosidl_typesupport_introspection_c.h
-- Symlinking: /home/atharva/Atharva/NCSU/SFRT/SoftwareForRoboticsProject/jackalRepos/ros2_ws/install/jackal_msgs/include/jackal_msgs/msg/rosidl_typesupport_introspection_c__visibility_control.h
-- Symlinking: /home/atharva/Atharva/NCSU/SFRT/SoftwareForRoboticsProject/jackalRepos/ros2_ws/install/jackal_msgs/include/jackal_msgs/srv/detail/set_domain_id__rosidl_typesupport_introspection_c.h
-- Symlinking: /home/atharva/Atharva/NCSU/SFRT/SoftwareForRoboticsProject/jackalRepos/ros2_ws/install/jackal_msgs/include/jackal_msgs/msg/detail/drive__builder.hpp
-- Symlinking: /home/atharva/Atharva/NCSU/SFRT/SoftwareForRoboticsProject/jackalRepos/ros2_ws/install/jackal_msgs/include/jackal_msgs/msg/detail/drive__struct.hpp
-- Symlinking: /home/atharva/Atharva/NCSU/SFRT/SoftwareForRoboticsProject/jackalRepos/ros2_ws/install/jackal_msgs/include/jackal_msgs/msg/detail/drive__traits.hpp
-- Symlinking: /home/atharva/Atharva/NCSU/SFRT/SoftwareForRoboticsProject/jackalRepos/ros2_ws/install/jackal_msgs/include/jackal_msgs/msg/detail/drive_feedback__builder.hpp
-- Symlinking: /home/atharva/Atharva/NCSU/SFRT/SoftwareForRoboticsProject/jackalRepos/ros2_ws/install/jackal_msgs/include/jackal_msgs/msg/detail/drive_feedback__struct.hpp
-- Symlinking: /home/atharva/Atharva/NCSU/SFRT/SoftwareForRoboticsProject/jackalRepos/ros2_ws/install/jackal_msgs/include/jackal_msgs/msg/detail/drive_feedback__traits.hpp
-- Symlinking: /home/atharva/Atharva/NCSU/SFRT/SoftwareForRoboticsProject/jackalRepos/ros2_ws/install/jackal_msgs/include/jackal_msgs/msg/detail/feedback__builder.hpp
-- Symlinking: /home/atharva/Atharva/NCSU/SFRT/SoftwareForRoboticsProject/jackalRepos/ros2_ws/install/jackal_msgs/include/jackal_msgs/msg/detail/feedback__struct.hpp
-- Symlinking: /home/atharva/Atharva/NCSU/SFRT/SoftwareForRoboticsProject/jackalRepos/ros2_ws/install/jackal_msgs/include/jackal_msgs/msg/detail/feedback__traits.hpp
-- Symlinking: /home/atharva/Atharva/NCSU/SFRT/SoftwareForRoboticsProject/jackalRepos/ros2_ws/install/jackal_msgs/include/jackal_msgs/msg/detail/power__builder.hpp
-- Symlinking: /home/atharva/Atharva/NCSU/SFRT/SoftwareForRoboticsProject/jackalRepos/ros2_ws/install/jackal_msgs/include/jackal_msgs/msg/detail/power__struct.hpp
-- Symlinking: /home/atharva/Atharva/NCSU/SFRT/SoftwareForRoboticsProject/jackalRepos/ros2_ws/install/jackal_msgs/include/jackal_msgs/msg/detail/power__traits.hpp
-- Symlinking: /home/atharva/Atharva/NCSU/SFRT/SoftwareForRoboticsProject/jackalRepos/ros2_ws/install/jackal_msgs/include/jackal_msgs/msg/detail/status__builder.hpp
-- Symlinking: /home/atharva/Atharva/NCSU/SFRT/SoftwareForRoboticsProject/jackalRepos/ros2_ws/install/jackal_msgs/include/jackal_msgs/msg/detail/status__struct.hpp
-- Symlinking: /home/atharva/Atharva/NCSU/SFRT/SoftwareForRoboticsProject/jackalRepos/ros2_ws/install/jackal_msgs/include/jackal_msgs/msg/detail/status__traits.hpp
-- Symlinking: /home/atharva/Atharva/NCSU/SFRT/SoftwareForRoboticsProject/jackalRepos/ros2_ws/install/jackal_msgs/include/jackal_msgs/msg/detail/stop_status__builder.hpp
-- Symlinking: /home/atharva/Atharva/NCSU/SFRT/SoftwareForRoboticsProject/jackalRepos/ros2_ws/install/jackal_msgs/include/jackal_msgs/msg/detail/stop_status__struct.hpp
-- Symlinking: /home/atharva/Atharva/NCSU/SFRT/SoftwareForRoboticsProject/jackalRepos/ros2_ws/install/jackal_msgs/include/jackal_msgs/msg/detail/stop_status__traits.hpp
-- Symlinking: /home/atharva/Atharva/NCSU/SFRT/SoftwareForRoboticsProject/jackalRepos/ros2_ws/install/jackal_msgs/include/jackal_msgs/msg/drive.hpp
-- Symlinking: /home/atharva/Atharva/NCSU/SFRT/SoftwareForRoboticsProject/jackalRepos/ros2_ws/install/jackal_msgs/include/jackal_msgs/msg/drive_feedback.hpp
-- Symlinking: /home/atharva/Atharva/NCSU/SFRT/SoftwareForRoboticsProject/jackalRepos/ros2_ws/install/jackal_msgs/include/jackal_msgs/msg/feedback.hpp
-- Symlinking: /home/atharva/Atharva/NCSU/SFRT/SoftwareForRoboticsProject/jackalRepos/ros2_ws/install/jackal_msgs/include/jackal_msgs/msg/power.hpp
-- Symlinking: /home/atharva/Atharva/NCSU/SFRT/SoftwareForRoboticsProject/jackalRepos/ros2_ws/install/jackal_msgs/include/jackal_msgs/msg/status.hpp
-- Symlinking: /home/atharva/Atharva/NCSU/SFRT/SoftwareForRoboticsProject/jackalRepos/ros2_ws/install/jackal_msgs/include/jackal_msgs/msg/stop_status.hpp
-- Symlinking: /home/atharva/Atharva/NCSU/SFRT/SoftwareForRoboticsProject/jackalRepos/ros2_ws/install/jackal_msgs/include/jackal_msgs/srv/detail/set_domain_id__builder.hpp
-- Symlinking: /home/atharva/Atharva/NCSU/SFRT/SoftwareForRoboticsProject/jackalRepos/ros2_ws/install/jackal_msgs/include/jackal_msgs/srv/detail/set_domain_id__struct.hpp
-- Symlinking: /home/atharva/Atharva/NCSU/SFRT/SoftwareForRoboticsProject/jackalRepos/ros2_ws/install/jackal_msgs/include/jackal_msgs/srv/detail/set_domain_id__traits.hpp
-- Symlinking: /home/atharva/Atharva/NCSU/SFRT/SoftwareForRoboticsProject/jackalRepos/ros2_ws/install/jackal_msgs/include/jackal_msgs/srv/set_domain_id.hpp
-- Symlinking: /home/atharva/Atharva/NCSU/SFRT/SoftwareForRoboticsProject/jackalRepos/ros2_ws/install/jackal_msgs/include/jackal_msgs/msg/detail/drive__rosidl_typesupport_introspection_cpp.hpp
-- Symlinking: /home/atharva/Atharva/NCSU/SFRT/SoftwareForRoboticsProject/jackalRepos/ros2_ws/install/jackal_msgs/include/jackal_msgs/msg/detail/drive_feedback__rosidl_typesupport_introspection_cpp.hpp
-- Symlinking: /home/atharva/Atharva/NCSU/SFRT/SoftwareForRoboticsProject/jackalRepos/ros2_ws/install/jackal_msgs/include/jackal_msgs/msg/detail/feedback__rosidl_typesupport_introspection_cpp.hpp
-- Symlinking: /home/atharva/Atharva/NCSU/SFRT/SoftwareForRoboticsProject/jackalRepos/ros2_ws/install/jackal_msgs/include/jackal_msgs/msg/detail/power__rosidl_typesupport_introspection_cpp.hpp
-- Symlinking: /home/atharva/Atharva/NCSU/SFRT/SoftwareForRoboticsProject/jackalRepos/ros2_ws/install/jackal_msgs/include/jackal_msgs/msg/detail/status__rosidl_typesupport_introspection_cpp.hpp
-- Symlinking: /home/atharva/Atharva/NCSU/SFRT/SoftwareForRoboticsProject/jackalRepos/ros2_ws/install/jackal_msgs/include/jackal_msgs/msg/detail/stop_status__rosidl_typesupport_introspection_cpp.hpp
-- Symlinking: /home/atharva/Atharva/NCSU/SFRT/SoftwareForRoboticsProject/jackalRepos/ros2_ws/install/jackal_msgs/include/jackal_msgs/srv/detail/set_domain_id__rosidl_typesupport_introspection_cpp.hpp
-- Symlinking: /home/atharva/Atharva/NCSU/SFRT/SoftwareForRoboticsProject/jackalRepos/ros2_ws/install/jackal_msgs/share/jackal_msgs/environment/pythonpath.sh
-- Symlinking: /home/atharva/Atharva/NCSU/SFRT/SoftwareForRoboticsProject/jackalRepos/ros2_ws/install/jackal_msgs/share/jackal_msgs/environment/pythonpath.dsv
-- Symlinking: /home/atharva/Atharva/NCSU/SFRT/SoftwareForRoboticsProject/jackalRepos/ros2_ws/install/jackal_msgs/lib/python3.10/site-packages/jackal_msgs/__init__.py
-- Symlinking: /home/atharva/Atharva/NCSU/SFRT/SoftwareForRoboticsProject/jackalRepos/ros2_ws/install/jackal_msgs/lib/python3.10/site-packages/jackal_msgs/msg/__init__.py
-- Symlinking: /home/atharva/Atharva/NCSU/SFRT/SoftwareForRoboticsProject/jackalRepos/ros2_ws/install/jackal_msgs/lib/python3.10/site-packages/jackal_msgs/msg/_drive.py
-- Symlinking: /home/atharva/Atharva/NCSU/SFRT/SoftwareForRoboticsProject/jackalRepos/ros2_ws/install/jackal_msgs/lib/python3.10/site-packages/jackal_msgs/msg/_drive_feedback.py
-- Symlinking: /home/atharva/Atharva/NCSU/SFRT/SoftwareForRoboticsProject/jackalRepos/ros2_ws/install/jackal_msgs/lib/python3.10/site-packages/jackal_msgs/msg/_feedback.py
-- Symlinking: /home/atharva/Atharva/NCSU/SFRT/SoftwareForRoboticsProject/jackalRepos/ros2_ws/install/jackal_msgs/lib/python3.10/site-packages/jackal_msgs/msg/_power.py
-- Symlinking: /home/atharva/Atharva/NCSU/SFRT/SoftwareForRoboticsProject/jackalRepos/ros2_ws/install/jackal_msgs/lib/python3.10/site-packages/jackal_msgs/msg/_status.py
-- Symlinking: /home/atharva/Atharva/NCSU/SFRT/SoftwareForRoboticsProject/jackalRepos/ros2_ws/install/jackal_msgs/lib/python3.10/site-packages/jackal_msgs/msg/_stop_status.py
-- Symlinking: /home/atharva/Atharva/NCSU/SFRT/SoftwareForRoboticsProject/jackalRepos/ros2_ws/install/jackal_msgs/lib/python3.10/site-packages/jackal_msgs/srv/__init__.py
-- Symlinking: /home/atharva/Atharva/NCSU/SFRT/SoftwareForRoboticsProject/jackalRepos/ros2_ws/install/jackal_msgs/lib/python3.10/site-packages/jackal_msgs/srv/_set_domain_id.py
-- Symlinking: /home/atharva/Atharva/NCSU/SFRT/SoftwareForRoboticsProject/jackalRepos/ros2_ws/install/jackal_msgs/lib/python3.10/site-packages/jackal_msgs/jackal_msgs_s__rosidl_typesupport_fastrtps_c.cpython-310-x86_64-linux-gnu.so
-- Symlinking: /home/atharva/Atharva/NCSU/SFRT/SoftwareForRoboticsProject/jackalRepos/ros2_ws/install/jackal_msgs/lib/python3.10/site-packages/jackal_msgs/jackal_msgs_s__rosidl_typesupport_introspection_c.cpython-310-x86_64-linux-gnu.so
-- Symlinking: /home/atharva/Atharva/NCSU/SFRT/SoftwareForRoboticsProject/jackalRepos/ros2_ws/install/jackal_msgs/lib/python3.10/site-packages/jackal_msgs/jackal_msgs_s__rosidl_typesupport_c.cpython-310-x86_64-linux-gnu.so
-- Symlinking: /home/atharva/Atharva/NCSU/SFRT/SoftwareForRoboticsProject/jackalRepos/ros2_ws/install/jackal_msgs/lib/libjackal_msgs__python.so
-- Symlinking: /home/atharva/Atharva/NCSU/SFRT/SoftwareForRoboticsProject/jackalRepos/ros2_ws/install/jackal_msgs/share/jackal_msgs/msg/Drive.idl
-- Symlinking: /home/atharva/Atharva/NCSU/SFRT/SoftwareForRoboticsProject/jackalRepos/ros2_ws/install/jackal_msgs/share/jackal_msgs/msg/DriveFeedback.idl
-- Symlinking: /home/atharva/Atharva/NCSU/SFRT/SoftwareForRoboticsProject/jackalRepos/ros2_ws/install/jackal_msgs/share/jackal_msgs/msg/Feedback.idl
-- Symlinking: /home/atharva/Atharva/NCSU/SFRT/SoftwareForRoboticsProject/jackalRepos/ros2_ws/install/jackal_msgs/share/jackal_msgs/msg/Power.idl
-- Symlinking: /home/atharva/Atharva/NCSU/SFRT/SoftwareForRoboticsProject/jackalRepos/ros2_ws/install/jackal_msgs/share/jackal_msgs/msg/Status.idl
-- Symlinking: /home/atharva/Atharva/NCSU/SFRT/SoftwareForRoboticsProject/jackalRepos/ros2_ws/install/jackal_msgs/share/jackal_msgs/msg/StopStatus.idl
-- Symlinking: /home/atharva/Atharva/NCSU/SFRT/SoftwareForRoboticsProject/jackalRepos/ros2_ws/install/jackal_msgs/share/jackal_msgs/srv/SetDomainId.idl
-- Symlinking: /home/atharva/Atharva/NCSU/SFRT/SoftwareForRoboticsProject/jackalRepos/ros2_ws/install/jackal_msgs/share/jackal_msgs/msg/Drive.msg
-- Symlinking: /home/atharva/Atharva/NCSU/SFRT/SoftwareForRoboticsProject/jackalRepos/ros2_ws/install/jackal_msgs/share/jackal_msgs/msg/DriveFeedback.msg
-- Symlinking: /home/atharva/Atharva/NCSU/SFRT/SoftwareForRoboticsProject/jackalRepos/ros2_ws/install/jackal_msgs/share/jackal_msgs/msg/Feedback.msg
-- Symlinking: /home/atharva/Atharva/NCSU/SFRT/SoftwareForRoboticsProject/jackalRepos/ros2_ws/install/jackal_msgs/share/jackal_msgs/msg/Power.msg
-- Symlinking: /home/atharva/Atharva/NCSU/SFRT/SoftwareForRoboticsProject/jackalRepos/ros2_ws/install/jackal_msgs/share/jackal_msgs/msg/Status.msg
-- Symlinking: /home/atharva/Atharva/NCSU/SFRT/SoftwareForRoboticsProject/jackalRepos/ros2_ws/install/jackal_msgs/share/jackal_msgs/msg/StopStatus.msg
-- Symlinking: /home/atharva/Atharva/NCSU/SFRT/SoftwareForRoboticsProject/jackalRepos/ros2_ws/install/jackal_msgs/share/jackal_msgs/srv/SetDomainId.srv
-- Symlinking: /home/atharva/Atharva/NCSU/SFRT/SoftwareForRoboticsProject/jackalRepos/ros2_ws/install/jackal_msgs/share/jackal_msgs/srv/SetDomainId_Request.msg
-- Symlinking: /home/atharva/Atharva/NCSU/SFRT/SoftwareForRoboticsProject/jackalRepos/ros2_ws/install/jackal_msgs/share/jackal_msgs/srv/SetDomainId_Response.msg
-- Symlinking: /home/atharva/Atharva/NCSU/SFRT/SoftwareForRoboticsProject/jackalRepos/ros2_ws/install/jackal_msgs/share/ament_index/resource_index/package_run_dependencies/jackal_msgs
-- Symlinking: /home/atharva/Atharva/NCSU/SFRT/SoftwareForRoboticsProject/jackalRepos/ros2_ws/install/jackal_msgs/share/ament_index/resource_index/parent_prefix_path/jackal_msgs
-- Symlinking: /home/atharva/Atharva/NCSU/SFRT/SoftwareForRoboticsProject/jackalRepos/ros2_ws/install/jackal_msgs/share/jackal_msgs/environment/ament_prefix_path.sh
-- Symlinking: /home/atharva/Atharva/NCSU/SFRT/SoftwareForRoboticsProject/jackalRepos/ros2_ws/install/jackal_msgs/share/jackal_msgs/environment/ament_prefix_path.dsv
-- Symlinking: /home/atharva/Atharva/NCSU/SFRT/SoftwareForRoboticsProject/jackalRepos/ros2_ws/install/jackal_msgs/share/jackal_msgs/environment/path.sh
-- Symlinking: /home/atharva/Atharva/NCSU/SFRT/SoftwareForRoboticsProject/jackalRepos/ros2_ws/install/jackal_msgs/share/jackal_msgs/environment/path.dsv
-- Symlinking: /home/atharva/Atharva/NCSU/SFRT/SoftwareForRoboticsProject/jackalRepos/ros2_ws/install/jackal_msgs/share/jackal_msgs/local_setup.bash
-- Symlinking: /home/atharva/Atharva/NCSU/SFRT/SoftwareForRoboticsProject/jackalRepos/ros2_ws/install/jackal_msgs/share/jackal_msgs/local_setup.sh
-- Symlinking: /home/atharva/Atharva/NCSU/SFRT/SoftwareForRoboticsProject/jackalRepos/ros2_ws/install/jackal_msgs/share/jackal_msgs/local_setup.zsh
-- Symlinking: /home/atharva/Atharva/NCSU/SFRT/SoftwareForRoboticsProject/jackalRepos/ros2_ws/install/jackal_msgs/share/jackal_msgs/local_setup.dsv
-- Symlinking: /home/atharva/Atharva/NCSU/SFRT/SoftwareForRoboticsProject/jackalRepos/ros2_ws/install/jackal_msgs/share/jackal_msgs/package.dsv
-- Symlinking: /home/atharva/Atharva/NCSU/SFRT/SoftwareForRoboticsProject/jackalRepos/ros2_ws/install/jackal_msgs/share/ament_index/resource_index/packages/jackal_msgs
-- Symlinking: /home/atharva/Atharva/NCSU/SFRT/SoftwareForRoboticsProject/jackalRepos/ros2_ws/install/jackal_msgs/share/jackal_msgs/cmake/rosidl_cmake-extras.cmake
-- Symlinking: /home/atharva/Atharva/NCSU/SFRT/SoftwareForRoboticsProject/jackalRepos/ros2_ws/install/jackal_msgs/share/jackal_msgs/cmake/ament_cmake_export_dependencies-extras.cmake
-- Symlinking: /home/atharva/Atharva/NCSU/SFRT/SoftwareForRoboticsProject/jackalRepos/ros2_ws/install/jackal_msgs/share/jackal_msgs/cmake/ament_cmake_export_libraries-extras.cmake
-- Symlinking: /home/atharva/Atharva/NCSU/SFRT/SoftwareForRoboticsProject/jackalRepos/ros2_ws/install/jackal_msgs/share/jackal_msgs/cmake/ament_cmake_export_targets-extras.cmake
-- Symlinking: /home/atharva/Atharva/NCSU/SFRT/SoftwareForRoboticsProject/jackalRepos/ros2_ws/install/jackal_msgs/share/jackal_msgs/cmake/ament_cmake_export_include_directories-extras.cmake
-- Symlinking: /home/atharva/Atharva/NCSU/SFRT/SoftwareForRoboticsProject/jackalRepos/ros2_ws/install/jackal_msgs/share/jackal_msgs/cmake/rosidl_cmake_export_typesupport_libraries-extras.cmake
-- Symlinking: /home/atharva/Atharva/NCSU/SFRT/SoftwareForRoboticsProject/jackalRepos/ros2_ws/install/jackal_msgs/share/jackal_msgs/cmake/rosidl_cmake_export_typesupport_targets-extras.cmake
-- Symlinking: /home/atharva/Atharva/NCSU/SFRT/SoftwareForRoboticsProject/jackalRepos/ros2_ws/install/jackal_msgs/share/jackal_msgs/cmake/jackal_msgsConfig.cmake
-- Symlinking: /home/atharva/Atharva/NCSU/SFRT/SoftwareForRoboticsProject/jackalRepos/ros2_ws/install/jackal_msgs/share/jackal_msgs/cmake/jackal_msgsConfig-version.cmake
-- Symlinking: /home/atharva/Atharva/NCSU/SFRT/SoftwareForRoboticsProject/jackalRepos/ros2_ws/install/jackal_msgs/share/jackal_msgs/package.xml
-- Up-to-date: /home/atharva/Atharva/NCSU/SFRT/SoftwareForRoboticsProject/jackalRepos/ros2_ws/install/jackal_msgs/lib/libjackal_msgs__rosidl_generator_c.so
-- Up-to-date: /home/atharva/Atharva/NCSU/SFRT/SoftwareForRoboticsProject/jackalRepos/ros2_ws/install/jackal_msgs/lib/libjackal_msgs__rosidl_typesupport_introspection_c.so
-- Up-to-date: /home/atharva/Atharva/NCSU/SFRT/SoftwareForRoboticsProject/jackalRepos/ros2_ws/install/jackal_msgs/lib/libjackal_msgs__rosidl_typesupport_c.so
-- Up-to-date: /home/atharva/Atharva/NCSU/SFRT/SoftwareForRoboticsProject/jackalRepos/ros2_ws/install/jackal_msgs/lib/libjackal_msgs__rosidl_typesupport_introspection_cpp.so
-- Up-to-date: /home/atharva/Atharva/NCSU/SFRT/SoftwareForRoboticsProject/jackalRepos/ros2_ws/install/jackal_msgs/lib/libjackal_msgs__rosidl_typesupport_cpp.so
Compiling '/home/atharva/Atharva/NCSU/SFRT/SoftwareForRoboticsProject/jackalRepos/ros2_ws/install/jackal_msgs/lib/python3.10/site-packages/jackal_msgs/__init__.py'...
-- Up-to-date: /home/atharva/Atharva/NCSU/SFRT/SoftwareForRoboticsProject/jackalRepos/ros2_ws/install/jackal_msgs/share/jackal_msgs/cmake/jackal_msgs__rosidl_generator_cExport.cmake
-- Installing: /home/atharva/Atharva/NCSU/SFRT/SoftwareForRoboticsProject/jackalRepos/ros2_ws/install/jackal_msgs/share/jackal_msgs/cmake/jackal_msgs__rosidl_generator_cExport-noconfig.cmake
-- Up-to-date: /home/atharva/Atharva/NCSU/SFRT/SoftwareForRoboticsProject/jackalRepos/ros2_ws/install/jackal_msgs/share/jackal_msgs/cmake/jackal_msgs__rosidl_typesupport_introspection_cExport.cmake
-- Installing: /home/atharva/Atharva/NCSU/SFRT/SoftwareForRoboticsProject/jackalRepos/ros2_ws/install/jackal_msgs/share/jackal_msgs/cmake/jackal_msgs__rosidl_typesupport_introspection_cExport-noconfig.cmake
-- Up-to-date: /home/atharva/Atharva/NCSU/SFRT/SoftwareForRoboticsProject/jackalRepos/ros2_ws/install/jackal_msgs/share/jackal_msgs/cmake/jackal_msgs__rosidl_typesupport_cExport.cmake
-- Installing: /home/atharva/Atharva/NCSU/SFRT/SoftwareForRoboticsProject/jackalRepos/ros2_ws/install/jackal_msgs/share/jackal_msgs/cmake/jackal_msgs__rosidl_typesupport_cExport-noconfig.cmake
-- Up-to-date: /home/atharva/Atharva/NCSU/SFRT/SoftwareForRoboticsProject/jackalRepos/ros2_ws/install/jackal_msgs/share/jackal_msgs/cmake/jackal_msgs__rosidl_generator_cppExport.cmake
-- Up-to-date: /home/atharva/Atharva/NCSU/SFRT/SoftwareForRoboticsProject/jackalRepos/ros2_ws/install/jackal_msgs/share/jackal_msgs/cmake/jackal_msgs__rosidl_typesupport_introspection_cppExport.cmake
-- Installing: /home/atharva/Atharva/NCSU/SFRT/SoftwareForRoboticsProject/jackalRepos/ros2_ws/install/jackal_msgs/share/jackal_msgs/cmake/jackal_msgs__rosidl_typesupport_introspection_cppExport-noconfig.cmake
-- Up-to-date: /home/atharva/Atharva/NCSU/SFRT/SoftwareForRoboticsProject/jackalRepos/ros2_ws/install/jackal_msgs/share/jackal_msgs/cmake/jackal_msgs__rosidl_typesupport_cppExport.cmake
-- Installing: /home/atharva/Atharva/NCSU/SFRT/SoftwareForRoboticsProject/jackalRepos/ros2_ws/install/jackal_msgs/share/jackal_msgs/cmake/jackal_msgs__rosidl_typesupport_cppExport-noconfig.cmake
