[0.023s] Invoking command in '/home/atharva/Atharva/NCSU/SFRT/SoftwareForRoboticsProject/jackal_ws/build/slam_toolbox': CMAKE_PREFIX_PATH=${CMAKE_PREFIX_PATH}:/opt/ros/foxy CONDA_PROMPT_MODIFIER=(base) /usr/bin/cmake /home/atharva/Atharva/NCSU/SFRT/SoftwareForRoboticsProject/jackal_ws/src/slam_toolbox -DAMENT_CMAKE_SYMLINK_INSTALL=1 -DCMAKE_INSTALL_PREFIX=/home/atharva/Atharva/NCSU/SFRT/SoftwareForRoboticsProject/jackal_ws/install/slam_toolbox
[0.072s] -- The C compiler identification is GNU 9.4.0
[0.119s] -- The CXX compiler identification is GNU 9.4.0
[0.122s] -- Check for working C compiler: /usr/bin/cc
[0.178s] -- Check for working C compiler: /usr/bin/cc -- works
[0.179s] -- Detecting C compiler ABI info
[0.232s] -- Detecting C compiler ABI info - done
[0.243s] -- Detecting C compile features
[0.243s] -- Detecting C compile features - done
[0.246s] -- Check for working CXX compiler: /usr/bin/c++
[0.312s] -- Check for working CXX compiler: /usr/bin/c++ -- works
[0.313s] -- Detecting CXX compiler ABI info
[0.377s] -- Detecting CXX compiler ABI info - done
[0.391s] -- Detecting CXX compile features
[0.391s] -- Detecting CXX compile features - done
[0.395s] -- Found ament_cmake: 0.9.11 (/opt/ros/foxy/share/ament_cmake/cmake)
[0.451s] -- Found PythonInterp: /home/atharva/anaconda3/bin/python3 (found suitable version "3.9.13", minimum required is "3") 
[0.451s] -- Using PYTHON_EXECUTABLE: /home/atharva/anaconda3/bin/python3
[0.614s] -- Override CMake install command with custom implementation using symlinks instead of copying resources
[0.647s] -- Found message_filters: 3.2.5 (/opt/ros/foxy/share/message_filters/cmake)
[0.650s] -- Found nav_msgs: 2.0.5 (/opt/ros/foxy/share/nav_msgs/cmake)
[0.681s] -- Using all available rosidl_typesupport_c: rosidl_typesupport_fastrtps_c;rosidl_typesupport_introspection_c
[0.692s] -- Found rosidl_adapter: 1.3.0 (/opt/ros/foxy/share/rosidl_adapter/cmake)
[0.766s] -- Found OpenSSL: /usr/lib/x86_64-linux-gnu/libcrypto.so (found version "1.1.1f")  
[0.795s] -- Found FastRTPS: /opt/ros/foxy/include  
[0.868s] -- Using all available rosidl_typesupport_cpp: rosidl_typesupport_fastrtps_cpp;rosidl_typesupport_introspection_cpp
[1.011s] -- Found rclcpp: 2.4.2 (/opt/ros/foxy/share/rclcpp/cmake)
[1.060s] -- Found rmw_implementation_cmake: 1.0.4 (/opt/ros/foxy/share/rmw_implementation_cmake/cmake)
[1.062s] -- Using RMW implementation 'rmw_fastrtps_cpp' as default
[1.062s] -- Looking for pthread.h
[1.123s] -- Looking for pthread.h - found
[1.123s] -- Performing Test CMAKE_HAVE_LIBC_PTHREAD
[1.179s] -- Performing Test CMAKE_HAVE_LIBC_PTHREAD - Failed
[1.179s] -- Looking for pthread_create in pthreads
[1.226s] -- Looking for pthread_create in pthreads - not found
[1.226s] -- Looking for pthread_create in pthread
[1.283s] -- Looking for pthread_create in pthread - found
[1.284s] -- Found Threads: TRUE  
[1.398s] -- Found sensor_msgs: 2.0.5 (/opt/ros/foxy/share/sensor_msgs/cmake)
[1.451s] -- Found tf2: 0.13.14 (/opt/ros/foxy/share/tf2/cmake)
[1.463s] -- Found tf2_ros: 0.13.14 (/opt/ros/foxy/share/tf2_ros/cmake)
[1.721s] -- Found visualization_msgs: 2.0.5 (/opt/ros/foxy/share/visualization_msgs/cmake)
[1.774s] -- Found pluginlib: 2.5.4 (/opt/ros/foxy/share/pluginlib/cmake)
[1.792s] -- Found tf2_geometry_msgs: 0.13.14 (/opt/ros/foxy/share/tf2_geometry_msgs/cmake)
[1.799s] -- Found eigen3_cmake_module: 0.1.1 (/opt/ros/foxy/share/eigen3_cmake_module/cmake)
[1.803s] -- Found Eigen3: TRUE (found version "3.3.7") 
[1.822s] -- Found tf2_sensor_msgs: 0.13.14 (/opt/ros/foxy/share/tf2_sensor_msgs/cmake)
[1.839s] -- Found std_srvs: 2.0.5 (/opt/ros/foxy/share/std_srvs/cmake)
[1.850s] -- Found rosidl_default_generators: 1.0.1 (/opt/ros/foxy/share/rosidl_default_generators/cmake)
[1.861s] -- Found nav2_map_server: 0.4.7 (/opt/ros/foxy/share/nav2_map_server/cmake)
[1.864s] -- Found rviz_common: 8.2.8 (/opt/ros/foxy/share/rviz_common/cmake)
[1.897s] -- Setting OGRE_DIR to: '/opt/ros/foxy/share/rviz_ogre_vendor/cmake/../../../opt/rviz_ogre_vendor/lib/OGRE/cmake'
[1.899s] -- Found OGRE
[1.899s] --   static     : OFF
[1.899s] --   components : HLMS;MeshLodGenerator;Overlay;Paging;Property;RTShaderSystem;Terrain;Volume
[1.899s] --   plugins    : Plugin_BSPSceneManager;Plugin_OctreeSceneManager;Plugin_PCZSceneManager;Plugin_ParticleFX;RenderSystem_GL;RenderSystem_GL3Plus;Codec_STBI
[1.899s] --   media      : /opt/ros/foxy/opt/rviz_ogre_vendor/share/OGRE/Media
[1.899s] -- OGRE_LIBRARIES: OgreHLMS;OgreMeshLodGenerator;OgreOverlay;OgrePaging;OgreProperty;OgreRTShaderSystem;OgreTerrain;OgreVolume;OgreMain
[1.899s] -- OGRE_LIBRARY_DIRS: /opt/ros/foxy/opt/rviz_ogre_vendor/lib
[1.899s] -- OGRE_PLUGINS: Plugin_BSPSceneManager;Plugin_OctreeSceneManager;Plugin_PCZSceneManager;Plugin_ParticleFX;RenderSystem_GL;RenderSystem_GL3Plus;Codec_STBI
[1.899s] -- OGRE_PLUGIN_DIR: /opt/ros/foxy/opt/rviz_ogre_vendor/lib/OGRE
[1.899s] -- rviz_ogre_vendor::OgreOverlay for IMPORTED_LOCATION_RELEASE: /opt/ros/foxy/opt/rviz_ogre_vendor/lib/libOgreOverlay.so
[1.899s] -- rviz_ogre_vendor::OgreOverlay for IMPORTED_LOCATION_DEBUG: /opt/ros/foxy/opt/rviz_ogre_vendor/lib/libOgreOverlay.so
[1.900s] -- rviz_ogre_vendor::OgreMain for IMPORTED_LOCATION_RELEASE: /opt/ros/foxy/opt/rviz_ogre_vendor/lib/libOgreMain.so
[1.900s] -- rviz_ogre_vendor::OgreMain for IMPORTED_LOCATION_DEBUG: /opt/ros/foxy/opt/rviz_ogre_vendor/lib/libOgreMain.so
[1.919s] -- Found ZLIB: /usr/lib/x86_64-linux-gnu/libz.so (found version "1.2.11") 
[1.925s] -- Found OpenGL: /usr/lib/x86_64-linux-gnu/libOpenGL.so   
[1.997s] -- Found X11: /usr/include   
[1.997s] -- Looking for XOpenDisplay in /usr/lib/x86_64-linux-gnu/libX11.so;/usr/lib/x86_64-linux-gnu/libXext.so
[2.057s] -- Looking for XOpenDisplay in /usr/lib/x86_64-linux-gnu/libX11.so;/usr/lib/x86_64-linux-gnu/libXext.so - found
[2.057s] -- Looking for gethostbyname
[2.114s] -- Looking for gethostbyname - found
[2.114s] -- Looking for connect
[2.169s] -- Looking for connect - found
[2.169s] -- Looking for remove
[2.225s] -- Looking for remove - found
[2.225s] -- Looking for shmat
[2.288s] -- Looking for shmat - found
[2.288s] -- Looking for IceConnectionNumber in ICE
[2.344s] -- Looking for IceConnectionNumber in ICE - found
[2.347s] -- rviz_ogre_vendor::RenderSystem_GL for IMPORTED_LOCATION_RELEASE: _render_system_gl_static_library_abs-NOTFOUND
[2.347s] -- rviz_ogre_vendor::RenderSystem_GL for IMPORTED_LOCATION_DEBUG: _render_system_gl_static_library_abs-NOTFOUND
[2.354s] -- library: libassimp.so.5
[2.418s] -- library: /usr/lib/x86_64-linux-gnu/libcurl.so
[2.480s] -- Setting yaml-cpp_DIR to: '/opt/ros/foxy/share/yaml_cpp_vendor/cmake/../../../opt/yaml_cpp_vendor/lib/cmake/yaml-cpp'
[2.484s] -- Found rviz_default_plugins: 8.2.8 (/opt/ros/foxy/share/rviz_default_plugins/cmake)
[2.758s] -- Found Boost: /usr/lib/x86_64-linux-gnu/cmake/Boost-1.71.0/BoostConfig.cmake (found version "1.71.0") found components: system serialization filesystem thread 
[2.854s] -- Found PkgConfig: /usr/bin/pkg-config (found version "0.29.1") 
[2.858s] -- Found CSPARSE: /usr/include/suitesparse  
[2.898s] -- Found CHOLMOD: /usr/include/suitesparse  
[2.900s] -- Looking for sgemm_
[2.958s] -- Looking for sgemm_ - not found
[2.976s] -- Looking for sgemm_
[3.059s] -- Looking for sgemm_ - found
[3.060s] -- Found BLAS: /usr/lib/x86_64-linux-gnu/libopenblas.so  
[3.062s] -- Looking for cheev_
[3.143s] -- Looking for cheev_ - found
[3.143s] -- A library with LAPACK API found.
[3.148s] -- Found installed version of Eigen: /usr/lib/cmake/eigen3
[3.149s] -- Found required Ceres dependency: Eigen version 3.3.7 in /usr/include/eigen3
[3.154s] -- Found required Ceres dependency: glog
[3.156s] -- Found installed version of gflags: /usr/lib/x86_64-linux-gnu/cmake/gflags
[3.156s] -- Detected gflags version: 2.2.2
[3.158s] -- Found required Ceres dependency: gflags
[3.158s] -- Found Ceres version: 1.14.0 installed in: /usr with components: [EigenSparse, SparseLinearAlgebraLibrary, LAPACK, SuiteSparse, CXSparse, SchurSpecializations, OpenMP, Multithreading]
[3.190s] -- Found PythonInterp: /home/atharva/anaconda3/bin/python3 (found version "3.9.13") 
[3.414s] -- Found ament_cmake_ros: 0.9.2 (/opt/ros/foxy/share/ament_cmake_ros/cmake)
[3.641s] -- Using all available rosidl_typesupport_c: rosidl_typesupport_fastrtps_c;rosidl_typesupport_introspection_c
[3.746s] -- Using all available rosidl_typesupport_cpp: rosidl_typesupport_fastrtps_cpp;rosidl_typesupport_introspection_cpp
[3.774s] -- Found PythonInterp: /home/atharva/anaconda3/bin/python3 (found suitable version "3.9.13", minimum required is "3.5") 
[3.776s] -- Found python_cmake_module: 0.8.1 (/opt/ros/foxy/share/python_cmake_module/cmake)
[3.803s] -- Found PythonLibs: /home/atharva/anaconda3/lib/libpython3.9.so (found suitable version "3.9.13", minimum required is "3.5") 
[3.803s] -- Using PYTHON_EXECUTABLE: /home/atharva/anaconda3/bin/python3
[3.803s] -- Using PYTHON_INCLUDE_DIRS: /home/atharva/anaconda3/include/python3.9
[3.803s] -- Using PYTHON_LIBRARIES: /home/atharva/anaconda3/lib/libpython3.9.so
[3.826s] -- Found PythonExtra: .so  
[4.155s] -- Using numpy include directory: /home/atharva/anaconda3/lib/python3.9/site-packages/numpy/core/include
[4.230s] -- Configuring done
[4.266s] CMake Warning at CMakeLists.txt:163 (add_library):
[4.266s]   Cannot generate a safe runtime search path for target lifelong_slam_toolbox
[4.266s]   because files in some directories may conflict with libraries in implicit
[4.266s]   directories:
[4.266s] 
[4.267s]     runtime library [libfreetype.so.6] in /usr/lib/x86_64-linux-gnu may be hidden by files in:
[4.267s]       /home/atharva/anaconda3/lib
[4.267s]     runtime library [libz.so.1] in /usr/lib/x86_64-linux-gnu may be hidden by files in:
[4.267s]       /home/atharva/anaconda3/lib
[4.267s]     runtime library [libcurl.so.4] in /usr/lib/x86_64-linux-gnu may be hidden by files in:
[4.267s]       /home/atharva/anaconda3/lib
[4.267s] 
[4.267s]   Some of these libraries may not be found correctly.
[4.267s] 
[4.267s] 
[4.282s] CMake Warning at CMakeLists.txt:140 (add_library):
[4.282s]   Cannot generate a safe runtime search path for target toolbox_common
[4.282s]   because files in some directories may conflict with libraries in implicit
[4.282s]   directories:
[4.282s] 
[4.282s]     runtime library [libfreetype.so.6] in /usr/lib/x86_64-linux-gnu may be hidden by files in:
[4.283s]       /home/atharva/anaconda3/lib
[4.283s]     runtime library [libz.so.1] in /usr/lib/x86_64-linux-gnu may be hidden by files in:
[4.283s]       /home/atharva/anaconda3/lib
[4.283s]     runtime library [libcurl.so.4] in /usr/lib/x86_64-linux-gnu may be hidden by files in:
[4.283s]       /home/atharva/anaconda3/lib
[4.283s] 
[4.283s]   Some of these libraries may not be found correctly.
[4.283s] 
[4.283s] 
[4.306s] CMake Warning at CMakeLists.txt:112 (add_library):
[4.306s]   Cannot generate a safe runtime search path for target SlamToolboxPlugin
[4.306s]   because files in some directories may conflict with libraries in implicit
[4.307s]   directories:
[4.307s] 
[4.307s]     runtime library [libfreetype.so.6] in /usr/lib/x86_64-linux-gnu may be hidden by files in:
[4.307s]       /home/atharva/anaconda3/lib
[4.307s]     runtime library [libz.so.1] in /usr/lib/x86_64-linux-gnu may be hidden by files in:
[4.307s]       /home/atharva/anaconda3/lib
[4.307s]     runtime library [libcurl.so.4] in /usr/lib/x86_64-linux-gnu may be hidden by files in:
[4.307s]       /home/atharva/anaconda3/lib
[4.307s] 
[4.307s]   Some of these libraries may not be found correctly.
[4.307s] 
[4.307s] 
[4.328s] CMake Warning at CMakeLists.txt:153 (add_library):
[4.328s]   Cannot generate a safe runtime search path for target sync_slam_toolbox
[4.328s]   because files in some directories may conflict with libraries in implicit
[4.328s]   directories:
[4.328s] 
[4.328s]     runtime library [libfreetype.so.6] in /usr/lib/x86_64-linux-gnu may be hidden by files in:
[4.328s]       /home/atharva/anaconda3/lib
[4.328s]     runtime library [libz.so.1] in /usr/lib/x86_64-linux-gnu may be hidden by files in:
[4.328s]       /home/atharva/anaconda3/lib
[4.328s]     runtime library [libcurl.so.4] in /usr/lib/x86_64-linux-gnu may be hidden by files in:
[4.329s]       /home/atharva/anaconda3/lib
[4.329s] 
[4.329s]   Some of these libraries may not be found correctly.
[4.329s] 
[4.329s] 
[4.339s] CMake Warning at CMakeLists.txt:155 (add_executable):
[4.339s]   Cannot generate a safe runtime search path for target
[4.339s]   sync_slam_toolbox_node because files in some directories may conflict with
[4.339s]   libraries in implicit directories:
[4.339s] 
[4.339s]     runtime library [libfreetype.so.6] in /usr/lib/x86_64-linux-gnu may be hidden by files in:
[4.339s]       /home/atharva/anaconda3/lib
[4.339s]     runtime library [libz.so.1] in /usr/lib/x86_64-linux-gnu may be hidden by files in:
[4.339s]       /home/atharva/anaconda3/lib
[4.339s]     runtime library [libcurl.so.4] in /usr/lib/x86_64-linux-gnu may be hidden by files in:
[4.339s]       /home/atharva/anaconda3/lib
[4.339s] 
[4.339s]   Some of these libraries may not be found correctly.
[4.339s] 
[4.340s] 
[4.349s] CMake Warning at CMakeLists.txt:129 (add_library):
[4.349s]   Cannot generate a safe runtime search path for target ceres_solver_plugin
[4.349s]   because files in some directories may conflict with libraries in implicit
[4.350s]   directories:
[4.350s] 
[4.350s]     runtime library [libfreetype.so.6] in /usr/lib/x86_64-linux-gnu may be hidden by files in:
[4.350s]       /home/atharva/anaconda3/lib
[4.350s]     runtime library [libz.so.1] in /usr/lib/x86_64-linux-gnu may be hidden by files in:
[4.350s]       /home/atharva/anaconda3/lib
[4.350s]     runtime library [libcurl.so.4] in /usr/lib/x86_64-linux-gnu may be hidden by files in:
[4.350s]       /home/atharva/anaconda3/lib
[4.350s] 
[4.350s]   Some of these libraries may not be found correctly.
[4.350s] 
[4.350s] 
[4.371s] CMake Warning at CMakeLists.txt:160 (add_executable):
[4.371s]   Cannot generate a safe runtime search path for target
[4.371s]   localization_slam_toolbox_node because files in some directories may
[4.371s]   conflict with libraries in implicit directories:
[4.371s] 
[4.371s]     runtime library [libfreetype.so.6] in /usr/lib/x86_64-linux-gnu may be hidden by files in:
[4.371s]       /home/atharva/anaconda3/lib
[4.372s]     runtime library [libz.so.1] in /usr/lib/x86_64-linux-gnu may be hidden by files in:
[4.372s]       /home/atharva/anaconda3/lib
[4.372s]     runtime library [libcurl.so.4] in /usr/lib/x86_64-linux-gnu may be hidden by files in:
[4.372s]       /home/atharva/anaconda3/lib
[4.372s] 
[4.372s]   Some of these libraries may not be found correctly.
[4.372s] 
[4.372s] 
[4.385s] CMake Warning at CMakeLists.txt:148 (add_library):
[4.385s]   Cannot generate a safe runtime search path for target async_slam_toolbox
[4.385s]   because files in some directories may conflict with libraries in implicit
[4.385s]   directories:
[4.385s] 
[4.385s]     runtime library [libfreetype.so.6] in /usr/lib/x86_64-linux-gnu may be hidden by files in:
[4.385s]       /home/atharva/anaconda3/lib
[4.385s]     runtime library [libz.so.1] in /usr/lib/x86_64-linux-gnu may be hidden by files in:
[4.385s]       /home/atharva/anaconda3/lib
[4.385s]     runtime library [libcurl.so.4] in /usr/lib/x86_64-linux-gnu may be hidden by files in:
[4.385s]       /home/atharva/anaconda3/lib
[4.385s] 
[4.385s]   Some of these libraries may not be found correctly.
[4.386s] 
[4.386s] 
[4.394s] CMake Warning at /opt/ros/foxy/share/rosidl_generator_py/cmake/rosidl_generator_py_generate_interfaces.cmake:235 (add_library):
[4.394s]   Cannot generate a safe runtime search path for target
[4.394s]   slam_toolbox__rosidl_typesupport_fastrtps_c__pyext because files in some
[4.394s]   directories may conflict with libraries in implicit directories:
[4.394s] 
[4.394s]     runtime library [libssl.so.1.1] in /usr/lib/x86_64-linux-gnu may be hidden by files in:
[4.394s]       /home/atharva/anaconda3/lib
[4.394s]     runtime library [libcrypto.so.1.1] in /usr/lib/x86_64-linux-gnu may be hidden by files in:
[4.394s]       /home/atharva/anaconda3/lib
[4.394s] 
[4.394s]   Some of these libraries may not be found correctly.
[4.394s] Call Stack (most recent call first):
[4.394s]   /opt/ros/foxy/share/ament_cmake_core/cmake/core/ament_execute_extensions.cmake:48 (include)
[4.394s]   /opt/ros/foxy/share/rosidl_cmake/cmake/rosidl_generate_interfaces.cmake:286 (ament_execute_extensions)
[4.394s]   CMakeLists.txt:96 (rosidl_generate_interfaces)
[4.394s] 
[4.394s] 
[4.411s] CMake Warning at CMakeLists.txt:150 (add_executable):
[4.411s]   Cannot generate a safe runtime search path for target
[4.411s]   async_slam_toolbox_node because files in some directories may conflict with
[4.411s]   libraries in implicit directories:
[4.411s] 
[4.411s]     runtime library [libfreetype.so.6] in /usr/lib/x86_64-linux-gnu may be hidden by files in:
[4.411s]       /home/atharva/anaconda3/lib
[4.411s]     runtime library [libz.so.1] in /usr/lib/x86_64-linux-gnu may be hidden by files in:
[4.411s]       /home/atharva/anaconda3/lib
[4.412s]     runtime library [libcurl.so.4] in /usr/lib/x86_64-linux-gnu may be hidden by files in:
[4.412s]       /home/atharva/anaconda3/lib
[4.412s] 
[4.412s]   Some of these libraries may not be found correctly.
[4.412s] 
[4.412s] 
[4.420s] CMake Warning at CMakeLists.txt:158 (add_library):
[4.420s]   Cannot generate a safe runtime search path for target
[4.420s]   localization_slam_toolbox because files in some directories may conflict
[4.420s]   with libraries in implicit directories:
[4.420s] 
[4.420s]     runtime library [libfreetype.so.6] in /usr/lib/x86_64-linux-gnu may be hidden by files in:
[4.420s]       /home/atharva/anaconda3/lib
[4.420s]     runtime library [libz.so.1] in /usr/lib/x86_64-linux-gnu may be hidden by files in:
[4.420s]       /home/atharva/anaconda3/lib
[4.420s]     runtime library [libcurl.so.4] in /usr/lib/x86_64-linux-gnu may be hidden by files in:
[4.420s]       /home/atharva/anaconda3/lib
[4.420s] 
[4.420s]   Some of these libraries may not be found correctly.
[4.420s] 
[4.421s] 
[4.430s] CMake Warning at CMakeLists.txt:165 (add_executable):
[4.430s]   Cannot generate a safe runtime search path for target
[4.430s]   lifelong_slam_toolbox_node because files in some directories may conflict
[4.430s]   with libraries in implicit directories:
[4.430s] 
[4.430s]     runtime library [libfreetype.so.6] in /usr/lib/x86_64-linux-gnu may be hidden by files in:
[4.430s]       /home/atharva/anaconda3/lib
[4.430s]     runtime library [libz.so.1] in /usr/lib/x86_64-linux-gnu may be hidden by files in:
[4.431s]       /home/atharva/anaconda3/lib
[4.431s]     runtime library [libcurl.so.4] in /usr/lib/x86_64-linux-gnu may be hidden by files in:
[4.431s]       /home/atharva/anaconda3/lib
[4.431s] 
[4.431s]   Some of these libraries may not be found correctly.
[4.431s] 
[4.431s] 
[4.443s] CMake Warning at CMakeLists.txt:169 (add_executable):
[4.443s]   Cannot generate a safe runtime search path for target merge_maps_kinematic
[4.443s]   because files in some directories may conflict with libraries in implicit
[4.443s]   directories:
[4.443s] 
[4.443s]     runtime library [libfreetype.so.6] in /usr/lib/x86_64-linux-gnu may be hidden by files in:
[4.443s]       /home/atharva/anaconda3/lib
[4.443s]     runtime library [libz.so.1] in /usr/lib/x86_64-linux-gnu may be hidden by files in:
[4.443s]       /home/atharva/anaconda3/lib
[4.444s]     runtime library [libcurl.so.4] in /usr/lib/x86_64-linux-gnu may be hidden by files in:
[4.444s]       /home/atharva/anaconda3/lib
[4.444s] 
[4.444s]   Some of these libraries may not be found correctly.
[4.444s] 
[4.444s] 
[4.463s] -- Generating done
[4.469s] -- Build files have been written to: /home/atharva/Atharva/NCSU/SFRT/SoftwareForRoboticsProject/jackal_ws/build/slam_toolbox
[4.487s] Invoked command in '/home/atharva/Atharva/NCSU/SFRT/SoftwareForRoboticsProject/jackal_ws/build/slam_toolbox' returned '0': CMAKE_PREFIX_PATH=${CMAKE_PREFIX_PATH}:/opt/ros/foxy CONDA_PROMPT_MODIFIER=(base) /usr/bin/cmake /home/atharva/Atharva/NCSU/SFRT/SoftwareForRoboticsProject/jackal_ws/src/slam_toolbox -DAMENT_CMAKE_SYMLINK_INSTALL=1 -DCMAKE_INSTALL_PREFIX=/home/atharva/Atharva/NCSU/SFRT/SoftwareForRoboticsProject/jackal_ws/install/slam_toolbox
[4.489s] Invoking command in '/home/atharva/Atharva/NCSU/SFRT/SoftwareForRoboticsProject/jackal_ws/build/slam_toolbox': CMAKE_PREFIX_PATH=${CMAKE_PREFIX_PATH}:/opt/ros/foxy CONDA_PROMPT_MODIFIER=(base) /usr/bin/cmake --build /home/atharva/Atharva/NCSU/SFRT/SoftwareForRoboticsProject/jackal_ws/build/slam_toolbox -- -j16 -l16
[4.530s] [35m[1mScanning dependencies of target kartoSlamToolbox[0m
[4.530s] [  1%] [34m[1mGenerating C code for ROS interfaces[0m
[4.530s] [35m[1mScanning dependencies of target slam_toolbox__cpp[0m
[4.539s] [  2%] [34m[1mGenerating C++ code for ROS interfaces[0m
[4.619s] [  3%] [32mBuilding CXX object lib/karto_sdk/CMakeFiles/kartoSlamToolbox.dir/src/Karto.cpp.o[0m
[4.622s] [  3%] [32mBuilding CXX object lib/karto_sdk/CMakeFiles/kartoSlamToolbox.dir/src/Mapper.cpp.o[0m
[5.210s] [  3%] Built target slam_toolbox__cpp
[5.220s] [  6%] [34m[1mGenerating C++ type support dispatch for ROS interfaces[0m
[5.220s] [  6%] [34m[1mGenerating C++ introspection for ROS interfaces[0m
[5.220s] [  6%] [34m[1mGenerating C++ type support for eProsima Fast-RTPS[0m
[5.322s] [35m[1mScanning dependencies of target slam_toolbox__rosidl_generator_c[0m
[5.344s] [  7%] [32mBuilding C object CMakeFiles/slam_toolbox__rosidl_generator_c.dir/rosidl_generator_c/slam_toolbox/srv/detail/save_map__functions.c.o[0m
[5.344s] [  7%] [32mBuilding C object CMakeFiles/slam_toolbox__rosidl_generator_c.dir/rosidl_generator_c/slam_toolbox/srv/detail/pause__functions.c.o[0m
[5.344s] [  7%] [32mBuilding C object CMakeFiles/slam_toolbox__rosidl_generator_c.dir/rosidl_generator_c/slam_toolbox/srv/detail/clear_queue__functions.c.o[0m
[5.344s] [  8%] [32mBuilding C object CMakeFiles/slam_toolbox__rosidl_generator_c.dir/rosidl_generator_c/slam_toolbox/srv/detail/clear__functions.c.o[0m
[5.344s] [  9%] [32mBuilding C object CMakeFiles/slam_toolbox__rosidl_generator_c.dir/rosidl_generator_c/slam_toolbox/srv/detail/merge_maps__functions.c.o[0m
[5.345s] [ 10%] [32mBuilding C object CMakeFiles/slam_toolbox__rosidl_generator_c.dir/rosidl_generator_c/slam_toolbox/srv/detail/loop_closure__functions.c.o[0m
[5.345s] [ 11%] [32mBuilding C object CMakeFiles/slam_toolbox__rosidl_generator_c.dir/rosidl_generator_c/slam_toolbox/srv/detail/toggle_interactive__functions.c.o[0m
[5.353s] [ 11%] [32mBuilding C object CMakeFiles/slam_toolbox__rosidl_generator_c.dir/rosidl_generator_c/slam_toolbox/srv/detail/deserialize_pose_graph__functions.c.o[0m
[5.354s] [ 12%] [32mBuilding C object CMakeFiles/slam_toolbox__rosidl_generator_c.dir/rosidl_generator_c/slam_toolbox/srv/detail/add_submap__functions.c.o[0m
[5.357s] [ 13%] [32mBuilding C object CMakeFiles/slam_toolbox__rosidl_generator_c.dir/rosidl_generator_c/slam_toolbox/srv/detail/serialize_pose_graph__functions.c.o[0m
[5.527s] [ 14%] [32m[1mLinking C shared library libslam_toolbox__rosidl_generator_c.so[0m
[5.569s] [ 14%] Built target slam_toolbox__rosidl_generator_c
[5.578s] [ 16%] [34m[1mGenerating C type support dispatch for ROS interfaces[0m
[5.578s] [ 16%] [34m[1mGenerating C introspection for ROS interfaces[0m
[5.908s] [35m[1mScanning dependencies of target slam_toolbox__rosidl_typesupport_cpp[0m
[5.931s] [ 17%] [32mBuilding CXX object CMakeFiles/slam_toolbox__rosidl_typesupport_cpp.dir/rosidl_typesupport_cpp/slam_toolbox/srv/pause__type_support.cpp.o[0m
[5.931s] [ 17%] [32mBuilding CXX object CMakeFiles/slam_toolbox__rosidl_typesupport_cpp.dir/rosidl_typesupport_cpp/slam_toolbox/srv/clear_queue__type_support.cpp.o[0m
[5.939s] [ 18%] [32mBuilding CXX object CMakeFiles/slam_toolbox__rosidl_typesupport_cpp.dir/rosidl_typesupport_cpp/slam_toolbox/srv/toggle_interactive__type_support.cpp.o[0m
[5.940s] [ 19%] [32mBuilding CXX object CMakeFiles/slam_toolbox__rosidl_typesupport_cpp.dir/rosidl_typesupport_cpp/slam_toolbox/srv/clear__type_support.cpp.o[0m
[5.948s] [ 20%] [32mBuilding CXX object CMakeFiles/slam_toolbox__rosidl_typesupport_cpp.dir/rosidl_typesupport_cpp/slam_toolbox/srv/save_map__type_support.cpp.o[0m
[5.960s] [ 21%] [32mBuilding CXX object CMakeFiles/slam_toolbox__rosidl_typesupport_cpp.dir/rosidl_typesupport_cpp/slam_toolbox/srv/add_submap__type_support.cpp.o[0m
[5.961s] [ 21%] [32mBuilding CXX object CMakeFiles/slam_toolbox__rosidl_typesupport_cpp.dir/rosidl_typesupport_cpp/slam_toolbox/srv/loop_closure__type_support.cpp.o[0m
[5.970s] [35m[1mScanning dependencies of target slam_toolbox__rosidl_typesupport_fastrtps_cpp[0m
[5.971s] [ 22%] [32mBuilding CXX object CMakeFiles/slam_toolbox__rosidl_typesupport_cpp.dir/rosidl_typesupport_cpp/slam_toolbox/srv/merge_maps__type_support.cpp.o[0m
[5.971s] [ 23%] [32mBuilding CXX object CMakeFiles/slam_toolbox__rosidl_typesupport_cpp.dir/rosidl_typesupport_cpp/slam_toolbox/srv/serialize_pose_graph__type_support.cpp.o[0m
[5.979s] [ 23%] [32mBuilding CXX object CMakeFiles/slam_toolbox__rosidl_typesupport_cpp.dir/rosidl_typesupport_cpp/slam_toolbox/srv/deserialize_pose_graph__type_support.cpp.o[0m
[6.013s] [ 24%] [32mBuilding CXX object CMakeFiles/slam_toolbox__rosidl_typesupport_fastrtps_cpp.dir/rosidl_typesupport_fastrtps_cpp/slam_toolbox/srv/detail/dds_fastrtps/pause__type_support.cpp.o[0m
[6.281s] [35m[1mScanning dependencies of target slam_toolbox__rosidl_typesupport_c[0m
[6.362s] [ 24%] [32mBuilding CXX object CMakeFiles/slam_toolbox__rosidl_typesupport_c.dir/rosidl_typesupport_c/slam_toolbox/srv/pause__type_support.cpp.o[0m
[6.389s] [ 25%] [32mBuilding CXX object CMakeFiles/slam_toolbox__rosidl_typesupport_c.dir/rosidl_typesupport_c/slam_toolbox/srv/toggle_interactive__type_support.cpp.o[0m
[6.393s] [ 25%] [32mBuilding CXX object CMakeFiles/slam_toolbox__rosidl_typesupport_fastrtps_cpp.dir/rosidl_typesupport_fastrtps_cpp/slam_toolbox/srv/detail/dds_fastrtps/clear_queue__type_support.cpp.o[0m
[6.394s] [ 25%] [32mBuilding CXX object CMakeFiles/slam_toolbox__rosidl_typesupport_c.dir/rosidl_typesupport_c/slam_toolbox/srv/clear__type_support.cpp.o[0m
[6.397s] [ 26%] [32mBuilding CXX object CMakeFiles/slam_toolbox__rosidl_typesupport_c.dir/rosidl_typesupport_c/slam_toolbox/srv/clear_queue__type_support.cpp.o[0m
[6.400s] [ 27%] [32mBuilding CXX object CMakeFiles/slam_toolbox__rosidl_typesupport_fastrtps_cpp.dir/rosidl_typesupport_fastrtps_cpp/slam_toolbox/srv/detail/dds_fastrtps/toggle_interactive__type_support.cpp.o[0m
[6.420s] [ 28%] [32mBuilding CXX object CMakeFiles/slam_toolbox__rosidl_typesupport_c.dir/rosidl_typesupport_c/slam_toolbox/srv/save_map__type_support.cpp.o[0m
[6.421s] [35m[1mScanning dependencies of target slam_toolbox__rosidl_typesupport_introspection_cpp[0m
[6.438s] [ 29%] [32mBuilding CXX object CMakeFiles/slam_toolbox__rosidl_typesupport_fastrtps_cpp.dir/rosidl_typesupport_fastrtps_cpp/slam_toolbox/srv/detail/dds_fastrtps/clear__type_support.cpp.o[0m
[6.441s] [ 30%] [32mBuilding CXX object CMakeFiles/slam_toolbox__rosidl_typesupport_c.dir/rosidl_typesupport_c/slam_toolbox/srv/merge_maps__type_support.cpp.o[0m
[6.441s] [ 31%] [32mBuilding CXX object CMakeFiles/slam_toolbox__rosidl_typesupport_c.dir/rosidl_typesupport_c/slam_toolbox/srv/loop_closure__type_support.cpp.o[0m
[6.450s] [ 31%] [32mBuilding CXX object CMakeFiles/slam_toolbox__rosidl_typesupport_c.dir/rosidl_typesupport_c/slam_toolbox/srv/add_submap__type_support.cpp.o[0m
[6.451s] [ 32%] [32mBuilding CXX object CMakeFiles/slam_toolbox__rosidl_typesupport_introspection_cpp.dir/rosidl_typesupport_introspection_cpp/slam_toolbox/srv/detail/pause__type_support.cpp.o[0m
[6.451s] [ 33%] [32mBuilding CXX object CMakeFiles/slam_toolbox__rosidl_typesupport_fastrtps_cpp.dir/rosidl_typesupport_fastrtps_cpp/slam_toolbox/srv/detail/dds_fastrtps/save_map__type_support.cpp.o[0m
[6.465s] [ 34%] [32mBuilding CXX object CMakeFiles/slam_toolbox__rosidl_typesupport_introspection_cpp.dir/rosidl_typesupport_introspection_cpp/slam_toolbox/srv/detail/clear_queue__type_support.cpp.o[0m
[6.481s] [ 34%] [32mBuilding CXX object CMakeFiles/slam_toolbox__rosidl_typesupport_introspection_cpp.dir/rosidl_typesupport_introspection_cpp/slam_toolbox/srv/detail/toggle_interactive__type_support.cpp.o[0m
[6.493s] [ 35%] [32mBuilding CXX object CMakeFiles/slam_toolbox__rosidl_typesupport_c.dir/rosidl_typesupport_c/slam_toolbox/srv/deserialize_pose_graph__type_support.cpp.o[0m
[6.495s] [ 36%] [32mBuilding CXX object CMakeFiles/slam_toolbox__rosidl_typesupport_c.dir/rosidl_typesupport_c/slam_toolbox/srv/serialize_pose_graph__type_support.cpp.o[0m
[6.514s] [ 36%] [32mBuilding CXX object CMakeFiles/slam_toolbox__rosidl_typesupport_fastrtps_cpp.dir/rosidl_typesupport_fastrtps_cpp/slam_toolbox/srv/detail/dds_fastrtps/loop_closure__type_support.cpp.o[0m
[6.533s] [ 38%] [32m[1mLinking CXX shared library libslam_toolbox__rosidl_typesupport_cpp.so[0m
[6.534s] [ 38%] [32mBuilding CXX object CMakeFiles/slam_toolbox__rosidl_typesupport_fastrtps_cpp.dir/rosidl_typesupport_fastrtps_cpp/slam_toolbox/srv/detail/dds_fastrtps/merge_maps__type_support.cpp.o[0m
[6.566s] [ 39%] [32m[1mLinking CXX shared library libslam_toolbox__rosidl_typesupport_c.so[0m
[6.568s] [35m[1mScanning dependencies of target slam_toolbox__rosidl_typesupport_introspection_c[0m
[6.578s] [ 40%] [32mBuilding CXX object CMakeFiles/slam_toolbox__rosidl_typesupport_introspection_cpp.dir/rosidl_typesupport_introspection_cpp/slam_toolbox/srv/detail/clear__type_support.cpp.o[0m
[6.640s] [ 40%] Built target slam_toolbox__rosidl_typesupport_cpp
[6.650s] [ 41%] [32mBuilding C object CMakeFiles/slam_toolbox__rosidl_typesupport_introspection_c.dir/rosidl_typesupport_introspection_c/slam_toolbox/srv/detail/pause__type_support.c.o[0m
[6.663s] [ 42%] [32mBuilding CXX object CMakeFiles/slam_toolbox__rosidl_typesupport_fastrtps_cpp.dir/rosidl_typesupport_fastrtps_cpp/slam_toolbox/srv/detail/dds_fastrtps/add_submap__type_support.cpp.o[0m
[6.664s] [ 42%] [32mBuilding C object CMakeFiles/slam_toolbox__rosidl_typesupport_introspection_c.dir/rosidl_typesupport_introspection_c/slam_toolbox/srv/detail/clear_queue__type_support.c.o[0m
[6.673s] [ 42%] Built target slam_toolbox__rosidl_typesupport_c
[6.686s] [ 43%] [32mBuilding CXX object CMakeFiles/slam_toolbox__rosidl_typesupport_fastrtps_cpp.dir/rosidl_typesupport_fastrtps_cpp/slam_toolbox/srv/detail/dds_fastrtps/deserialize_pose_graph__type_support.cpp.o[0m
[6.759s] [ 44%] [32mBuilding C object CMakeFiles/slam_toolbox__rosidl_typesupport_introspection_c.dir/rosidl_typesupport_introspection_c/slam_toolbox/srv/detail/toggle_interactive__type_support.c.o[0m
[6.762s] [ 44%] [32mBuilding CXX object CMakeFiles/slam_toolbox__rosidl_typesupport_fastrtps_cpp.dir/rosidl_typesupport_fastrtps_cpp/slam_toolbox/srv/detail/dds_fastrtps/serialize_pose_graph__type_support.cpp.o[0m
[6.854s] [ 45%] [32mBuilding C object CMakeFiles/slam_toolbox__rosidl_typesupport_introspection_c.dir/rosidl_typesupport_introspection_c/slam_toolbox/srv/detail/clear__type_support.c.o[0m
[6.945s] [ 46%] [32mBuilding CXX object CMakeFiles/slam_toolbox__rosidl_typesupport_introspection_cpp.dir/rosidl_typesupport_introspection_cpp/slam_toolbox/srv/detail/save_map__type_support.cpp.o[0m
[6.950s] [ 46%] [32mBuilding C object CMakeFiles/slam_toolbox__rosidl_typesupport_introspection_c.dir/rosidl_typesupport_introspection_c/slam_toolbox/srv/detail/save_map__type_support.c.o[0m
[6.975s] [ 46%] [32mBuilding CXX object CMakeFiles/slam_toolbox__rosidl_typesupport_introspection_cpp.dir/rosidl_typesupport_introspection_cpp/slam_toolbox/srv/detail/loop_closure__type_support.cpp.o[0m
[7.002s] [ 47%] [32mBuilding CXX object CMakeFiles/slam_toolbox__rosidl_typesupport_introspection_cpp.dir/rosidl_typesupport_introspection_cpp/slam_toolbox/srv/detail/merge_maps__type_support.cpp.o[0m
[7.022s] [ 48%] [32mBuilding C object CMakeFiles/slam_toolbox__rosidl_typesupport_introspection_c.dir/rosidl_typesupport_introspection_c/slam_toolbox/srv/detail/loop_closure__type_support.c.o[0m
[7.023s] [ 49%] [32mBuilding C object CMakeFiles/slam_toolbox__rosidl_typesupport_introspection_c.dir/rosidl_typesupport_introspection_c/slam_toolbox/srv/detail/merge_maps__type_support.c.o[0m
[7.076s] [ 50%] [32mBuilding CXX object CMakeFiles/slam_toolbox__rosidl_typesupport_introspection_cpp.dir/rosidl_typesupport_introspection_cpp/slam_toolbox/srv/detail/add_submap__type_support.cpp.o[0m
[7.101s] [ 52%] [32mBuilding C object CMakeFiles/slam_toolbox__rosidl_typesupport_introspection_c.dir/rosidl_typesupport_introspection_c/slam_toolbox/srv/detail/add_submap__type_support.c.o[0m
[7.102s] [ 52%] [32mBuilding CXX object CMakeFiles/slam_toolbox__rosidl_typesupport_introspection_cpp.dir/rosidl_typesupport_introspection_cpp/slam_toolbox/srv/detail/deserialize_pose_graph__type_support.cpp.o[0m
[7.124s] [ 52%] [32mBuilding C object CMakeFiles/slam_toolbox__rosidl_typesupport_introspection_c.dir/rosidl_typesupport_introspection_c/slam_toolbox/srv/detail/deserialize_pose_graph__type_support.c.o[0m
[7.140s] [ 53%] [32mBuilding C object CMakeFiles/slam_toolbox__rosidl_typesupport_introspection_c.dir/rosidl_typesupport_introspection_c/slam_toolbox/srv/detail/serialize_pose_graph__type_support.c.o[0m
[7.162s] [ 53%] [32mBuilding CXX object CMakeFiles/slam_toolbox__rosidl_typesupport_introspection_cpp.dir/rosidl_typesupport_introspection_cpp/slam_toolbox/srv/detail/serialize_pose_graph__type_support.cpp.o[0m
[7.211s] [ 54%] [32m[1mLinking C shared library libslam_toolbox__rosidl_typesupport_introspection_c.so[0m
[7.266s] [ 54%] Built target slam_toolbox__rosidl_typesupport_introspection_c
[7.514s] [ 55%] [32m[1mLinking CXX shared library libslam_toolbox__rosidl_typesupport_fastrtps_cpp.so[0m
[7.561s] [ 56%] [32m[1mLinking CXX shared library libslam_toolbox__rosidl_typesupport_introspection_cpp.so[0m
[7.620s] [ 56%] Built target slam_toolbox__rosidl_typesupport_fastrtps_cpp
[7.625s] [ 56%] Built target slam_toolbox__rosidl_typesupport_introspection_cpp
[7.631s] [ 57%] [34m[1mGenerating C type support for eProsima Fast-RTPS[0m
[8.225s] [35m[1mScanning dependencies of target slam_toolbox__rosidl_typesupport_fastrtps_c[0m
[8.264s] [ 61%] [32mBuilding CXX object CMakeFiles/slam_toolbox__rosidl_typesupport_fastrtps_c.dir/rosidl_typesupport_fastrtps_c/slam_toolbox/srv/detail/clear_queue__type_support_c.cpp.o[0m
[8.265s] [ 61%] [32mBuilding CXX object CMakeFiles/slam_toolbox__rosidl_typesupport_fastrtps_c.dir/rosidl_typesupport_fastrtps_c/slam_toolbox/srv/detail/loop_closure__type_support_c.cpp.o[0m
[8.265s] [ 61%] [32mBuilding CXX object CMakeFiles/slam_toolbox__rosidl_typesupport_fastrtps_c.dir/rosidl_typesupport_fastrtps_c/slam_toolbox/srv/detail/clear__type_support_c.cpp.o[0m
[8.265s] [ 61%] [32mBuilding CXX object CMakeFiles/slam_toolbox__rosidl_typesupport_fastrtps_c.dir/rosidl_typesupport_fastrtps_c/slam_toolbox/srv/detail/save_map__type_support_c.cpp.o[0m
[8.265s] [ 61%] [32mBuilding CXX object CMakeFiles/slam_toolbox__rosidl_typesupport_fastrtps_c.dir/rosidl_typesupport_fastrtps_c/slam_toolbox/srv/detail/pause__type_support_c.cpp.o[0m
[8.265s] [ 61%] [32mBuilding CXX object CMakeFiles/slam_toolbox__rosidl_typesupport_fastrtps_c.dir/rosidl_typesupport_fastrtps_c/slam_toolbox/srv/detail/toggle_interactive__type_support_c.cpp.o[0m
[8.265s] [ 62%] [32mBuilding CXX object CMakeFiles/slam_toolbox__rosidl_typesupport_fastrtps_c.dir/rosidl_typesupport_fastrtps_c/slam_toolbox/srv/detail/merge_maps__type_support_c.cpp.o[0m
[8.265s] [ 63%] [32mBuilding CXX object CMakeFiles/slam_toolbox__rosidl_typesupport_fastrtps_c.dir/rosidl_typesupport_fastrtps_c/slam_toolbox/srv/detail/add_submap__type_support_c.cpp.o[0m
[8.266s] [ 64%] [32mBuilding CXX object CMakeFiles/slam_toolbox__rosidl_typesupport_fastrtps_c.dir/rosidl_typesupport_fastrtps_c/slam_toolbox/srv/detail/serialize_pose_graph__type_support_c.cpp.o[0m
[8.266s] [ 64%] [32mBuilding CXX object CMakeFiles/slam_toolbox__rosidl_typesupport_fastrtps_c.dir/rosidl_typesupport_fastrtps_c/slam_toolbox/srv/detail/deserialize_pose_graph__type_support_c.cpp.o[0m
[8.805s] [ 65%] [32m[1mLinking CXX shared library libslam_toolbox__rosidl_typesupport_fastrtps_c.so[0m
[8.886s] [ 65%] Built target slam_toolbox__rosidl_typesupport_fastrtps_c
[8.898s] [35m[1mScanning dependencies of target slam_toolbox[0m
[8.907s] [ 65%] Built target slam_toolbox
[8.916s] [ 65%] [34m[1mGenerating rviz_plugin/moc_slam_toolbox_rviz_plugin.cpp[0m
[8.917s] [35m[1mScanning dependencies of target slam_toolbox__py[0m
[8.927s] [ 66%] [34m[1mGenerating Python code for ROS interfaces[0m
[8.932s] [35m[1mScanning dependencies of target SlamToolboxPlugin[0m
[9.081s] [ 68%] [32mBuilding CXX object CMakeFiles/SlamToolboxPlugin.dir/rviz_plugin/slam_toolbox_rviz_plugin.cpp.o[0m
[9.081s] [ 68%] [32mBuilding CXX object CMakeFiles/SlamToolboxPlugin.dir/rviz_plugin/moc_slam_toolbox_rviz_plugin.cpp.o[0m
[10.343s] [ 68%] Built target slam_toolbox__py
[10.354s] [35m[1mScanning dependencies of target slam_toolbox__python[0m
[10.398s] [ 72%] [32mBuilding C object CMakeFiles/slam_toolbox__python.dir/rosidl_generator_py/slam_toolbox/srv/_save_map_s.c.o[0m
[10.398s] [ 72%] [32mBuilding C object CMakeFiles/slam_toolbox__python.dir/rosidl_generator_py/slam_toolbox/srv/_pause_s.c.o[0m
[10.398s] [ 72%] [32mBuilding C object CMakeFiles/slam_toolbox__python.dir/rosidl_generator_py/slam_toolbox/srv/_clear_s.c.o[0m
[10.399s] [ 72%] [32mBuilding C object CMakeFiles/slam_toolbox__python.dir/rosidl_generator_py/slam_toolbox/srv/_toggle_interactive_s.c.o[0m
[10.399s] [ 73%] [32mBuilding C object CMakeFiles/slam_toolbox__python.dir/rosidl_generator_py/slam_toolbox/srv/_loop_closure_s.c.o[0m
[10.399s] [ 73%] [32mBuilding C object CMakeFiles/slam_toolbox__python.dir/rosidl_generator_py/slam_toolbox/srv/_add_submap_s.c.o[0m
[10.399s] [ 74%] [32mBuilding C object CMakeFiles/slam_toolbox__python.dir/rosidl_generator_py/slam_toolbox/srv/_merge_maps_s.c.o[0m
[10.399s] [ 74%] [32mBuilding C object CMakeFiles/slam_toolbox__python.dir/rosidl_generator_py/slam_toolbox/srv/_clear_queue_s.c.o[0m
[10.399s] [ 74%] [32mBuilding C object CMakeFiles/slam_toolbox__python.dir/rosidl_generator_py/slam_toolbox/srv/_serialize_pose_graph_s.c.o[0m
[10.406s] [ 75%] [32mBuilding C object CMakeFiles/slam_toolbox__python.dir/rosidl_generator_py/slam_toolbox/srv/_deserialize_pose_graph_s.c.o[0m
[10.625s] [ 76%] [32m[1mLinking C shared library rosidl_generator_py/slam_toolbox/libslam_toolbox__python.so[0m
[10.668s] [ 76%] Built target slam_toolbox__python
[10.678s] [35m[1mScanning dependencies of target slam_toolbox__rosidl_typesupport_c__pyext[0m
[10.678s] [35m[1mScanning dependencies of target slam_toolbox__rosidl_typesupport_introspection_c__pyext[0m
[10.679s] [35m[1mScanning dependencies of target slam_toolbox__rosidl_typesupport_fastrtps_c__pyext[0m
[10.696s] [ 76%] [32mBuilding C object CMakeFiles/slam_toolbox__rosidl_typesupport_fastrtps_c__pyext.dir/rosidl_generator_py/slam_toolbox/_slam_toolbox_s.ep.rosidl_typesupport_fastrtps_c.c.o[0m
[10.696s] [ 76%] [32mBuilding C object CMakeFiles/slam_toolbox__rosidl_typesupport_c__pyext.dir/rosidl_generator_py/slam_toolbox/_slam_toolbox_s.ep.rosidl_typesupport_c.c.o[0m
[10.698s] [ 77%] [32mBuilding C object CMakeFiles/slam_toolbox__rosidl_typesupport_introspection_c__pyext.dir/rosidl_generator_py/slam_toolbox/_slam_toolbox_s.ep.rosidl_typesupport_introspection_c.c.o[0m
[11.002s] [ 79%] [32m[1mLinking C shared library rosidl_generator_py/slam_toolbox/slam_toolbox_s__rosidl_typesupport_c.cpython-39-x86_64-linux-gnu.so[0m
[11.002s] [ 79%] [32m[1mLinking CXX shared library rosidl_generator_py/slam_toolbox/slam_toolbox_s__rosidl_typesupport_fastrtps_c.cpython-39-x86_64-linux-gnu.so[0m
[11.036s] [ 79%] Built target slam_toolbox__rosidl_typesupport_c__pyext
[11.058s] [ 79%] Built target slam_toolbox__rosidl_typesupport_fastrtps_c__pyext
[11.091s] [ 79%] [32m[1mLinking C shared library rosidl_generator_py/slam_toolbox/slam_toolbox_s__rosidl_typesupport_introspection_c.cpython-39-x86_64-linux-gnu.so[0m
[11.126s] [ 79%] Built target slam_toolbox__rosidl_typesupport_introspection_c__pyext
[12.137s] [01m[K/home/atharva/Atharva/NCSU/SFRT/SoftwareForRoboticsProject/jackal_ws/build/slam_toolbox/rviz_plugin/moc_slam_toolbox_rviz_plugin.cpp:142:18:[m[K [01;31m[Kerror: [m[K‘[01m[KQMetaObject::SuperData[m[K’ has not been declared
[12.137s]   142 |     QMetaObject::[01;31m[KSuperData[m[K::link<rviz_common::Panel::staticMetaObject>(),
[12.138s]       |                  [01;31m[K^~~~~~~~~[m[K
[12.138s] [01m[K/home/atharva/Atharva/NCSU/SFRT/SoftwareForRoboticsProject/jackal_ws/build/slam_toolbox/rviz_plugin/moc_slam_toolbox_rviz_plugin.cpp:142:72:[m[K [01;31m[Kerror: [m[Kexpected primary-expression before ‘[01m[K)[m[K’ token
[12.138s]   142 |     QMetaObject::SuperData::link<rviz_common::Panel::staticMetaObject>([01;31m[K)[m[K,
[12.138s]       |                                                                        [01;31m[K^[m[K
[12.745s] make[2]: *** [CMakeFiles/SlamToolboxPlugin.dir/build.make:80: CMakeFiles/SlamToolboxPlugin.dir/rviz_plugin/moc_slam_toolbox_rviz_plugin.cpp.o] Error 1
[12.745s] make[2]: *** Waiting for unfinished jobs....
[22.568s] make[1]: *** [CMakeFiles/Makefile2:309: CMakeFiles/SlamToolboxPlugin.dir/all] Error 2
[22.568s] make[1]: *** Waiting for unfinished jobs....
[23.869s] [ 80%] [32m[1mLinking CXX shared library libkartoSlamToolbox.so[0m
[24.160s] [ 80%] Built target kartoSlamToolbox
[24.161s] make: *** [Makefile:141: all] Error 2
[24.163s] Invoked command in '/home/atharva/Atharva/NCSU/SFRT/SoftwareForRoboticsProject/jackal_ws/build/slam_toolbox' returned '2': CMAKE_PREFIX_PATH=${CMAKE_PREFIX_PATH}:/opt/ros/foxy CONDA_PROMPT_MODIFIER=(base) /usr/bin/cmake --build /home/atharva/Atharva/NCSU/SFRT/SoftwareForRoboticsProject/jackal_ws/build/slam_toolbox -- -j16 -l16
