[0.047s] Invoking command in '/home/atharva/Atharva/NCSU/SFRT/SoftwareForRoboticsProject/jackal_ws/build/nav2_behavior_tree': AMENT_PREFIX_PATH=/home/atharva/Atharva/NCSU/SFRT/SoftwareForRoboticsProject/jackal_ws/install/nav2_util:/home/atharva/Atharva/NCSU/SFRT/SoftwareForRoboticsProject/jackal_ws/install/nav2_msgs:/home/atharva/Atharva/NCSU/SFRT/SoftwareForRoboticsProject/jackal_ws/install/nav2_common:${AMENT_PREFIX_PATH} CMAKE_PREFIX_PATH=/home/atharva/Atharva/NCSU/SFRT/SoftwareForRoboticsProject/jackal_ws/install/nav2_util:/home/atharva/Atharva/NCSU/SFRT/SoftwareForRoboticsProject/jackal_ws/install/nav2_msgs:/home/atharva/Atharva/NCSU/SFRT/SoftwareForRoboticsProject/jackal_ws/install/nav2_common:/home/atharva/Atharva/NCSU/SFRT/SoftwareForRoboticsProject/jackal_ws/install/zed_ros2:/home/atharva/Atharva/NCSU/SFRT/SoftwareForRoboticsProject/jackal_ws/install/zed_wrapper:/home/atharva/Atharva/NCSU/SFRT/SoftwareForRoboticsProject/jackal_ws/install/zed_components:/home/atharva/Atharva/NCSU/SFRT/SoftwareForRoboticsProject/jackal_ws/install/zed_interfaces:/home/atharva/Atharva/NCSU/SFRT/SoftwareForRoboticsProject/jackal_ws/install/jackal_desktop:/home/atharva/Atharva/NCSU/SFRT/SoftwareForRoboticsProject/jackal_ws/install/jackal_viz:/home/atharva/Atharva/NCSU/SFRT/SoftwareForRoboticsProject/jackal_ws/install/jackal_simulator:/home/atharva/Atharva/NCSU/SFRT/SoftwareForRoboticsProject/jackal_ws/install/jackal_navigation:/home/atharva/Atharva/NCSU/SFRT/SoftwareForRoboticsProject/jackal_ws/install/jackal_msgs:/home/atharva/Atharva/NCSU/SFRT/SoftwareForRoboticsProject/jackal_ws/install/jackal_gazebo:/home/atharva/Atharva/NCSU/SFRT/SoftwareForRoboticsProject/jackal_ws/install/jackal_control:/home/atharva/Atharva/NCSU/SFRT/SoftwareForRoboticsProject/jackal_ws/install/jackal_description:/opt/ros/foxy CONDA_PROMPT_MODIFIER=(base) LD_LIBRARY_PATH=/home/atharva/Atharva/NCSU/SFRT/SoftwareForRoboticsProject/jackal_ws/install/nav2_util/lib:/home/atharva/Atharva/NCSU/SFRT/SoftwareForRoboticsProject/jackal_ws/install/nav2_msgs/lib:${LD_LIBRARY_PATH} PYTHONPATH=/home/atharva/Atharva/NCSU/SFRT/SoftwareForRoboticsProject/jackal_ws/install/nav2_msgs/lib/python3.9/site-packages:/home/atharva/Atharva/NCSU/SFRT/SoftwareForRoboticsProject/jackal_ws/install/nav2_common/lib/python3.9/site-packages:${PYTHONPATH} /usr/bin/cmake --build /home/atharva/Atharva/NCSU/SFRT/SoftwareForRoboticsProject/jackal_ws/build/nav2_behavior_tree -- -j16 -l16
[0.145s] [  2%] Built target nav2_goal_reached_condition_bt_node
[0.146s] [  4%] Built target nav2_pipeline_sequence_bt_node
[0.147s] [  6%] Built target nav2_spin_action_bt_node
[0.151s] [  8%] Built target nav2_goal_updated_condition_bt_node
[0.152s] [ 10%] Built target nav2_behavior_tree
[0.156s] [ 12%] Built target nav2_is_stuck_condition_bt_node
[0.157s] [ 14%] Built target nav2_goal_updater_node_bt_node
[0.158s] [ 16%] Built target nav2_transform_available_condition_bt_node
[0.158s] [ 18%] Built target nav2_follow_path_action_bt_node
[0.158s] [ 20%] Built target nav2_wait_action_bt_node
[0.159s] [ 22%] Built target nav2_compute_path_to_pose_action_bt_node
[0.160s] [ 24%] Built target nav2_time_expired_condition_bt_node
[0.160s] [ 26%] Built target nav2_initial_pose_received_condition_bt_node
[0.162s] [ 28%] Built target nav2_distance_traveled_condition_bt_node
[0.168s] [ 30%] Built target nav2_reinitialize_global_localization_service_bt_node
[0.170s] [ 32%] Built target nav2_is_battery_low_condition_bt_node
[0.203s] [ 34%] Built target nav2_rate_controller_bt_node
[0.215s] [ 36%] Built target nav2_truncate_path_action_bt_node
[0.215s] [ 38%] Built target nav2_round_robin_node_bt_node
[0.216s] [ 40%] Built target nav2_distance_controller_bt_node
[0.216s] [ 42%] Built target nav2_recovery_node_bt_node
[0.222s] [ 46%] Built target nav2_speed_controller_bt_node
[0.222s] [ 46%] Built target nav2_clear_costmap_service_bt_node
[0.223s] [ 48%] Built target nav2_back_up_action_bt_node
[0.223s] [ 51%] Built target nav2_navigate_to_pose_action_bt_node
[0.225s] [ 53%] Built target gtest
[0.238s] [ 55%] Built target gtest_main
[0.295s] [ 57%] Built target test_condition_time_expired
[0.296s] [ 59%] Built target test_condition_goal_reached
[0.297s] [ 61%] Built target test_condition_initial_pose_received
[0.305s] [ 65%] Built target test_condition_is_battery_low
[0.306s] [ 65%] Built target test_bt_conversions
[0.306s] [ 67%] Built target test_condition_goal_updated
[0.306s] [ 69%] Built target test_condition_is_stuck
[0.306s] [ 71%] Built target test_decorator_rate_controller
[0.309s] [ 73%] Built target test_control_round_robin_node
[0.312s] [ 75%] Built target test_condition_distance_traveled
[0.313s] [ 77%] Built target test_goal_updater_node
[0.313s] [ 79%] Built target test_condition_transform_available
[0.326s] [ 81%] Built target test_control_pipeline_sequence
[0.329s] [ 83%] Built target test_decorator_distance_controller
[0.334s] [ 85%] Built target test_decorator_speed_controller
[0.339s] [ 87%] Built target test_truncate_path_action
[0.345s] [ 89%] Built target test_control_recovery_node
[0.345s] [ 91%] Built target test_action_navigate_to_pose_action
[0.345s] [ 93%] Built target test_action_compute_path_to_pose_action
[0.346s] [ 95%] Built target test_action_clear_costmap_service
[0.346s] [ 97%] Built target test_action_reinitialize_global_localization_service
[0.346s] [100%] Built target test_action_follow_path_action
[0.378s] Invoked command in '/home/atharva/Atharva/NCSU/SFRT/SoftwareForRoboticsProject/jackal_ws/build/nav2_behavior_tree' returned '0': AMENT_PREFIX_PATH=/home/atharva/Atharva/NCSU/SFRT/SoftwareForRoboticsProject/jackal_ws/install/nav2_util:/home/atharva/Atharva/NCSU/SFRT/SoftwareForRoboticsProject/jackal_ws/install/nav2_msgs:/home/atharva/Atharva/NCSU/SFRT/SoftwareForRoboticsProject/jackal_ws/install/nav2_common:${AMENT_PREFIX_PATH} CMAKE_PREFIX_PATH=/home/atharva/Atharva/NCSU/SFRT/SoftwareForRoboticsProject/jackal_ws/install/nav2_util:/home/atharva/Atharva/NCSU/SFRT/SoftwareForRoboticsProject/jackal_ws/install/nav2_msgs:/home/atharva/Atharva/NCSU/SFRT/SoftwareForRoboticsProject/jackal_ws/install/nav2_common:/home/atharva/Atharva/NCSU/SFRT/SoftwareForRoboticsProject/jackal_ws/install/zed_ros2:/home/atharva/Atharva/NCSU/SFRT/SoftwareForRoboticsProject/jackal_ws/install/zed_wrapper:/home/atharva/Atharva/NCSU/SFRT/SoftwareForRoboticsProject/jackal_ws/install/zed_components:/home/atharva/Atharva/NCSU/SFRT/SoftwareForRoboticsProject/jackal_ws/install/zed_interfaces:/home/atharva/Atharva/NCSU/SFRT/SoftwareForRoboticsProject/jackal_ws/install/jackal_desktop:/home/atharva/Atharva/NCSU/SFRT/SoftwareForRoboticsProject/jackal_ws/install/jackal_viz:/home/atharva/Atharva/NCSU/SFRT/SoftwareForRoboticsProject/jackal_ws/install/jackal_simulator:/home/atharva/Atharva/NCSU/SFRT/SoftwareForRoboticsProject/jackal_ws/install/jackal_navigation:/home/atharva/Atharva/NCSU/SFRT/SoftwareForRoboticsProject/jackal_ws/install/jackal_msgs:/home/atharva/Atharva/NCSU/SFRT/SoftwareForRoboticsProject/jackal_ws/install/jackal_gazebo:/home/atharva/Atharva/NCSU/SFRT/SoftwareForRoboticsProject/jackal_ws/install/jackal_control:/home/atharva/Atharva/NCSU/SFRT/SoftwareForRoboticsProject/jackal_ws/install/jackal_description:/opt/ros/foxy CONDA_PROMPT_MODIFIER=(base) LD_LIBRARY_PATH=/home/atharva/Atharva/NCSU/SFRT/SoftwareForRoboticsProject/jackal_ws/install/nav2_util/lib:/home/atharva/Atharva/NCSU/SFRT/SoftwareForRoboticsProject/jackal_ws/install/nav2_msgs/lib:${LD_LIBRARY_PATH} PYTHONPATH=/home/atharva/Atharva/NCSU/SFRT/SoftwareForRoboticsProject/jackal_ws/install/nav2_msgs/lib/python3.9/site-packages:/home/atharva/Atharva/NCSU/SFRT/SoftwareForRoboticsProject/jackal_ws/install/nav2_common/lib/python3.9/site-packages:${PYTHONPATH} /usr/bin/cmake --build /home/atharva/Atharva/NCSU/SFRT/SoftwareForRoboticsProject/jackal_ws/build/nav2_behavior_tree -- -j16 -l16
[0.447s] Invoking command in '/home/atharva/Atharva/NCSU/SFRT/SoftwareForRoboticsProject/jackal_ws/build/nav2_behavior_tree': AMENT_PREFIX_PATH=/home/atharva/Atharva/NCSU/SFRT/SoftwareForRoboticsProject/jackal_ws/install/nav2_util:/home/atharva/Atharva/NCSU/SFRT/SoftwareForRoboticsProject/jackal_ws/install/nav2_msgs:/home/atharva/Atharva/NCSU/SFRT/SoftwareForRoboticsProject/jackal_ws/install/nav2_common:${AMENT_PREFIX_PATH} CMAKE_PREFIX_PATH=/home/atharva/Atharva/NCSU/SFRT/SoftwareForRoboticsProject/jackal_ws/install/nav2_util:/home/atharva/Atharva/NCSU/SFRT/SoftwareForRoboticsProject/jackal_ws/install/nav2_msgs:/home/atharva/Atharva/NCSU/SFRT/SoftwareForRoboticsProject/jackal_ws/install/nav2_common:/home/atharva/Atharva/NCSU/SFRT/SoftwareForRoboticsProject/jackal_ws/install/zed_ros2:/home/atharva/Atharva/NCSU/SFRT/SoftwareForRoboticsProject/jackal_ws/install/zed_wrapper:/home/atharva/Atharva/NCSU/SFRT/SoftwareForRoboticsProject/jackal_ws/install/zed_components:/home/atharva/Atharva/NCSU/SFRT/SoftwareForRoboticsProject/jackal_ws/install/zed_interfaces:/home/atharva/Atharva/NCSU/SFRT/SoftwareForRoboticsProject/jackal_ws/install/jackal_desktop:/home/atharva/Atharva/NCSU/SFRT/SoftwareForRoboticsProject/jackal_ws/install/jackal_viz:/home/atharva/Atharva/NCSU/SFRT/SoftwareForRoboticsProject/jackal_ws/install/jackal_simulator:/home/atharva/Atharva/NCSU/SFRT/SoftwareForRoboticsProject/jackal_ws/install/jackal_navigation:/home/atharva/Atharva/NCSU/SFRT/SoftwareForRoboticsProject/jackal_ws/install/jackal_msgs:/home/atharva/Atharva/NCSU/SFRT/SoftwareForRoboticsProject/jackal_ws/install/jackal_gazebo:/home/atharva/Atharva/NCSU/SFRT/SoftwareForRoboticsProject/jackal_ws/install/jackal_control:/home/atharva/Atharva/NCSU/SFRT/SoftwareForRoboticsProject/jackal_ws/install/jackal_description:/opt/ros/foxy CONDA_PROMPT_MODIFIER=(base) LD_LIBRARY_PATH=/home/atharva/Atharva/NCSU/SFRT/SoftwareForRoboticsProject/jackal_ws/install/nav2_util/lib:/home/atharva/Atharva/NCSU/SFRT/SoftwareForRoboticsProject/jackal_ws/install/nav2_msgs/lib:${LD_LIBRARY_PATH} PYTHONPATH=/home/atharva/Atharva/NCSU/SFRT/SoftwareForRoboticsProject/jackal_ws/install/nav2_msgs/lib/python3.9/site-packages:/home/atharva/Atharva/NCSU/SFRT/SoftwareForRoboticsProject/jackal_ws/install/nav2_common/lib/python3.9/site-packages:${PYTHONPATH} /usr/bin/cmake --install /home/atharva/Atharva/NCSU/SFRT/SoftwareForRoboticsProject/jackal_ws/build/nav2_behavior_tree
[0.454s] -- Install configuration: "Release"
[0.454s] -- Execute custom install script
[0.455s] -- Symlinking: /home/atharva/Atharva/NCSU/SFRT/SoftwareForRoboticsProject/jackal_ws/install/nav2_behavior_tree/lib/libnav2_behavior_tree.so
[0.463s] -- Symlinking: /home/atharva/Atharva/NCSU/SFRT/SoftwareForRoboticsProject/jackal_ws/install/nav2_behavior_tree/lib/libnav2_compute_path_to_pose_action_bt_node.so
[0.473s] -- Symlinking: /home/atharva/Atharva/NCSU/SFRT/SoftwareForRoboticsProject/jackal_ws/install/nav2_behavior_tree/lib/libnav2_follow_path_action_bt_node.so
[0.477s] -- Symlinking: /home/atharva/Atharva/NCSU/SFRT/SoftwareForRoboticsProject/jackal_ws/install/nav2_behavior_tree/lib/libnav2_back_up_action_bt_node.so
[0.486s] -- Symlinking: /home/atharva/Atharva/NCSU/SFRT/SoftwareForRoboticsProject/jackal_ws/install/nav2_behavior_tree/lib/libnav2_spin_action_bt_node.so
[0.495s] -- Symlinking: /home/atharva/Atharva/NCSU/SFRT/SoftwareForRoboticsProject/jackal_ws/install/nav2_behavior_tree/lib/libnav2_wait_action_bt_node.so
[0.504s] -- Symlinking: /home/atharva/Atharva/NCSU/SFRT/SoftwareForRoboticsProject/jackal_ws/install/nav2_behavior_tree/lib/libnav2_clear_costmap_service_bt_node.so
[0.511s] -- Symlinking: /home/atharva/Atharva/NCSU/SFRT/SoftwareForRoboticsProject/jackal_ws/install/nav2_behavior_tree/lib/libnav2_is_stuck_condition_bt_node.so
[0.517s] -- Symlinking: /home/atharva/Atharva/NCSU/SFRT/SoftwareForRoboticsProject/jackal_ws/install/nav2_behavior_tree/lib/libnav2_transform_available_condition_bt_node.so
[0.524s] -- Symlinking: /home/atharva/Atharva/NCSU/SFRT/SoftwareForRoboticsProject/jackal_ws/install/nav2_behavior_tree/lib/libnav2_goal_reached_condition_bt_node.so
[0.532s] -- Symlinking: /home/atharva/Atharva/NCSU/SFRT/SoftwareForRoboticsProject/jackal_ws/install/nav2_behavior_tree/lib/libnav2_goal_updated_condition_bt_node.so
[0.538s] -- Symlinking: /home/atharva/Atharva/NCSU/SFRT/SoftwareForRoboticsProject/jackal_ws/install/nav2_behavior_tree/lib/libnav2_time_expired_condition_bt_node.so
[0.544s] -- Symlinking: /home/atharva/Atharva/NCSU/SFRT/SoftwareForRoboticsProject/jackal_ws/install/nav2_behavior_tree/lib/libnav2_distance_traveled_condition_bt_node.so
[0.551s] -- Symlinking: /home/atharva/Atharva/NCSU/SFRT/SoftwareForRoboticsProject/jackal_ws/install/nav2_behavior_tree/lib/libnav2_initial_pose_received_condition_bt_node.so
[0.558s] -- Symlinking: /home/atharva/Atharva/NCSU/SFRT/SoftwareForRoboticsProject/jackal_ws/install/nav2_behavior_tree/lib/libnav2_is_battery_low_condition_bt_node.so
[0.566s] -- Symlinking: /home/atharva/Atharva/NCSU/SFRT/SoftwareForRoboticsProject/jackal_ws/install/nav2_behavior_tree/lib/libnav2_reinitialize_global_localization_service_bt_node.so
[0.575s] -- Symlinking: /home/atharva/Atharva/NCSU/SFRT/SoftwareForRoboticsProject/jackal_ws/install/nav2_behavior_tree/lib/libnav2_rate_controller_bt_node.so
[0.584s] -- Symlinking: /home/atharva/Atharva/NCSU/SFRT/SoftwareForRoboticsProject/jackal_ws/install/nav2_behavior_tree/lib/libnav2_distance_controller_bt_node.so
[0.593s] -- Symlinking: /home/atharva/Atharva/NCSU/SFRT/SoftwareForRoboticsProject/jackal_ws/install/nav2_behavior_tree/lib/libnav2_speed_controller_bt_node.so
[0.602s] -- Symlinking: /home/atharva/Atharva/NCSU/SFRT/SoftwareForRoboticsProject/jackal_ws/install/nav2_behavior_tree/lib/libnav2_truncate_path_action_bt_node.so
[0.609s] -- Symlinking: /home/atharva/Atharva/NCSU/SFRT/SoftwareForRoboticsProject/jackal_ws/install/nav2_behavior_tree/lib/libnav2_goal_updater_node_bt_node.so
[0.620s] -- Symlinking: /home/atharva/Atharva/NCSU/SFRT/SoftwareForRoboticsProject/jackal_ws/install/nav2_behavior_tree/lib/libnav2_recovery_node_bt_node.so
[0.629s] -- Symlinking: /home/atharva/Atharva/NCSU/SFRT/SoftwareForRoboticsProject/jackal_ws/install/nav2_behavior_tree/lib/libnav2_navigate_to_pose_action_bt_node.so
[0.643s] -- Symlinking: /home/atharva/Atharva/NCSU/SFRT/SoftwareForRoboticsProject/jackal_ws/install/nav2_behavior_tree/lib/libnav2_pipeline_sequence_bt_node.so
[0.653s] -- Symlinking: /home/atharva/Atharva/NCSU/SFRT/SoftwareForRoboticsProject/jackal_ws/install/nav2_behavior_tree/lib/libnav2_round_robin_node_bt_node.so
[0.670s] -- Symlinking: /home/atharva/Atharva/NCSU/SFRT/SoftwareForRoboticsProject/jackal_ws/install/nav2_behavior_tree/include//nav2_behavior_tree/behavior_tree_engine.hpp
[0.681s] -- Symlinking: /home/atharva/Atharva/NCSU/SFRT/SoftwareForRoboticsProject/jackal_ws/install/nav2_behavior_tree/include//nav2_behavior_tree/bt_action_node.hpp
[0.692s] -- Symlinking: /home/atharva/Atharva/NCSU/SFRT/SoftwareForRoboticsProject/jackal_ws/install/nav2_behavior_tree/include//nav2_behavior_tree/bt_conversions.hpp
[0.698s] -- Symlinking: /home/atharva/Atharva/NCSU/SFRT/SoftwareForRoboticsProject/jackal_ws/install/nav2_behavior_tree/include//nav2_behavior_tree/bt_service_node.hpp
[0.710s] -- Symlinking: /home/atharva/Atharva/NCSU/SFRT/SoftwareForRoboticsProject/jackal_ws/install/nav2_behavior_tree/include//nav2_behavior_tree/plugins/action/back_up_action.hpp
[0.721s] -- Symlinking: /home/atharva/Atharva/NCSU/SFRT/SoftwareForRoboticsProject/jackal_ws/install/nav2_behavior_tree/include//nav2_behavior_tree/plugins/action/clear_costmap_service.hpp
[0.730s] -- Symlinking: /home/atharva/Atharva/NCSU/SFRT/SoftwareForRoboticsProject/jackal_ws/install/nav2_behavior_tree/include//nav2_behavior_tree/plugins/action/compute_path_to_pose_action.hpp
[0.740s] -- Symlinking: /home/atharva/Atharva/NCSU/SFRT/SoftwareForRoboticsProject/jackal_ws/install/nav2_behavior_tree/include//nav2_behavior_tree/plugins/action/follow_path_action.hpp
[0.746s] -- Symlinking: /home/atharva/Atharva/NCSU/SFRT/SoftwareForRoboticsProject/jackal_ws/install/nav2_behavior_tree/include//nav2_behavior_tree/plugins/action/navigate_to_pose_action.hpp
[0.755s] -- Symlinking: /home/atharva/Atharva/NCSU/SFRT/SoftwareForRoboticsProject/jackal_ws/install/nav2_behavior_tree/include//nav2_behavior_tree/plugins/action/reinitialize_global_localization_service.hpp
[0.764s] -- Symlinking: /home/atharva/Atharva/NCSU/SFRT/SoftwareForRoboticsProject/jackal_ws/install/nav2_behavior_tree/include//nav2_behavior_tree/plugins/action/spin_action.hpp
[0.773s] -- Symlinking: /home/atharva/Atharva/NCSU/SFRT/SoftwareForRoboticsProject/jackal_ws/install/nav2_behavior_tree/include//nav2_behavior_tree/plugins/action/truncate_path_action.hpp
[0.781s] -- Symlinking: /home/atharva/Atharva/NCSU/SFRT/SoftwareForRoboticsProject/jackal_ws/install/nav2_behavior_tree/include//nav2_behavior_tree/plugins/action/wait_action.hpp
[0.787s] -- Symlinking: /home/atharva/Atharva/NCSU/SFRT/SoftwareForRoboticsProject/jackal_ws/install/nav2_behavior_tree/include//nav2_behavior_tree/plugins/condition/distance_traveled_condition.hpp
[0.795s] -- Symlinking: /home/atharva/Atharva/NCSU/SFRT/SoftwareForRoboticsProject/jackal_ws/install/nav2_behavior_tree/include//nav2_behavior_tree/plugins/condition/goal_reached_condition.hpp
[0.801s] -- Symlinking: /home/atharva/Atharva/NCSU/SFRT/SoftwareForRoboticsProject/jackal_ws/install/nav2_behavior_tree/include//nav2_behavior_tree/plugins/condition/goal_updated_condition.hpp
[0.811s] -- Symlinking: /home/atharva/Atharva/NCSU/SFRT/SoftwareForRoboticsProject/jackal_ws/install/nav2_behavior_tree/include//nav2_behavior_tree/plugins/condition/initial_pose_received_condition.hpp
[0.818s] -- Symlinking: /home/atharva/Atharva/NCSU/SFRT/SoftwareForRoboticsProject/jackal_ws/install/nav2_behavior_tree/include//nav2_behavior_tree/plugins/condition/is_battery_low_condition.hpp
[0.825s] -- Symlinking: /home/atharva/Atharva/NCSU/SFRT/SoftwareForRoboticsProject/jackal_ws/install/nav2_behavior_tree/include//nav2_behavior_tree/plugins/condition/is_stuck_condition.hpp
[0.832s] -- Symlinking: /home/atharva/Atharva/NCSU/SFRT/SoftwareForRoboticsProject/jackal_ws/install/nav2_behavior_tree/include//nav2_behavior_tree/plugins/condition/time_expired_condition.hpp
[0.841s] -- Symlinking: /home/atharva/Atharva/NCSU/SFRT/SoftwareForRoboticsProject/jackal_ws/install/nav2_behavior_tree/include//nav2_behavior_tree/plugins/condition/transform_available_condition.hpp
[0.847s] -- Symlinking: /home/atharva/Atharva/NCSU/SFRT/SoftwareForRoboticsProject/jackal_ws/install/nav2_behavior_tree/include//nav2_behavior_tree/plugins/control/pipeline_sequence.hpp
[0.854s] -- Symlinking: /home/atharva/Atharva/NCSU/SFRT/SoftwareForRoboticsProject/jackal_ws/install/nav2_behavior_tree/include//nav2_behavior_tree/plugins/control/recovery_node.hpp
[0.860s] -- Symlinking: /home/atharva/Atharva/NCSU/SFRT/SoftwareForRoboticsProject/jackal_ws/install/nav2_behavior_tree/include//nav2_behavior_tree/plugins/control/round_robin_node.hpp
[0.866s] -- Symlinking: /home/atharva/Atharva/NCSU/SFRT/SoftwareForRoboticsProject/jackal_ws/install/nav2_behavior_tree/include//nav2_behavior_tree/plugins/decorator/distance_controller.hpp
[0.874s] -- Symlinking: /home/atharva/Atharva/NCSU/SFRT/SoftwareForRoboticsProject/jackal_ws/install/nav2_behavior_tree/include//nav2_behavior_tree/plugins/decorator/goal_updater_node.hpp
[0.882s] -- Symlinking: /home/atharva/Atharva/NCSU/SFRT/SoftwareForRoboticsProject/jackal_ws/install/nav2_behavior_tree/include//nav2_behavior_tree/plugins/decorator/rate_controller.hpp
[0.889s] -- Symlinking: /home/atharva/Atharva/NCSU/SFRT/SoftwareForRoboticsProject/jackal_ws/install/nav2_behavior_tree/include//nav2_behavior_tree/plugins/decorator/speed_controller.hpp
[0.896s] -- Symlinking: /home/atharva/Atharva/NCSU/SFRT/SoftwareForRoboticsProject/jackal_ws/install/nav2_behavior_tree/share/nav2_behavior_tree/nav2_tree_nodes.xml
[0.904s] -- Symlinking: /home/atharva/Atharva/NCSU/SFRT/SoftwareForRoboticsProject/jackal_ws/install/nav2_behavior_tree/share/nav2_behavior_tree/environment/library_path.sh
[0.913s] -- Symlinking: /home/atharva/Atharva/NCSU/SFRT/SoftwareForRoboticsProject/jackal_ws/install/nav2_behavior_tree/share/nav2_behavior_tree/environment/library_path.dsv
[0.921s] -- Symlinking: /home/atharva/Atharva/NCSU/SFRT/SoftwareForRoboticsProject/jackal_ws/install/nav2_behavior_tree/share/ament_index/resource_index/package_run_dependencies/nav2_behavior_tree
[0.928s] -- Symlinking: /home/atharva/Atharva/NCSU/SFRT/SoftwareForRoboticsProject/jackal_ws/install/nav2_behavior_tree/share/ament_index/resource_index/parent_prefix_path/nav2_behavior_tree
[0.936s] -- Symlinking: /home/atharva/Atharva/NCSU/SFRT/SoftwareForRoboticsProject/jackal_ws/install/nav2_behavior_tree/share/nav2_behavior_tree/environment/ament_prefix_path.sh
[0.944s] -- Symlinking: /home/atharva/Atharva/NCSU/SFRT/SoftwareForRoboticsProject/jackal_ws/install/nav2_behavior_tree/share/nav2_behavior_tree/environment/ament_prefix_path.dsv
[0.954s] -- Symlinking: /home/atharva/Atharva/NCSU/SFRT/SoftwareForRoboticsProject/jackal_ws/install/nav2_behavior_tree/share/nav2_behavior_tree/environment/path.sh
[0.968s] -- Symlinking: /home/atharva/Atharva/NCSU/SFRT/SoftwareForRoboticsProject/jackal_ws/install/nav2_behavior_tree/share/nav2_behavior_tree/environment/path.dsv
[0.975s] -- Symlinking: /home/atharva/Atharva/NCSU/SFRT/SoftwareForRoboticsProject/jackal_ws/install/nav2_behavior_tree/share/nav2_behavior_tree/local_setup.bash
[0.984s] -- Symlinking: /home/atharva/Atharva/NCSU/SFRT/SoftwareForRoboticsProject/jackal_ws/install/nav2_behavior_tree/share/nav2_behavior_tree/local_setup.sh
[0.991s] -- Symlinking: /home/atharva/Atharva/NCSU/SFRT/SoftwareForRoboticsProject/jackal_ws/install/nav2_behavior_tree/share/nav2_behavior_tree/local_setup.zsh
[0.999s] -- Symlinking: /home/atharva/Atharva/NCSU/SFRT/SoftwareForRoboticsProject/jackal_ws/install/nav2_behavior_tree/share/nav2_behavior_tree/local_setup.dsv
[1.005s] -- Symlinking: /home/atharva/Atharva/NCSU/SFRT/SoftwareForRoboticsProject/jackal_ws/install/nav2_behavior_tree/share/nav2_behavior_tree/package.dsv
[1.012s] -- Symlinking: /home/atharva/Atharva/NCSU/SFRT/SoftwareForRoboticsProject/jackal_ws/install/nav2_behavior_tree/share/ament_index/resource_index/packages/nav2_behavior_tree
[1.020s] -- Symlinking: /home/atharva/Atharva/NCSU/SFRT/SoftwareForRoboticsProject/jackal_ws/install/nav2_behavior_tree/share/nav2_behavior_tree/cmake/ament_cmake_export_include_directories-extras.cmake
[1.028s] -- Symlinking: /home/atharva/Atharva/NCSU/SFRT/SoftwareForRoboticsProject/jackal_ws/install/nav2_behavior_tree/share/nav2_behavior_tree/cmake/ament_cmake_export_libraries-extras.cmake
[1.036s] -- Symlinking: /home/atharva/Atharva/NCSU/SFRT/SoftwareForRoboticsProject/jackal_ws/install/nav2_behavior_tree/share/nav2_behavior_tree/cmake/ament_cmake_export_dependencies-extras.cmake
[1.043s] -- Symlinking: /home/atharva/Atharva/NCSU/SFRT/SoftwareForRoboticsProject/jackal_ws/install/nav2_behavior_tree/share/nav2_behavior_tree/cmake/nav2_behavior_treeConfig.cmake
[1.050s] -- Symlinking: /home/atharva/Atharva/NCSU/SFRT/SoftwareForRoboticsProject/jackal_ws/install/nav2_behavior_tree/share/nav2_behavior_tree/cmake/nav2_behavior_treeConfig-version.cmake
[1.056s] -- Symlinking: /home/atharva/Atharva/NCSU/SFRT/SoftwareForRoboticsProject/jackal_ws/install/nav2_behavior_tree/share/nav2_behavior_tree/package.xml
[1.069s] Invoked command in '/home/atharva/Atharva/NCSU/SFRT/SoftwareForRoboticsProject/jackal_ws/build/nav2_behavior_tree' returned '0': AMENT_PREFIX_PATH=/home/atharva/Atharva/NCSU/SFRT/SoftwareForRoboticsProject/jackal_ws/install/nav2_util:/home/atharva/Atharva/NCSU/SFRT/SoftwareForRoboticsProject/jackal_ws/install/nav2_msgs:/home/atharva/Atharva/NCSU/SFRT/SoftwareForRoboticsProject/jackal_ws/install/nav2_common:${AMENT_PREFIX_PATH} CMAKE_PREFIX_PATH=/home/atharva/Atharva/NCSU/SFRT/SoftwareForRoboticsProject/jackal_ws/install/nav2_util:/home/atharva/Atharva/NCSU/SFRT/SoftwareForRoboticsProject/jackal_ws/install/nav2_msgs:/home/atharva/Atharva/NCSU/SFRT/SoftwareForRoboticsProject/jackal_ws/install/nav2_common:/home/atharva/Atharva/NCSU/SFRT/SoftwareForRoboticsProject/jackal_ws/install/zed_ros2:/home/atharva/Atharva/NCSU/SFRT/SoftwareForRoboticsProject/jackal_ws/install/zed_wrapper:/home/atharva/Atharva/NCSU/SFRT/SoftwareForRoboticsProject/jackal_ws/install/zed_components:/home/atharva/Atharva/NCSU/SFRT/SoftwareForRoboticsProject/jackal_ws/install/zed_interfaces:/home/atharva/Atharva/NCSU/SFRT/SoftwareForRoboticsProject/jackal_ws/install/jackal_desktop:/home/atharva/Atharva/NCSU/SFRT/SoftwareForRoboticsProject/jackal_ws/install/jackal_viz:/home/atharva/Atharva/NCSU/SFRT/SoftwareForRoboticsProject/jackal_ws/install/jackal_simulator:/home/atharva/Atharva/NCSU/SFRT/SoftwareForRoboticsProject/jackal_ws/install/jackal_navigation:/home/atharva/Atharva/NCSU/SFRT/SoftwareForRoboticsProject/jackal_ws/install/jackal_msgs:/home/atharva/Atharva/NCSU/SFRT/SoftwareForRoboticsProject/jackal_ws/install/jackal_gazebo:/home/atharva/Atharva/NCSU/SFRT/SoftwareForRoboticsProject/jackal_ws/install/jackal_control:/home/atharva/Atharva/NCSU/SFRT/SoftwareForRoboticsProject/jackal_ws/install/jackal_description:/opt/ros/foxy CONDA_PROMPT_MODIFIER=(base) LD_LIBRARY_PATH=/home/atharva/Atharva/NCSU/SFRT/SoftwareForRoboticsProject/jackal_ws/install/nav2_util/lib:/home/atharva/Atharva/NCSU/SFRT/SoftwareForRoboticsProject/jackal_ws/install/nav2_msgs/lib:${LD_LIBRARY_PATH} PYTHONPATH=/home/atharva/Atharva/NCSU/SFRT/SoftwareForRoboticsProject/jackal_ws/install/nav2_msgs/lib/python3.9/site-packages:/home/atharva/Atharva/NCSU/SFRT/SoftwareForRoboticsProject/jackal_ws/install/nav2_common/lib/python3.9/site-packages:${PYTHONPATH} /usr/bin/cmake --install /home/atharva/Atharva/NCSU/SFRT/SoftwareForRoboticsProject/jackal_ws/build/nav2_behavior_tree
