[0.024s] Invoking command in '/home/atharva/Atharva/NCSU/SFRT/SoftwareForRoboticsProject/jackal_ws/build/jackal_msgs': CMAKE_PREFIX_PATH=${CMAKE_PREFIX_PATH}:/opt/ros/foxy /usr/bin/cmake /home/atharva/Atharva/NCSU/SFRT/SoftwareForRoboticsProject/jackal_ws/src/jackal/jackal_msgs -DCMAKE_INSTALL_PREFIX=/home/atharva/Atharva/NCSU/SFRT/SoftwareForRoboticsProject/jackal_ws/install/jackal_msgs
[0.033s] -- Found ament_cmake: 0.9.11 (/opt/ros/foxy/share/ament_cmake/cmake)
[0.061s] -- Found PythonInterp: /home/atharva/anaconda3/bin/python3 (found suitable version "3.9.13", minimum required is "3") 
[0.061s] -- Using PYTHON_EXECUTABLE: /home/atharva/anaconda3/bin/python3
[0.260s] -- Override CMake install command with custom implementation using symlinks instead of copying resources
[0.267s] -- Found std_msgs: 2.0.5 (/opt/ros/foxy/share/std_msgs/cmake)
[0.292s] -- Using all available rosidl_typesupport_c: rosidl_typesupport_fastrtps_c;rosidl_typesupport_introspection_c
[0.296s] -- Found rosidl_adapter: 1.3.0 (/opt/ros/foxy/share/rosidl_adapter/cmake)
[0.415s] -- Using all available rosidl_typesupport_cpp: rosidl_typesupport_fastrtps_cpp;rosidl_typesupport_introspection_cpp
[0.445s] -- Found rosidl_default_generators: 1.0.1 (/opt/ros/foxy/share/rosidl_default_generators/cmake)
[0.480s] -- Found PythonInterp: /home/atharva/anaconda3/bin/python3 (found version "3.9.13") 
[0.663s] -- Found ament_cmake_ros: 0.9.2 (/opt/ros/foxy/share/ament_cmake_ros/cmake)
[0.801s] -- Using all available rosidl_typesupport_c: rosidl_typesupport_fastrtps_c;rosidl_typesupport_introspection_c
[0.849s] -- Using all available rosidl_typesupport_cpp: rosidl_typesupport_fastrtps_cpp;rosidl_typesupport_introspection_cpp
[0.875s] -- Found PythonInterp: /home/atharva/anaconda3/bin/python3 (found suitable version "3.9.13", minimum required is "3.5") 
[0.876s] -- Found python_cmake_module: 0.8.1 (/opt/ros/foxy/share/python_cmake_module/cmake)
[0.900s] -- Using PYTHON_EXECUTABLE: /home/atharva/anaconda3/bin/python3
[0.900s] -- Using PYTHON_INCLUDE_DIRS: /home/atharva/anaconda3/include/python3.9
[0.900s] -- Using PYTHON_LIBRARIES: /home/atharva/anaconda3/lib/libpython3.9.so
[1.016s] -- Using numpy include directory: /home/atharva/anaconda3/lib/python3.9/site-packages/numpy/core/include
[1.042s] -- Configuring done
[1.051s] CMake Warning at /opt/ros/foxy/share/rosidl_generator_py/cmake/rosidl_generator_py_generate_interfaces.cmake:235 (add_library):
[1.051s]   Cannot generate a safe runtime search path for target
[1.051s]   jackal_msgs__rosidl_typesupport_fastrtps_c__pyext because files in some
[1.051s]   directories may conflict with libraries in implicit directories:
[1.051s] 
[1.051s]     runtime library [libssl.so.1.1] in /usr/lib/x86_64-linux-gnu may be hidden by files in:
[1.051s]       /home/atharva/anaconda3/lib
[1.052s]     runtime library [libcrypto.so.1.1] in /usr/lib/x86_64-linux-gnu may be hidden by files in:
[1.052s]       /home/atharva/anaconda3/lib
[1.052s] 
[1.052s]   Some of these libraries may not be found correctly.
[1.052s] Call Stack (most recent call first):
[1.052s]   /opt/ros/foxy/share/ament_cmake_core/cmake/core/ament_execute_extensions.cmake:48 (include)
[1.052s]   /opt/ros/foxy/share/rosidl_cmake/cmake/rosidl_generate_interfaces.cmake:286 (ament_execute_extensions)
[1.052s]   CMakeLists.txt:18 (rosidl_generate_interfaces)
[1.052s] 
[1.052s] 
[1.079s] -- Generating done
[1.081s] -- Build files have been written to: /home/atharva/Atharva/NCSU/SFRT/SoftwareForRoboticsProject/jackal_ws/build/jackal_msgs
[1.089s] Invoked command in '/home/atharva/Atharva/NCSU/SFRT/SoftwareForRoboticsProject/jackal_ws/build/jackal_msgs' returned '0': CMAKE_PREFIX_PATH=${CMAKE_PREFIX_PATH}:/opt/ros/foxy /usr/bin/cmake /home/atharva/Atharva/NCSU/SFRT/SoftwareForRoboticsProject/jackal_ws/src/jackal/jackal_msgs -DCMAKE_INSTALL_PREFIX=/home/atharva/Atharva/NCSU/SFRT/SoftwareForRoboticsProject/jackal_ws/install/jackal_msgs
[1.091s] Invoking command in '/home/atharva/Atharva/NCSU/SFRT/SoftwareForRoboticsProject/jackal_ws/build/jackal_msgs': CMAKE_PREFIX_PATH=${CMAKE_PREFIX_PATH}:/opt/ros/foxy /usr/bin/cmake --build /home/atharva/Atharva/NCSU/SFRT/SoftwareForRoboticsProject/jackal_ws/build/jackal_msgs -- -j16 -l16
[1.133s] [  1%] Built target jackal_msgs__cpp
[1.134s] [ 12%] Built target jackal_msgs__rosidl_generator_c
[1.151s] [ 45%] Built target jackal_msgs__rosidl_typesupport_introspection_c
[1.151s] [ 46%] Built target jackal_msgs__rosidl_typesupport_introspection_cpp
[1.151s] [ 46%] Built target jackal_msgs__rosidl_typesupport_cpp
[1.154s] [ 58%] Built target jackal_msgs__rosidl_typesupport_fastrtps_cpp
[1.168s] [ 69%] Built target jackal_msgs__rosidl_typesupport_c
[1.178s] [ 81%] Built target jackal_msgs__rosidl_typesupport_fastrtps_c
[1.195s] [ 81%] Built target jackal_msgs
[1.213s] [ 82%] Built target jackal_msgs__py
[1.238s] [ 92%] Built target jackal_msgs__python
[1.256s] [ 97%] Built target jackal_msgs__rosidl_typesupport_c__pyext
[1.256s] [ 97%] Built target jackal_msgs__rosidl_typesupport_introspection_c__pyext
[1.259s] [100%] Built target jackal_msgs__rosidl_typesupport_fastrtps_c__pyext
[1.268s] Invoked command in '/home/atharva/Atharva/NCSU/SFRT/SoftwareForRoboticsProject/jackal_ws/build/jackal_msgs' returned '0': CMAKE_PREFIX_PATH=${CMAKE_PREFIX_PATH}:/opt/ros/foxy /usr/bin/cmake --build /home/atharva/Atharva/NCSU/SFRT/SoftwareForRoboticsProject/jackal_ws/build/jackal_msgs -- -j16 -l16
[1.362s] Invoking command in '/home/atharva/Atharva/NCSU/SFRT/SoftwareForRoboticsProject/jackal_ws/build/jackal_msgs': CMAKE_PREFIX_PATH=${CMAKE_PREFIX_PATH}:/opt/ros/foxy /usr/bin/cmake --install /home/atharva/Atharva/NCSU/SFRT/SoftwareForRoboticsProject/jackal_ws/build/jackal_msgs
[1.367s] -- Install configuration: "Release"
[1.368s] -- Execute custom install script
[1.368s] -- Up-to-date symlink: /home/atharva/Atharva/NCSU/SFRT/SoftwareForRoboticsProject/jackal_ws/install/jackal_msgs/share/ament_index/resource_index/rosidl_interfaces/jackal_msgs
[1.369s] -- Up-to-date symlink: /home/atharva/Atharva/NCSU/SFRT/SoftwareForRoboticsProject/jackal_ws/install/jackal_msgs/include/jackal_msgs/msg/detail/drive__functions.h
[1.369s] -- Up-to-date symlink: /home/atharva/Atharva/NCSU/SFRT/SoftwareForRoboticsProject/jackal_ws/install/jackal_msgs/include/jackal_msgs/msg/detail/drive__struct.h
[1.369s] -- Up-to-date symlink: /home/atharva/Atharva/NCSU/SFRT/SoftwareForRoboticsProject/jackal_ws/install/jackal_msgs/include/jackal_msgs/msg/detail/drive__type_support.h
[1.369s] -- Up-to-date symlink: /home/atharva/Atharva/NCSU/SFRT/SoftwareForRoboticsProject/jackal_ws/install/jackal_msgs/include/jackal_msgs/msg/detail/drive_feedback__functions.h
[1.369s] -- Up-to-date symlink: /home/atharva/Atharva/NCSU/SFRT/SoftwareForRoboticsProject/jackal_ws/install/jackal_msgs/include/jackal_msgs/msg/detail/drive_feedback__struct.h
[1.369s] -- Up-to-date symlink: /home/atharva/Atharva/NCSU/SFRT/SoftwareForRoboticsProject/jackal_ws/install/jackal_msgs/include/jackal_msgs/msg/detail/drive_feedback__type_support.h
[1.369s] -- Up-to-date symlink: /home/atharva/Atharva/NCSU/SFRT/SoftwareForRoboticsProject/jackal_ws/install/jackal_msgs/include/jackal_msgs/msg/detail/feedback__functions.h
[1.370s] -- Up-to-date symlink: /home/atharva/Atharva/NCSU/SFRT/SoftwareForRoboticsProject/jackal_ws/install/jackal_msgs/include/jackal_msgs/msg/detail/feedback__struct.h
[1.370s] -- Up-to-date symlink: /home/atharva/Atharva/NCSU/SFRT/SoftwareForRoboticsProject/jackal_ws/install/jackal_msgs/include/jackal_msgs/msg/detail/feedback__type_support.h
[1.370s] -- Up-to-date symlink: /home/atharva/Atharva/NCSU/SFRT/SoftwareForRoboticsProject/jackal_ws/install/jackal_msgs/include/jackal_msgs/msg/detail/power__functions.h
[1.370s] -- Up-to-date symlink: /home/atharva/Atharva/NCSU/SFRT/SoftwareForRoboticsProject/jackal_ws/install/jackal_msgs/include/jackal_msgs/msg/detail/power__struct.h
[1.370s] -- Up-to-date symlink: /home/atharva/Atharva/NCSU/SFRT/SoftwareForRoboticsProject/jackal_ws/install/jackal_msgs/include/jackal_msgs/msg/detail/power__type_support.h
[1.370s] -- Up-to-date symlink: /home/atharva/Atharva/NCSU/SFRT/SoftwareForRoboticsProject/jackal_ws/install/jackal_msgs/include/jackal_msgs/msg/detail/status__functions.h
[1.370s] -- Up-to-date symlink: /home/atharva/Atharva/NCSU/SFRT/SoftwareForRoboticsProject/jackal_ws/install/jackal_msgs/include/jackal_msgs/msg/detail/status__struct.h
[1.370s] -- Up-to-date symlink: /home/atharva/Atharva/NCSU/SFRT/SoftwareForRoboticsProject/jackal_ws/install/jackal_msgs/include/jackal_msgs/msg/detail/status__type_support.h
[1.370s] -- Up-to-date symlink: /home/atharva/Atharva/NCSU/SFRT/SoftwareForRoboticsProject/jackal_ws/install/jackal_msgs/include/jackal_msgs/msg/detail/stop_status__functions.h
[1.370s] -- Up-to-date symlink: /home/atharva/Atharva/NCSU/SFRT/SoftwareForRoboticsProject/jackal_ws/install/jackal_msgs/include/jackal_msgs/msg/detail/stop_status__struct.h
[1.371s] -- Up-to-date symlink: /home/atharva/Atharva/NCSU/SFRT/SoftwareForRoboticsProject/jackal_ws/install/jackal_msgs/include/jackal_msgs/msg/detail/stop_status__type_support.h
[1.371s] -- Up-to-date symlink: /home/atharva/Atharva/NCSU/SFRT/SoftwareForRoboticsProject/jackal_ws/install/jackal_msgs/include/jackal_msgs/msg/drive.h
[1.371s] -- Up-to-date symlink: /home/atharva/Atharva/NCSU/SFRT/SoftwareForRoboticsProject/jackal_ws/install/jackal_msgs/include/jackal_msgs/msg/drive_feedback.h
[1.371s] -- Up-to-date symlink: /home/atharva/Atharva/NCSU/SFRT/SoftwareForRoboticsProject/jackal_ws/install/jackal_msgs/include/jackal_msgs/msg/feedback.h
[1.371s] -- Up-to-date symlink: /home/atharva/Atharva/NCSU/SFRT/SoftwareForRoboticsProject/jackal_ws/install/jackal_msgs/include/jackal_msgs/msg/power.h
[1.371s] -- Up-to-date symlink: /home/atharva/Atharva/NCSU/SFRT/SoftwareForRoboticsProject/jackal_ws/install/jackal_msgs/include/jackal_msgs/msg/rosidl_generator_c__visibility_control.h
[1.371s] -- Up-to-date symlink: /home/atharva/Atharva/NCSU/SFRT/SoftwareForRoboticsProject/jackal_ws/install/jackal_msgs/include/jackal_msgs/msg/status.h
[1.371s] -- Up-to-date symlink: /home/atharva/Atharva/NCSU/SFRT/SoftwareForRoboticsProject/jackal_ws/install/jackal_msgs/include/jackal_msgs/msg/stop_status.h
[1.372s] -- Up-to-date symlink: /home/atharva/Atharva/NCSU/SFRT/SoftwareForRoboticsProject/jackal_ws/install/jackal_msgs/include/jackal_msgs/srv/detail/set_domain_id__functions.h
[1.372s] -- Up-to-date symlink: /home/atharva/Atharva/NCSU/SFRT/SoftwareForRoboticsProject/jackal_ws/install/jackal_msgs/include/jackal_msgs/srv/detail/set_domain_id__struct.h
[1.372s] -- Up-to-date symlink: /home/atharva/Atharva/NCSU/SFRT/SoftwareForRoboticsProject/jackal_ws/install/jackal_msgs/include/jackal_msgs/srv/detail/set_domain_id__type_support.h
[1.372s] -- Up-to-date symlink: /home/atharva/Atharva/NCSU/SFRT/SoftwareForRoboticsProject/jackal_ws/install/jackal_msgs/include/jackal_msgs/srv/set_domain_id.h
[1.372s] -- Up-to-date symlink: /home/atharva/Atharva/NCSU/SFRT/SoftwareForRoboticsProject/jackal_ws/install/jackal_msgs/share/jackal_msgs/environment/library_path.sh
[1.372s] -- Up-to-date symlink: /home/atharva/Atharva/NCSU/SFRT/SoftwareForRoboticsProject/jackal_ws/install/jackal_msgs/share/jackal_msgs/environment/library_path.dsv
[1.373s] -- Up-to-date symlink: /home/atharva/Atharva/NCSU/SFRT/SoftwareForRoboticsProject/jackal_ws/install/jackal_msgs/include/jackal_msgs/msg/detail/drive__rosidl_typesupport_fastrtps_c.h
[1.373s] -- Up-to-date symlink: /home/atharva/Atharva/NCSU/SFRT/SoftwareForRoboticsProject/jackal_ws/install/jackal_msgs/include/jackal_msgs/msg/detail/drive_feedback__rosidl_typesupport_fastrtps_c.h
[1.373s] -- Up-to-date symlink: /home/atharva/Atharva/NCSU/SFRT/SoftwareForRoboticsProject/jackal_ws/install/jackal_msgs/include/jackal_msgs/msg/detail/feedback__rosidl_typesupport_fastrtps_c.h
[1.373s] -- Up-to-date symlink: /home/atharva/Atharva/NCSU/SFRT/SoftwareForRoboticsProject/jackal_ws/install/jackal_msgs/include/jackal_msgs/msg/detail/power__rosidl_typesupport_fastrtps_c.h
[1.373s] -- Up-to-date symlink: /home/atharva/Atharva/NCSU/SFRT/SoftwareForRoboticsProject/jackal_ws/install/jackal_msgs/include/jackal_msgs/msg/detail/status__rosidl_typesupport_fastrtps_c.h
[1.373s] -- Up-to-date symlink: /home/atharva/Atharva/NCSU/SFRT/SoftwareForRoboticsProject/jackal_ws/install/jackal_msgs/include/jackal_msgs/msg/detail/stop_status__rosidl_typesupport_fastrtps_c.h
[1.373s] -- Up-to-date symlink: /home/atharva/Atharva/NCSU/SFRT/SoftwareForRoboticsProject/jackal_ws/install/jackal_msgs/include/jackal_msgs/msg/rosidl_typesupport_fastrtps_c__visibility_control.h
[1.374s] -- Up-to-date symlink: /home/atharva/Atharva/NCSU/SFRT/SoftwareForRoboticsProject/jackal_ws/install/jackal_msgs/include/jackal_msgs/srv/detail/set_domain_id__rosidl_typesupport_fastrtps_c.h
[1.374s] -- Up-to-date symlink: /home/atharva/Atharva/NCSU/SFRT/SoftwareForRoboticsProject/jackal_ws/install/jackal_msgs/lib/libjackal_msgs__rosidl_typesupport_fastrtps_c.so
[1.374s] -- Up-to-date symlink: /home/atharva/Atharva/NCSU/SFRT/SoftwareForRoboticsProject/jackal_ws/install/jackal_msgs/include/jackal_msgs/msg/detail/drive__rosidl_typesupport_fastrtps_cpp.hpp
[1.375s] -- Up-to-date symlink: /home/atharva/Atharva/NCSU/SFRT/SoftwareForRoboticsProject/jackal_ws/install/jackal_msgs/include/jackal_msgs/msg/detail/drive_feedback__rosidl_typesupport_fastrtps_cpp.hpp
[1.375s] -- Up-to-date symlink: /home/atharva/Atharva/NCSU/SFRT/SoftwareForRoboticsProject/jackal_ws/install/jackal_msgs/include/jackal_msgs/msg/detail/feedback__rosidl_typesupport_fastrtps_cpp.hpp
[1.375s] -- Up-to-date symlink: /home/atharva/Atharva/NCSU/SFRT/SoftwareForRoboticsProject/jackal_ws/install/jackal_msgs/include/jackal_msgs/msg/detail/power__rosidl_typesupport_fastrtps_cpp.hpp
[1.375s] -- Up-to-date symlink: /home/atharva/Atharva/NCSU/SFRT/SoftwareForRoboticsProject/jackal_ws/install/jackal_msgs/include/jackal_msgs/msg/detail/status__rosidl_typesupport_fastrtps_cpp.hpp
[1.375s] -- Up-to-date symlink: /home/atharva/Atharva/NCSU/SFRT/SoftwareForRoboticsProject/jackal_ws/install/jackal_msgs/include/jackal_msgs/msg/detail/stop_status__rosidl_typesupport_fastrtps_cpp.hpp
[1.375s] -- Up-to-date symlink: /home/atharva/Atharva/NCSU/SFRT/SoftwareForRoboticsProject/jackal_ws/install/jackal_msgs/include/jackal_msgs/msg/rosidl_typesupport_fastrtps_cpp__visibility_control.h
[1.375s] -- Up-to-date symlink: /home/atharva/Atharva/NCSU/SFRT/SoftwareForRoboticsProject/jackal_ws/install/jackal_msgs/include/jackal_msgs/srv/detail/set_domain_id__rosidl_typesupport_fastrtps_cpp.hpp
[1.376s] -- Up-to-date symlink: /home/atharva/Atharva/NCSU/SFRT/SoftwareForRoboticsProject/jackal_ws/install/jackal_msgs/lib/libjackal_msgs__rosidl_typesupport_fastrtps_cpp.so
[1.376s] -- Up-to-date symlink: /home/atharva/Atharva/NCSU/SFRT/SoftwareForRoboticsProject/jackal_ws/install/jackal_msgs/include/jackal_msgs/msg/detail/drive__rosidl_typesupport_introspection_c.h
[1.376s] -- Up-to-date symlink: /home/atharva/Atharva/NCSU/SFRT/SoftwareForRoboticsProject/jackal_ws/install/jackal_msgs/include/jackal_msgs/msg/detail/drive_feedback__rosidl_typesupport_introspection_c.h
[1.376s] -- Up-to-date symlink: /home/atharva/Atharva/NCSU/SFRT/SoftwareForRoboticsProject/jackal_ws/install/jackal_msgs/include/jackal_msgs/msg/detail/feedback__rosidl_typesupport_introspection_c.h
[1.376s] -- Up-to-date symlink: /home/atharva/Atharva/NCSU/SFRT/SoftwareForRoboticsProject/jackal_ws/install/jackal_msgs/include/jackal_msgs/msg/detail/power__rosidl_typesupport_introspection_c.h
[1.376s] -- Up-to-date symlink: /home/atharva/Atharva/NCSU/SFRT/SoftwareForRoboticsProject/jackal_ws/install/jackal_msgs/include/jackal_msgs/msg/detail/status__rosidl_typesupport_introspection_c.h
[1.377s] -- Up-to-date symlink: /home/atharva/Atharva/NCSU/SFRT/SoftwareForRoboticsProject/jackal_ws/install/jackal_msgs/include/jackal_msgs/msg/detail/stop_status__rosidl_typesupport_introspection_c.h
[1.377s] -- Up-to-date symlink: /home/atharva/Atharva/NCSU/SFRT/SoftwareForRoboticsProject/jackal_ws/install/jackal_msgs/include/jackal_msgs/msg/rosidl_typesupport_introspection_c__visibility_control.h
[1.377s] -- Up-to-date symlink: /home/atharva/Atharva/NCSU/SFRT/SoftwareForRoboticsProject/jackal_ws/install/jackal_msgs/include/jackal_msgs/srv/detail/set_domain_id__rosidl_typesupport_introspection_c.h
[1.377s] -- Up-to-date symlink: /home/atharva/Atharva/NCSU/SFRT/SoftwareForRoboticsProject/jackal_ws/install/jackal_msgs/include/jackal_msgs/msg/detail/drive__builder.hpp
[1.377s] -- Up-to-date symlink: /home/atharva/Atharva/NCSU/SFRT/SoftwareForRoboticsProject/jackal_ws/install/jackal_msgs/include/jackal_msgs/msg/detail/drive__struct.hpp
[1.377s] -- Up-to-date symlink: /home/atharva/Atharva/NCSU/SFRT/SoftwareForRoboticsProject/jackal_ws/install/jackal_msgs/include/jackal_msgs/msg/detail/drive__traits.hpp
[1.378s] -- Up-to-date symlink: /home/atharva/Atharva/NCSU/SFRT/SoftwareForRoboticsProject/jackal_ws/install/jackal_msgs/include/jackal_msgs/msg/detail/drive_feedback__builder.hpp
[1.378s] -- Up-to-date symlink: /home/atharva/Atharva/NCSU/SFRT/SoftwareForRoboticsProject/jackal_ws/install/jackal_msgs/include/jackal_msgs/msg/detail/drive_feedback__struct.hpp
[1.378s] -- Up-to-date symlink: /home/atharva/Atharva/NCSU/SFRT/SoftwareForRoboticsProject/jackal_ws/install/jackal_msgs/include/jackal_msgs/msg/detail/drive_feedback__traits.hpp
[1.378s] -- Up-to-date symlink: /home/atharva/Atharva/NCSU/SFRT/SoftwareForRoboticsProject/jackal_ws/install/jackal_msgs/include/jackal_msgs/msg/detail/feedback__builder.hpp
[1.378s] -- Up-to-date symlink: /home/atharva/Atharva/NCSU/SFRT/SoftwareForRoboticsProject/jackal_ws/install/jackal_msgs/include/jackal_msgs/msg/detail/feedback__struct.hpp
[1.378s] -- Up-to-date symlink: /home/atharva/Atharva/NCSU/SFRT/SoftwareForRoboticsProject/jackal_ws/install/jackal_msgs/include/jackal_msgs/msg/detail/feedback__traits.hpp
[1.378s] -- Up-to-date symlink: /home/atharva/Atharva/NCSU/SFRT/SoftwareForRoboticsProject/jackal_ws/install/jackal_msgs/include/jackal_msgs/msg/detail/power__builder.hpp
[1.378s] -- Up-to-date symlink: /home/atharva/Atharva/NCSU/SFRT/SoftwareForRoboticsProject/jackal_ws/install/jackal_msgs/include/jackal_msgs/msg/detail/power__struct.hpp
[1.378s] -- Up-to-date symlink: /home/atharva/Atharva/NCSU/SFRT/SoftwareForRoboticsProject/jackal_ws/install/jackal_msgs/include/jackal_msgs/msg/detail/power__traits.hpp
[1.378s] -- Up-to-date symlink: /home/atharva/Atharva/NCSU/SFRT/SoftwareForRoboticsProject/jackal_ws/install/jackal_msgs/include/jackal_msgs/msg/detail/status__builder.hpp
[1.379s] -- Up-to-date symlink: /home/atharva/Atharva/NCSU/SFRT/SoftwareForRoboticsProject/jackal_ws/install/jackal_msgs/include/jackal_msgs/msg/detail/status__struct.hpp
[1.379s] -- Up-to-date symlink: /home/atharva/Atharva/NCSU/SFRT/SoftwareForRoboticsProject/jackal_ws/install/jackal_msgs/include/jackal_msgs/msg/detail/status__traits.hpp
[1.379s] -- Up-to-date symlink: /home/atharva/Atharva/NCSU/SFRT/SoftwareForRoboticsProject/jackal_ws/install/jackal_msgs/include/jackal_msgs/msg/detail/stop_status__builder.hpp
[1.379s] -- Up-to-date symlink: /home/atharva/Atharva/NCSU/SFRT/SoftwareForRoboticsProject/jackal_ws/install/jackal_msgs/include/jackal_msgs/msg/detail/stop_status__struct.hpp
[1.379s] -- Up-to-date symlink: /home/atharva/Atharva/NCSU/SFRT/SoftwareForRoboticsProject/jackal_ws/install/jackal_msgs/include/jackal_msgs/msg/detail/stop_status__traits.hpp
[1.379s] -- Up-to-date symlink: /home/atharva/Atharva/NCSU/SFRT/SoftwareForRoboticsProject/jackal_ws/install/jackal_msgs/include/jackal_msgs/msg/drive.hpp
[1.379s] -- Up-to-date symlink: /home/atharva/Atharva/NCSU/SFRT/SoftwareForRoboticsProject/jackal_ws/install/jackal_msgs/include/jackal_msgs/msg/drive_feedback.hpp
[1.379s] -- Up-to-date symlink: /home/atharva/Atharva/NCSU/SFRT/SoftwareForRoboticsProject/jackal_ws/install/jackal_msgs/include/jackal_msgs/msg/feedback.hpp
[1.379s] -- Up-to-date symlink: /home/atharva/Atharva/NCSU/SFRT/SoftwareForRoboticsProject/jackal_ws/install/jackal_msgs/include/jackal_msgs/msg/power.hpp
[1.379s] -- Up-to-date symlink: /home/atharva/Atharva/NCSU/SFRT/SoftwareForRoboticsProject/jackal_ws/install/jackal_msgs/include/jackal_msgs/msg/status.hpp
[1.380s] -- Up-to-date symlink: /home/atharva/Atharva/NCSU/SFRT/SoftwareForRoboticsProject/jackal_ws/install/jackal_msgs/include/jackal_msgs/msg/stop_status.hpp
[1.380s] -- Up-to-date symlink: /home/atharva/Atharva/NCSU/SFRT/SoftwareForRoboticsProject/jackal_ws/install/jackal_msgs/include/jackal_msgs/srv/detail/set_domain_id__builder.hpp
[1.380s] -- Up-to-date symlink: /home/atharva/Atharva/NCSU/SFRT/SoftwareForRoboticsProject/jackal_ws/install/jackal_msgs/include/jackal_msgs/srv/detail/set_domain_id__struct.hpp
[1.380s] -- Up-to-date symlink: /home/atharva/Atharva/NCSU/SFRT/SoftwareForRoboticsProject/jackal_ws/install/jackal_msgs/include/jackal_msgs/srv/detail/set_domain_id__traits.hpp
[1.380s] -- Up-to-date symlink: /home/atharva/Atharva/NCSU/SFRT/SoftwareForRoboticsProject/jackal_ws/install/jackal_msgs/include/jackal_msgs/srv/set_domain_id.hpp
[1.380s] -- Up-to-date symlink: /home/atharva/Atharva/NCSU/SFRT/SoftwareForRoboticsProject/jackal_ws/install/jackal_msgs/include/jackal_msgs/msg/detail/drive__rosidl_typesupport_introspection_cpp.hpp
[1.380s] -- Up-to-date symlink: /home/atharva/Atharva/NCSU/SFRT/SoftwareForRoboticsProject/jackal_ws/install/jackal_msgs/include/jackal_msgs/msg/detail/drive_feedback__rosidl_typesupport_introspection_cpp.hpp
[1.381s] -- Up-to-date symlink: /home/atharva/Atharva/NCSU/SFRT/SoftwareForRoboticsProject/jackal_ws/install/jackal_msgs/include/jackal_msgs/msg/detail/feedback__rosidl_typesupport_introspection_cpp.hpp
[1.381s] -- Up-to-date symlink: /home/atharva/Atharva/NCSU/SFRT/SoftwareForRoboticsProject/jackal_ws/install/jackal_msgs/include/jackal_msgs/msg/detail/power__rosidl_typesupport_introspection_cpp.hpp
[1.381s] -- Up-to-date symlink: /home/atharva/Atharva/NCSU/SFRT/SoftwareForRoboticsProject/jackal_ws/install/jackal_msgs/include/jackal_msgs/msg/detail/status__rosidl_typesupport_introspection_cpp.hpp
[1.381s] -- Up-to-date symlink: /home/atharva/Atharva/NCSU/SFRT/SoftwareForRoboticsProject/jackal_ws/install/jackal_msgs/include/jackal_msgs/msg/detail/stop_status__rosidl_typesupport_introspection_cpp.hpp
[1.381s] -- Up-to-date symlink: /home/atharva/Atharva/NCSU/SFRT/SoftwareForRoboticsProject/jackal_ws/install/jackal_msgs/include/jackal_msgs/srv/detail/set_domain_id__rosidl_typesupport_introspection_cpp.hpp
[1.381s] -- Up-to-date symlink: /home/atharva/Atharva/NCSU/SFRT/SoftwareForRoboticsProject/jackal_ws/install/jackal_msgs/share/jackal_msgs/environment/pythonpath.sh
[1.382s] -- Up-to-date symlink: /home/atharva/Atharva/NCSU/SFRT/SoftwareForRoboticsProject/jackal_ws/install/jackal_msgs/share/jackal_msgs/environment/pythonpath.dsv
[1.382s] -- Up-to-date symlink: /home/atharva/Atharva/NCSU/SFRT/SoftwareForRoboticsProject/jackal_ws/install/jackal_msgs/lib/python3.9/site-packages/jackal_msgs/__init__.py
[1.382s] -- Up-to-date symlink: /home/atharva/Atharva/NCSU/SFRT/SoftwareForRoboticsProject/jackal_ws/install/jackal_msgs/lib/python3.9/site-packages/jackal_msgs/msg/__init__.py
[1.382s] -- Up-to-date symlink: /home/atharva/Atharva/NCSU/SFRT/SoftwareForRoboticsProject/jackal_ws/install/jackal_msgs/lib/python3.9/site-packages/jackal_msgs/msg/_drive.py
[1.382s] -- Up-to-date symlink: /home/atharva/Atharva/NCSU/SFRT/SoftwareForRoboticsProject/jackal_ws/install/jackal_msgs/lib/python3.9/site-packages/jackal_msgs/msg/_drive_feedback.py
[1.382s] -- Up-to-date symlink: /home/atharva/Atharva/NCSU/SFRT/SoftwareForRoboticsProject/jackal_ws/install/jackal_msgs/lib/python3.9/site-packages/jackal_msgs/msg/_feedback.py
[1.383s] -- Up-to-date symlink: /home/atharva/Atharva/NCSU/SFRT/SoftwareForRoboticsProject/jackal_ws/install/jackal_msgs/lib/python3.9/site-packages/jackal_msgs/msg/_power.py
[1.383s] -- Up-to-date symlink: /home/atharva/Atharva/NCSU/SFRT/SoftwareForRoboticsProject/jackal_ws/install/jackal_msgs/lib/python3.9/site-packages/jackal_msgs/msg/_status.py
[1.383s] -- Up-to-date symlink: /home/atharva/Atharva/NCSU/SFRT/SoftwareForRoboticsProject/jackal_ws/install/jackal_msgs/lib/python3.9/site-packages/jackal_msgs/msg/_stop_status.py
[1.383s] -- Up-to-date symlink: /home/atharva/Atharva/NCSU/SFRT/SoftwareForRoboticsProject/jackal_ws/install/jackal_msgs/lib/python3.9/site-packages/jackal_msgs/srv/__init__.py
[1.383s] -- Up-to-date symlink: /home/atharva/Atharva/NCSU/SFRT/SoftwareForRoboticsProject/jackal_ws/install/jackal_msgs/lib/python3.9/site-packages/jackal_msgs/srv/_set_domain_id.py
[1.384s] -- Up-to-date symlink: /home/atharva/Atharva/NCSU/SFRT/SoftwareForRoboticsProject/jackal_ws/install/jackal_msgs/lib/python3.9/site-packages/jackal_msgs/jackal_msgs_s__rosidl_typesupport_fastrtps_c.cpython-39-x86_64-linux-gnu.so
[1.384s] -- Up-to-date symlink: /home/atharva/Atharva/NCSU/SFRT/SoftwareForRoboticsProject/jackal_ws/install/jackal_msgs/lib/python3.9/site-packages/jackal_msgs/jackal_msgs_s__rosidl_typesupport_introspection_c.cpython-39-x86_64-linux-gnu.so
[1.384s] -- Up-to-date symlink: /home/atharva/Atharva/NCSU/SFRT/SoftwareForRoboticsProject/jackal_ws/install/jackal_msgs/lib/python3.9/site-packages/jackal_msgs/jackal_msgs_s__rosidl_typesupport_c.cpython-39-x86_64-linux-gnu.so
[1.385s] -- Up-to-date symlink: /home/atharva/Atharva/NCSU/SFRT/SoftwareForRoboticsProject/jackal_ws/install/jackal_msgs/lib/libjackal_msgs__python.so
[1.385s] -- Up-to-date symlink: /home/atharva/Atharva/NCSU/SFRT/SoftwareForRoboticsProject/jackal_ws/install/jackal_msgs/share/jackal_msgs/msg/Drive.idl
[1.385s] -- Up-to-date symlink: /home/atharva/Atharva/NCSU/SFRT/SoftwareForRoboticsProject/jackal_ws/install/jackal_msgs/share/jackal_msgs/msg/DriveFeedback.idl
[1.385s] -- Up-to-date symlink: /home/atharva/Atharva/NCSU/SFRT/SoftwareForRoboticsProject/jackal_ws/install/jackal_msgs/share/jackal_msgs/msg/Feedback.idl
[1.385s] -- Up-to-date symlink: /home/atharva/Atharva/NCSU/SFRT/SoftwareForRoboticsProject/jackal_ws/install/jackal_msgs/share/jackal_msgs/msg/Power.idl
[1.385s] -- Up-to-date symlink: /home/atharva/Atharva/NCSU/SFRT/SoftwareForRoboticsProject/jackal_ws/install/jackal_msgs/share/jackal_msgs/msg/Status.idl
[1.386s] -- Up-to-date symlink: /home/atharva/Atharva/NCSU/SFRT/SoftwareForRoboticsProject/jackal_ws/install/jackal_msgs/share/jackal_msgs/msg/StopStatus.idl
[1.386s] -- Up-to-date symlink: /home/atharva/Atharva/NCSU/SFRT/SoftwareForRoboticsProject/jackal_ws/install/jackal_msgs/share/jackal_msgs/srv/SetDomainId.idl
[1.386s] -- Up-to-date symlink: /home/atharva/Atharva/NCSU/SFRT/SoftwareForRoboticsProject/jackal_ws/install/jackal_msgs/share/jackal_msgs/msg/Drive.msg
[1.386s] -- Up-to-date symlink: /home/atharva/Atharva/NCSU/SFRT/SoftwareForRoboticsProject/jackal_ws/install/jackal_msgs/share/jackal_msgs/msg/DriveFeedback.msg
[1.386s] -- Up-to-date symlink: /home/atharva/Atharva/NCSU/SFRT/SoftwareForRoboticsProject/jackal_ws/install/jackal_msgs/share/jackal_msgs/msg/Feedback.msg
[1.387s] -- Up-to-date symlink: /home/atharva/Atharva/NCSU/SFRT/SoftwareForRoboticsProject/jackal_ws/install/jackal_msgs/share/jackal_msgs/msg/Power.msg
[1.387s] -- Up-to-date symlink: /home/atharva/Atharva/NCSU/SFRT/SoftwareForRoboticsProject/jackal_ws/install/jackal_msgs/share/jackal_msgs/msg/Status.msg
[1.387s] -- Up-to-date symlink: /home/atharva/Atharva/NCSU/SFRT/SoftwareForRoboticsProject/jackal_ws/install/jackal_msgs/share/jackal_msgs/msg/StopStatus.msg
[1.387s] -- Up-to-date symlink: /home/atharva/Atharva/NCSU/SFRT/SoftwareForRoboticsProject/jackal_ws/install/jackal_msgs/share/jackal_msgs/srv/SetDomainId.srv
[1.387s] -- Up-to-date symlink: /home/atharva/Atharva/NCSU/SFRT/SoftwareForRoboticsProject/jackal_ws/install/jackal_msgs/share/jackal_msgs/srv/SetDomainId_Request.msg
[1.387s] -- Up-to-date symlink: /home/atharva/Atharva/NCSU/SFRT/SoftwareForRoboticsProject/jackal_ws/install/jackal_msgs/share/jackal_msgs/srv/SetDomainId_Response.msg
[1.388s] -- Up-to-date symlink: /home/atharva/Atharva/NCSU/SFRT/SoftwareForRoboticsProject/jackal_ws/install/jackal_msgs/share/ament_index/resource_index/package_run_dependencies/jackal_msgs
[1.388s] -- Up-to-date symlink: /home/atharva/Atharva/NCSU/SFRT/SoftwareForRoboticsProject/jackal_ws/install/jackal_msgs/share/ament_index/resource_index/parent_prefix_path/jackal_msgs
[1.388s] -- Up-to-date symlink: /home/atharva/Atharva/NCSU/SFRT/SoftwareForRoboticsProject/jackal_ws/install/jackal_msgs/share/jackal_msgs/environment/ament_prefix_path.sh
[1.388s] -- Up-to-date symlink: /home/atharva/Atharva/NCSU/SFRT/SoftwareForRoboticsProject/jackal_ws/install/jackal_msgs/share/jackal_msgs/environment/ament_prefix_path.dsv
[1.388s] -- Up-to-date symlink: /home/atharva/Atharva/NCSU/SFRT/SoftwareForRoboticsProject/jackal_ws/install/jackal_msgs/share/jackal_msgs/environment/path.sh
[1.388s] -- Up-to-date symlink: /home/atharva/Atharva/NCSU/SFRT/SoftwareForRoboticsProject/jackal_ws/install/jackal_msgs/share/jackal_msgs/environment/path.dsv
[1.389s] -- Up-to-date symlink: /home/atharva/Atharva/NCSU/SFRT/SoftwareForRoboticsProject/jackal_ws/install/jackal_msgs/share/jackal_msgs/local_setup.bash
[1.389s] -- Up-to-date symlink: /home/atharva/Atharva/NCSU/SFRT/SoftwareForRoboticsProject/jackal_ws/install/jackal_msgs/share/jackal_msgs/local_setup.sh
[1.389s] -- Up-to-date symlink: /home/atharva/Atharva/NCSU/SFRT/SoftwareForRoboticsProject/jackal_ws/install/jackal_msgs/share/jackal_msgs/local_setup.zsh
[1.389s] -- Up-to-date symlink: /home/atharva/Atharva/NCSU/SFRT/SoftwareForRoboticsProject/jackal_ws/install/jackal_msgs/share/jackal_msgs/local_setup.dsv
[1.389s] -- Symlinking: /home/atharva/Atharva/NCSU/SFRT/SoftwareForRoboticsProject/jackal_ws/install/jackal_msgs/share/jackal_msgs/package.dsv
[1.396s] -- Up-to-date symlink: /home/atharva/Atharva/NCSU/SFRT/SoftwareForRoboticsProject/jackal_ws/install/jackal_msgs/share/ament_index/resource_index/packages/jackal_msgs
[1.396s] -- Up-to-date symlink: /home/atharva/Atharva/NCSU/SFRT/SoftwareForRoboticsProject/jackal_ws/install/jackal_msgs/share/jackal_msgs/cmake/rosidl_cmake-extras.cmake
[1.397s] -- Up-to-date symlink: /home/atharva/Atharva/NCSU/SFRT/SoftwareForRoboticsProject/jackal_ws/install/jackal_msgs/share/jackal_msgs/cmake/ament_cmake_export_dependencies-extras.cmake
[1.397s] -- Up-to-date symlink: /home/atharva/Atharva/NCSU/SFRT/SoftwareForRoboticsProject/jackal_ws/install/jackal_msgs/share/jackal_msgs/cmake/ament_cmake_export_libraries-extras.cmake
[1.397s] -- Up-to-date symlink: /home/atharva/Atharva/NCSU/SFRT/SoftwareForRoboticsProject/jackal_ws/install/jackal_msgs/share/jackal_msgs/cmake/ament_cmake_export_targets-extras.cmake
[1.397s] -- Up-to-date symlink: /home/atharva/Atharva/NCSU/SFRT/SoftwareForRoboticsProject/jackal_ws/install/jackal_msgs/share/jackal_msgs/cmake/ament_cmake_export_include_directories-extras.cmake
[1.398s] -- Up-to-date symlink: /home/atharva/Atharva/NCSU/SFRT/SoftwareForRoboticsProject/jackal_ws/install/jackal_msgs/share/jackal_msgs/cmake/rosidl_cmake_export_typesupport_libraries-extras.cmake
[1.398s] -- Up-to-date symlink: /home/atharva/Atharva/NCSU/SFRT/SoftwareForRoboticsProject/jackal_ws/install/jackal_msgs/share/jackal_msgs/cmake/rosidl_cmake_export_typesupport_targets-extras.cmake
[1.398s] -- Up-to-date symlink: /home/atharva/Atharva/NCSU/SFRT/SoftwareForRoboticsProject/jackal_ws/install/jackal_msgs/share/jackal_msgs/cmake/jackal_msgsConfig.cmake
[1.398s] -- Up-to-date symlink: /home/atharva/Atharva/NCSU/SFRT/SoftwareForRoboticsProject/jackal_ws/install/jackal_msgs/share/jackal_msgs/cmake/jackal_msgsConfig-version.cmake
[1.399s] -- Up-to-date symlink: /home/atharva/Atharva/NCSU/SFRT/SoftwareForRoboticsProject/jackal_ws/install/jackal_msgs/share/jackal_msgs/package.xml
[1.399s] -- Up-to-date: /home/atharva/Atharva/NCSU/SFRT/SoftwareForRoboticsProject/jackal_ws/install/jackal_msgs/lib/libjackal_msgs__rosidl_generator_c.so
[1.399s] -- Up-to-date: /home/atharva/Atharva/NCSU/SFRT/SoftwareForRoboticsProject/jackal_ws/install/jackal_msgs/lib/libjackal_msgs__rosidl_typesupport_introspection_c.so
[1.399s] -- Up-to-date: /home/atharva/Atharva/NCSU/SFRT/SoftwareForRoboticsProject/jackal_ws/install/jackal_msgs/lib/libjackal_msgs__rosidl_typesupport_c.so
[1.400s] -- Up-to-date: /home/atharva/Atharva/NCSU/SFRT/SoftwareForRoboticsProject/jackal_ws/install/jackal_msgs/lib/libjackal_msgs__rosidl_typesupport_introspection_cpp.so
[1.400s] -- Up-to-date: /home/atharva/Atharva/NCSU/SFRT/SoftwareForRoboticsProject/jackal_ws/install/jackal_msgs/lib/libjackal_msgs__rosidl_typesupport_cpp.so
[1.432s] Compiling '/home/atharva/Atharva/NCSU/SFRT/SoftwareForRoboticsProject/jackal_ws/install/jackal_msgs/lib/python3.9/site-packages/jackal_msgs/__init__.py'...
[1.436s] -- Up-to-date: /home/atharva/Atharva/NCSU/SFRT/SoftwareForRoboticsProject/jackal_ws/install/jackal_msgs/share/jackal_msgs/cmake/jackal_msgs__rosidl_generator_cExport.cmake
[1.436s] -- Installing: /home/atharva/Atharva/NCSU/SFRT/SoftwareForRoboticsProject/jackal_ws/install/jackal_msgs/share/jackal_msgs/cmake/jackal_msgs__rosidl_generator_cExport-release.cmake
[1.436s] -- Up-to-date: /home/atharva/Atharva/NCSU/SFRT/SoftwareForRoboticsProject/jackal_ws/install/jackal_msgs/share/jackal_msgs/cmake/jackal_msgs__rosidl_typesupport_introspection_cExport.cmake
[1.436s] -- Installing: /home/atharva/Atharva/NCSU/SFRT/SoftwareForRoboticsProject/jackal_ws/install/jackal_msgs/share/jackal_msgs/cmake/jackal_msgs__rosidl_typesupport_introspection_cExport-release.cmake
[1.436s] -- Up-to-date: /home/atharva/Atharva/NCSU/SFRT/SoftwareForRoboticsProject/jackal_ws/install/jackal_msgs/share/jackal_msgs/cmake/jackal_msgs__rosidl_typesupport_cExport.cmake
[1.437s] -- Installing: /home/atharva/Atharva/NCSU/SFRT/SoftwareForRoboticsProject/jackal_ws/install/jackal_msgs/share/jackal_msgs/cmake/jackal_msgs__rosidl_typesupport_cExport-release.cmake
[1.437s] -- Up-to-date: /home/atharva/Atharva/NCSU/SFRT/SoftwareForRoboticsProject/jackal_ws/install/jackal_msgs/share/jackal_msgs/cmake/jackal_msgs__rosidl_generator_cppExport.cmake
[1.437s] -- Up-to-date: /home/atharva/Atharva/NCSU/SFRT/SoftwareForRoboticsProject/jackal_ws/install/jackal_msgs/share/jackal_msgs/cmake/jackal_msgs__rosidl_typesupport_introspection_cppExport.cmake
[1.437s] -- Installing: /home/atharva/Atharva/NCSU/SFRT/SoftwareForRoboticsProject/jackal_ws/install/jackal_msgs/share/jackal_msgs/cmake/jackal_msgs__rosidl_typesupport_introspection_cppExport-release.cmake
[1.437s] -- Up-to-date: /home/atharva/Atharva/NCSU/SFRT/SoftwareForRoboticsProject/jackal_ws/install/jackal_msgs/share/jackal_msgs/cmake/jackal_msgs__rosidl_typesupport_cppExport.cmake
[1.437s] -- Installing: /home/atharva/Atharva/NCSU/SFRT/SoftwareForRoboticsProject/jackal_ws/install/jackal_msgs/share/jackal_msgs/cmake/jackal_msgs__rosidl_typesupport_cppExport-release.cmake
[1.439s] Invoked command in '/home/atharva/Atharva/NCSU/SFRT/SoftwareForRoboticsProject/jackal_ws/build/jackal_msgs' returned '0': CMAKE_PREFIX_PATH=${CMAKE_PREFIX_PATH}:/opt/ros/foxy /usr/bin/cmake --install /home/atharva/Atharva/NCSU/SFRT/SoftwareForRoboticsProject/jackal_ws/build/jackal_msgs
