[0.021s] Invoking command in '/home/atharva/Atharva/NCSU/SFRT/SoftwareForRoboticsProject/jackal_ws/build/jackal_msgs': CMAKE_PREFIX_PATH=${CMAKE_PREFIX_PATH}:/home/atharva/Atharva/NCSU/SFRT/SoftwareForRoboticsProject/jackal_ws/install/nav2_gazebo_spawner:/opt/ros/foxy /usr/bin/cmake /home/atharva/Atharva/NCSU/SFRT/SoftwareForRoboticsProject/jackal_ws/src/jackal/jackal_msgs -DCMAKE_INSTALL_PREFIX=/home/atharva/Atharva/NCSU/SFRT/SoftwareForRoboticsProject/jackal_ws/install/jackal_msgs
[0.031s] -- Found ament_cmake: 0.9.11 (/opt/ros/foxy/share/ament_cmake/cmake)
[0.054s] -- Found PythonInterp: /home/atharva/anaconda3/bin/python3 (found suitable version "3.9.13", minimum required is "3") 
[0.054s] -- Using PYTHON_EXECUTABLE: /home/atharva/anaconda3/bin/python3
[0.226s] -- Override CMake install command with custom implementation using symlinks instead of copying resources
[0.232s] -- Found std_msgs: 2.0.5 (/opt/ros/foxy/share/std_msgs/cmake)
[0.248s] -- Using all available rosidl_typesupport_c: rosidl_typesupport_fastrtps_c;rosidl_typesupport_introspection_c
[0.250s] -- Found rosidl_adapter: 1.3.0 (/opt/ros/foxy/share/rosidl_adapter/cmake)
[0.360s] -- Using all available rosidl_typesupport_cpp: rosidl_typesupport_fastrtps_cpp;rosidl_typesupport_introspection_cpp
[0.397s] -- Found rosidl_default_generators: 1.0.1 (/opt/ros/foxy/share/rosidl_default_generators/cmake)
[0.432s] -- Found PythonInterp: /home/atharva/anaconda3/bin/python3 (found version "3.9.13") 
[0.594s] -- Found ament_cmake_ros: 0.9.2 (/opt/ros/foxy/share/ament_cmake_ros/cmake)
[0.731s] -- Using all available rosidl_typesupport_c: rosidl_typesupport_fastrtps_c;rosidl_typesupport_introspection_c
[0.784s] -- Using all available rosidl_typesupport_cpp: rosidl_typesupport_fastrtps_cpp;rosidl_typesupport_introspection_cpp
[0.814s] -- Found PythonInterp: /home/atharva/anaconda3/bin/python3 (found suitable version "3.9.13", minimum required is "3.5") 
[0.815s] -- Found python_cmake_module: 0.8.1 (/opt/ros/foxy/share/python_cmake_module/cmake)
[0.839s] -- Using PYTHON_EXECUTABLE: /home/atharva/anaconda3/bin/python3
[0.839s] -- Using PYTHON_INCLUDE_DIRS: /home/atharva/anaconda3/include/python3.9
[0.839s] -- Using PYTHON_LIBRARIES: /home/atharva/anaconda3/lib/libpython3.9.so
[0.984s] -- Using numpy include directory: /home/atharva/anaconda3/lib/python3.9/site-packages/numpy/core/include
[1.014s] -- Configuring done
[1.024s] CMake Warning at /opt/ros/foxy/share/rosidl_generator_py/cmake/rosidl_generator_py_generate_interfaces.cmake:235 (add_library):
[1.024s]   Cannot generate a safe runtime search path for target
[1.024s]   jackal_msgs__rosidl_typesupport_fastrtps_c__pyext because files in some
[1.024s]   directories may conflict with libraries in implicit directories:
[1.024s] 
[1.024s]     runtime library [libssl.so.1.1] in /usr/lib/x86_64-linux-gnu may be hidden by files in:
[1.024s]       /home/atharva/anaconda3/lib
[1.024s]     runtime library [libcrypto.so.1.1] in /usr/lib/x86_64-linux-gnu may be hidden by files in:
[1.024s]       /home/atharva/anaconda3/lib
[1.024s] 
[1.024s]   Some of these libraries may not be found correctly.
[1.024s] Call Stack (most recent call first):
[1.024s]   /opt/ros/foxy/share/ament_cmake_core/cmake/core/ament_execute_extensions.cmake:48 (include)
[1.024s]   /opt/ros/foxy/share/rosidl_cmake/cmake/rosidl_generate_interfaces.cmake:286 (ament_execute_extensions)
[1.025s]   CMakeLists.txt:18 (rosidl_generate_interfaces)
[1.025s] 
[1.025s] 
[1.056s] -- Generating done
[1.058s] -- Build files have been written to: /home/atharva/Atharva/NCSU/SFRT/SoftwareForRoboticsProject/jackal_ws/build/jackal_msgs
[1.064s] Invoked command in '/home/atharva/Atharva/NCSU/SFRT/SoftwareForRoboticsProject/jackal_ws/build/jackal_msgs' returned '0': CMAKE_PREFIX_PATH=${CMAKE_PREFIX_PATH}:/home/atharva/Atharva/NCSU/SFRT/SoftwareForRoboticsProject/jackal_ws/install/nav2_gazebo_spawner:/opt/ros/foxy /usr/bin/cmake /home/atharva/Atharva/NCSU/SFRT/SoftwareForRoboticsProject/jackal_ws/src/jackal/jackal_msgs -DCMAKE_INSTALL_PREFIX=/home/atharva/Atharva/NCSU/SFRT/SoftwareForRoboticsProject/jackal_ws/install/jackal_msgs
[1.066s] Invoking command in '/home/atharva/Atharva/NCSU/SFRT/SoftwareForRoboticsProject/jackal_ws/build/jackal_msgs': CMAKE_PREFIX_PATH=${CMAKE_PREFIX_PATH}:/home/atharva/Atharva/NCSU/SFRT/SoftwareForRoboticsProject/jackal_ws/install/nav2_gazebo_spawner:/opt/ros/foxy /usr/bin/cmake --build /home/atharva/Atharva/NCSU/SFRT/SoftwareForRoboticsProject/jackal_ws/build/jackal_msgs -- -j16 -l16
[1.111s] [  1%] Built target jackal_msgs__cpp
[1.111s] [ 12%] Built target jackal_msgs__rosidl_generator_c
[1.130s] [ 45%] Built target jackal_msgs__rosidl_typesupport_introspection_c
[1.130s] [ 45%] Built target jackal_msgs__rosidl_typesupport_cpp
[1.130s] [ 46%] Built target jackal_msgs__rosidl_typesupport_introspection_cpp
[1.131s] [ 58%] Built target jackal_msgs__rosidl_typesupport_c
[1.142s] [ 69%] Built target jackal_msgs__rosidl_typesupport_fastrtps_cpp
[1.165s] [ 81%] Built target jackal_msgs__rosidl_typesupport_fastrtps_c
[1.183s] [ 81%] Built target jackal_msgs
[1.200s] [ 82%] Built target jackal_msgs__py
[1.220s] [ 92%] Built target jackal_msgs__python
[1.240s] [ 97%] Built target jackal_msgs__rosidl_typesupport_introspection_c__pyext
[1.240s] [ 97%] Built target jackal_msgs__rosidl_typesupport_c__pyext
[1.243s] [100%] Built target jackal_msgs__rosidl_typesupport_fastrtps_c__pyext
[1.252s] Invoked command in '/home/atharva/Atharva/NCSU/SFRT/SoftwareForRoboticsProject/jackal_ws/build/jackal_msgs' returned '0': CMAKE_PREFIX_PATH=${CMAKE_PREFIX_PATH}:/home/atharva/Atharva/NCSU/SFRT/SoftwareForRoboticsProject/jackal_ws/install/nav2_gazebo_spawner:/opt/ros/foxy /usr/bin/cmake --build /home/atharva/Atharva/NCSU/SFRT/SoftwareForRoboticsProject/jackal_ws/build/jackal_msgs -- -j16 -l16
[1.354s] Invoking command in '/home/atharva/Atharva/NCSU/SFRT/SoftwareForRoboticsProject/jackal_ws/build/jackal_msgs': CMAKE_PREFIX_PATH=${CMAKE_PREFIX_PATH}:/home/atharva/Atharva/NCSU/SFRT/SoftwareForRoboticsProject/jackal_ws/install/nav2_gazebo_spawner:/opt/ros/foxy /usr/bin/cmake --install /home/atharva/Atharva/NCSU/SFRT/SoftwareForRoboticsProject/jackal_ws/build/jackal_msgs
[1.359s] -- Install configuration: "Release"
[1.360s] -- Execute custom install script
[1.360s] -- Up-to-date symlink: /home/atharva/Atharva/NCSU/SFRT/SoftwareForRoboticsProject/jackal_ws/install/jackal_msgs/share/ament_index/resource_index/rosidl_interfaces/jackal_msgs
[1.360s] -- Up-to-date symlink: /home/atharva/Atharva/NCSU/SFRT/SoftwareForRoboticsProject/jackal_ws/install/jackal_msgs/include/jackal_msgs/msg/detail/drive__functions.h
[1.361s] -- Up-to-date symlink: /home/atharva/Atharva/NCSU/SFRT/SoftwareForRoboticsProject/jackal_ws/install/jackal_msgs/include/jackal_msgs/msg/detail/drive__struct.h
[1.361s] -- Up-to-date symlink: /home/atharva/Atharva/NCSU/SFRT/SoftwareForRoboticsProject/jackal_ws/install/jackal_msgs/include/jackal_msgs/msg/detail/drive__type_support.h
[1.361s] -- Up-to-date symlink: /home/atharva/Atharva/NCSU/SFRT/SoftwareForRoboticsProject/jackal_ws/install/jackal_msgs/include/jackal_msgs/msg/detail/drive_feedback__functions.h
[1.361s] -- Up-to-date symlink: /home/atharva/Atharva/NCSU/SFRT/SoftwareForRoboticsProject/jackal_ws/install/jackal_msgs/include/jackal_msgs/msg/detail/drive_feedback__struct.h
[1.361s] -- Up-to-date symlink: /home/atharva/Atharva/NCSU/SFRT/SoftwareForRoboticsProject/jackal_ws/install/jackal_msgs/include/jackal_msgs/msg/detail/drive_feedback__type_support.h
[1.361s] -- Up-to-date symlink: /home/atharva/Atharva/NCSU/SFRT/SoftwareForRoboticsProject/jackal_ws/install/jackal_msgs/include/jackal_msgs/msg/detail/feedback__functions.h
[1.361s] -- Up-to-date symlink: /home/atharva/Atharva/NCSU/SFRT/SoftwareForRoboticsProject/jackal_ws/install/jackal_msgs/include/jackal_msgs/msg/detail/feedback__struct.h
[1.361s] -- Up-to-date symlink: /home/atharva/Atharva/NCSU/SFRT/SoftwareForRoboticsProject/jackal_ws/install/jackal_msgs/include/jackal_msgs/msg/detail/feedback__type_support.h
[1.362s] -- Up-to-date symlink: /home/atharva/Atharva/NCSU/SFRT/SoftwareForRoboticsProject/jackal_ws/install/jackal_msgs/include/jackal_msgs/msg/detail/power__functions.h
[1.362s] -- Up-to-date symlink: /home/atharva/Atharva/NCSU/SFRT/SoftwareForRoboticsProject/jackal_ws/install/jackal_msgs/include/jackal_msgs/msg/detail/power__struct.h
[1.362s] -- Up-to-date symlink: /home/atharva/Atharva/NCSU/SFRT/SoftwareForRoboticsProject/jackal_ws/install/jackal_msgs/include/jackal_msgs/msg/detail/power__type_support.h
[1.362s] -- Up-to-date symlink: /home/atharva/Atharva/NCSU/SFRT/SoftwareForRoboticsProject/jackal_ws/install/jackal_msgs/include/jackal_msgs/msg/detail/status__functions.h
[1.362s] -- Up-to-date symlink: /home/atharva/Atharva/NCSU/SFRT/SoftwareForRoboticsProject/jackal_ws/install/jackal_msgs/include/jackal_msgs/msg/detail/status__struct.h
[1.362s] -- Up-to-date symlink: /home/atharva/Atharva/NCSU/SFRT/SoftwareForRoboticsProject/jackal_ws/install/jackal_msgs/include/jackal_msgs/msg/detail/status__type_support.h
[1.362s] -- Up-to-date symlink: /home/atharva/Atharva/NCSU/SFRT/SoftwareForRoboticsProject/jackal_ws/install/jackal_msgs/include/jackal_msgs/msg/detail/stop_status__functions.h
[1.362s] -- Up-to-date symlink: /home/atharva/Atharva/NCSU/SFRT/SoftwareForRoboticsProject/jackal_ws/install/jackal_msgs/include/jackal_msgs/msg/detail/stop_status__struct.h
[1.362s] -- Up-to-date symlink: /home/atharva/Atharva/NCSU/SFRT/SoftwareForRoboticsProject/jackal_ws/install/jackal_msgs/include/jackal_msgs/msg/detail/stop_status__type_support.h
[1.362s] -- Up-to-date symlink: /home/atharva/Atharva/NCSU/SFRT/SoftwareForRoboticsProject/jackal_ws/install/jackal_msgs/include/jackal_msgs/msg/drive.h
[1.363s] -- Up-to-date symlink: /home/atharva/Atharva/NCSU/SFRT/SoftwareForRoboticsProject/jackal_ws/install/jackal_msgs/include/jackal_msgs/msg/drive_feedback.h
[1.363s] -- Up-to-date symlink: /home/atharva/Atharva/NCSU/SFRT/SoftwareForRoboticsProject/jackal_ws/install/jackal_msgs/include/jackal_msgs/msg/feedback.h
[1.363s] -- Up-to-date symlink: /home/atharva/Atharva/NCSU/SFRT/SoftwareForRoboticsProject/jackal_ws/install/jackal_msgs/include/jackal_msgs/msg/power.h
[1.363s] -- Up-to-date symlink: /home/atharva/Atharva/NCSU/SFRT/SoftwareForRoboticsProject/jackal_ws/install/jackal_msgs/include/jackal_msgs/msg/rosidl_generator_c__visibility_control.h
[1.363s] -- Up-to-date symlink: /home/atharva/Atharva/NCSU/SFRT/SoftwareForRoboticsProject/jackal_ws/install/jackal_msgs/include/jackal_msgs/msg/status.h
[1.363s] -- Up-to-date symlink: /home/atharva/Atharva/NCSU/SFRT/SoftwareForRoboticsProject/jackal_ws/install/jackal_msgs/include/jackal_msgs/msg/stop_status.h
[1.367s] -- Up-to-date symlink: /home/atharva/Atharva/NCSU/SFRT/SoftwareForRoboticsProject/jackal_ws/install/jackal_msgs/include/jackal_msgs/srv/detail/set_domain_id__functions.h
[1.367s] -- Up-to-date symlink: /home/atharva/Atharva/NCSU/SFRT/SoftwareForRoboticsProject/jackal_ws/install/jackal_msgs/include/jackal_msgs/srv/detail/set_domain_id__struct.h
[1.367s] -- Up-to-date symlink: /home/atharva/Atharva/NCSU/SFRT/SoftwareForRoboticsProject/jackal_ws/install/jackal_msgs/include/jackal_msgs/srv/detail/set_domain_id__type_support.h
[1.367s] -- Up-to-date symlink: /home/atharva/Atharva/NCSU/SFRT/SoftwareForRoboticsProject/jackal_ws/install/jackal_msgs/include/jackal_msgs/srv/set_domain_id.h
[1.367s] -- Up-to-date symlink: /home/atharva/Atharva/NCSU/SFRT/SoftwareForRoboticsProject/jackal_ws/install/jackal_msgs/share/jackal_msgs/environment/library_path.sh
[1.367s] -- Up-to-date symlink: /home/atharva/Atharva/NCSU/SFRT/SoftwareForRoboticsProject/jackal_ws/install/jackal_msgs/share/jackal_msgs/environment/library_path.dsv
[1.367s] -- Up-to-date symlink: /home/atharva/Atharva/NCSU/SFRT/SoftwareForRoboticsProject/jackal_ws/install/jackal_msgs/include/jackal_msgs/msg/detail/drive__rosidl_typesupport_fastrtps_c.h
[1.367s] -- Up-to-date symlink: /home/atharva/Atharva/NCSU/SFRT/SoftwareForRoboticsProject/jackal_ws/install/jackal_msgs/include/jackal_msgs/msg/detail/drive_feedback__rosidl_typesupport_fastrtps_c.h
[1.367s] -- Up-to-date symlink: /home/atharva/Atharva/NCSU/SFRT/SoftwareForRoboticsProject/jackal_ws/install/jackal_msgs/include/jackal_msgs/msg/detail/feedback__rosidl_typesupport_fastrtps_c.h
[1.367s] -- Up-to-date symlink: /home/atharva/Atharva/NCSU/SFRT/SoftwareForRoboticsProject/jackal_ws/install/jackal_msgs/include/jackal_msgs/msg/detail/power__rosidl_typesupport_fastrtps_c.h
[1.368s] -- Up-to-date symlink: /home/atharva/Atharva/NCSU/SFRT/SoftwareForRoboticsProject/jackal_ws/install/jackal_msgs/include/jackal_msgs/msg/detail/status__rosidl_typesupport_fastrtps_c.h
[1.368s] -- Up-to-date symlink: /home/atharva/Atharva/NCSU/SFRT/SoftwareForRoboticsProject/jackal_ws/install/jackal_msgs/include/jackal_msgs/msg/detail/stop_status__rosidl_typesupport_fastrtps_c.h
[1.368s] -- Up-to-date symlink: /home/atharva/Atharva/NCSU/SFRT/SoftwareForRoboticsProject/jackal_ws/install/jackal_msgs/include/jackal_msgs/msg/rosidl_typesupport_fastrtps_c__visibility_control.h
[1.368s] -- Up-to-date symlink: /home/atharva/Atharva/NCSU/SFRT/SoftwareForRoboticsProject/jackal_ws/install/jackal_msgs/include/jackal_msgs/srv/detail/set_domain_id__rosidl_typesupport_fastrtps_c.h
[1.368s] -- Up-to-date symlink: /home/atharva/Atharva/NCSU/SFRT/SoftwareForRoboticsProject/jackal_ws/install/jackal_msgs/lib/libjackal_msgs__rosidl_typesupport_fastrtps_c.so
[1.368s] -- Up-to-date symlink: /home/atharva/Atharva/NCSU/SFRT/SoftwareForRoboticsProject/jackal_ws/install/jackal_msgs/include/jackal_msgs/msg/detail/drive__rosidl_typesupport_fastrtps_cpp.hpp
[1.368s] -- Up-to-date symlink: /home/atharva/Atharva/NCSU/SFRT/SoftwareForRoboticsProject/jackal_ws/install/jackal_msgs/include/jackal_msgs/msg/detail/drive_feedback__rosidl_typesupport_fastrtps_cpp.hpp
[1.368s] -- Up-to-date symlink: /home/atharva/Atharva/NCSU/SFRT/SoftwareForRoboticsProject/jackal_ws/install/jackal_msgs/include/jackal_msgs/msg/detail/feedback__rosidl_typesupport_fastrtps_cpp.hpp
[1.368s] -- Up-to-date symlink: /home/atharva/Atharva/NCSU/SFRT/SoftwareForRoboticsProject/jackal_ws/install/jackal_msgs/include/jackal_msgs/msg/detail/power__rosidl_typesupport_fastrtps_cpp.hpp
[1.368s] -- Up-to-date symlink: /home/atharva/Atharva/NCSU/SFRT/SoftwareForRoboticsProject/jackal_ws/install/jackal_msgs/include/jackal_msgs/msg/detail/status__rosidl_typesupport_fastrtps_cpp.hpp
[1.368s] -- Up-to-date symlink: /home/atharva/Atharva/NCSU/SFRT/SoftwareForRoboticsProject/jackal_ws/install/jackal_msgs/include/jackal_msgs/msg/detail/stop_status__rosidl_typesupport_fastrtps_cpp.hpp
[1.368s] -- Up-to-date symlink: /home/atharva/Atharva/NCSU/SFRT/SoftwareForRoboticsProject/jackal_ws/install/jackal_msgs/include/jackal_msgs/msg/rosidl_typesupport_fastrtps_cpp__visibility_control.h
[1.368s] -- Up-to-date symlink: /home/atharva/Atharva/NCSU/SFRT/SoftwareForRoboticsProject/jackal_ws/install/jackal_msgs/include/jackal_msgs/srv/detail/set_domain_id__rosidl_typesupport_fastrtps_cpp.hpp
[1.368s] -- Up-to-date symlink: /home/atharva/Atharva/NCSU/SFRT/SoftwareForRoboticsProject/jackal_ws/install/jackal_msgs/lib/libjackal_msgs__rosidl_typesupport_fastrtps_cpp.so
[1.368s] -- Up-to-date symlink: /home/atharva/Atharva/NCSU/SFRT/SoftwareForRoboticsProject/jackal_ws/install/jackal_msgs/include/jackal_msgs/msg/detail/drive__rosidl_typesupport_introspection_c.h
[1.368s] -- Up-to-date symlink: /home/atharva/Atharva/NCSU/SFRT/SoftwareForRoboticsProject/jackal_ws/install/jackal_msgs/include/jackal_msgs/msg/detail/drive_feedback__rosidl_typesupport_introspection_c.h
[1.369s] -- Up-to-date symlink: /home/atharva/Atharva/NCSU/SFRT/SoftwareForRoboticsProject/jackal_ws/install/jackal_msgs/include/jackal_msgs/msg/detail/feedback__rosidl_typesupport_introspection_c.h
[1.369s] -- Up-to-date symlink: /home/atharva/Atharva/NCSU/SFRT/SoftwareForRoboticsProject/jackal_ws/install/jackal_msgs/include/jackal_msgs/msg/detail/power__rosidl_typesupport_introspection_c.h
[1.369s] -- Up-to-date symlink: /home/atharva/Atharva/NCSU/SFRT/SoftwareForRoboticsProject/jackal_ws/install/jackal_msgs/include/jackal_msgs/msg/detail/status__rosidl_typesupport_introspection_c.h
[1.369s] -- Up-to-date symlink: /home/atharva/Atharva/NCSU/SFRT/SoftwareForRoboticsProject/jackal_ws/install/jackal_msgs/include/jackal_msgs/msg/detail/stop_status__rosidl_typesupport_introspection_c.h
[1.369s] -- Up-to-date symlink: /home/atharva/Atharva/NCSU/SFRT/SoftwareForRoboticsProject/jackal_ws/install/jackal_msgs/include/jackal_msgs/msg/rosidl_typesupport_introspection_c__visibility_control.h
[1.369s] -- Up-to-date symlink: /home/atharva/Atharva/NCSU/SFRT/SoftwareForRoboticsProject/jackal_ws/install/jackal_msgs/include/jackal_msgs/srv/detail/set_domain_id__rosidl_typesupport_introspection_c.h
[1.369s] -- Up-to-date symlink: /home/atharva/Atharva/NCSU/SFRT/SoftwareForRoboticsProject/jackal_ws/install/jackal_msgs/include/jackal_msgs/msg/detail/drive__builder.hpp
[1.369s] -- Up-to-date symlink: /home/atharva/Atharva/NCSU/SFRT/SoftwareForRoboticsProject/jackal_ws/install/jackal_msgs/include/jackal_msgs/msg/detail/drive__struct.hpp
[1.369s] -- Up-to-date symlink: /home/atharva/Atharva/NCSU/SFRT/SoftwareForRoboticsProject/jackal_ws/install/jackal_msgs/include/jackal_msgs/msg/detail/drive__traits.hpp
[1.369s] -- Up-to-date symlink: /home/atharva/Atharva/NCSU/SFRT/SoftwareForRoboticsProject/jackal_ws/install/jackal_msgs/include/jackal_msgs/msg/detail/drive_feedback__builder.hpp
[1.369s] -- Up-to-date symlink: /home/atharva/Atharva/NCSU/SFRT/SoftwareForRoboticsProject/jackal_ws/install/jackal_msgs/include/jackal_msgs/msg/detail/drive_feedback__struct.hpp
[1.369s] -- Up-to-date symlink: /home/atharva/Atharva/NCSU/SFRT/SoftwareForRoboticsProject/jackal_ws/install/jackal_msgs/include/jackal_msgs/msg/detail/drive_feedback__traits.hpp
[1.369s] -- Up-to-date symlink: /home/atharva/Atharva/NCSU/SFRT/SoftwareForRoboticsProject/jackal_ws/install/jackal_msgs/include/jackal_msgs/msg/detail/feedback__builder.hpp
[1.370s] -- Up-to-date symlink: /home/atharva/Atharva/NCSU/SFRT/SoftwareForRoboticsProject/jackal_ws/install/jackal_msgs/include/jackal_msgs/msg/detail/feedback__struct.hpp
[1.370s] -- Up-to-date symlink: /home/atharva/Atharva/NCSU/SFRT/SoftwareForRoboticsProject/jackal_ws/install/jackal_msgs/include/jackal_msgs/msg/detail/feedback__traits.hpp
[1.370s] -- Up-to-date symlink: /home/atharva/Atharva/NCSU/SFRT/SoftwareForRoboticsProject/jackal_ws/install/jackal_msgs/include/jackal_msgs/msg/detail/power__builder.hpp
[1.370s] -- Up-to-date symlink: /home/atharva/Atharva/NCSU/SFRT/SoftwareForRoboticsProject/jackal_ws/install/jackal_msgs/include/jackal_msgs/msg/detail/power__struct.hpp
[1.370s] -- Up-to-date symlink: /home/atharva/Atharva/NCSU/SFRT/SoftwareForRoboticsProject/jackal_ws/install/jackal_msgs/include/jackal_msgs/msg/detail/power__traits.hpp
[1.370s] -- Up-to-date symlink: /home/atharva/Atharva/NCSU/SFRT/SoftwareForRoboticsProject/jackal_ws/install/jackal_msgs/include/jackal_msgs/msg/detail/status__builder.hpp
[1.370s] -- Up-to-date symlink: /home/atharva/Atharva/NCSU/SFRT/SoftwareForRoboticsProject/jackal_ws/install/jackal_msgs/include/jackal_msgs/msg/detail/status__struct.hpp
[1.370s] -- Up-to-date symlink: /home/atharva/Atharva/NCSU/SFRT/SoftwareForRoboticsProject/jackal_ws/install/jackal_msgs/include/jackal_msgs/msg/detail/status__traits.hpp
[1.370s] -- Up-to-date symlink: /home/atharva/Atharva/NCSU/SFRT/SoftwareForRoboticsProject/jackal_ws/install/jackal_msgs/include/jackal_msgs/msg/detail/stop_status__builder.hpp
[1.370s] -- Up-to-date symlink: /home/atharva/Atharva/NCSU/SFRT/SoftwareForRoboticsProject/jackal_ws/install/jackal_msgs/include/jackal_msgs/msg/detail/stop_status__struct.hpp
[1.370s] -- Up-to-date symlink: /home/atharva/Atharva/NCSU/SFRT/SoftwareForRoboticsProject/jackal_ws/install/jackal_msgs/include/jackal_msgs/msg/detail/stop_status__traits.hpp
[1.370s] -- Up-to-date symlink: /home/atharva/Atharva/NCSU/SFRT/SoftwareForRoboticsProject/jackal_ws/install/jackal_msgs/include/jackal_msgs/msg/drive.hpp
[1.370s] -- Up-to-date symlink: /home/atharva/Atharva/NCSU/SFRT/SoftwareForRoboticsProject/jackal_ws/install/jackal_msgs/include/jackal_msgs/msg/drive_feedback.hpp
[1.370s] -- Up-to-date symlink: /home/atharva/Atharva/NCSU/SFRT/SoftwareForRoboticsProject/jackal_ws/install/jackal_msgs/include/jackal_msgs/msg/feedback.hpp
[1.371s] -- Up-to-date symlink: /home/atharva/Atharva/NCSU/SFRT/SoftwareForRoboticsProject/jackal_ws/install/jackal_msgs/include/jackal_msgs/msg/power.hpp
[1.371s] -- Up-to-date symlink: /home/atharva/Atharva/NCSU/SFRT/SoftwareForRoboticsProject/jackal_ws/install/jackal_msgs/include/jackal_msgs/msg/status.hpp
[1.371s] -- Up-to-date symlink: /home/atharva/Atharva/NCSU/SFRT/SoftwareForRoboticsProject/jackal_ws/install/jackal_msgs/include/jackal_msgs/msg/stop_status.hpp
[1.371s] -- Up-to-date symlink: /home/atharva/Atharva/NCSU/SFRT/SoftwareForRoboticsProject/jackal_ws/install/jackal_msgs/include/jackal_msgs/srv/detail/set_domain_id__builder.hpp
[1.371s] -- Up-to-date symlink: /home/atharva/Atharva/NCSU/SFRT/SoftwareForRoboticsProject/jackal_ws/install/jackal_msgs/include/jackal_msgs/srv/detail/set_domain_id__struct.hpp
[1.371s] -- Up-to-date symlink: /home/atharva/Atharva/NCSU/SFRT/SoftwareForRoboticsProject/jackal_ws/install/jackal_msgs/include/jackal_msgs/srv/detail/set_domain_id__traits.hpp
[1.371s] -- Up-to-date symlink: /home/atharva/Atharva/NCSU/SFRT/SoftwareForRoboticsProject/jackal_ws/install/jackal_msgs/include/jackal_msgs/srv/set_domain_id.hpp
[1.373s] -- Up-to-date symlink: /home/atharva/Atharva/NCSU/SFRT/SoftwareForRoboticsProject/jackal_ws/install/jackal_msgs/include/jackal_msgs/msg/detail/drive__rosidl_typesupport_introspection_cpp.hpp
[1.373s] -- Up-to-date symlink: /home/atharva/Atharva/NCSU/SFRT/SoftwareForRoboticsProject/jackal_ws/install/jackal_msgs/include/jackal_msgs/msg/detail/drive_feedback__rosidl_typesupport_introspection_cpp.hpp
[1.373s] -- Up-to-date symlink: /home/atharva/Atharva/NCSU/SFRT/SoftwareForRoboticsProject/jackal_ws/install/jackal_msgs/include/jackal_msgs/msg/detail/feedback__rosidl_typesupport_introspection_cpp.hpp
[1.373s] -- Up-to-date symlink: /home/atharva/Atharva/NCSU/SFRT/SoftwareForRoboticsProject/jackal_ws/install/jackal_msgs/include/jackal_msgs/msg/detail/power__rosidl_typesupport_introspection_cpp.hpp
[1.373s] -- Up-to-date symlink: /home/atharva/Atharva/NCSU/SFRT/SoftwareForRoboticsProject/jackal_ws/install/jackal_msgs/include/jackal_msgs/msg/detail/status__rosidl_typesupport_introspection_cpp.hpp
[1.373s] -- Up-to-date symlink: /home/atharva/Atharva/NCSU/SFRT/SoftwareForRoboticsProject/jackal_ws/install/jackal_msgs/include/jackal_msgs/msg/detail/stop_status__rosidl_typesupport_introspection_cpp.hpp
[1.373s] -- Up-to-date symlink: /home/atharva/Atharva/NCSU/SFRT/SoftwareForRoboticsProject/jackal_ws/install/jackal_msgs/include/jackal_msgs/srv/detail/set_domain_id__rosidl_typesupport_introspection_cpp.hpp
[1.373s] -- Up-to-date symlink: /home/atharva/Atharva/NCSU/SFRT/SoftwareForRoboticsProject/jackal_ws/install/jackal_msgs/share/jackal_msgs/environment/pythonpath.sh
[1.373s] -- Up-to-date symlink: /home/atharva/Atharva/NCSU/SFRT/SoftwareForRoboticsProject/jackal_ws/install/jackal_msgs/share/jackal_msgs/environment/pythonpath.dsv
[1.373s] -- Up-to-date symlink: /home/atharva/Atharva/NCSU/SFRT/SoftwareForRoboticsProject/jackal_ws/install/jackal_msgs/lib/python3.9/site-packages/jackal_msgs/__init__.py
[1.374s] -- Up-to-date symlink: /home/atharva/Atharva/NCSU/SFRT/SoftwareForRoboticsProject/jackal_ws/install/jackal_msgs/lib/python3.9/site-packages/jackal_msgs/msg/__init__.py
[1.374s] -- Up-to-date symlink: /home/atharva/Atharva/NCSU/SFRT/SoftwareForRoboticsProject/jackal_ws/install/jackal_msgs/lib/python3.9/site-packages/jackal_msgs/msg/_drive.py
[1.374s] -- Up-to-date symlink: /home/atharva/Atharva/NCSU/SFRT/SoftwareForRoboticsProject/jackal_ws/install/jackal_msgs/lib/python3.9/site-packages/jackal_msgs/msg/_drive_feedback.py
[1.374s] -- Up-to-date symlink: /home/atharva/Atharva/NCSU/SFRT/SoftwareForRoboticsProject/jackal_ws/install/jackal_msgs/lib/python3.9/site-packages/jackal_msgs/msg/_feedback.py
[1.374s] -- Up-to-date symlink: /home/atharva/Atharva/NCSU/SFRT/SoftwareForRoboticsProject/jackal_ws/install/jackal_msgs/lib/python3.9/site-packages/jackal_msgs/msg/_power.py
[1.374s] -- Up-to-date symlink: /home/atharva/Atharva/NCSU/SFRT/SoftwareForRoboticsProject/jackal_ws/install/jackal_msgs/lib/python3.9/site-packages/jackal_msgs/msg/_status.py
[1.374s] -- Up-to-date symlink: /home/atharva/Atharva/NCSU/SFRT/SoftwareForRoboticsProject/jackal_ws/install/jackal_msgs/lib/python3.9/site-packages/jackal_msgs/msg/_stop_status.py
[1.375s] -- Up-to-date symlink: /home/atharva/Atharva/NCSU/SFRT/SoftwareForRoboticsProject/jackal_ws/install/jackal_msgs/lib/python3.9/site-packages/jackal_msgs/srv/__init__.py
[1.375s] -- Up-to-date symlink: /home/atharva/Atharva/NCSU/SFRT/SoftwareForRoboticsProject/jackal_ws/install/jackal_msgs/lib/python3.9/site-packages/jackal_msgs/srv/_set_domain_id.py
[1.375s] -- Up-to-date symlink: /home/atharva/Atharva/NCSU/SFRT/SoftwareForRoboticsProject/jackal_ws/install/jackal_msgs/lib/python3.9/site-packages/jackal_msgs/jackal_msgs_s__rosidl_typesupport_fastrtps_c.cpython-39-x86_64-linux-gnu.so
[1.377s] -- Up-to-date symlink: /home/atharva/Atharva/NCSU/SFRT/SoftwareForRoboticsProject/jackal_ws/install/jackal_msgs/lib/python3.9/site-packages/jackal_msgs/jackal_msgs_s__rosidl_typesupport_introspection_c.cpython-39-x86_64-linux-gnu.so
[1.377s] -- Up-to-date symlink: /home/atharva/Atharva/NCSU/SFRT/SoftwareForRoboticsProject/jackal_ws/install/jackal_msgs/lib/python3.9/site-packages/jackal_msgs/jackal_msgs_s__rosidl_typesupport_c.cpython-39-x86_64-linux-gnu.so
[1.377s] -- Up-to-date symlink: /home/atharva/Atharva/NCSU/SFRT/SoftwareForRoboticsProject/jackal_ws/install/jackal_msgs/lib/libjackal_msgs__python.so
[1.378s] -- Up-to-date symlink: /home/atharva/Atharva/NCSU/SFRT/SoftwareForRoboticsProject/jackal_ws/install/jackal_msgs/share/jackal_msgs/msg/Drive.idl
[1.378s] -- Up-to-date symlink: /home/atharva/Atharva/NCSU/SFRT/SoftwareForRoboticsProject/jackal_ws/install/jackal_msgs/share/jackal_msgs/msg/DriveFeedback.idl
[1.378s] -- Up-to-date symlink: /home/atharva/Atharva/NCSU/SFRT/SoftwareForRoboticsProject/jackal_ws/install/jackal_msgs/share/jackal_msgs/msg/Feedback.idl
[1.378s] -- Up-to-date symlink: /home/atharva/Atharva/NCSU/SFRT/SoftwareForRoboticsProject/jackal_ws/install/jackal_msgs/share/jackal_msgs/msg/Power.idl
[1.378s] -- Up-to-date symlink: /home/atharva/Atharva/NCSU/SFRT/SoftwareForRoboticsProject/jackal_ws/install/jackal_msgs/share/jackal_msgs/msg/Status.idl
[1.378s] -- Up-to-date symlink: /home/atharva/Atharva/NCSU/SFRT/SoftwareForRoboticsProject/jackal_ws/install/jackal_msgs/share/jackal_msgs/msg/StopStatus.idl
[1.379s] -- Up-to-date symlink: /home/atharva/Atharva/NCSU/SFRT/SoftwareForRoboticsProject/jackal_ws/install/jackal_msgs/share/jackal_msgs/srv/SetDomainId.idl
[1.379s] -- Up-to-date symlink: /home/atharva/Atharva/NCSU/SFRT/SoftwareForRoboticsProject/jackal_ws/install/jackal_msgs/share/jackal_msgs/msg/Drive.msg
[1.379s] -- Up-to-date symlink: /home/atharva/Atharva/NCSU/SFRT/SoftwareForRoboticsProject/jackal_ws/install/jackal_msgs/share/jackal_msgs/msg/DriveFeedback.msg
[1.380s] -- Up-to-date symlink: /home/atharva/Atharva/NCSU/SFRT/SoftwareForRoboticsProject/jackal_ws/install/jackal_msgs/share/jackal_msgs/msg/Feedback.msg
[1.380s] -- Up-to-date symlink: /home/atharva/Atharva/NCSU/SFRT/SoftwareForRoboticsProject/jackal_ws/install/jackal_msgs/share/jackal_msgs/msg/Power.msg
[1.380s] -- Up-to-date symlink: /home/atharva/Atharva/NCSU/SFRT/SoftwareForRoboticsProject/jackal_ws/install/jackal_msgs/share/jackal_msgs/msg/Status.msg
[1.380s] -- Up-to-date symlink: /home/atharva/Atharva/NCSU/SFRT/SoftwareForRoboticsProject/jackal_ws/install/jackal_msgs/share/jackal_msgs/msg/StopStatus.msg
[1.381s] -- Up-to-date symlink: /home/atharva/Atharva/NCSU/SFRT/SoftwareForRoboticsProject/jackal_ws/install/jackal_msgs/share/jackal_msgs/srv/SetDomainId.srv
[1.381s] -- Up-to-date symlink: /home/atharva/Atharva/NCSU/SFRT/SoftwareForRoboticsProject/jackal_ws/install/jackal_msgs/share/jackal_msgs/srv/SetDomainId_Request.msg
[1.381s] -- Up-to-date symlink: /home/atharva/Atharva/NCSU/SFRT/SoftwareForRoboticsProject/jackal_ws/install/jackal_msgs/share/jackal_msgs/srv/SetDomainId_Response.msg
[1.383s] -- Up-to-date symlink: /home/atharva/Atharva/NCSU/SFRT/SoftwareForRoboticsProject/jackal_ws/install/jackal_msgs/share/ament_index/resource_index/package_run_dependencies/jackal_msgs
[1.384s] -- Up-to-date symlink: /home/atharva/Atharva/NCSU/SFRT/SoftwareForRoboticsProject/jackal_ws/install/jackal_msgs/share/ament_index/resource_index/parent_prefix_path/jackal_msgs
[1.384s] -- Up-to-date symlink: /home/atharva/Atharva/NCSU/SFRT/SoftwareForRoboticsProject/jackal_ws/install/jackal_msgs/share/jackal_msgs/environment/ament_prefix_path.sh
[1.384s] -- Up-to-date symlink: /home/atharva/Atharva/NCSU/SFRT/SoftwareForRoboticsProject/jackal_ws/install/jackal_msgs/share/jackal_msgs/environment/ament_prefix_path.dsv
[1.384s] -- Up-to-date symlink: /home/atharva/Atharva/NCSU/SFRT/SoftwareForRoboticsProject/jackal_ws/install/jackal_msgs/share/jackal_msgs/environment/path.sh
[1.384s] -- Up-to-date symlink: /home/atharva/Atharva/NCSU/SFRT/SoftwareForRoboticsProject/jackal_ws/install/jackal_msgs/share/jackal_msgs/environment/path.dsv
[1.384s] -- Up-to-date symlink: /home/atharva/Atharva/NCSU/SFRT/SoftwareForRoboticsProject/jackal_ws/install/jackal_msgs/share/jackal_msgs/local_setup.bash
[1.384s] -- Up-to-date symlink: /home/atharva/Atharva/NCSU/SFRT/SoftwareForRoboticsProject/jackal_ws/install/jackal_msgs/share/jackal_msgs/local_setup.sh
[1.384s] -- Up-to-date symlink: /home/atharva/Atharva/NCSU/SFRT/SoftwareForRoboticsProject/jackal_ws/install/jackal_msgs/share/jackal_msgs/local_setup.zsh
[1.384s] -- Up-to-date symlink: /home/atharva/Atharva/NCSU/SFRT/SoftwareForRoboticsProject/jackal_ws/install/jackal_msgs/share/jackal_msgs/local_setup.dsv
[1.384s] -- Symlinking: /home/atharva/Atharva/NCSU/SFRT/SoftwareForRoboticsProject/jackal_ws/install/jackal_msgs/share/jackal_msgs/package.dsv
[1.393s] -- Up-to-date symlink: /home/atharva/Atharva/NCSU/SFRT/SoftwareForRoboticsProject/jackal_ws/install/jackal_msgs/share/ament_index/resource_index/packages/jackal_msgs
[1.393s] -- Up-to-date symlink: /home/atharva/Atharva/NCSU/SFRT/SoftwareForRoboticsProject/jackal_ws/install/jackal_msgs/share/jackal_msgs/cmake/rosidl_cmake-extras.cmake
[1.393s] -- Up-to-date symlink: /home/atharva/Atharva/NCSU/SFRT/SoftwareForRoboticsProject/jackal_ws/install/jackal_msgs/share/jackal_msgs/cmake/ament_cmake_export_dependencies-extras.cmake
[1.393s] -- Up-to-date symlink: /home/atharva/Atharva/NCSU/SFRT/SoftwareForRoboticsProject/jackal_ws/install/jackal_msgs/share/jackal_msgs/cmake/ament_cmake_export_libraries-extras.cmake
[1.394s] -- Up-to-date symlink: /home/atharva/Atharva/NCSU/SFRT/SoftwareForRoboticsProject/jackal_ws/install/jackal_msgs/share/jackal_msgs/cmake/ament_cmake_export_targets-extras.cmake
[1.394s] -- Up-to-date symlink: /home/atharva/Atharva/NCSU/SFRT/SoftwareForRoboticsProject/jackal_ws/install/jackal_msgs/share/jackal_msgs/cmake/ament_cmake_export_include_directories-extras.cmake
[1.394s] -- Up-to-date symlink: /home/atharva/Atharva/NCSU/SFRT/SoftwareForRoboticsProject/jackal_ws/install/jackal_msgs/share/jackal_msgs/cmake/rosidl_cmake_export_typesupport_libraries-extras.cmake
[1.394s] -- Up-to-date symlink: /home/atharva/Atharva/NCSU/SFRT/SoftwareForRoboticsProject/jackal_ws/install/jackal_msgs/share/jackal_msgs/cmake/rosidl_cmake_export_typesupport_targets-extras.cmake
[1.396s] -- Up-to-date symlink: /home/atharva/Atharva/NCSU/SFRT/SoftwareForRoboticsProject/jackal_ws/install/jackal_msgs/share/jackal_msgs/cmake/jackal_msgsConfig.cmake
[1.397s] -- Up-to-date symlink: /home/atharva/Atharva/NCSU/SFRT/SoftwareForRoboticsProject/jackal_ws/install/jackal_msgs/share/jackal_msgs/cmake/jackal_msgsConfig-version.cmake
[1.397s] -- Up-to-date symlink: /home/atharva/Atharva/NCSU/SFRT/SoftwareForRoboticsProject/jackal_ws/install/jackal_msgs/share/jackal_msgs/package.xml
[1.397s] -- Up-to-date: /home/atharva/Atharva/NCSU/SFRT/SoftwareForRoboticsProject/jackal_ws/install/jackal_msgs/lib/libjackal_msgs__rosidl_generator_c.so
[1.397s] -- Up-to-date: /home/atharva/Atharva/NCSU/SFRT/SoftwareForRoboticsProject/jackal_ws/install/jackal_msgs/lib/libjackal_msgs__rosidl_typesupport_introspection_c.so
[1.397s] -- Up-to-date: /home/atharva/Atharva/NCSU/SFRT/SoftwareForRoboticsProject/jackal_ws/install/jackal_msgs/lib/libjackal_msgs__rosidl_typesupport_c.so
[1.397s] -- Up-to-date: /home/atharva/Atharva/NCSU/SFRT/SoftwareForRoboticsProject/jackal_ws/install/jackal_msgs/lib/libjackal_msgs__rosidl_typesupport_introspection_cpp.so
[1.397s] -- Up-to-date: /home/atharva/Atharva/NCSU/SFRT/SoftwareForRoboticsProject/jackal_ws/install/jackal_msgs/lib/libjackal_msgs__rosidl_typesupport_cpp.so
[1.427s] Compiling '/home/atharva/Atharva/NCSU/SFRT/SoftwareForRoboticsProject/jackal_ws/install/jackal_msgs/lib/python3.9/site-packages/jackal_msgs/__init__.py'...
[1.431s] -- Up-to-date: /home/atharva/Atharva/NCSU/SFRT/SoftwareForRoboticsProject/jackal_ws/install/jackal_msgs/share/jackal_msgs/cmake/jackal_msgs__rosidl_generator_cExport.cmake
[1.431s] -- Installing: /home/atharva/Atharva/NCSU/SFRT/SoftwareForRoboticsProject/jackal_ws/install/jackal_msgs/share/jackal_msgs/cmake/jackal_msgs__rosidl_generator_cExport-release.cmake
[1.431s] -- Up-to-date: /home/atharva/Atharva/NCSU/SFRT/SoftwareForRoboticsProject/jackal_ws/install/jackal_msgs/share/jackal_msgs/cmake/jackal_msgs__rosidl_typesupport_introspection_cExport.cmake
[1.431s] -- Installing: /home/atharva/Atharva/NCSU/SFRT/SoftwareForRoboticsProject/jackal_ws/install/jackal_msgs/share/jackal_msgs/cmake/jackal_msgs__rosidl_typesupport_introspection_cExport-release.cmake
[1.432s] -- Up-to-date: /home/atharva/Atharva/NCSU/SFRT/SoftwareForRoboticsProject/jackal_ws/install/jackal_msgs/share/jackal_msgs/cmake/jackal_msgs__rosidl_typesupport_cExport.cmake
[1.432s] -- Installing: /home/atharva/Atharva/NCSU/SFRT/SoftwareForRoboticsProject/jackal_ws/install/jackal_msgs/share/jackal_msgs/cmake/jackal_msgs__rosidl_typesupport_cExport-release.cmake
[1.432s] -- Up-to-date: /home/atharva/Atharva/NCSU/SFRT/SoftwareForRoboticsProject/jackal_ws/install/jackal_msgs/share/jackal_msgs/cmake/jackal_msgs__rosidl_generator_cppExport.cmake
[1.432s] -- Up-to-date: /home/atharva/Atharva/NCSU/SFRT/SoftwareForRoboticsProject/jackal_ws/install/jackal_msgs/share/jackal_msgs/cmake/jackal_msgs__rosidl_typesupport_introspection_cppExport.cmake
[1.432s] -- Installing: /home/atharva/Atharva/NCSU/SFRT/SoftwareForRoboticsProject/jackal_ws/install/jackal_msgs/share/jackal_msgs/cmake/jackal_msgs__rosidl_typesupport_introspection_cppExport-release.cmake
[1.432s] -- Up-to-date: /home/atharva/Atharva/NCSU/SFRT/SoftwareForRoboticsProject/jackal_ws/install/jackal_msgs/share/jackal_msgs/cmake/jackal_msgs__rosidl_typesupport_cppExport.cmake
[1.433s] -- Installing: /home/atharva/Atharva/NCSU/SFRT/SoftwareForRoboticsProject/jackal_ws/install/jackal_msgs/share/jackal_msgs/cmake/jackal_msgs__rosidl_typesupport_cppExport-release.cmake
[1.434s] Invoked command in '/home/atharva/Atharva/NCSU/SFRT/SoftwareForRoboticsProject/jackal_ws/build/jackal_msgs' returned '0': CMAKE_PREFIX_PATH=${CMAKE_PREFIX_PATH}:/home/atharva/Atharva/NCSU/SFRT/SoftwareForRoboticsProject/jackal_ws/install/nav2_gazebo_spawner:/opt/ros/foxy /usr/bin/cmake --install /home/atharva/Atharva/NCSU/SFRT/SoftwareForRoboticsProject/jackal_ws/build/jackal_msgs
