[0.072s] Invoking command in '/home/atharva/Atharva/NCSU/SFRT/SoftwareForRoboticsProject/jackal_ws/build/dwb_msgs': AMENT_PREFIX_PATH=/home/atharva/Atharva/NCSU/SFRT/SoftwareForRoboticsProject/jackal_ws/install/nav_2d_msgs:${AMENT_PREFIX_PATH} CMAKE_PREFIX_PATH=/home/atharva/Atharva/NCSU/SFRT/SoftwareForRoboticsProject/jackal_ws/install/nav_2d_msgs:/home/atharva/Atharva/NCSU/SFRT/SoftwareForRoboticsProject/jackal_ws/install/zed_ros2:/home/atharva/Atharva/NCSU/SFRT/SoftwareForRoboticsProject/jackal_ws/install/zed_wrapper:/home/atharva/Atharva/NCSU/SFRT/SoftwareForRoboticsProject/jackal_ws/install/zed_components:/home/atharva/Atharva/NCSU/SFRT/SoftwareForRoboticsProject/jackal_ws/install/zed_interfaces:/home/atharva/Atharva/NCSU/SFRT/SoftwareForRoboticsProject/jackal_ws/install/jackal_desktop:/home/atharva/Atharva/NCSU/SFRT/SoftwareForRoboticsProject/jackal_ws/install/jackal_viz:/home/atharva/Atharva/NCSU/SFRT/SoftwareForRoboticsProject/jackal_ws/install/jackal_simulator:/home/atharva/Atharva/NCSU/SFRT/SoftwareForRoboticsProject/jackal_ws/install/jackal_navigation:/home/atharva/Atharva/NCSU/SFRT/SoftwareForRoboticsProject/jackal_ws/install/jackal_msgs:/home/atharva/Atharva/NCSU/SFRT/SoftwareForRoboticsProject/jackal_ws/install/jackal_gazebo:/home/atharva/Atharva/NCSU/SFRT/SoftwareForRoboticsProject/jackal_ws/install/jackal_control:/home/atharva/Atharva/NCSU/SFRT/SoftwareForRoboticsProject/jackal_ws/install/jackal_description:/opt/ros/foxy CONDA_PROMPT_MODIFIER=(base) LD_LIBRARY_PATH=/home/atharva/Atharva/NCSU/SFRT/SoftwareForRoboticsProject/jackal_ws/install/nav_2d_msgs/lib:${LD_LIBRARY_PATH} PYTHONPATH=/home/atharva/Atharva/NCSU/SFRT/SoftwareForRoboticsProject/jackal_ws/install/nav_2d_msgs/lib/python3.9/site-packages:${PYTHONPATH} /usr/bin/cmake --build /home/atharva/Atharva/NCSU/SFRT/SoftwareForRoboticsProject/jackal_ws/build/dwb_msgs -- -j16 -l16
[0.112s] [  1%] Built target dwb_msgs__cpp
[0.119s] [ 12%] Built target dwb_msgs__rosidl_generator_c
[0.135s] [ 24%] Built target dwb_msgs__rosidl_typesupport_introspection_cpp
[0.138s] [ 35%] Built target dwb_msgs__rosidl_typesupport_cpp
[0.141s] [ 47%] Built target dwb_msgs__rosidl_typesupport_c
[0.146s] [ 58%] Built target dwb_msgs__rosidl_typesupport_fastrtps_cpp
[0.146s] [ 70%] Built target dwb_msgs__rosidl_typesupport_introspection_c
[0.181s] [ 82%] Built target dwb_msgs__rosidl_typesupport_fastrtps_c
[0.196s] [ 82%] Built target dwb_msgs
[0.213s] [ 83%] Built target dwb_msgs__py
[0.245s] [ 93%] Built target dwb_msgs__python
[0.268s] [ 95%] Built target dwb_msgs__rosidl_typesupport_introspection_c__pyext
[0.273s] [ 97%] Built target dwb_msgs__rosidl_typesupport_c__pyext
[0.274s] [100%] Built target dwb_msgs__rosidl_typesupport_fastrtps_c__pyext
[0.300s] Invoked command in '/home/atharva/Atharva/NCSU/SFRT/SoftwareForRoboticsProject/jackal_ws/build/dwb_msgs' returned '0': AMENT_PREFIX_PATH=/home/atharva/Atharva/NCSU/SFRT/SoftwareForRoboticsProject/jackal_ws/install/nav_2d_msgs:${AMENT_PREFIX_PATH} CMAKE_PREFIX_PATH=/home/atharva/Atharva/NCSU/SFRT/SoftwareForRoboticsProject/jackal_ws/install/nav_2d_msgs:/home/atharva/Atharva/NCSU/SFRT/SoftwareForRoboticsProject/jackal_ws/install/zed_ros2:/home/atharva/Atharva/NCSU/SFRT/SoftwareForRoboticsProject/jackal_ws/install/zed_wrapper:/home/atharva/Atharva/NCSU/SFRT/SoftwareForRoboticsProject/jackal_ws/install/zed_components:/home/atharva/Atharva/NCSU/SFRT/SoftwareForRoboticsProject/jackal_ws/install/zed_interfaces:/home/atharva/Atharva/NCSU/SFRT/SoftwareForRoboticsProject/jackal_ws/install/jackal_desktop:/home/atharva/Atharva/NCSU/SFRT/SoftwareForRoboticsProject/jackal_ws/install/jackal_viz:/home/atharva/Atharva/NCSU/SFRT/SoftwareForRoboticsProject/jackal_ws/install/jackal_simulator:/home/atharva/Atharva/NCSU/SFRT/SoftwareForRoboticsProject/jackal_ws/install/jackal_navigation:/home/atharva/Atharva/NCSU/SFRT/SoftwareForRoboticsProject/jackal_ws/install/jackal_msgs:/home/atharva/Atharva/NCSU/SFRT/SoftwareForRoboticsProject/jackal_ws/install/jackal_gazebo:/home/atharva/Atharva/NCSU/SFRT/SoftwareForRoboticsProject/jackal_ws/install/jackal_control:/home/atharva/Atharva/NCSU/SFRT/SoftwareForRoboticsProject/jackal_ws/install/jackal_description:/opt/ros/foxy CONDA_PROMPT_MODIFIER=(base) LD_LIBRARY_PATH=/home/atharva/Atharva/NCSU/SFRT/SoftwareForRoboticsProject/jackal_ws/install/nav_2d_msgs/lib:${LD_LIBRARY_PATH} PYTHONPATH=/home/atharva/Atharva/NCSU/SFRT/SoftwareForRoboticsProject/jackal_ws/install/nav_2d_msgs/lib/python3.9/site-packages:${PYTHONPATH} /usr/bin/cmake --build /home/atharva/Atharva/NCSU/SFRT/SoftwareForRoboticsProject/jackal_ws/build/dwb_msgs -- -j16 -l16
[0.414s] Invoking command in '/home/atharva/Atharva/NCSU/SFRT/SoftwareForRoboticsProject/jackal_ws/build/dwb_msgs': AMENT_PREFIX_PATH=/home/atharva/Atharva/NCSU/SFRT/SoftwareForRoboticsProject/jackal_ws/install/nav_2d_msgs:${AMENT_PREFIX_PATH} CMAKE_PREFIX_PATH=/home/atharva/Atharva/NCSU/SFRT/SoftwareForRoboticsProject/jackal_ws/install/nav_2d_msgs:/home/atharva/Atharva/NCSU/SFRT/SoftwareForRoboticsProject/jackal_ws/install/zed_ros2:/home/atharva/Atharva/NCSU/SFRT/SoftwareForRoboticsProject/jackal_ws/install/zed_wrapper:/home/atharva/Atharva/NCSU/SFRT/SoftwareForRoboticsProject/jackal_ws/install/zed_components:/home/atharva/Atharva/NCSU/SFRT/SoftwareForRoboticsProject/jackal_ws/install/zed_interfaces:/home/atharva/Atharva/NCSU/SFRT/SoftwareForRoboticsProject/jackal_ws/install/jackal_desktop:/home/atharva/Atharva/NCSU/SFRT/SoftwareForRoboticsProject/jackal_ws/install/jackal_viz:/home/atharva/Atharva/NCSU/SFRT/SoftwareForRoboticsProject/jackal_ws/install/jackal_simulator:/home/atharva/Atharva/NCSU/SFRT/SoftwareForRoboticsProject/jackal_ws/install/jackal_navigation:/home/atharva/Atharva/NCSU/SFRT/SoftwareForRoboticsProject/jackal_ws/install/jackal_msgs:/home/atharva/Atharva/NCSU/SFRT/SoftwareForRoboticsProject/jackal_ws/install/jackal_gazebo:/home/atharva/Atharva/NCSU/SFRT/SoftwareForRoboticsProject/jackal_ws/install/jackal_control:/home/atharva/Atharva/NCSU/SFRT/SoftwareForRoboticsProject/jackal_ws/install/jackal_description:/opt/ros/foxy CONDA_PROMPT_MODIFIER=(base) LD_LIBRARY_PATH=/home/atharva/Atharva/NCSU/SFRT/SoftwareForRoboticsProject/jackal_ws/install/nav_2d_msgs/lib:${LD_LIBRARY_PATH} PYTHONPATH=/home/atharva/Atharva/NCSU/SFRT/SoftwareForRoboticsProject/jackal_ws/install/nav_2d_msgs/lib/python3.9/site-packages:${PYTHONPATH} /usr/bin/cmake --install /home/atharva/Atharva/NCSU/SFRT/SoftwareForRoboticsProject/jackal_ws/build/dwb_msgs
[0.422s] -- Install configuration: ""
[0.423s] -- Execute custom install script
[0.423s] -- Up-to-date symlink: /home/atharva/Atharva/NCSU/SFRT/SoftwareForRoboticsProject/jackal_ws/install/dwb_msgs/share/ament_index/resource_index/rosidl_interfaces/dwb_msgs
[0.423s] -- Up-to-date symlink: /home/atharva/Atharva/NCSU/SFRT/SoftwareForRoboticsProject/jackal_ws/install/dwb_msgs/include/dwb_msgs/msg/critic_score.h
[0.423s] -- Up-to-date symlink: /home/atharva/Atharva/NCSU/SFRT/SoftwareForRoboticsProject/jackal_ws/install/dwb_msgs/include/dwb_msgs/msg/detail/critic_score__functions.h
[0.423s] -- Up-to-date symlink: /home/atharva/Atharva/NCSU/SFRT/SoftwareForRoboticsProject/jackal_ws/install/dwb_msgs/include/dwb_msgs/msg/detail/critic_score__struct.h
[0.423s] -- Up-to-date symlink: /home/atharva/Atharva/NCSU/SFRT/SoftwareForRoboticsProject/jackal_ws/install/dwb_msgs/include/dwb_msgs/msg/detail/critic_score__type_support.h
[0.423s] -- Up-to-date symlink: /home/atharva/Atharva/NCSU/SFRT/SoftwareForRoboticsProject/jackal_ws/install/dwb_msgs/include/dwb_msgs/msg/detail/local_plan_evaluation__functions.h
[0.423s] -- Up-to-date symlink: /home/atharva/Atharva/NCSU/SFRT/SoftwareForRoboticsProject/jackal_ws/install/dwb_msgs/include/dwb_msgs/msg/detail/local_plan_evaluation__struct.h
[0.423s] -- Up-to-date symlink: /home/atharva/Atharva/NCSU/SFRT/SoftwareForRoboticsProject/jackal_ws/install/dwb_msgs/include/dwb_msgs/msg/detail/local_plan_evaluation__type_support.h
[0.424s] -- Up-to-date symlink: /home/atharva/Atharva/NCSU/SFRT/SoftwareForRoboticsProject/jackal_ws/install/dwb_msgs/include/dwb_msgs/msg/detail/trajectory2_d__functions.h
[0.424s] -- Up-to-date symlink: /home/atharva/Atharva/NCSU/SFRT/SoftwareForRoboticsProject/jackal_ws/install/dwb_msgs/include/dwb_msgs/msg/detail/trajectory2_d__struct.h
[0.424s] -- Up-to-date symlink: /home/atharva/Atharva/NCSU/SFRT/SoftwareForRoboticsProject/jackal_ws/install/dwb_msgs/include/dwb_msgs/msg/detail/trajectory2_d__type_support.h
[0.424s] -- Up-to-date symlink: /home/atharva/Atharva/NCSU/SFRT/SoftwareForRoboticsProject/jackal_ws/install/dwb_msgs/include/dwb_msgs/msg/detail/trajectory_score__functions.h
[0.424s] -- Up-to-date symlink: /home/atharva/Atharva/NCSU/SFRT/SoftwareForRoboticsProject/jackal_ws/install/dwb_msgs/include/dwb_msgs/msg/detail/trajectory_score__struct.h
[0.424s] -- Up-to-date symlink: /home/atharva/Atharva/NCSU/SFRT/SoftwareForRoboticsProject/jackal_ws/install/dwb_msgs/include/dwb_msgs/msg/detail/trajectory_score__type_support.h
[0.424s] -- Up-to-date symlink: /home/atharva/Atharva/NCSU/SFRT/SoftwareForRoboticsProject/jackal_ws/install/dwb_msgs/include/dwb_msgs/msg/local_plan_evaluation.h
[0.425s] -- Up-to-date symlink: /home/atharva/Atharva/NCSU/SFRT/SoftwareForRoboticsProject/jackal_ws/install/dwb_msgs/include/dwb_msgs/msg/rosidl_generator_c__visibility_control.h
[0.425s] -- Up-to-date symlink: /home/atharva/Atharva/NCSU/SFRT/SoftwareForRoboticsProject/jackal_ws/install/dwb_msgs/include/dwb_msgs/msg/trajectory2_d.h
[0.425s] -- Up-to-date symlink: /home/atharva/Atharva/NCSU/SFRT/SoftwareForRoboticsProject/jackal_ws/install/dwb_msgs/include/dwb_msgs/msg/trajectory_score.h
[0.425s] -- Up-to-date symlink: /home/atharva/Atharva/NCSU/SFRT/SoftwareForRoboticsProject/jackal_ws/install/dwb_msgs/include/dwb_msgs/srv/debug_local_plan.h
[0.425s] -- Up-to-date symlink: /home/atharva/Atharva/NCSU/SFRT/SoftwareForRoboticsProject/jackal_ws/install/dwb_msgs/include/dwb_msgs/srv/detail/debug_local_plan__functions.h
[0.425s] -- Up-to-date symlink: /home/atharva/Atharva/NCSU/SFRT/SoftwareForRoboticsProject/jackal_ws/install/dwb_msgs/include/dwb_msgs/srv/detail/debug_local_plan__struct.h
[0.426s] -- Up-to-date symlink: /home/atharva/Atharva/NCSU/SFRT/SoftwareForRoboticsProject/jackal_ws/install/dwb_msgs/include/dwb_msgs/srv/detail/debug_local_plan__type_support.h
[0.426s] -- Up-to-date symlink: /home/atharva/Atharva/NCSU/SFRT/SoftwareForRoboticsProject/jackal_ws/install/dwb_msgs/include/dwb_msgs/srv/detail/generate_trajectory__functions.h
[0.426s] -- Up-to-date symlink: /home/atharva/Atharva/NCSU/SFRT/SoftwareForRoboticsProject/jackal_ws/install/dwb_msgs/include/dwb_msgs/srv/detail/generate_trajectory__struct.h
[0.426s] -- Up-to-date symlink: /home/atharva/Atharva/NCSU/SFRT/SoftwareForRoboticsProject/jackal_ws/install/dwb_msgs/include/dwb_msgs/srv/detail/generate_trajectory__type_support.h
[0.426s] -- Up-to-date symlink: /home/atharva/Atharva/NCSU/SFRT/SoftwareForRoboticsProject/jackal_ws/install/dwb_msgs/include/dwb_msgs/srv/detail/generate_twists__functions.h
[0.426s] -- Up-to-date symlink: /home/atharva/Atharva/NCSU/SFRT/SoftwareForRoboticsProject/jackal_ws/install/dwb_msgs/include/dwb_msgs/srv/detail/generate_twists__struct.h
[0.426s] -- Up-to-date symlink: /home/atharva/Atharva/NCSU/SFRT/SoftwareForRoboticsProject/jackal_ws/install/dwb_msgs/include/dwb_msgs/srv/detail/generate_twists__type_support.h
[0.426s] -- Up-to-date symlink: /home/atharva/Atharva/NCSU/SFRT/SoftwareForRoboticsProject/jackal_ws/install/dwb_msgs/include/dwb_msgs/srv/detail/get_critic_score__functions.h
[0.426s] -- Up-to-date symlink: /home/atharva/Atharva/NCSU/SFRT/SoftwareForRoboticsProject/jackal_ws/install/dwb_msgs/include/dwb_msgs/srv/detail/get_critic_score__struct.h
[0.426s] -- Up-to-date symlink: /home/atharva/Atharva/NCSU/SFRT/SoftwareForRoboticsProject/jackal_ws/install/dwb_msgs/include/dwb_msgs/srv/detail/get_critic_score__type_support.h
[0.426s] -- Up-to-date symlink: /home/atharva/Atharva/NCSU/SFRT/SoftwareForRoboticsProject/jackal_ws/install/dwb_msgs/include/dwb_msgs/srv/detail/score_trajectory__functions.h
[0.427s] -- Up-to-date symlink: /home/atharva/Atharva/NCSU/SFRT/SoftwareForRoboticsProject/jackal_ws/install/dwb_msgs/include/dwb_msgs/srv/detail/score_trajectory__struct.h
[0.427s] -- Up-to-date symlink: /home/atharva/Atharva/NCSU/SFRT/SoftwareForRoboticsProject/jackal_ws/install/dwb_msgs/include/dwb_msgs/srv/detail/score_trajectory__type_support.h
[0.427s] -- Up-to-date symlink: /home/atharva/Atharva/NCSU/SFRT/SoftwareForRoboticsProject/jackal_ws/install/dwb_msgs/include/dwb_msgs/srv/generate_trajectory.h
[0.427s] -- Up-to-date symlink: /home/atharva/Atharva/NCSU/SFRT/SoftwareForRoboticsProject/jackal_ws/install/dwb_msgs/include/dwb_msgs/srv/generate_twists.h
[0.427s] -- Up-to-date symlink: /home/atharva/Atharva/NCSU/SFRT/SoftwareForRoboticsProject/jackal_ws/install/dwb_msgs/include/dwb_msgs/srv/get_critic_score.h
[0.427s] -- Up-to-date symlink: /home/atharva/Atharva/NCSU/SFRT/SoftwareForRoboticsProject/jackal_ws/install/dwb_msgs/include/dwb_msgs/srv/score_trajectory.h
[0.428s] -- Up-to-date symlink: /home/atharva/Atharva/NCSU/SFRT/SoftwareForRoboticsProject/jackal_ws/install/dwb_msgs/share/dwb_msgs/environment/library_path.sh
[0.428s] -- Up-to-date symlink: /home/atharva/Atharva/NCSU/SFRT/SoftwareForRoboticsProject/jackal_ws/install/dwb_msgs/share/dwb_msgs/environment/library_path.dsv
[0.430s] -- Up-to-date symlink: /home/atharva/Atharva/NCSU/SFRT/SoftwareForRoboticsProject/jackal_ws/install/dwb_msgs/include/dwb_msgs/msg/detail/critic_score__rosidl_typesupport_fastrtps_c.h
[0.430s] -- Up-to-date symlink: /home/atharva/Atharva/NCSU/SFRT/SoftwareForRoboticsProject/jackal_ws/install/dwb_msgs/include/dwb_msgs/msg/detail/local_plan_evaluation__rosidl_typesupport_fastrtps_c.h
[0.430s] -- Up-to-date symlink: /home/atharva/Atharva/NCSU/SFRT/SoftwareForRoboticsProject/jackal_ws/install/dwb_msgs/include/dwb_msgs/msg/detail/trajectory2_d__rosidl_typesupport_fastrtps_c.h
[0.430s] -- Up-to-date symlink: /home/atharva/Atharva/NCSU/SFRT/SoftwareForRoboticsProject/jackal_ws/install/dwb_msgs/include/dwb_msgs/msg/detail/trajectory_score__rosidl_typesupport_fastrtps_c.h
[0.432s] -- Up-to-date symlink: /home/atharva/Atharva/NCSU/SFRT/SoftwareForRoboticsProject/jackal_ws/install/dwb_msgs/include/dwb_msgs/msg/rosidl_typesupport_fastrtps_c__visibility_control.h
[0.432s] -- Up-to-date symlink: /home/atharva/Atharva/NCSU/SFRT/SoftwareForRoboticsProject/jackal_ws/install/dwb_msgs/include/dwb_msgs/srv/detail/debug_local_plan__rosidl_typesupport_fastrtps_c.h
[0.432s] -- Up-to-date symlink: /home/atharva/Atharva/NCSU/SFRT/SoftwareForRoboticsProject/jackal_ws/install/dwb_msgs/include/dwb_msgs/srv/detail/generate_trajectory__rosidl_typesupport_fastrtps_c.h
[0.432s] -- Up-to-date symlink: /home/atharva/Atharva/NCSU/SFRT/SoftwareForRoboticsProject/jackal_ws/install/dwb_msgs/include/dwb_msgs/srv/detail/generate_twists__rosidl_typesupport_fastrtps_c.h
[0.432s] -- Up-to-date symlink: /home/atharva/Atharva/NCSU/SFRT/SoftwareForRoboticsProject/jackal_ws/install/dwb_msgs/include/dwb_msgs/srv/detail/get_critic_score__rosidl_typesupport_fastrtps_c.h
[0.432s] -- Up-to-date symlink: /home/atharva/Atharva/NCSU/SFRT/SoftwareForRoboticsProject/jackal_ws/install/dwb_msgs/include/dwb_msgs/srv/detail/score_trajectory__rosidl_typesupport_fastrtps_c.h
[0.432s] -- Up-to-date symlink: /home/atharva/Atharva/NCSU/SFRT/SoftwareForRoboticsProject/jackal_ws/install/dwb_msgs/lib/libdwb_msgs__rosidl_typesupport_fastrtps_c.so
[0.432s] -- Up-to-date symlink: /home/atharva/Atharva/NCSU/SFRT/SoftwareForRoboticsProject/jackal_ws/install/dwb_msgs/include/dwb_msgs/msg/detail/critic_score__rosidl_typesupport_fastrtps_cpp.hpp
[0.432s] -- Up-to-date symlink: /home/atharva/Atharva/NCSU/SFRT/SoftwareForRoboticsProject/jackal_ws/install/dwb_msgs/include/dwb_msgs/msg/detail/local_plan_evaluation__rosidl_typesupport_fastrtps_cpp.hpp
[0.432s] -- Up-to-date symlink: /home/atharva/Atharva/NCSU/SFRT/SoftwareForRoboticsProject/jackal_ws/install/dwb_msgs/include/dwb_msgs/msg/detail/trajectory2_d__rosidl_typesupport_fastrtps_cpp.hpp
[0.432s] -- Up-to-date symlink: /home/atharva/Atharva/NCSU/SFRT/SoftwareForRoboticsProject/jackal_ws/install/dwb_msgs/include/dwb_msgs/msg/detail/trajectory_score__rosidl_typesupport_fastrtps_cpp.hpp
[0.433s] -- Up-to-date symlink: /home/atharva/Atharva/NCSU/SFRT/SoftwareForRoboticsProject/jackal_ws/install/dwb_msgs/include/dwb_msgs/msg/rosidl_typesupport_fastrtps_cpp__visibility_control.h
[0.433s] -- Up-to-date symlink: /home/atharva/Atharva/NCSU/SFRT/SoftwareForRoboticsProject/jackal_ws/install/dwb_msgs/include/dwb_msgs/srv/detail/debug_local_plan__rosidl_typesupport_fastrtps_cpp.hpp
[0.433s] -- Up-to-date symlink: /home/atharva/Atharva/NCSU/SFRT/SoftwareForRoboticsProject/jackal_ws/install/dwb_msgs/include/dwb_msgs/srv/detail/generate_trajectory__rosidl_typesupport_fastrtps_cpp.hpp
[0.433s] -- Up-to-date symlink: /home/atharva/Atharva/NCSU/SFRT/SoftwareForRoboticsProject/jackal_ws/install/dwb_msgs/include/dwb_msgs/srv/detail/generate_twists__rosidl_typesupport_fastrtps_cpp.hpp
[0.433s] -- Up-to-date symlink: /home/atharva/Atharva/NCSU/SFRT/SoftwareForRoboticsProject/jackal_ws/install/dwb_msgs/include/dwb_msgs/srv/detail/get_critic_score__rosidl_typesupport_fastrtps_cpp.hpp
[0.433s] -- Up-to-date symlink: /home/atharva/Atharva/NCSU/SFRT/SoftwareForRoboticsProject/jackal_ws/install/dwb_msgs/include/dwb_msgs/srv/detail/score_trajectory__rosidl_typesupport_fastrtps_cpp.hpp
[0.433s] -- Up-to-date symlink: /home/atharva/Atharva/NCSU/SFRT/SoftwareForRoboticsProject/jackal_ws/install/dwb_msgs/lib/libdwb_msgs__rosidl_typesupport_fastrtps_cpp.so
[0.434s] -- Up-to-date symlink: /home/atharva/Atharva/NCSU/SFRT/SoftwareForRoboticsProject/jackal_ws/install/dwb_msgs/include/dwb_msgs/msg/detail/critic_score__rosidl_typesupport_introspection_c.h
[0.434s] -- Up-to-date symlink: /home/atharva/Atharva/NCSU/SFRT/SoftwareForRoboticsProject/jackal_ws/install/dwb_msgs/include/dwb_msgs/msg/detail/local_plan_evaluation__rosidl_typesupport_introspection_c.h
[0.434s] -- Up-to-date symlink: /home/atharva/Atharva/NCSU/SFRT/SoftwareForRoboticsProject/jackal_ws/install/dwb_msgs/include/dwb_msgs/msg/detail/trajectory2_d__rosidl_typesupport_introspection_c.h
[0.434s] -- Up-to-date symlink: /home/atharva/Atharva/NCSU/SFRT/SoftwareForRoboticsProject/jackal_ws/install/dwb_msgs/include/dwb_msgs/msg/detail/trajectory_score__rosidl_typesupport_introspection_c.h
[0.434s] -- Up-to-date symlink: /home/atharva/Atharva/NCSU/SFRT/SoftwareForRoboticsProject/jackal_ws/install/dwb_msgs/include/dwb_msgs/msg/rosidl_typesupport_introspection_c__visibility_control.h
[0.435s] -- Up-to-date symlink: /home/atharva/Atharva/NCSU/SFRT/SoftwareForRoboticsProject/jackal_ws/install/dwb_msgs/include/dwb_msgs/srv/detail/debug_local_plan__rosidl_typesupport_introspection_c.h
[0.435s] -- Up-to-date symlink: /home/atharva/Atharva/NCSU/SFRT/SoftwareForRoboticsProject/jackal_ws/install/dwb_msgs/include/dwb_msgs/srv/detail/generate_trajectory__rosidl_typesupport_introspection_c.h
[0.435s] -- Up-to-date symlink: /home/atharva/Atharva/NCSU/SFRT/SoftwareForRoboticsProject/jackal_ws/install/dwb_msgs/include/dwb_msgs/srv/detail/generate_twists__rosidl_typesupport_introspection_c.h
[0.435s] -- Up-to-date symlink: /home/atharva/Atharva/NCSU/SFRT/SoftwareForRoboticsProject/jackal_ws/install/dwb_msgs/include/dwb_msgs/srv/detail/get_critic_score__rosidl_typesupport_introspection_c.h
[0.435s] -- Up-to-date symlink: /home/atharva/Atharva/NCSU/SFRT/SoftwareForRoboticsProject/jackal_ws/install/dwb_msgs/include/dwb_msgs/srv/detail/score_trajectory__rosidl_typesupport_introspection_c.h
[0.435s] -- Up-to-date symlink: /home/atharva/Atharva/NCSU/SFRT/SoftwareForRoboticsProject/jackal_ws/install/dwb_msgs/include/dwb_msgs/msg/critic_score.hpp
[0.435s] -- Up-to-date symlink: /home/atharva/Atharva/NCSU/SFRT/SoftwareForRoboticsProject/jackal_ws/install/dwb_msgs/include/dwb_msgs/msg/detail/critic_score__builder.hpp
[0.438s] -- Up-to-date symlink: /home/atharva/Atharva/NCSU/SFRT/SoftwareForRoboticsProject/jackal_ws/install/dwb_msgs/include/dwb_msgs/msg/detail/critic_score__struct.hpp
[0.438s] -- Up-to-date symlink: /home/atharva/Atharva/NCSU/SFRT/SoftwareForRoboticsProject/jackal_ws/install/dwb_msgs/include/dwb_msgs/msg/detail/critic_score__traits.hpp
[0.438s] -- Up-to-date symlink: /home/atharva/Atharva/NCSU/SFRT/SoftwareForRoboticsProject/jackal_ws/install/dwb_msgs/include/dwb_msgs/msg/detail/local_plan_evaluation__builder.hpp
[0.438s] -- Up-to-date symlink: /home/atharva/Atharva/NCSU/SFRT/SoftwareForRoboticsProject/jackal_ws/install/dwb_msgs/include/dwb_msgs/msg/detail/local_plan_evaluation__struct.hpp
[0.439s] -- Up-to-date symlink: /home/atharva/Atharva/NCSU/SFRT/SoftwareForRoboticsProject/jackal_ws/install/dwb_msgs/include/dwb_msgs/msg/detail/local_plan_evaluation__traits.hpp
[0.439s] -- Up-to-date symlink: /home/atharva/Atharva/NCSU/SFRT/SoftwareForRoboticsProject/jackal_ws/install/dwb_msgs/include/dwb_msgs/msg/detail/trajectory2_d__builder.hpp
[0.439s] -- Up-to-date symlink: /home/atharva/Atharva/NCSU/SFRT/SoftwareForRoboticsProject/jackal_ws/install/dwb_msgs/include/dwb_msgs/msg/detail/trajectory2_d__struct.hpp
[0.439s] -- Up-to-date symlink: /home/atharva/Atharva/NCSU/SFRT/SoftwareForRoboticsProject/jackal_ws/install/dwb_msgs/include/dwb_msgs/msg/detail/trajectory2_d__traits.hpp
[0.444s] -- Up-to-date symlink: /home/atharva/Atharva/NCSU/SFRT/SoftwareForRoboticsProject/jackal_ws/install/dwb_msgs/include/dwb_msgs/msg/detail/trajectory_score__builder.hpp
[0.445s] -- Up-to-date symlink: /home/atharva/Atharva/NCSU/SFRT/SoftwareForRoboticsProject/jackal_ws/install/dwb_msgs/include/dwb_msgs/msg/detail/trajectory_score__struct.hpp
[0.445s] -- Up-to-date symlink: /home/atharva/Atharva/NCSU/SFRT/SoftwareForRoboticsProject/jackal_ws/install/dwb_msgs/include/dwb_msgs/msg/detail/trajectory_score__traits.hpp
[0.445s] -- Up-to-date symlink: /home/atharva/Atharva/NCSU/SFRT/SoftwareForRoboticsProject/jackal_ws/install/dwb_msgs/include/dwb_msgs/msg/local_plan_evaluation.hpp
[0.445s] -- Up-to-date symlink: /home/atharva/Atharva/NCSU/SFRT/SoftwareForRoboticsProject/jackal_ws/install/dwb_msgs/include/dwb_msgs/msg/trajectory2_d.hpp
[0.445s] -- Up-to-date symlink: /home/atharva/Atharva/NCSU/SFRT/SoftwareForRoboticsProject/jackal_ws/install/dwb_msgs/include/dwb_msgs/msg/trajectory_score.hpp
[0.445s] -- Up-to-date symlink: /home/atharva/Atharva/NCSU/SFRT/SoftwareForRoboticsProject/jackal_ws/install/dwb_msgs/include/dwb_msgs/srv/debug_local_plan.hpp
[0.445s] -- Up-to-date symlink: /home/atharva/Atharva/NCSU/SFRT/SoftwareForRoboticsProject/jackal_ws/install/dwb_msgs/include/dwb_msgs/srv/detail/debug_local_plan__builder.hpp
[0.445s] -- Up-to-date symlink: /home/atharva/Atharva/NCSU/SFRT/SoftwareForRoboticsProject/jackal_ws/install/dwb_msgs/include/dwb_msgs/srv/detail/debug_local_plan__struct.hpp
[0.446s] -- Up-to-date symlink: /home/atharva/Atharva/NCSU/SFRT/SoftwareForRoboticsProject/jackal_ws/install/dwb_msgs/include/dwb_msgs/srv/detail/debug_local_plan__traits.hpp
[0.446s] -- Up-to-date symlink: /home/atharva/Atharva/NCSU/SFRT/SoftwareForRoboticsProject/jackal_ws/install/dwb_msgs/include/dwb_msgs/srv/detail/generate_trajectory__builder.hpp
[0.447s] -- Up-to-date symlink: /home/atharva/Atharva/NCSU/SFRT/SoftwareForRoboticsProject/jackal_ws/install/dwb_msgs/include/dwb_msgs/srv/detail/generate_trajectory__struct.hpp
[0.447s] -- Up-to-date symlink: /home/atharva/Atharva/NCSU/SFRT/SoftwareForRoboticsProject/jackal_ws/install/dwb_msgs/include/dwb_msgs/srv/detail/generate_trajectory__traits.hpp
[0.447s] -- Up-to-date symlink: /home/atharva/Atharva/NCSU/SFRT/SoftwareForRoboticsProject/jackal_ws/install/dwb_msgs/include/dwb_msgs/srv/detail/generate_twists__builder.hpp
[0.447s] -- Up-to-date symlink: /home/atharva/Atharva/NCSU/SFRT/SoftwareForRoboticsProject/jackal_ws/install/dwb_msgs/include/dwb_msgs/srv/detail/generate_twists__struct.hpp
[0.447s] -- Up-to-date symlink: /home/atharva/Atharva/NCSU/SFRT/SoftwareForRoboticsProject/jackal_ws/install/dwb_msgs/include/dwb_msgs/srv/detail/generate_twists__traits.hpp
[0.447s] -- Up-to-date symlink: /home/atharva/Atharva/NCSU/SFRT/SoftwareForRoboticsProject/jackal_ws/install/dwb_msgs/include/dwb_msgs/srv/detail/get_critic_score__builder.hpp
[0.447s] -- Up-to-date symlink: /home/atharva/Atharva/NCSU/SFRT/SoftwareForRoboticsProject/jackal_ws/install/dwb_msgs/include/dwb_msgs/srv/detail/get_critic_score__struct.hpp
[0.447s] -- Up-to-date symlink: /home/atharva/Atharva/NCSU/SFRT/SoftwareForRoboticsProject/jackal_ws/install/dwb_msgs/include/dwb_msgs/srv/detail/get_critic_score__traits.hpp
[0.450s] -- Up-to-date symlink: /home/atharva/Atharva/NCSU/SFRT/SoftwareForRoboticsProject/jackal_ws/install/dwb_msgs/include/dwb_msgs/srv/detail/score_trajectory__builder.hpp
[0.450s] -- Up-to-date symlink: /home/atharva/Atharva/NCSU/SFRT/SoftwareForRoboticsProject/jackal_ws/install/dwb_msgs/include/dwb_msgs/srv/detail/score_trajectory__struct.hpp
[0.450s] -- Up-to-date symlink: /home/atharva/Atharva/NCSU/SFRT/SoftwareForRoboticsProject/jackal_ws/install/dwb_msgs/include/dwb_msgs/srv/detail/score_trajectory__traits.hpp
[0.450s] -- Up-to-date symlink: /home/atharva/Atharva/NCSU/SFRT/SoftwareForRoboticsProject/jackal_ws/install/dwb_msgs/include/dwb_msgs/srv/generate_trajectory.hpp
[0.451s] -- Up-to-date symlink: /home/atharva/Atharva/NCSU/SFRT/SoftwareForRoboticsProject/jackal_ws/install/dwb_msgs/include/dwb_msgs/srv/generate_twists.hpp
[0.451s] -- Up-to-date symlink: /home/atharva/Atharva/NCSU/SFRT/SoftwareForRoboticsProject/jackal_ws/install/dwb_msgs/include/dwb_msgs/srv/get_critic_score.hpp
[0.451s] -- Up-to-date symlink: /home/atharva/Atharva/NCSU/SFRT/SoftwareForRoboticsProject/jackal_ws/install/dwb_msgs/include/dwb_msgs/srv/score_trajectory.hpp
[0.451s] -- Up-to-date symlink: /home/atharva/Atharva/NCSU/SFRT/SoftwareForRoboticsProject/jackal_ws/install/dwb_msgs/include/dwb_msgs/msg/detail/critic_score__rosidl_typesupport_introspection_cpp.hpp
[0.451s] -- Up-to-date symlink: /home/atharva/Atharva/NCSU/SFRT/SoftwareForRoboticsProject/jackal_ws/install/dwb_msgs/include/dwb_msgs/msg/detail/local_plan_evaluation__rosidl_typesupport_introspection_cpp.hpp
[0.451s] -- Up-to-date symlink: /home/atharva/Atharva/NCSU/SFRT/SoftwareForRoboticsProject/jackal_ws/install/dwb_msgs/include/dwb_msgs/msg/detail/trajectory2_d__rosidl_typesupport_introspection_cpp.hpp
[0.451s] -- Up-to-date symlink: /home/atharva/Atharva/NCSU/SFRT/SoftwareForRoboticsProject/jackal_ws/install/dwb_msgs/include/dwb_msgs/msg/detail/trajectory_score__rosidl_typesupport_introspection_cpp.hpp
[0.451s] -- Up-to-date symlink: /home/atharva/Atharva/NCSU/SFRT/SoftwareForRoboticsProject/jackal_ws/install/dwb_msgs/include/dwb_msgs/srv/detail/debug_local_plan__rosidl_typesupport_introspection_cpp.hpp
[0.451s] -- Up-to-date symlink: /home/atharva/Atharva/NCSU/SFRT/SoftwareForRoboticsProject/jackal_ws/install/dwb_msgs/include/dwb_msgs/srv/detail/generate_trajectory__rosidl_typesupport_introspection_cpp.hpp
[0.453s] -- Up-to-date symlink: /home/atharva/Atharva/NCSU/SFRT/SoftwareForRoboticsProject/jackal_ws/install/dwb_msgs/include/dwb_msgs/srv/detail/generate_twists__rosidl_typesupport_introspection_cpp.hpp
[0.454s] -- Up-to-date symlink: /home/atharva/Atharva/NCSU/SFRT/SoftwareForRoboticsProject/jackal_ws/install/dwb_msgs/include/dwb_msgs/srv/detail/get_critic_score__rosidl_typesupport_introspection_cpp.hpp
[0.454s] -- Up-to-date symlink: /home/atharva/Atharva/NCSU/SFRT/SoftwareForRoboticsProject/jackal_ws/install/dwb_msgs/include/dwb_msgs/srv/detail/score_trajectory__rosidl_typesupport_introspection_cpp.hpp
[0.454s] -- Up-to-date symlink: /home/atharva/Atharva/NCSU/SFRT/SoftwareForRoboticsProject/jackal_ws/install/dwb_msgs/share/dwb_msgs/environment/pythonpath.sh
[0.454s] -- Up-to-date symlink: /home/atharva/Atharva/NCSU/SFRT/SoftwareForRoboticsProject/jackal_ws/install/dwb_msgs/share/dwb_msgs/environment/pythonpath.dsv
[0.455s] -- Up-to-date symlink: /home/atharva/Atharva/NCSU/SFRT/SoftwareForRoboticsProject/jackal_ws/install/dwb_msgs/lib/python3.9/site-packages/dwb_msgs/__init__.py
[0.455s] -- Up-to-date symlink: /home/atharva/Atharva/NCSU/SFRT/SoftwareForRoboticsProject/jackal_ws/install/dwb_msgs/lib/python3.9/site-packages/dwb_msgs/msg/__init__.py
[0.456s] -- Up-to-date symlink: /home/atharva/Atharva/NCSU/SFRT/SoftwareForRoboticsProject/jackal_ws/install/dwb_msgs/lib/python3.9/site-packages/dwb_msgs/msg/_critic_score.py
[0.456s] -- Up-to-date symlink: /home/atharva/Atharva/NCSU/SFRT/SoftwareForRoboticsProject/jackal_ws/install/dwb_msgs/lib/python3.9/site-packages/dwb_msgs/msg/_local_plan_evaluation.py
[0.456s] -- Up-to-date symlink: /home/atharva/Atharva/NCSU/SFRT/SoftwareForRoboticsProject/jackal_ws/install/dwb_msgs/lib/python3.9/site-packages/dwb_msgs/msg/_trajectory2_d.py
[0.456s] -- Up-to-date symlink: /home/atharva/Atharva/NCSU/SFRT/SoftwareForRoboticsProject/jackal_ws/install/dwb_msgs/lib/python3.9/site-packages/dwb_msgs/msg/_trajectory_score.py
[0.456s] -- Up-to-date symlink: /home/atharva/Atharva/NCSU/SFRT/SoftwareForRoboticsProject/jackal_ws/install/dwb_msgs/lib/python3.9/site-packages/dwb_msgs/srv/__init__.py
[0.456s] -- Up-to-date symlink: /home/atharva/Atharva/NCSU/SFRT/SoftwareForRoboticsProject/jackal_ws/install/dwb_msgs/lib/python3.9/site-packages/dwb_msgs/srv/_debug_local_plan.py
[0.456s] -- Up-to-date symlink: /home/atharva/Atharva/NCSU/SFRT/SoftwareForRoboticsProject/jackal_ws/install/dwb_msgs/lib/python3.9/site-packages/dwb_msgs/srv/_generate_trajectory.py
[0.456s] -- Up-to-date symlink: /home/atharva/Atharva/NCSU/SFRT/SoftwareForRoboticsProject/jackal_ws/install/dwb_msgs/lib/python3.9/site-packages/dwb_msgs/srv/_generate_twists.py
[0.456s] -- Up-to-date symlink: /home/atharva/Atharva/NCSU/SFRT/SoftwareForRoboticsProject/jackal_ws/install/dwb_msgs/lib/python3.9/site-packages/dwb_msgs/srv/_get_critic_score.py
[0.456s] -- Up-to-date symlink: /home/atharva/Atharva/NCSU/SFRT/SoftwareForRoboticsProject/jackal_ws/install/dwb_msgs/lib/python3.9/site-packages/dwb_msgs/srv/_score_trajectory.py
[0.457s] -- Up-to-date symlink: /home/atharva/Atharva/NCSU/SFRT/SoftwareForRoboticsProject/jackal_ws/install/dwb_msgs/lib/python3.9/site-packages/dwb_msgs/dwb_msgs_s__rosidl_typesupport_fastrtps_c.cpython-39-x86_64-linux-gnu.so
[0.457s] -- Up-to-date symlink: /home/atharva/Atharva/NCSU/SFRT/SoftwareForRoboticsProject/jackal_ws/install/dwb_msgs/lib/python3.9/site-packages/dwb_msgs/dwb_msgs_s__rosidl_typesupport_introspection_c.cpython-39-x86_64-linux-gnu.so
[0.457s] -- Up-to-date symlink: /home/atharva/Atharva/NCSU/SFRT/SoftwareForRoboticsProject/jackal_ws/install/dwb_msgs/lib/python3.9/site-packages/dwb_msgs/dwb_msgs_s__rosidl_typesupport_c.cpython-39-x86_64-linux-gnu.so
[0.457s] -- Up-to-date symlink: /home/atharva/Atharva/NCSU/SFRT/SoftwareForRoboticsProject/jackal_ws/install/dwb_msgs/lib/libdwb_msgs__python.so
[0.457s] -- Up-to-date symlink: /home/atharva/Atharva/NCSU/SFRT/SoftwareForRoboticsProject/jackal_ws/install/dwb_msgs/share/dwb_msgs/msg/CriticScore.idl
[0.457s] -- Up-to-date symlink: /home/atharva/Atharva/NCSU/SFRT/SoftwareForRoboticsProject/jackal_ws/install/dwb_msgs/share/dwb_msgs/msg/LocalPlanEvaluation.idl
[0.457s] -- Up-to-date symlink: /home/atharva/Atharva/NCSU/SFRT/SoftwareForRoboticsProject/jackal_ws/install/dwb_msgs/share/dwb_msgs/msg/Trajectory2D.idl
[0.457s] -- Up-to-date symlink: /home/atharva/Atharva/NCSU/SFRT/SoftwareForRoboticsProject/jackal_ws/install/dwb_msgs/share/dwb_msgs/msg/TrajectoryScore.idl
[0.457s] -- Up-to-date symlink: /home/atharva/Atharva/NCSU/SFRT/SoftwareForRoboticsProject/jackal_ws/install/dwb_msgs/share/dwb_msgs/srv/DebugLocalPlan.idl
[0.458s] -- Up-to-date symlink: /home/atharva/Atharva/NCSU/SFRT/SoftwareForRoboticsProject/jackal_ws/install/dwb_msgs/share/dwb_msgs/srv/GenerateTrajectory.idl
[0.458s] -- Up-to-date symlink: /home/atharva/Atharva/NCSU/SFRT/SoftwareForRoboticsProject/jackal_ws/install/dwb_msgs/share/dwb_msgs/srv/GenerateTwists.idl
[0.458s] -- Up-to-date symlink: /home/atharva/Atharva/NCSU/SFRT/SoftwareForRoboticsProject/jackal_ws/install/dwb_msgs/share/dwb_msgs/srv/GetCriticScore.idl
[0.458s] -- Up-to-date symlink: /home/atharva/Atharva/NCSU/SFRT/SoftwareForRoboticsProject/jackal_ws/install/dwb_msgs/share/dwb_msgs/srv/ScoreTrajectory.idl
[0.458s] -- Up-to-date symlink: /home/atharva/Atharva/NCSU/SFRT/SoftwareForRoboticsProject/jackal_ws/install/dwb_msgs/share/dwb_msgs/msg/CriticScore.msg
[0.458s] -- Up-to-date symlink: /home/atharva/Atharva/NCSU/SFRT/SoftwareForRoboticsProject/jackal_ws/install/dwb_msgs/share/dwb_msgs/msg/LocalPlanEvaluation.msg
[0.458s] -- Up-to-date symlink: /home/atharva/Atharva/NCSU/SFRT/SoftwareForRoboticsProject/jackal_ws/install/dwb_msgs/share/dwb_msgs/msg/Trajectory2D.msg
[0.458s] -- Up-to-date symlink: /home/atharva/Atharva/NCSU/SFRT/SoftwareForRoboticsProject/jackal_ws/install/dwb_msgs/share/dwb_msgs/msg/TrajectoryScore.msg
[0.458s] -- Up-to-date symlink: /home/atharva/Atharva/NCSU/SFRT/SoftwareForRoboticsProject/jackal_ws/install/dwb_msgs/share/dwb_msgs/srv/DebugLocalPlan.srv
[0.458s] -- Up-to-date symlink: /home/atharva/Atharva/NCSU/SFRT/SoftwareForRoboticsProject/jackal_ws/install/dwb_msgs/share/dwb_msgs/srv/DebugLocalPlan_Request.msg
[0.459s] -- Up-to-date symlink: /home/atharva/Atharva/NCSU/SFRT/SoftwareForRoboticsProject/jackal_ws/install/dwb_msgs/share/dwb_msgs/srv/DebugLocalPlan_Response.msg
[0.459s] -- Up-to-date symlink: /home/atharva/Atharva/NCSU/SFRT/SoftwareForRoboticsProject/jackal_ws/install/dwb_msgs/share/dwb_msgs/srv/GenerateTrajectory.srv
[0.459s] -- Up-to-date symlink: /home/atharva/Atharva/NCSU/SFRT/SoftwareForRoboticsProject/jackal_ws/install/dwb_msgs/share/dwb_msgs/srv/GenerateTrajectory_Request.msg
[0.459s] -- Up-to-date symlink: /home/atharva/Atharva/NCSU/SFRT/SoftwareForRoboticsProject/jackal_ws/install/dwb_msgs/share/dwb_msgs/srv/GenerateTrajectory_Response.msg
[0.459s] -- Up-to-date symlink: /home/atharva/Atharva/NCSU/SFRT/SoftwareForRoboticsProject/jackal_ws/install/dwb_msgs/share/dwb_msgs/srv/GenerateTwists.srv
[0.459s] -- Up-to-date symlink: /home/atharva/Atharva/NCSU/SFRT/SoftwareForRoboticsProject/jackal_ws/install/dwb_msgs/share/dwb_msgs/srv/GenerateTwists_Request.msg
[0.459s] -- Up-to-date symlink: /home/atharva/Atharva/NCSU/SFRT/SoftwareForRoboticsProject/jackal_ws/install/dwb_msgs/share/dwb_msgs/srv/GenerateTwists_Response.msg
[0.459s] -- Up-to-date symlink: /home/atharva/Atharva/NCSU/SFRT/SoftwareForRoboticsProject/jackal_ws/install/dwb_msgs/share/dwb_msgs/srv/GetCriticScore.srv
[0.459s] -- Up-to-date symlink: /home/atharva/Atharva/NCSU/SFRT/SoftwareForRoboticsProject/jackal_ws/install/dwb_msgs/share/dwb_msgs/srv/GetCriticScore_Request.msg
[0.459s] -- Up-to-date symlink: /home/atharva/Atharva/NCSU/SFRT/SoftwareForRoboticsProject/jackal_ws/install/dwb_msgs/share/dwb_msgs/srv/GetCriticScore_Response.msg
[0.459s] -- Up-to-date symlink: /home/atharva/Atharva/NCSU/SFRT/SoftwareForRoboticsProject/jackal_ws/install/dwb_msgs/share/dwb_msgs/srv/ScoreTrajectory.srv
[0.459s] -- Up-to-date symlink: /home/atharva/Atharva/NCSU/SFRT/SoftwareForRoboticsProject/jackal_ws/install/dwb_msgs/share/dwb_msgs/srv/ScoreTrajectory_Request.msg
[0.460s] -- Up-to-date symlink: /home/atharva/Atharva/NCSU/SFRT/SoftwareForRoboticsProject/jackal_ws/install/dwb_msgs/share/dwb_msgs/srv/ScoreTrajectory_Response.msg
[0.460s] -- Up-to-date symlink: /home/atharva/Atharva/NCSU/SFRT/SoftwareForRoboticsProject/jackal_ws/install/dwb_msgs/share/ament_index/resource_index/package_run_dependencies/dwb_msgs
[0.460s] -- Up-to-date symlink: /home/atharva/Atharva/NCSU/SFRT/SoftwareForRoboticsProject/jackal_ws/install/dwb_msgs/share/ament_index/resource_index/parent_prefix_path/dwb_msgs
[0.460s] -- Up-to-date symlink: /home/atharva/Atharva/NCSU/SFRT/SoftwareForRoboticsProject/jackal_ws/install/dwb_msgs/share/dwb_msgs/environment/ament_prefix_path.sh
[0.460s] -- Up-to-date symlink: /home/atharva/Atharva/NCSU/SFRT/SoftwareForRoboticsProject/jackal_ws/install/dwb_msgs/share/dwb_msgs/environment/ament_prefix_path.dsv
[0.461s] -- Up-to-date symlink: /home/atharva/Atharva/NCSU/SFRT/SoftwareForRoboticsProject/jackal_ws/install/dwb_msgs/share/dwb_msgs/environment/path.sh
[0.461s] -- Up-to-date symlink: /home/atharva/Atharva/NCSU/SFRT/SoftwareForRoboticsProject/jackal_ws/install/dwb_msgs/share/dwb_msgs/environment/path.dsv
[0.461s] -- Up-to-date symlink: /home/atharva/Atharva/NCSU/SFRT/SoftwareForRoboticsProject/jackal_ws/install/dwb_msgs/share/dwb_msgs/local_setup.bash
[0.464s] -- Up-to-date symlink: /home/atharva/Atharva/NCSU/SFRT/SoftwareForRoboticsProject/jackal_ws/install/dwb_msgs/share/dwb_msgs/local_setup.sh
[0.464s] -- Up-to-date symlink: /home/atharva/Atharva/NCSU/SFRT/SoftwareForRoboticsProject/jackal_ws/install/dwb_msgs/share/dwb_msgs/local_setup.zsh
[0.465s] -- Up-to-date symlink: /home/atharva/Atharva/NCSU/SFRT/SoftwareForRoboticsProject/jackal_ws/install/dwb_msgs/share/dwb_msgs/local_setup.dsv
[0.465s] -- Symlinking: /home/atharva/Atharva/NCSU/SFRT/SoftwareForRoboticsProject/jackal_ws/install/dwb_msgs/share/dwb_msgs/package.dsv
[0.470s] -- Up-to-date symlink: /home/atharva/Atharva/NCSU/SFRT/SoftwareForRoboticsProject/jackal_ws/install/dwb_msgs/share/ament_index/resource_index/packages/dwb_msgs
[0.471s] -- Up-to-date symlink: /home/atharva/Atharva/NCSU/SFRT/SoftwareForRoboticsProject/jackal_ws/install/dwb_msgs/share/dwb_msgs/cmake/rosidl_cmake-extras.cmake
[0.471s] -- Up-to-date symlink: /home/atharva/Atharva/NCSU/SFRT/SoftwareForRoboticsProject/jackal_ws/install/dwb_msgs/share/dwb_msgs/cmake/ament_cmake_export_dependencies-extras.cmake
[0.471s] -- Up-to-date symlink: /home/atharva/Atharva/NCSU/SFRT/SoftwareForRoboticsProject/jackal_ws/install/dwb_msgs/share/dwb_msgs/cmake/ament_cmake_export_libraries-extras.cmake
[0.471s] -- Up-to-date symlink: /home/atharva/Atharva/NCSU/SFRT/SoftwareForRoboticsProject/jackal_ws/install/dwb_msgs/share/dwb_msgs/cmake/ament_cmake_export_targets-extras.cmake
[0.471s] -- Up-to-date symlink: /home/atharva/Atharva/NCSU/SFRT/SoftwareForRoboticsProject/jackal_ws/install/dwb_msgs/share/dwb_msgs/cmake/ament_cmake_export_include_directories-extras.cmake
[0.472s] -- Up-to-date symlink: /home/atharva/Atharva/NCSU/SFRT/SoftwareForRoboticsProject/jackal_ws/install/dwb_msgs/share/dwb_msgs/cmake/rosidl_cmake_export_typesupport_libraries-extras.cmake
[0.472s] -- Up-to-date symlink: /home/atharva/Atharva/NCSU/SFRT/SoftwareForRoboticsProject/jackal_ws/install/dwb_msgs/share/dwb_msgs/cmake/rosidl_cmake_export_typesupport_targets-extras.cmake
[0.472s] -- Up-to-date symlink: /home/atharva/Atharva/NCSU/SFRT/SoftwareForRoboticsProject/jackal_ws/install/dwb_msgs/share/dwb_msgs/cmake/dwb_msgsConfig.cmake
[0.472s] -- Up-to-date symlink: /home/atharva/Atharva/NCSU/SFRT/SoftwareForRoboticsProject/jackal_ws/install/dwb_msgs/share/dwb_msgs/cmake/dwb_msgsConfig-version.cmake
[0.472s] -- Up-to-date symlink: /home/atharva/Atharva/NCSU/SFRT/SoftwareForRoboticsProject/jackal_ws/install/dwb_msgs/share/dwb_msgs/package.xml
[0.472s] -- Up-to-date: /home/atharva/Atharva/NCSU/SFRT/SoftwareForRoboticsProject/jackal_ws/install/dwb_msgs/lib/libdwb_msgs__rosidl_generator_c.so
[0.472s] -- Up-to-date: /home/atharva/Atharva/NCSU/SFRT/SoftwareForRoboticsProject/jackal_ws/install/dwb_msgs/lib/libdwb_msgs__rosidl_typesupport_introspection_c.so
[0.472s] -- Up-to-date: /home/atharva/Atharva/NCSU/SFRT/SoftwareForRoboticsProject/jackal_ws/install/dwb_msgs/lib/libdwb_msgs__rosidl_typesupport_c.so
[0.472s] -- Up-to-date: /home/atharva/Atharva/NCSU/SFRT/SoftwareForRoboticsProject/jackal_ws/install/dwb_msgs/lib/libdwb_msgs__rosidl_typesupport_introspection_cpp.so
[0.472s] -- Up-to-date: /home/atharva/Atharva/NCSU/SFRT/SoftwareForRoboticsProject/jackal_ws/install/dwb_msgs/lib/libdwb_msgs__rosidl_typesupport_cpp.so
[0.505s] -- Up-to-date: /home/atharva/Atharva/NCSU/SFRT/SoftwareForRoboticsProject/jackal_ws/install/dwb_msgs/share/dwb_msgs/cmake/dwb_msgs__rosidl_generator_cExport.cmake
[0.506s] -- Up-to-date: /home/atharva/Atharva/NCSU/SFRT/SoftwareForRoboticsProject/jackal_ws/install/dwb_msgs/share/dwb_msgs/cmake/dwb_msgs__rosidl_generator_cExport-noconfig.cmake
[0.506s] -- Up-to-date: /home/atharva/Atharva/NCSU/SFRT/SoftwareForRoboticsProject/jackal_ws/install/dwb_msgs/share/dwb_msgs/cmake/dwb_msgs__rosidl_typesupport_introspection_cExport.cmake
[0.506s] -- Up-to-date: /home/atharva/Atharva/NCSU/SFRT/SoftwareForRoboticsProject/jackal_ws/install/dwb_msgs/share/dwb_msgs/cmake/dwb_msgs__rosidl_typesupport_introspection_cExport-noconfig.cmake
[0.506s] -- Up-to-date: /home/atharva/Atharva/NCSU/SFRT/SoftwareForRoboticsProject/jackal_ws/install/dwb_msgs/share/dwb_msgs/cmake/dwb_msgs__rosidl_typesupport_cExport.cmake
[0.506s] -- Up-to-date: /home/atharva/Atharva/NCSU/SFRT/SoftwareForRoboticsProject/jackal_ws/install/dwb_msgs/share/dwb_msgs/cmake/dwb_msgs__rosidl_typesupport_cExport-noconfig.cmake
[0.506s] -- Up-to-date: /home/atharva/Atharva/NCSU/SFRT/SoftwareForRoboticsProject/jackal_ws/install/dwb_msgs/share/dwb_msgs/cmake/dwb_msgs__rosidl_generator_cppExport.cmake
[0.506s] -- Up-to-date: /home/atharva/Atharva/NCSU/SFRT/SoftwareForRoboticsProject/jackal_ws/install/dwb_msgs/share/dwb_msgs/cmake/dwb_msgs__rosidl_typesupport_introspection_cppExport.cmake
[0.507s] -- Up-to-date: /home/atharva/Atharva/NCSU/SFRT/SoftwareForRoboticsProject/jackal_ws/install/dwb_msgs/share/dwb_msgs/cmake/dwb_msgs__rosidl_typesupport_introspection_cppExport-noconfig.cmake
[0.507s] -- Up-to-date: /home/atharva/Atharva/NCSU/SFRT/SoftwareForRoboticsProject/jackal_ws/install/dwb_msgs/share/dwb_msgs/cmake/dwb_msgs__rosidl_typesupport_cppExport.cmake
[0.507s] -- Up-to-date: /home/atharva/Atharva/NCSU/SFRT/SoftwareForRoboticsProject/jackal_ws/install/dwb_msgs/share/dwb_msgs/cmake/dwb_msgs__rosidl_typesupport_cppExport-noconfig.cmake
[0.518s] Invoked command in '/home/atharva/Atharva/NCSU/SFRT/SoftwareForRoboticsProject/jackal_ws/build/dwb_msgs' returned '0': AMENT_PREFIX_PATH=/home/atharva/Atharva/NCSU/SFRT/SoftwareForRoboticsProject/jackal_ws/install/nav_2d_msgs:${AMENT_PREFIX_PATH} CMAKE_PREFIX_PATH=/home/atharva/Atharva/NCSU/SFRT/SoftwareForRoboticsProject/jackal_ws/install/nav_2d_msgs:/home/atharva/Atharva/NCSU/SFRT/SoftwareForRoboticsProject/jackal_ws/install/zed_ros2:/home/atharva/Atharva/NCSU/SFRT/SoftwareForRoboticsProject/jackal_ws/install/zed_wrapper:/home/atharva/Atharva/NCSU/SFRT/SoftwareForRoboticsProject/jackal_ws/install/zed_components:/home/atharva/Atharva/NCSU/SFRT/SoftwareForRoboticsProject/jackal_ws/install/zed_interfaces:/home/atharva/Atharva/NCSU/SFRT/SoftwareForRoboticsProject/jackal_ws/install/jackal_desktop:/home/atharva/Atharva/NCSU/SFRT/SoftwareForRoboticsProject/jackal_ws/install/jackal_viz:/home/atharva/Atharva/NCSU/SFRT/SoftwareForRoboticsProject/jackal_ws/install/jackal_simulator:/home/atharva/Atharva/NCSU/SFRT/SoftwareForRoboticsProject/jackal_ws/install/jackal_navigation:/home/atharva/Atharva/NCSU/SFRT/SoftwareForRoboticsProject/jackal_ws/install/jackal_msgs:/home/atharva/Atharva/NCSU/SFRT/SoftwareForRoboticsProject/jackal_ws/install/jackal_gazebo:/home/atharva/Atharva/NCSU/SFRT/SoftwareForRoboticsProject/jackal_ws/install/jackal_control:/home/atharva/Atharva/NCSU/SFRT/SoftwareForRoboticsProject/jackal_ws/install/jackal_description:/opt/ros/foxy CONDA_PROMPT_MODIFIER=(base) LD_LIBRARY_PATH=/home/atharva/Atharva/NCSU/SFRT/SoftwareForRoboticsProject/jackal_ws/install/nav_2d_msgs/lib:${LD_LIBRARY_PATH} PYTHONPATH=/home/atharva/Atharva/NCSU/SFRT/SoftwareForRoboticsProject/jackal_ws/install/nav_2d_msgs/lib/python3.9/site-packages:${PYTHONPATH} /usr/bin/cmake --install /home/atharva/Atharva/NCSU/SFRT/SoftwareForRoboticsProject/jackal_ws/build/dwb_msgs
