[0.243s] DEBUG:colcon:Command line arguments: ['/usr/bin/colcon', 'build', '--allow-overriding', 'slam_toolbox']
[0.243s] DEBUG:colcon:Parsed command line arguments: Namespace(allow_overriding=['slam_toolbox'], ament_cmake_args=None, base_paths=['.'], build_base='build', catkin_cmake_args=None, catkin_skip_building_tests=False, cmake_args=None, cmake_clean_cache=False, cmake_clean_first=False, cmake_force_configure=False, cmake_target=None, cmake_target_skip_unavailable=False, continue_on_error=False, event_handlers=None, executor='parallel', ignore_user_meta=False, install_base='install', log_base=None, log_level=None, main=<bound method BuildVerb.main of <colcon_core.verb.build.BuildVerb object at 0x7f5976c75520>>, merge_install=False, metas=['./colcon.meta'], packages_above=None, packages_above_and_dependencies=None, packages_above_depth=None, packages_end=None, packages_ignore=None, packages_ignore_regex=None, packages_select=None, packages_select_build_failed=False, packages_select_by_dep=None, packages_select_regex=None, packages_select_test_failures=False, packages_skip=None, packages_skip_build_finished=False, packages_skip_by_dep=None, packages_skip_regex=None, packages_skip_test_passed=False, packages_skip_up_to=None, packages_start=None, packages_up_to=None, packages_up_to_regex=None, parallel_workers=16, paths=None, symlink_install=False, test_result_base=None, verb_extension=<colcon_core.verb.build.BuildVerb object at 0x7f5976c75520>, verb_name='build', verb_parser=<colcon_defaults.argument_parser.defaults.DefaultArgumentsDecorator object at 0x7f5976c75a60>)
[0.265s] Level 1:colcon.colcon_core.package_discovery:discover_packages(colcon_meta) check parameters
[0.265s] Level 1:colcon.colcon_core.package_discovery:discover_packages(recursive) check parameters
[0.265s] Level 1:colcon.colcon_core.package_discovery:discover_packages(ignore) check parameters
[0.265s] Level 1:colcon.colcon_core.package_discovery:discover_packages(path) check parameters
[0.265s] Level 1:colcon.colcon_core.package_discovery:discover_packages(colcon_meta) discover
[0.265s] Level 1:colcon.colcon_core.package_discovery:discover_packages(recursive) discover
[0.265s] INFO:colcon.colcon_core.package_discovery:Crawling recursively for packages in '/home/atharva/Atharva/NCSU/SFRT/SoftwareForRoboticsProject/slam_ws'
[0.265s] Level 1:colcon.colcon_core.package_identification:_identify(.) by extensions ['ignore', 'ignore_ament_install']
[0.265s] Level 1:colcon.colcon_core.package_identification:_identify(.) by extension 'ignore'
[0.265s] Level 1:colcon.colcon_core.package_identification:_identify(.) by extension 'ignore_ament_install'
[0.265s] Level 1:colcon.colcon_core.package_identification:_identify(.) by extensions ['colcon_pkg']
[0.265s] Level 1:colcon.colcon_core.package_identification:_identify(.) by extension 'colcon_pkg'
[0.266s] Level 1:colcon.colcon_core.package_identification:_identify(.) by extensions ['colcon_meta']
[0.266s] Level 1:colcon.colcon_core.package_identification:_identify(.) by extension 'colcon_meta'
[0.266s] Level 1:colcon.colcon_core.package_identification:_identify(.) by extensions ['ros']
[0.266s] Level 1:colcon.colcon_core.package_identification:_identify(.) by extension 'ros'
[0.280s] Level 1:colcon.colcon_core.package_identification:_identify(.) by extensions ['cmake', 'python']
[0.280s] Level 1:colcon.colcon_core.package_identification:_identify(.) by extension 'cmake'
[0.280s] Level 1:colcon.colcon_core.package_identification:_identify(.) by extension 'python'
[0.280s] Level 1:colcon.colcon_core.package_identification:_identify(.) by extensions ['python_setup_py']
[0.280s] Level 1:colcon.colcon_core.package_identification:_identify(.) by extension 'python_setup_py'
[0.280s] Level 1:colcon.colcon_core.package_identification:_identify(build) by extensions ['ignore', 'ignore_ament_install']
[0.280s] Level 1:colcon.colcon_core.package_identification:_identify(build) by extension 'ignore'
[0.280s] Level 1:colcon.colcon_core.package_identification:_identify(build) ignored
[0.281s] Level 1:colcon.colcon_core.package_identification:_identify(install) by extensions ['ignore', 'ignore_ament_install']
[0.281s] Level 1:colcon.colcon_core.package_identification:_identify(install) by extension 'ignore'
[0.281s] Level 1:colcon.colcon_core.package_identification:_identify(install) ignored
[0.281s] Level 1:colcon.colcon_core.package_identification:_identify(log) by extensions ['ignore', 'ignore_ament_install']
[0.281s] Level 1:colcon.colcon_core.package_identification:_identify(log) by extension 'ignore'
[0.281s] Level 1:colcon.colcon_core.package_identification:_identify(log) ignored
[0.281s] Level 1:colcon.colcon_core.package_identification:_identify(src) by extensions ['ignore', 'ignore_ament_install']
[0.281s] Level 1:colcon.colcon_core.package_identification:_identify(src) by extension 'ignore'
[0.281s] Level 1:colcon.colcon_core.package_identification:_identify(src) by extension 'ignore_ament_install'
[0.281s] Level 1:colcon.colcon_core.package_identification:_identify(src) by extensions ['colcon_pkg']
[0.281s] Level 1:colcon.colcon_core.package_identification:_identify(src) by extension 'colcon_pkg'
[0.281s] Level 1:colcon.colcon_core.package_identification:_identify(src) by extensions ['colcon_meta']
[0.281s] Level 1:colcon.colcon_core.package_identification:_identify(src) by extension 'colcon_meta'
[0.281s] Level 1:colcon.colcon_core.package_identification:_identify(src) by extensions ['ros']
[0.281s] Level 1:colcon.colcon_core.package_identification:_identify(src) by extension 'ros'
[0.281s] Level 1:colcon.colcon_core.package_identification:_identify(src) by extensions ['cmake', 'python']
[0.281s] Level 1:colcon.colcon_core.package_identification:_identify(src) by extension 'cmake'
[0.281s] Level 1:colcon.colcon_core.package_identification:_identify(src) by extension 'python'
[0.281s] Level 1:colcon.colcon_core.package_identification:_identify(src) by extensions ['python_setup_py']
[0.281s] Level 1:colcon.colcon_core.package_identification:_identify(src) by extension 'python_setup_py'
[0.281s] Level 1:colcon.colcon_core.package_identification:_identify(src/slam_toolbox) by extensions ['ignore', 'ignore_ament_install']
[0.281s] Level 1:colcon.colcon_core.package_identification:_identify(src/slam_toolbox) by extension 'ignore'
[0.281s] Level 1:colcon.colcon_core.package_identification:_identify(src/slam_toolbox) by extension 'ignore_ament_install'
[0.281s] Level 1:colcon.colcon_core.package_identification:_identify(src/slam_toolbox) by extensions ['colcon_pkg']
[0.281s] Level 1:colcon.colcon_core.package_identification:_identify(src/slam_toolbox) by extension 'colcon_pkg'
[0.282s] Level 1:colcon.colcon_core.package_identification:_identify(src/slam_toolbox) by extensions ['colcon_meta']
[0.282s] Level 1:colcon.colcon_core.package_identification:_identify(src/slam_toolbox) by extension 'colcon_meta'
[0.282s] Level 1:colcon.colcon_core.package_identification:_identify(src/slam_toolbox) by extensions ['ros']
[0.282s] Level 1:colcon.colcon_core.package_identification:_identify(src/slam_toolbox) by extension 'ros'
[0.284s] DEBUG:colcon.colcon_core.package_identification:Package 'src/slam_toolbox' with type 'ros.ament_cmake' and name 'slam_toolbox'
[0.284s] Level 1:colcon.colcon_core.package_discovery:discover_packages(recursive) using defaults
[0.284s] Level 1:colcon.colcon_core.package_discovery:discover_packages(ignore) discover
[0.284s] Level 1:colcon.colcon_core.package_discovery:discover_packages(ignore) using defaults
[0.284s] Level 1:colcon.colcon_core.package_discovery:discover_packages(path) discover
[0.284s] Level 1:colcon.colcon_core.package_discovery:discover_packages(path) using defaults
[0.298s] Level 1:colcon.colcon_core.package_discovery:discover_packages(prefix_path) check parameters
[0.298s] Level 1:colcon.colcon_core.package_discovery:discover_packages(prefix_path) discover
[0.300s] DEBUG:colcon.colcon_installed_package_information.package_discovery:Found 1 installed packages in /home/atharva/Atharva/NCSU/SFRT/SoftwareForRoboticsProject/slam_ws/install
[0.301s] DEBUG:colcon.colcon_installed_package_information.package_discovery:Found 14 installed packages in /home/atharva/Atharva/NCSU/SFRT/SoftwareForRoboticsProject/jackal_ws/install
[0.303s] DEBUG:colcon.colcon_installed_package_information.package_discovery:Found 331 installed packages in /opt/ros/foxy
[0.304s] Level 1:colcon.colcon_core.package_discovery:discover_packages(prefix_path) using defaults
[0.355s] Level 5:colcon.colcon_core.verb:set package 'slam_toolbox' build argument 'cmake_args' from command line to 'None'
[0.355s] Level 5:colcon.colcon_core.verb:set package 'slam_toolbox' build argument 'cmake_target' from command line to 'None'
[0.355s] Level 5:colcon.colcon_core.verb:set package 'slam_toolbox' build argument 'cmake_target_skip_unavailable' from command line to 'False'
[0.355s] Level 5:colcon.colcon_core.verb:set package 'slam_toolbox' build argument 'cmake_clean_cache' from command line to 'False'
[0.355s] Level 5:colcon.colcon_core.verb:set package 'slam_toolbox' build argument 'cmake_clean_first' from command line to 'False'
[0.355s] Level 5:colcon.colcon_core.verb:set package 'slam_toolbox' build argument 'cmake_force_configure' from command line to 'False'
[0.355s] Level 5:colcon.colcon_core.verb:set package 'slam_toolbox' build argument 'ament_cmake_args' from command line to 'None'
[0.355s] Level 5:colcon.colcon_core.verb:set package 'slam_toolbox' build argument 'catkin_cmake_args' from command line to 'None'
[0.355s] Level 5:colcon.colcon_core.verb:set package 'slam_toolbox' build argument 'catkin_skip_building_tests' from command line to 'False'
[0.355s] DEBUG:colcon.colcon_core.verb:Building package 'slam_toolbox' with the following arguments: {'ament_cmake_args': None, 'build_base': '/home/atharva/Atharva/NCSU/SFRT/SoftwareForRoboticsProject/slam_ws/build/slam_toolbox', 'catkin_cmake_args': None, 'catkin_skip_building_tests': False, 'cmake_args': None, 'cmake_clean_cache': False, 'cmake_clean_first': False, 'cmake_force_configure': False, 'cmake_target': None, 'cmake_target_skip_unavailable': False, 'install_base': '/home/atharva/Atharva/NCSU/SFRT/SoftwareForRoboticsProject/slam_ws/install/slam_toolbox', 'merge_install': False, 'path': '/home/atharva/Atharva/NCSU/SFRT/SoftwareForRoboticsProject/slam_ws/src/slam_toolbox', 'symlink_install': False, 'test_result_base': None}
[0.356s] INFO:colcon.colcon_core.executor:Executing jobs using 'parallel' executor
[0.358s] DEBUG:colcon.colcon_parallel_executor.executor.parallel:run_until_complete
[0.358s] INFO:colcon.colcon_ros.task.ament_cmake.build:Building ROS package in '/home/atharva/Atharva/NCSU/SFRT/SoftwareForRoboticsProject/slam_ws/src/slam_toolbox' with build type 'ament_cmake'
[0.358s] INFO:colcon.colcon_cmake.task.cmake.build:Building CMake package in '/home/atharva/Atharva/NCSU/SFRT/SoftwareForRoboticsProject/slam_ws/src/slam_toolbox'
[0.361s] INFO:colcon.colcon_core.plugin_system:Skipping extension 'colcon_core.shell.bat': Not used on non-Windows systems
[0.361s] INFO:colcon.colcon_core.shell:Skip shell extension 'powershell' for command environment: Not usable outside of PowerShell
[0.361s] DEBUG:colcon.colcon_core.shell:Skip shell extension 'dsv' for command environment
[0.372s] DEBUG:colcon.colcon_core.event_handler.log_command:Invoking command in '/home/atharva/Atharva/NCSU/SFRT/SoftwareForRoboticsProject/slam_ws/build/slam_toolbox': CMAKE_PREFIX_PATH=${CMAKE_PREFIX_PATH}:/opt/ros/foxy CONDA_PROMPT_MODIFIER=(base) /usr/bin/cmake /home/atharva/Atharva/NCSU/SFRT/SoftwareForRoboticsProject/slam_ws/src/slam_toolbox -DCMAKE_INSTALL_PREFIX=/home/atharva/Atharva/NCSU/SFRT/SoftwareForRoboticsProject/slam_ws/install/slam_toolbox
[1.850s] DEBUG:colcon.colcon_core.event_handler.log_command:Invoked command in '/home/atharva/Atharva/NCSU/SFRT/SoftwareForRoboticsProject/slam_ws/build/slam_toolbox' returned '1': CMAKE_PREFIX_PATH=${CMAKE_PREFIX_PATH}:/opt/ros/foxy CONDA_PROMPT_MODIFIER=(base) /usr/bin/cmake /home/atharva/Atharva/NCSU/SFRT/SoftwareForRoboticsProject/slam_ws/src/slam_toolbox -DCMAKE_INSTALL_PREFIX=/home/atharva/Atharva/NCSU/SFRT/SoftwareForRoboticsProject/slam_ws/install/slam_toolbox
[1.862s] Level 1:colcon.colcon_core.environment:create_environment_scripts_only(slam_toolbox)
[1.868s] Level 1:colcon.colcon_core.environment:checking '/home/atharva/Atharva/NCSU/SFRT/SoftwareForRoboticsProject/slam_ws/install/slam_toolbox' for CMake module files
[1.868s] Level 1:colcon.colcon_core.environment:checking '/home/atharva/Atharva/NCSU/SFRT/SoftwareForRoboticsProject/slam_ws/install/slam_toolbox' for CMake config files
[1.869s] Level 1:colcon.colcon_core.environment:checking '/home/atharva/Atharva/NCSU/SFRT/SoftwareForRoboticsProject/slam_ws/install/slam_toolbox/bin'
[1.869s] Level 1:colcon.colcon_core.environment:checking '/home/atharva/Atharva/NCSU/SFRT/SoftwareForRoboticsProject/slam_ws/install/slam_toolbox/lib/pkgconfig/slam_toolbox.pc'
[1.869s] Level 1:colcon.colcon_core.environment:checking '/home/atharva/Atharva/NCSU/SFRT/SoftwareForRoboticsProject/slam_ws/install/slam_toolbox/lib/python3.8/site-packages'
[1.869s] Level 1:colcon.colcon_core.environment:checking '/home/atharva/Atharva/NCSU/SFRT/SoftwareForRoboticsProject/slam_ws/install/slam_toolbox/bin'
[1.870s] INFO:colcon.colcon_core.shell:Creating package script '/home/atharva/Atharva/NCSU/SFRT/SoftwareForRoboticsProject/slam_ws/install/slam_toolbox/share/slam_toolbox/package.ps1'
[1.871s] INFO:colcon.colcon_core.shell:Creating package descriptor '/home/atharva/Atharva/NCSU/SFRT/SoftwareForRoboticsProject/slam_ws/install/slam_toolbox/share/slam_toolbox/package.dsv'
[1.871s] INFO:colcon.colcon_core.shell:Creating package script '/home/atharva/Atharva/NCSU/SFRT/SoftwareForRoboticsProject/slam_ws/install/slam_toolbox/share/slam_toolbox/package.sh'
[1.872s] INFO:colcon.colcon_core.shell:Creating package script '/home/atharva/Atharva/NCSU/SFRT/SoftwareForRoboticsProject/slam_ws/install/slam_toolbox/share/slam_toolbox/package.bash'
[1.872s] INFO:colcon.colcon_core.shell:Creating package script '/home/atharva/Atharva/NCSU/SFRT/SoftwareForRoboticsProject/slam_ws/install/slam_toolbox/share/slam_toolbox/package.zsh'
[1.872s] Level 1:colcon.colcon_core.environment:create_file_with_runtime_dependencies(/home/atharva/Atharva/NCSU/SFRT/SoftwareForRoboticsProject/slam_ws/install/slam_toolbox/share/colcon-core/packages/slam_toolbox)
[1.883s] DEBUG:colcon.colcon_parallel_executor.executor.parallel:closing loop
[1.883s] DEBUG:colcon.colcon_parallel_executor.executor.parallel:loop closed
[1.883s] DEBUG:colcon.colcon_parallel_executor.executor.parallel:run_until_complete finished with '1'
[1.883s] DEBUG:colcon.colcon_core.event_reactor:joining thread
[1.887s] INFO:colcon.colcon_core.plugin_system:Skipping extension 'colcon_notification.desktop_notification.terminal_notifier': Not used on non-Darwin systems
[1.887s] INFO:colcon.colcon_core.plugin_system:Skipping extension 'colcon_notification.desktop_notification.win32': Not used on non-Windows systems
[1.888s] INFO:colcon.colcon_notification.desktop_notification:Sending desktop notification using 'notify2'
[1.902s] DEBUG:colcon.colcon_core.event_reactor:joined thread
[1.903s] INFO:colcon.colcon_core.shell:Creating prefix script '/home/atharva/Atharva/NCSU/SFRT/SoftwareForRoboticsProject/slam_ws/install/local_setup.ps1'
[1.904s] INFO:colcon.colcon_core.shell:Creating prefix util module '/home/atharva/Atharva/NCSU/SFRT/SoftwareForRoboticsProject/slam_ws/install/_local_setup_util_ps1.py'
[1.906s] INFO:colcon.colcon_core.shell:Creating prefix chain script '/home/atharva/Atharva/NCSU/SFRT/SoftwareForRoboticsProject/slam_ws/install/setup.ps1'
[1.907s] INFO:colcon.colcon_core.shell:Creating prefix script '/home/atharva/Atharva/NCSU/SFRT/SoftwareForRoboticsProject/slam_ws/install/local_setup.sh'
[1.908s] INFO:colcon.colcon_core.shell:Creating prefix util module '/home/atharva/Atharva/NCSU/SFRT/SoftwareForRoboticsProject/slam_ws/install/_local_setup_util_sh.py'
[1.909s] INFO:colcon.colcon_core.shell:Creating prefix chain script '/home/atharva/Atharva/NCSU/SFRT/SoftwareForRoboticsProject/slam_ws/install/setup.sh'
[1.911s] INFO:colcon.colcon_core.shell:Creating prefix script '/home/atharva/Atharva/NCSU/SFRT/SoftwareForRoboticsProject/slam_ws/install/local_setup.bash'
[1.912s] INFO:colcon.colcon_core.shell:Creating prefix chain script '/home/atharva/Atharva/NCSU/SFRT/SoftwareForRoboticsProject/slam_ws/install/setup.bash'
[1.913s] INFO:colcon.colcon_core.shell:Creating prefix script '/home/atharva/Atharva/NCSU/SFRT/SoftwareForRoboticsProject/slam_ws/install/local_setup.zsh'
[1.913s] INFO:colcon.colcon_core.shell:Creating prefix chain script '/home/atharva/Atharva/NCSU/SFRT/SoftwareForRoboticsProject/slam_ws/install/setup.zsh'
