[0.035s] Invoking command in '/home/atharva/Atharva/NCSU/SFRT/SoftwareForRoboticsProject/jackal_ws/build/cartographer_ros_docs': CONDA_PROMPT_MODIFIER=(base) /usr/bin/cmake /home/atharva/Atharva/NCSU/SFRT/SoftwareForRoboticsProject/jackal_ws/src/cartographer_ros/docs -DCMAKE_INSTALL_PREFIX=/home/atharva/Atharva/NCSU/SFRT/SoftwareForRoboticsProject/jackal_ws/install/cartographer_ros_docs
[0.138s] -- The C compiler identification is GNU 9.4.0
[0.235s] -- The CXX compiler identification is GNU 9.4.0
[0.242s] -- Check for working C compiler: /usr/bin/cc
[0.311s] -- Check for working C compiler: /usr/bin/cc -- works
[0.311s] -- Detecting C compiler ABI info
[0.374s] -- Detecting C compiler ABI info - done
[0.386s] -- Detecting C compile features
[0.387s] -- Detecting C compile features - done
[0.390s] -- Check for working CXX compiler: /usr/bin/c++
[0.467s] -- Check for working CXX compiler: /usr/bin/c++ -- works
[0.467s] -- Detecting CXX compiler ABI info
[0.561s] -- Detecting CXX compiler ABI info - done
[0.564s] -- Detecting CXX compile features
[0.565s] -- Detecting CXX compile features - done
[0.570s] -- Configuring done
[0.570s] CMake Warning at CMakeLists.txt:19 (find_package):
[0.570s]   By not providing "FindSphinx.cmake" in CMAKE_MODULE_PATH this project has
[0.570s]   asked CMake to find a package configuration file provided by "Sphinx", but
[0.570s]   CMake did not find one.
[0.570s] 
[0.571s]   Could not find a package configuration file provided by "Sphinx" with any
[0.571s]   of the following names:
[0.572s] 
[0.572s]     SphinxConfig.cmake
[0.572s]     sphinx-config.cmake
[0.572s] 
[0.572s]   Add the installation prefix of "Sphinx" to CMAKE_PREFIX_PATH or set
[0.572s]   "Sphinx_DIR" to a directory containing one of the above files.  If "Sphinx"
[0.572s]   provides a separate development package or SDK, be sure it has been
[0.572s]   installed.
[0.573s] 
[0.573s] 
[0.573s] -- Generating done
[0.573s] -- Build files have been written to: /home/atharva/Atharva/NCSU/SFRT/SoftwareForRoboticsProject/jackal_ws/build/cartographer_ros_docs
[0.574s] Invoked command in '/home/atharva/Atharva/NCSU/SFRT/SoftwareForRoboticsProject/jackal_ws/build/cartographer_ros_docs' returned '0': CONDA_PROMPT_MODIFIER=(base) /usr/bin/cmake /home/atharva/Atharva/NCSU/SFRT/SoftwareForRoboticsProject/jackal_ws/src/cartographer_ros/docs -DCMAKE_INSTALL_PREFIX=/home/atharva/Atharva/NCSU/SFRT/SoftwareForRoboticsProject/jackal_ws/install/cartographer_ros_docs
[0.577s] Invoking command in '/home/atharva/Atharva/NCSU/SFRT/SoftwareForRoboticsProject/jackal_ws/build/cartographer_ros_docs': CONDA_PROMPT_MODIFIER=(base) /usr/bin/cmake --build /home/atharva/Atharva/NCSU/SFRT/SoftwareForRoboticsProject/jackal_ws/build/cartographer_ros_docs -- -j16 -l16
[0.615s] Invoked command in '/home/atharva/Atharva/NCSU/SFRT/SoftwareForRoboticsProject/jackal_ws/build/cartographer_ros_docs' returned '0': CONDA_PROMPT_MODIFIER=(base) /usr/bin/cmake --build /home/atharva/Atharva/NCSU/SFRT/SoftwareForRoboticsProject/jackal_ws/build/cartographer_ros_docs -- -j16 -l16
