[0.010s] Invoking command in '/home/atharva/Atharva/NCSU/SFRT/SoftwareForRoboticsProject/jackal_ws/build/zed_wrapper': AMENT_PREFIX_PATH=/home/atharva/Atharva/NCSU/SFRT/SoftwareForRoboticsProject/jackal_ws/install/zed_components:/home/atharva/Atharva/NCSU/SFRT/SoftwareForRoboticsProject/jackal_ws/install/zed_interfaces:${AMENT_PREFIX_PATH} CMAKE_PREFIX_PATH=/home/atharva/Atharva/NCSU/SFRT/SoftwareForRoboticsProject/jackal_ws/install/zed_components:/home/atharva/Atharva/NCSU/SFRT/SoftwareForRoboticsProject/jackal_ws/install/zed_interfaces:/opt/ros/foxy CONDA_PROMPT_MODIFIER=(rosEnv) LD_LIBRARY_PATH=/home/atharva/Atharva/NCSU/SFRT/SoftwareForRoboticsProject/jackal_ws/install/zed_components/lib:/home/atharva/Atharva/NCSU/SFRT/SoftwareForRoboticsProject/jackal_ws/install/zed_interfaces/lib:${LD_LIBRARY_PATH} PYTHONPATH=/home/atharva/Atharva/NCSU/SFRT/SoftwareForRoboticsProject/jackal_ws/install/zed_interfaces/lib/python3.8/site-packages:${PYTHONPATH} /usr/bin/cmake /home/atharva/Atharva/NCSU/SFRT/SoftwareForRoboticsProject/jackal_ws/src/zed-ros2-wrapper/zed_wrapper -DCMAKE_BUILD_TYPE=Release -DAMENT_CMAKE_SYMLINK_INSTALL=1 -DCMAKE_INSTALL_PREFIX=/home/atharva/Atharva/NCSU/SFRT/SoftwareForRoboticsProject/jackal_ws/install/zed_wrapper
[0.070s] -- The C compiler identification is GNU 9.4.0
[0.126s] -- The CXX compiler identification is GNU 9.4.0
[0.136s] -- Check for working C compiler: /usr/bin/cc
[0.213s] -- Check for working C compiler: /usr/bin/cc -- works
[0.216s] -- Detecting C compiler ABI info
[0.297s] -- Detecting C compiler ABI info - done
[0.311s] -- Detecting C compile features
[0.312s] -- Detecting C compile features - done
[0.313s] -- Check for working CXX compiler: /usr/bin/c++
[0.392s] -- Check for working CXX compiler: /usr/bin/c++ -- works
[0.395s] -- Detecting CXX compiler ABI info
[0.478s] -- Detecting CXX compiler ABI info - done
[0.491s] -- Detecting CXX compile features
[0.491s] -- Detecting CXX compile features - done
[0.493s] -- Looking for sgemm_
[0.580s] -- Looking for sgemm_ - not found
[0.581s] -- Looking for pthread.h
[0.678s] -- Looking for pthread.h - found
[0.678s] -- Performing Test CMAKE_HAVE_LIBC_PTHREAD
[0.762s] -- Performing Test CMAKE_HAVE_LIBC_PTHREAD - Failed
[0.762s] -- Looking for pthread_create in pthreads
[0.822s] -- Looking for pthread_create in pthreads - not found
[0.823s] -- Looking for pthread_create in pthread
[0.897s] -- Looking for pthread_create in pthread - found
[0.899s] -- Found Threads: TRUE  
[0.919s] -- Looking for sgemm_
[1.029s] -- Looking for sgemm_ - found
[1.031s] -- Found BLAS: /usr/lib/x86_64-linux-gnu/libopenblas.so  
[1.044s] -- Found CUDA: /usr/local/cuda (found suitable version "11.7", minimum required is "11") 
[1.085s] -- Found CUDA: /usr/local/cuda (found version "11.7") 
[1.086s] -- Found ament_cmake: 0.9.11 (/opt/ros/foxy/share/ament_cmake/cmake)
[1.107s] -- Found PythonInterp: /home/atharva/anaconda3/envs/rosEnv/bin/python3 (found suitable version "3.10", minimum required is "3") 
[1.107s] -- Using PYTHON_EXECUTABLE: /home/atharva/anaconda3/envs/rosEnv/bin/python3
[1.208s] -- Override CMake install command with custom implementation using symlinks instead of copying resources
[1.228s] -- Found rclcpp: 2.4.2 (/opt/ros/foxy/share/rclcpp/cmake)
[1.253s] -- Using all available rosidl_typesupport_c: rosidl_typesupport_fastrtps_c;rosidl_typesupport_introspection_c
[1.258s] -- Found rosidl_adapter: 1.3.0 (/opt/ros/foxy/share/rosidl_adapter/cmake)
[1.341s] -- Found OpenSSL: /usr/lib/x86_64-linux-gnu/libcrypto.so (found version "1.1.1f")  
[1.365s] -- Found FastRTPS: /opt/ros/foxy/include  
[1.417s] -- Using all available rosidl_typesupport_cpp: rosidl_typesupport_fastrtps_cpp;rosidl_typesupport_introspection_cpp
[1.454s] -- Found rmw_implementation_cmake: 1.0.4 (/opt/ros/foxy/share/rmw_implementation_cmake/cmake)
[1.455s] -- Using RMW implementation 'rmw_fastrtps_cpp' as default
[1.556s] -- Found rclcpp_components: 2.4.2 (/opt/ros/foxy/share/rclcpp_components/cmake)
[1.598s] -- Found zed_components: 0.2.0 (/home/atharva/Atharva/NCSU/SFRT/SoftwareForRoboticsProject/jackal_ws/install/zed_components/share/zed_components/cmake)
[1.935s] -- Found eigen3_cmake_module: 0.1.1 (/opt/ros/foxy/share/eigen3_cmake_module/cmake)
[1.936s] -- Found Eigen3: TRUE (found version "3.3.7") 
[2.378s] -- Found ament_lint_auto: 0.9.8 (/opt/ros/foxy/share/ament_lint_auto/cmake)
[2.639s] -- Added test 'copyright' to check source files copyright and LICENSE
[2.639s] -- Added test 'cppcheck' to perform static code analysis on C / C++ code
[2.640s] -- Configured cppcheck include dirs: /home/atharva/Atharva/NCSU/SFRT/SoftwareForRoboticsProject/jackal_ws/src/zed-ros2-wrapper/zed_wrapper/src
[2.640s] -- Configured cppcheck exclude dirs and/or files: 
[2.640s] -- Added test 'lint_cmake' to check CMake code style
[2.640s] -- Added test 'pep257' to check Python code against some of the style conventions in PEP 257
[2.641s] -- Added test 'uncrustify' to check C / C++ code style
[2.641s] -- Configured uncrustify additional arguments: 
[2.641s] -- Added test 'xmllint' to check XML markup files
[2.645s] -- Configuring done
[2.666s] -- Generating done
[2.666s] -- Build files have been written to: /home/atharva/Atharva/NCSU/SFRT/SoftwareForRoboticsProject/jackal_ws/build/zed_wrapper
[2.674s] Invoked command in '/home/atharva/Atharva/NCSU/SFRT/SoftwareForRoboticsProject/jackal_ws/build/zed_wrapper' returned '0': AMENT_PREFIX_PATH=/home/atharva/Atharva/NCSU/SFRT/SoftwareForRoboticsProject/jackal_ws/install/zed_components:/home/atharva/Atharva/NCSU/SFRT/SoftwareForRoboticsProject/jackal_ws/install/zed_interfaces:${AMENT_PREFIX_PATH} CMAKE_PREFIX_PATH=/home/atharva/Atharva/NCSU/SFRT/SoftwareForRoboticsProject/jackal_ws/install/zed_components:/home/atharva/Atharva/NCSU/SFRT/SoftwareForRoboticsProject/jackal_ws/install/zed_interfaces:/opt/ros/foxy CONDA_PROMPT_MODIFIER=(rosEnv) LD_LIBRARY_PATH=/home/atharva/Atharva/NCSU/SFRT/SoftwareForRoboticsProject/jackal_ws/install/zed_components/lib:/home/atharva/Atharva/NCSU/SFRT/SoftwareForRoboticsProject/jackal_ws/install/zed_interfaces/lib:${LD_LIBRARY_PATH} PYTHONPATH=/home/atharva/Atharva/NCSU/SFRT/SoftwareForRoboticsProject/jackal_ws/install/zed_interfaces/lib/python3.8/site-packages:${PYTHONPATH} /usr/bin/cmake /home/atharva/Atharva/NCSU/SFRT/SoftwareForRoboticsProject/jackal_ws/src/zed-ros2-wrapper/zed_wrapper -DCMAKE_BUILD_TYPE=Release -DAMENT_CMAKE_SYMLINK_INSTALL=1 -DCMAKE_INSTALL_PREFIX=/home/atharva/Atharva/NCSU/SFRT/SoftwareForRoboticsProject/jackal_ws/install/zed_wrapper
[2.676s] Invoking command in '/home/atharva/Atharva/NCSU/SFRT/SoftwareForRoboticsProject/jackal_ws/build/zed_wrapper': AMENT_PREFIX_PATH=/home/atharva/Atharva/NCSU/SFRT/SoftwareForRoboticsProject/jackal_ws/install/zed_components:/home/atharva/Atharva/NCSU/SFRT/SoftwareForRoboticsProject/jackal_ws/install/zed_interfaces:${AMENT_PREFIX_PATH} CMAKE_PREFIX_PATH=/home/atharva/Atharva/NCSU/SFRT/SoftwareForRoboticsProject/jackal_ws/install/zed_components:/home/atharva/Atharva/NCSU/SFRT/SoftwareForRoboticsProject/jackal_ws/install/zed_interfaces:/opt/ros/foxy CONDA_PROMPT_MODIFIER=(rosEnv) LD_LIBRARY_PATH=/home/atharva/Atharva/NCSU/SFRT/SoftwareForRoboticsProject/jackal_ws/install/zed_components/lib:/home/atharva/Atharva/NCSU/SFRT/SoftwareForRoboticsProject/jackal_ws/install/zed_interfaces/lib:${LD_LIBRARY_PATH} PYTHONPATH=/home/atharva/Atharva/NCSU/SFRT/SoftwareForRoboticsProject/jackal_ws/install/zed_interfaces/lib/python3.8/site-packages:${PYTHONPATH} /usr/bin/cmake --build /home/atharva/Atharva/NCSU/SFRT/SoftwareForRoboticsProject/jackal_ws/build/zed_wrapper -- -j16 -l16
[2.724s] [35m[1mScanning dependencies of target zed_wrapper[0m
[2.772s] [ 50%] [32mBuilding CXX object CMakeFiles/zed_wrapper.dir/src/zed_wrapper.cpp.o[0m
[5.113s] [100%] [32m[1mLinking CXX executable zed_wrapper[0m
[5.273s] [100%] Built target zed_wrapper
[5.280s] Invoked command in '/home/atharva/Atharva/NCSU/SFRT/SoftwareForRoboticsProject/jackal_ws/build/zed_wrapper' returned '0': AMENT_PREFIX_PATH=/home/atharva/Atharva/NCSU/SFRT/SoftwareForRoboticsProject/jackal_ws/install/zed_components:/home/atharva/Atharva/NCSU/SFRT/SoftwareForRoboticsProject/jackal_ws/install/zed_interfaces:${AMENT_PREFIX_PATH} CMAKE_PREFIX_PATH=/home/atharva/Atharva/NCSU/SFRT/SoftwareForRoboticsProject/jackal_ws/install/zed_components:/home/atharva/Atharva/NCSU/SFRT/SoftwareForRoboticsProject/jackal_ws/install/zed_interfaces:/opt/ros/foxy CONDA_PROMPT_MODIFIER=(rosEnv) LD_LIBRARY_PATH=/home/atharva/Atharva/NCSU/SFRT/SoftwareForRoboticsProject/jackal_ws/install/zed_components/lib:/home/atharva/Atharva/NCSU/SFRT/SoftwareForRoboticsProject/jackal_ws/install/zed_interfaces/lib:${LD_LIBRARY_PATH} PYTHONPATH=/home/atharva/Atharva/NCSU/SFRT/SoftwareForRoboticsProject/jackal_ws/install/zed_interfaces/lib/python3.8/site-packages:${PYTHONPATH} /usr/bin/cmake --build /home/atharva/Atharva/NCSU/SFRT/SoftwareForRoboticsProject/jackal_ws/build/zed_wrapper -- -j16 -l16
[5.313s] Invoking command in '/home/atharva/Atharva/NCSU/SFRT/SoftwareForRoboticsProject/jackal_ws/build/zed_wrapper': AMENT_PREFIX_PATH=/home/atharva/Atharva/NCSU/SFRT/SoftwareForRoboticsProject/jackal_ws/install/zed_components:/home/atharva/Atharva/NCSU/SFRT/SoftwareForRoboticsProject/jackal_ws/install/zed_interfaces:${AMENT_PREFIX_PATH} CMAKE_PREFIX_PATH=/home/atharva/Atharva/NCSU/SFRT/SoftwareForRoboticsProject/jackal_ws/install/zed_components:/home/atharva/Atharva/NCSU/SFRT/SoftwareForRoboticsProject/jackal_ws/install/zed_interfaces:/opt/ros/foxy CONDA_PROMPT_MODIFIER=(rosEnv) LD_LIBRARY_PATH=/home/atharva/Atharva/NCSU/SFRT/SoftwareForRoboticsProject/jackal_ws/install/zed_components/lib:/home/atharva/Atharva/NCSU/SFRT/SoftwareForRoboticsProject/jackal_ws/install/zed_interfaces/lib:${LD_LIBRARY_PATH} PYTHONPATH=/home/atharva/Atharva/NCSU/SFRT/SoftwareForRoboticsProject/jackal_ws/install/zed_interfaces/lib/python3.8/site-packages:${PYTHONPATH} /usr/bin/cmake --install /home/atharva/Atharva/NCSU/SFRT/SoftwareForRoboticsProject/jackal_ws/build/zed_wrapper
[5.321s] -- Install configuration: "Release"
[5.321s] -- Execute custom install script
[5.322s] -- Symlinking: /home/atharva/Atharva/NCSU/SFRT/SoftwareForRoboticsProject/jackal_ws/install/zed_wrapper/lib/zed_wrapper/zed_wrapper
[5.334s] -- Symlinking: /home/atharva/Atharva/NCSU/SFRT/SoftwareForRoboticsProject/jackal_ws/install/zed_wrapper/share/zed_wrapper/config/common.yaml
[5.343s] -- Symlinking: /home/atharva/Atharva/NCSU/SFRT/SoftwareForRoboticsProject/jackal_ws/install/zed_wrapper/share/zed_wrapper/config/zed.yaml
[5.356s] -- Symlinking: /home/atharva/Atharva/NCSU/SFRT/SoftwareForRoboticsProject/jackal_ws/install/zed_wrapper/share/zed_wrapper/config/zed2.yaml
[5.368s] -- Symlinking: /home/atharva/Atharva/NCSU/SFRT/SoftwareForRoboticsProject/jackal_ws/install/zed_wrapper/share/zed_wrapper/config/zed2i.yaml
[5.377s] -- Symlinking: /home/atharva/Atharva/NCSU/SFRT/SoftwareForRoboticsProject/jackal_ws/install/zed_wrapper/share/zed_wrapper/config/zedm.yaml
[5.382s] -- Symlinking: /home/atharva/Atharva/NCSU/SFRT/SoftwareForRoboticsProject/jackal_ws/install/zed_wrapper/share/zed_wrapper/urdf/include/materials.urdf.xacro
[5.387s] -- Symlinking: /home/atharva/Atharva/NCSU/SFRT/SoftwareForRoboticsProject/jackal_ws/install/zed_wrapper/share/zed_wrapper/urdf/zed_descr.urdf.xacro
[5.392s] -- Symlinking: /home/atharva/Atharva/NCSU/SFRT/SoftwareForRoboticsProject/jackal_ws/install/zed_wrapper/share/zed_wrapper/urdf/zed_macro.urdf.xacro
[5.397s] -- Symlinking: /home/atharva/Atharva/NCSU/SFRT/SoftwareForRoboticsProject/jackal_ws/install/zed_wrapper/share/zed_wrapper/launch/include/zed_camera.launch.py
[5.402s] -- Symlinking: /home/atharva/Atharva/NCSU/SFRT/SoftwareForRoboticsProject/jackal_ws/install/zed_wrapper/share/zed_wrapper/launch/zed.launch.py
[5.406s] -- Symlinking: /home/atharva/Atharva/NCSU/SFRT/SoftwareForRoboticsProject/jackal_ws/install/zed_wrapper/share/zed_wrapper/launch/zed2.launch.py
[5.411s] -- Symlinking: /home/atharva/Atharva/NCSU/SFRT/SoftwareForRoboticsProject/jackal_ws/install/zed_wrapper/share/zed_wrapper/launch/zed2i.launch.py
[5.416s] -- Symlinking: /home/atharva/Atharva/NCSU/SFRT/SoftwareForRoboticsProject/jackal_ws/install/zed_wrapper/share/zed_wrapper/launch/zedm.launch.py
[5.425s] -- Symlinking: /home/atharva/Atharva/NCSU/SFRT/SoftwareForRoboticsProject/jackal_ws/install/zed_wrapper/share/ament_index/resource_index/package_run_dependencies/zed_wrapper
[5.439s] -- Symlinking: /home/atharva/Atharva/NCSU/SFRT/SoftwareForRoboticsProject/jackal_ws/install/zed_wrapper/share/ament_index/resource_index/parent_prefix_path/zed_wrapper
[5.452s] -- Symlinking: /home/atharva/Atharva/NCSU/SFRT/SoftwareForRoboticsProject/jackal_ws/install/zed_wrapper/share/zed_wrapper/environment/ament_prefix_path.sh
[5.464s] -- Symlinking: /home/atharva/Atharva/NCSU/SFRT/SoftwareForRoboticsProject/jackal_ws/install/zed_wrapper/share/zed_wrapper/environment/ament_prefix_path.dsv
[5.479s] -- Symlinking: /home/atharva/Atharva/NCSU/SFRT/SoftwareForRoboticsProject/jackal_ws/install/zed_wrapper/share/zed_wrapper/environment/path.sh
[5.489s] -- Symlinking: /home/atharva/Atharva/NCSU/SFRT/SoftwareForRoboticsProject/jackal_ws/install/zed_wrapper/share/zed_wrapper/environment/path.dsv
[5.503s] -- Symlinking: /home/atharva/Atharva/NCSU/SFRT/SoftwareForRoboticsProject/jackal_ws/install/zed_wrapper/share/zed_wrapper/local_setup.bash
[5.517s] -- Symlinking: /home/atharva/Atharva/NCSU/SFRT/SoftwareForRoboticsProject/jackal_ws/install/zed_wrapper/share/zed_wrapper/local_setup.sh
[5.521s] -- Symlinking: /home/atharva/Atharva/NCSU/SFRT/SoftwareForRoboticsProject/jackal_ws/install/zed_wrapper/share/zed_wrapper/local_setup.zsh
[5.526s] -- Symlinking: /home/atharva/Atharva/NCSU/SFRT/SoftwareForRoboticsProject/jackal_ws/install/zed_wrapper/share/zed_wrapper/local_setup.dsv
[5.531s] -- Symlinking: /home/atharva/Atharva/NCSU/SFRT/SoftwareForRoboticsProject/jackal_ws/install/zed_wrapper/share/zed_wrapper/package.dsv
[5.544s] -- Symlinking: /home/atharva/Atharva/NCSU/SFRT/SoftwareForRoboticsProject/jackal_ws/install/zed_wrapper/share/ament_index/resource_index/packages/zed_wrapper
[5.559s] -- Symlinking: /home/atharva/Atharva/NCSU/SFRT/SoftwareForRoboticsProject/jackal_ws/install/zed_wrapper/share/zed_wrapper/cmake/zed_wrapperConfig.cmake
[5.573s] -- Symlinking: /home/atharva/Atharva/NCSU/SFRT/SoftwareForRoboticsProject/jackal_ws/install/zed_wrapper/share/zed_wrapper/cmake/zed_wrapperConfig-version.cmake
[5.579s] -- Symlinking: /home/atharva/Atharva/NCSU/SFRT/SoftwareForRoboticsProject/jackal_ws/install/zed_wrapper/share/zed_wrapper/package.xml
[5.585s] Invoked command in '/home/atharva/Atharva/NCSU/SFRT/SoftwareForRoboticsProject/jackal_ws/build/zed_wrapper' returned '0': AMENT_PREFIX_PATH=/home/atharva/Atharva/NCSU/SFRT/SoftwareForRoboticsProject/jackal_ws/install/zed_components:/home/atharva/Atharva/NCSU/SFRT/SoftwareForRoboticsProject/jackal_ws/install/zed_interfaces:${AMENT_PREFIX_PATH} CMAKE_PREFIX_PATH=/home/atharva/Atharva/NCSU/SFRT/SoftwareForRoboticsProject/jackal_ws/install/zed_components:/home/atharva/Atharva/NCSU/SFRT/SoftwareForRoboticsProject/jackal_ws/install/zed_interfaces:/opt/ros/foxy CONDA_PROMPT_MODIFIER=(rosEnv) LD_LIBRARY_PATH=/home/atharva/Atharva/NCSU/SFRT/SoftwareForRoboticsProject/jackal_ws/install/zed_components/lib:/home/atharva/Atharva/NCSU/SFRT/SoftwareForRoboticsProject/jackal_ws/install/zed_interfaces/lib:${LD_LIBRARY_PATH} PYTHONPATH=/home/atharva/Atharva/NCSU/SFRT/SoftwareForRoboticsProject/jackal_ws/install/zed_interfaces/lib/python3.8/site-packages:${PYTHONPATH} /usr/bin/cmake --install /home/atharva/Atharva/NCSU/SFRT/SoftwareForRoboticsProject/jackal_ws/build/zed_wrapper
