[0.030s] Invoking command in '/home/atharva/Atharva/NCSU/SFRT/SoftwareForRoboticsProject/jackalRepos/ros2_ws/build/jackal_description': CMAKE_PREFIX_PATH=${CMAKE_PREFIX_PATH}:/opt/ros/foxy CONDA_PROMPT_MODIFIER=(base) /usr/bin/cmake /home/atharva/Atharva/NCSU/SFRT/SoftwareForRoboticsProject/jackalRepos/ros2_ws/src/jackal/jackal_description -DCMAKE_INSTALL_PREFIX=/home/atharva/Atharva/NCSU/SFRT/SoftwareForRoboticsProject/jackalRepos/ros2_ws/install/jackal_description
[0.040s] -- Found ament_cmake: 0.9.11 (/opt/ros/foxy/share/ament_cmake/cmake)
[0.055s] -- Using PYTHON_EXECUTABLE: /home/atharva/anaconda3/envs/rosEnv/bin/python3
[0.167s] -- Override CMake install command with custom implementation using symlinks instead of copying resources
[0.173s] -- Found urdf: 2.4.0 (/opt/ros/foxy/share/urdf/cmake)
[0.246s] -- Configuring done
[0.248s] -- Generating done
[0.248s] -- Build files have been written to: /home/atharva/Atharva/NCSU/SFRT/SoftwareForRoboticsProject/jackalRepos/ros2_ws/build/jackal_description
[0.252s] Invoked command in '/home/atharva/Atharva/NCSU/SFRT/SoftwareForRoboticsProject/jackalRepos/ros2_ws/build/jackal_description' returned '0': CMAKE_PREFIX_PATH=${CMAKE_PREFIX_PATH}:/opt/ros/foxy CONDA_PROMPT_MODIFIER=(base) /usr/bin/cmake /home/atharva/Atharva/NCSU/SFRT/SoftwareForRoboticsProject/jackalRepos/ros2_ws/src/jackal/jackal_description -DCMAKE_INSTALL_PREFIX=/home/atharva/Atharva/NCSU/SFRT/SoftwareForRoboticsProject/jackalRepos/ros2_ws/install/jackal_description
[0.254s] Invoking command in '/home/atharva/Atharva/NCSU/SFRT/SoftwareForRoboticsProject/jackalRepos/ros2_ws/build/jackal_description': CMAKE_PREFIX_PATH=${CMAKE_PREFIX_PATH}:/opt/ros/foxy CONDA_PROMPT_MODIFIER=(base) /usr/bin/cmake --build /home/atharva/Atharva/NCSU/SFRT/SoftwareForRoboticsProject/jackalRepos/ros2_ws/build/jackal_description -- -j16 -l16
[0.279s] Invoked command in '/home/atharva/Atharva/NCSU/SFRT/SoftwareForRoboticsProject/jackalRepos/ros2_ws/build/jackal_description' returned '0': CMAKE_PREFIX_PATH=${CMAKE_PREFIX_PATH}:/opt/ros/foxy CONDA_PROMPT_MODIFIER=(base) /usr/bin/cmake --build /home/atharva/Atharva/NCSU/SFRT/SoftwareForRoboticsProject/jackalRepos/ros2_ws/build/jackal_description -- -j16 -l16
[0.301s] Invoking command in '/home/atharva/Atharva/NCSU/SFRT/SoftwareForRoboticsProject/jackalRepos/ros2_ws/build/jackal_description': CMAKE_PREFIX_PATH=${CMAKE_PREFIX_PATH}:/opt/ros/foxy CONDA_PROMPT_MODIFIER=(base) /usr/bin/cmake --install /home/atharva/Atharva/NCSU/SFRT/SoftwareForRoboticsProject/jackalRepos/ros2_ws/build/jackal_description
[0.306s] -- Install configuration: ""
[0.306s] -- Execute custom install script
[0.306s] -- Up-to-date symlink: /home/atharva/Atharva/NCSU/SFRT/SoftwareForRoboticsProject/jackalRepos/ros2_ws/install/jackal_description/share/jackal_description/launch/description.launch.py
[0.307s] -- Up-to-date symlink: /home/atharva/Atharva/NCSU/SFRT/SoftwareForRoboticsProject/jackalRepos/ros2_ws/install/jackal_description/share/jackal_description/meshes/accessory_fender.stl
[0.307s] -- Up-to-date symlink: /home/atharva/Atharva/NCSU/SFRT/SoftwareForRoboticsProject/jackalRepos/ros2_ws/install/jackal_description/share/jackal_description/meshes/ark_enclosure.stl
[0.307s] -- Up-to-date symlink: /home/atharva/Atharva/NCSU/SFRT/SoftwareForRoboticsProject/jackalRepos/ros2_ws/install/jackal_description/share/jackal_description/meshes/bridge-plate.stl
[0.307s] -- Up-to-date symlink: /home/atharva/Atharva/NCSU/SFRT/SoftwareForRoboticsProject/jackalRepos/ros2_ws/install/jackal_description/share/jackal_description/meshes/camera-beam.stl
[0.307s] -- Up-to-date symlink: /home/atharva/Atharva/NCSU/SFRT/SoftwareForRoboticsProject/jackalRepos/ros2_ws/install/jackal_description/share/jackal_description/meshes/camera-bracket.stl
[0.307s] -- Up-to-date symlink: /home/atharva/Atharva/NCSU/SFRT/SoftwareForRoboticsProject/jackalRepos/ros2_ws/install/jackal_description/share/jackal_description/meshes/hokuyo_ust10.stl
[0.307s] -- Up-to-date symlink: /home/atharva/Atharva/NCSU/SFRT/SoftwareForRoboticsProject/jackalRepos/ros2_ws/install/jackal_description/share/jackal_description/meshes/jackal-base.stl
[0.308s] -- Up-to-date symlink: /home/atharva/Atharva/NCSU/SFRT/SoftwareForRoboticsProject/jackalRepos/ros2_ws/install/jackal_description/share/jackal_description/meshes/jackal-fender.stl
[0.308s] -- Up-to-date symlink: /home/atharva/Atharva/NCSU/SFRT/SoftwareForRoboticsProject/jackalRepos/ros2_ws/install/jackal_description/share/jackal_description/meshes/jackal-fenders.stl
[0.308s] -- Up-to-date symlink: /home/atharva/Atharva/NCSU/SFRT/SoftwareForRoboticsProject/jackalRepos/ros2_ws/install/jackal_description/share/jackal_description/meshes/jackal-wheel.stl
[0.308s] -- Up-to-date symlink: /home/atharva/Atharva/NCSU/SFRT/SoftwareForRoboticsProject/jackalRepos/ros2_ws/install/jackal_description/share/jackal_description/meshes/kinect_mount.stl
[0.308s] -- Up-to-date symlink: /home/atharva/Atharva/NCSU/SFRT/SoftwareForRoboticsProject/jackalRepos/ros2_ws/install/jackal_description/share/jackal_description/meshes/novatel-smart6.stl
[0.308s] -- Up-to-date symlink: /home/atharva/Atharva/NCSU/SFRT/SoftwareForRoboticsProject/jackalRepos/ros2_ws/install/jackal_description/share/jackal_description/meshes/novatel-smart7.stl
[0.308s] -- Up-to-date symlink: /home/atharva/Atharva/NCSU/SFRT/SoftwareForRoboticsProject/jackalRepos/ros2_ws/install/jackal_description/share/jackal_description/meshes/sick-lms1xx-bracket.stl
[0.308s] -- Up-to-date symlink: /home/atharva/Atharva/NCSU/SFRT/SoftwareForRoboticsProject/jackalRepos/ros2_ws/install/jackal_description/share/jackal_description/meshes/stereo-camera-beam.stl
[0.308s] -- Up-to-date symlink: /home/atharva/Atharva/NCSU/SFRT/SoftwareForRoboticsProject/jackalRepos/ros2_ws/install/jackal_description/share/jackal_description/meshes/stereo-camera-bracket.stl
[0.308s] -- Up-to-date symlink: /home/atharva/Atharva/NCSU/SFRT/SoftwareForRoboticsProject/jackalRepos/ros2_ws/install/jackal_description/share/jackal_description/urdf/accessories.urdf.xacro
[0.309s] -- Up-to-date symlink: /home/atharva/Atharva/NCSU/SFRT/SoftwareForRoboticsProject/jackalRepos/ros2_ws/install/jackal_description/share/jackal_description/urdf/accessories/bridge_plate.urdf.xacro
[0.309s] -- Up-to-date symlink: /home/atharva/Atharva/NCSU/SFRT/SoftwareForRoboticsProject/jackalRepos/ros2_ws/install/jackal_description/share/jackal_description/urdf/accessories/camera_mount.urdf.xacro
[0.309s] -- Up-to-date symlink: /home/atharva/Atharva/NCSU/SFRT/SoftwareForRoboticsProject/jackalRepos/ros2_ws/install/jackal_description/share/jackal_description/urdf/accessories/hdl32_mount.urdf.xacro
[0.309s] -- Up-to-date symlink: /home/atharva/Atharva/NCSU/SFRT/SoftwareForRoboticsProject/jackalRepos/ros2_ws/install/jackal_description/share/jackal_description/urdf/accessories/hokuyo_ust10.urdf.xacro
[0.309s] -- Up-to-date symlink: /home/atharva/Atharva/NCSU/SFRT/SoftwareForRoboticsProject/jackalRepos/ros2_ws/install/jackal_description/share/jackal_description/urdf/accessories/novatel_smart6.urdf.xacro
[0.309s] -- Up-to-date symlink: /home/atharva/Atharva/NCSU/SFRT/SoftwareForRoboticsProject/jackalRepos/ros2_ws/install/jackal_description/share/jackal_description/urdf/accessories/novatel_smart7.urdf.xacro
[0.309s] -- Up-to-date symlink: /home/atharva/Atharva/NCSU/SFRT/SoftwareForRoboticsProject/jackalRepos/ros2_ws/install/jackal_description/share/jackal_description/urdf/accessories/sick_lms1xx_mount.urdf.xacro
[0.309s] -- Up-to-date symlink: /home/atharva/Atharva/NCSU/SFRT/SoftwareForRoboticsProject/jackalRepos/ros2_ws/install/jackal_description/share/jackal_description/urdf/accessories/standoffs.urdf.xacro
[0.309s] -- Up-to-date symlink: /home/atharva/Atharva/NCSU/SFRT/SoftwareForRoboticsProject/jackalRepos/ros2_ws/install/jackal_description/share/jackal_description/urdf/accessories/stereo_camera_mount.urdf.xacro
[0.310s] -- Up-to-date symlink: /home/atharva/Atharva/NCSU/SFRT/SoftwareForRoboticsProject/jackalRepos/ros2_ws/install/jackal_description/share/jackal_description/urdf/accessories/vlp16_mount.urdf.xacro
[0.310s] -- Up-to-date symlink: /home/atharva/Atharva/NCSU/SFRT/SoftwareForRoboticsProject/jackalRepos/ros2_ws/install/jackal_description/share/jackal_description/urdf/custom_example.urdf
[0.310s] -- Up-to-date symlink: /home/atharva/Atharva/NCSU/SFRT/SoftwareForRoboticsProject/jackalRepos/ros2_ws/install/jackal_description/share/jackal_description/urdf/empty.urdf
[0.310s] -- Up-to-date symlink: /home/atharva/Atharva/NCSU/SFRT/SoftwareForRoboticsProject/jackalRepos/ros2_ws/install/jackal_description/share/jackal_description/urdf/jackal.gazebo
[0.310s] -- Up-to-date symlink: /home/atharva/Atharva/NCSU/SFRT/SoftwareForRoboticsProject/jackalRepos/ros2_ws/install/jackal_description/share/jackal_description/urdf/jackal.urdf.xacro
[0.310s] -- Up-to-date symlink: /home/atharva/Atharva/NCSU/SFRT/SoftwareForRoboticsProject/jackalRepos/ros2_ws/install/jackal_description/share/ament_index/resource_index/package_run_dependencies/jackal_description
[0.310s] -- Up-to-date symlink: /home/atharva/Atharva/NCSU/SFRT/SoftwareForRoboticsProject/jackalRepos/ros2_ws/install/jackal_description/share/ament_index/resource_index/parent_prefix_path/jackal_description
[0.310s] -- Up-to-date symlink: /home/atharva/Atharva/NCSU/SFRT/SoftwareForRoboticsProject/jackalRepos/ros2_ws/install/jackal_description/share/jackal_description/environment/ament_prefix_path.sh
[0.311s] -- Up-to-date symlink: /home/atharva/Atharva/NCSU/SFRT/SoftwareForRoboticsProject/jackalRepos/ros2_ws/install/jackal_description/share/jackal_description/environment/ament_prefix_path.dsv
[0.311s] -- Up-to-date symlink: /home/atharva/Atharva/NCSU/SFRT/SoftwareForRoboticsProject/jackalRepos/ros2_ws/install/jackal_description/share/jackal_description/environment/path.sh
[0.311s] -- Up-to-date symlink: /home/atharva/Atharva/NCSU/SFRT/SoftwareForRoboticsProject/jackalRepos/ros2_ws/install/jackal_description/share/jackal_description/environment/path.dsv
[0.311s] -- Up-to-date symlink: /home/atharva/Atharva/NCSU/SFRT/SoftwareForRoboticsProject/jackalRepos/ros2_ws/install/jackal_description/share/jackal_description/local_setup.bash
[0.311s] -- Up-to-date symlink: /home/atharva/Atharva/NCSU/SFRT/SoftwareForRoboticsProject/jackalRepos/ros2_ws/install/jackal_description/share/jackal_description/local_setup.sh
[0.311s] -- Up-to-date symlink: /home/atharva/Atharva/NCSU/SFRT/SoftwareForRoboticsProject/jackalRepos/ros2_ws/install/jackal_description/share/jackal_description/local_setup.zsh
[0.312s] -- Up-to-date symlink: /home/atharva/Atharva/NCSU/SFRT/SoftwareForRoboticsProject/jackalRepos/ros2_ws/install/jackal_description/share/jackal_description/local_setup.dsv
[0.312s] -- Symlinking: /home/atharva/Atharva/NCSU/SFRT/SoftwareForRoboticsProject/jackalRepos/ros2_ws/install/jackal_description/share/jackal_description/package.dsv
[0.318s] -- Up-to-date symlink: /home/atharva/Atharva/NCSU/SFRT/SoftwareForRoboticsProject/jackalRepos/ros2_ws/install/jackal_description/share/ament_index/resource_index/packages/jackal_description
[0.318s] -- Up-to-date symlink: /home/atharva/Atharva/NCSU/SFRT/SoftwareForRoboticsProject/jackalRepos/ros2_ws/install/jackal_description/share/jackal_description/cmake/ament_cmake_export_dependencies-extras.cmake
[0.318s] -- Up-to-date symlink: /home/atharva/Atharva/NCSU/SFRT/SoftwareForRoboticsProject/jackalRepos/ros2_ws/install/jackal_description/share/jackal_description/cmake/jackal_descriptionConfig.cmake
[0.318s] -- Up-to-date symlink: /home/atharva/Atharva/NCSU/SFRT/SoftwareForRoboticsProject/jackalRepos/ros2_ws/install/jackal_description/share/jackal_description/cmake/jackal_descriptionConfig-version.cmake
[0.319s] -- Up-to-date symlink: /home/atharva/Atharva/NCSU/SFRT/SoftwareForRoboticsProject/jackalRepos/ros2_ws/install/jackal_description/share/jackal_description/package.xml
[0.332s] Invoked command in '/home/atharva/Atharva/NCSU/SFRT/SoftwareForRoboticsProject/jackalRepos/ros2_ws/build/jackal_description' returned '0': CMAKE_PREFIX_PATH=${CMAKE_PREFIX_PATH}:/opt/ros/foxy CONDA_PROMPT_MODIFIER=(base) /usr/bin/cmake --install /home/atharva/Atharva/NCSU/SFRT/SoftwareForRoboticsProject/jackalRepos/ros2_ws/build/jackal_description
